<testsuites id="" name="" tests="24" failures="9" skipped="0" errors="0" time="483.81132">
<testsuite name="quick-verification.spec.ts" timestamp="2025-10-23T10:41:39.280Z" hostname="chromium" tests="6" failures="0" skipped="0" time="156.069" errors="0">
<testcase name="🚀 Quick Production Verification › Homepage loads and basic functionality works" classname="quick-verification.spec.ts" time="35.552">
</testcase>
<testcase name="🚀 Quick Production Verification › API endpoints are responding" classname="quick-verification.spec.ts" time="22.403">
</testcase>
<testcase name="🚀 Quick Production Verification › Database connection is working" classname="quick-verification.spec.ts" time="28.284">
</testcase>
<testcase name="🚀 Quick Production Verification › Navigation works correctly" classname="quick-verification.spec.ts" time="16.19">
</testcase>
<testcase name="🚀 Quick Production Verification › Page is responsive" classname="quick-verification.spec.ts" time="28.431">
</testcase>
<testcase name="🚀 Quick Production Verification › No critical JavaScript errors" classname="quick-verification.spec.ts" time="25.209">
</testcase>
</testsuite>
<testsuite name="quick-verification.spec.ts" timestamp="2025-10-23T10:41:39.280Z" hostname="firefox" tests="6" failures="1" skipped="0" time="180.735" errors="0">
<testcase name="🚀 Quick Production Verification › Homepage loads and basic functionality works" classname="quick-verification.spec.ts" time="43.359">
</testcase>
<testcase name="🚀 Quick Production Verification › API endpoints are responding" classname="quick-verification.spec.ts" time="31.028">
</testcase>
<testcase name="🚀 Quick Production Verification › Database connection is working" classname="quick-verification.spec.ts" time="10.65">
</testcase>
<testcase name="🚀 Quick Production Verification › Navigation works correctly" classname="quick-verification.spec.ts" time="25.721">
</testcase>
<testcase name="🚀 Quick Production Verification › Page is responsive" classname="quick-verification.spec.ts" time="36.804">
</testcase>
<testcase name="🚀 Quick Production Verification › No critical JavaScript errors" classname="quick-verification.spec.ts" time="33.173">
<failure message="quick-verification.spec.ts:71:7 No critical JavaScript errors" type="FAILURE">
<![CDATA[  [firefox] › quick-verification.spec.ts:71:7 › 🚀 Quick Production Verification › No critical JavaScript errors 

    Error: expect(received).toHaveLength(expected)

    Expected length: 0
    Received length: 2
    Received array:  ["Error", "ErrorSafetyWrapper caught an error: Error JSHandle@object"]

       95 |     );
       96 |     
    >  97 |     expect(criticalErrors).toHaveLength(0);
          |                            ^
       98 |   });
       99 | });
      100 |
        at /Users/asithalakmal/Documents/web/final project/WeddingLK-next copy/tests/e2e/quick-verification.spec.ts:97:28

    attachment #1: screenshot (image/png) ──────────────────────────────────────────────────────────
    ../../test-results/quick-verification-🚀-Quic-e0dbb--critical-JavaScript-errors-firefox/test-failed-1.png
    ────────────────────────────────────────────────────────────────────────────────────────────────

    attachment #2: video (video/webm) ──────────────────────────────────────────────────────────────
    ../../test-results/quick-verification-🚀-Quic-e0dbb--critical-JavaScript-errors-firefox/video.webm
    ────────────────────────────────────────────────────────────────────────────────────────────────

    Error Context: ../../test-results/quick-verification-🚀-Quic-e0dbb--critical-JavaScript-errors-firefox/error-context.md
]]>
</failure>
<system-out>
<![CDATA[
[[ATTACHMENT|test-results/quick-verification-🚀-Quic-e0dbb--critical-JavaScript-errors-firefox/test-failed-1.png]]

[[ATTACHMENT|test-results/quick-verification-🚀-Quic-e0dbb--critical-JavaScript-errors-firefox/video.webm]]

[[ATTACHMENT|test-results/quick-verification-🚀-Quic-e0dbb--critical-JavaScript-errors-firefox/error-context.md]]
]]>
</system-out>
</testcase>
</testsuite>
<testsuite name="quick-verification.spec.ts" timestamp="2025-10-23T10:41:39.280Z" hostname="webkit" tests="6" failures="6" skipped="0" time="38.424" errors="0">
<testcase name="🚀 Quick Production Verification › Homepage loads and basic functionality works" classname="quick-verification.spec.ts" time="10.785">
<failure message="quick-verification.spec.ts:4:7 Homepage loads and basic functionality works" type="FAILURE">
<![CDATA[  [webkit] › quick-verification.spec.ts:4:7 › 🚀 Quick Production Verification › Homepage loads and basic functionality works 

    Error: browserContext.newPage: Protocol error (Page.overrideSetting): Unknown setting: FixedBackgroundsPaintRelativeToDocument
]]>
</failure>
</testcase>
<testcase name="🚀 Quick Production Verification › API endpoints are responding" classname="quick-verification.spec.ts" time="6.101">
<failure message="quick-verification.spec.ts:25:7 API endpoints are responding" type="FAILURE">
<![CDATA[  [webkit] › quick-verification.spec.ts:25:7 › 🚀 Quick Production Verification › API endpoints are responding 

    Error: browserContext.newPage: Protocol error (Page.overrideSetting): Unknown setting: FixedBackgroundsPaintRelativeToDocument
]]>
</failure>
</testcase>
<testcase name="🚀 Quick Production Verification › Database connection is working" classname="quick-verification.spec.ts" time="5.139">
<failure message="quick-verification.spec.ts:35:7 Database connection is working" type="FAILURE">
<![CDATA[  [webkit] › quick-verification.spec.ts:35:7 › 🚀 Quick Production Verification › Database connection is working 

    Error: browserContext.newPage: Protocol error (Page.overrideSetting): Unknown setting: FixedBackgroundsPaintRelativeToDocument
]]>
</failure>
</testcase>
<testcase name="🚀 Quick Production Verification › Navigation works correctly" classname="quick-verification.spec.ts" time="6.355">
<failure message="quick-verification.spec.ts:46:7 Navigation works correctly" type="FAILURE">
<![CDATA[  [webkit] › quick-verification.spec.ts:46:7 › 🚀 Quick Production Verification › Navigation works correctly 

    Error: browserContext.newPage: Protocol error (Page.overrideSetting): Unknown setting: FixedBackgroundsPaintRelativeToDocument
]]>
</failure>
</testcase>
<testcase name="🚀 Quick Production Verification › Page is responsive" classname="quick-verification.spec.ts" time="4.925">
<failure message="quick-verification.spec.ts:59:7 Page is responsive" type="FAILURE">
<![CDATA[  [webkit] › quick-verification.spec.ts:59:7 › 🚀 Quick Production Verification › Page is responsive 

    Error: browserContext.newPage: Protocol error (Page.overrideSetting): Unknown setting: FixedBackgroundsPaintRelativeToDocument
]]>
</failure>
</testcase>
<testcase name="🚀 Quick Production Verification › No critical JavaScript errors" classname="quick-verification.spec.ts" time="5.119">
<failure message="quick-verification.spec.ts:71:7 No critical JavaScript errors" type="FAILURE">
<![CDATA[  [webkit] › quick-verification.spec.ts:71:7 › 🚀 Quick Production Verification › No critical JavaScript errors 

    Error: browserContext.newPage: Protocol error (Page.overrideSetting): Unknown setting: FixedBackgroundsPaintRelativeToDocument
]]>
</failure>
</testcase>
</testsuite>
<testsuite name="quick-verification.spec.ts" timestamp="2025-10-23T10:41:39.280Z" hostname="Mobile Chrome" tests="6" failures="2" skipped="0" time="198.298" errors="0">
<testcase name="🚀 Quick Production Verification › Homepage loads and basic functionality works" classname="quick-verification.spec.ts" time="63.542">
<failure message="quick-verification.spec.ts:4:7 Homepage loads and basic functionality works" type="FAILURE">
<![CDATA[  [Mobile Chrome] › quick-verification.spec.ts:4:7 › 🚀 Quick Production Verification › Homepage loads and basic functionality works 

    Error: expect(locator).toBeVisible() failed

    Locator:  locator('nav')
    Expected: visible
    Received: hidden
    Timeout:  30000ms

    Call log:
      - Expect "toBeVisible" with timeout 30000ms
      - waiting for locator('nav')
        32 × locator resolved to <nav class="flex justify-center space-x-8 px-4 sm:px-6 lg:px-8">…</nav>
           - unexpected value "hidden"


      17 |     
      18 |     // Check for navigation
    > 19 |     await expect(page.locator('nav')).toBeVisible();
         |                                       ^
      20 |     
      21 |     // Check for main content
      22 |     await expect(page.locator('main, [role="main"]')).toBeVisible();
        at /Users/asithalakmal/Documents/web/final project/WeddingLK-next copy/tests/e2e/quick-verification.spec.ts:19:39

    attachment #1: screenshot (image/png) ──────────────────────────────────────────────────────────
    ../../test-results/quick-verification-🚀-Quic-5d3be-d-basic-functionality-works-Mobile-Chrome/test-failed-1.png
    ────────────────────────────────────────────────────────────────────────────────────────────────

    attachment #2: video (video/webm) ──────────────────────────────────────────────────────────────
    ../../test-results/quick-verification-🚀-Quic-5d3be-d-basic-functionality-works-Mobile-Chrome/video.webm
    ────────────────────────────────────────────────────────────────────────────────────────────────

    Error Context: ../../test-results/quick-verification-🚀-Quic-5d3be-d-basic-functionality-works-Mobile-Chrome/error-context.md
]]>
</failure>
<system-out>
<![CDATA[
[[ATTACHMENT|test-results/quick-verification-🚀-Quic-5d3be-d-basic-functionality-works-Mobile-Chrome/test-failed-1.png]]

[[ATTACHMENT|test-results/quick-verification-🚀-Quic-5d3be-d-basic-functionality-works-Mobile-Chrome/video.webm]]

[[ATTACHMENT|test-results/quick-verification-🚀-Quic-5d3be-d-basic-functionality-works-Mobile-Chrome/error-context.md]]
]]>
</system-out>
</testcase>
<testcase name="🚀 Quick Production Verification › API endpoints are responding" classname="quick-verification.spec.ts" time="16.002">
</testcase>
<testcase name="🚀 Quick Production Verification › Database connection is working" classname="quick-verification.spec.ts" time="13.03">
</testcase>
<testcase name="🚀 Quick Production Verification › Navigation works correctly" classname="quick-verification.spec.ts" time="64.574">
<failure message="quick-verification.spec.ts:46:7 Navigation works correctly" type="FAILURE">
<![CDATA[  [Mobile Chrome] › quick-verification.spec.ts:46:7 › 🚀 Quick Production Verification › Navigation works correctly 

    Error: expect(locator).toBeVisible() failed

    Locator:  locator('nav a[href]').first()
    Expected: visible
    Received: hidden
    Timeout:  30000ms

    Call log:
      - Expect "toBeVisible" with timeout 30000ms
      - waiting for locator('nav a[href]').first()
        32 × locator resolved to <a href="/venues" class="text-gray-700 hover:text-rose-500 dark:text-gray-300 dark:hover:text-rose-400 font-medium transition-colors">Venues</a>
           - unexpected value "hidden"


      54 |     // Test that navigation is clickable
      55 |     const firstLink = navLinks.first();
    > 56 |     await expect(firstLink).toBeVisible();
         |                             ^
      57 |   });
      58 |
      59 |   test('Page is responsive', async ({ page }) => {
        at /Users/asithalakmal/Documents/web/final project/WeddingLK-next copy/tests/e2e/quick-verification.spec.ts:56:29

    attachment #1: screenshot (image/png) ──────────────────────────────────────────────────────────
    ../../test-results/quick-verification-🚀-Quic-2078d--Navigation-works-correctly-Mobile-Chrome/test-failed-1.png
    ────────────────────────────────────────────────────────────────────────────────────────────────

    attachment #2: video (video/webm) ──────────────────────────────────────────────────────────────
    ../../test-results/quick-verification-🚀-Quic-2078d--Navigation-works-correctly-Mobile-Chrome/video.webm
    ────────────────────────────────────────────────────────────────────────────────────────────────

    Error Context: ../../test-results/quick-verification-🚀-Quic-2078d--Navigation-works-correctly-Mobile-Chrome/error-context.md
]]>
</failure>
<system-out>
<![CDATA[
[[ATTACHMENT|test-results/quick-verification-🚀-Quic-2078d--Navigation-works-correctly-Mobile-Chrome/test-failed-1.png]]

[[ATTACHMENT|test-results/quick-verification-🚀-Quic-2078d--Navigation-works-correctly-Mobile-Chrome/video.webm]]

[[ATTACHMENT|test-results/quick-verification-🚀-Quic-2078d--Navigation-works-correctly-Mobile-Chrome/error-context.md]]
]]>
</system-out>
</testcase>
<testcase name="🚀 Quick Production Verification › Page is responsive" classname="quick-verification.spec.ts" time="28.555">
</testcase>
<testcase name="🚀 Quick Production Verification › No critical JavaScript errors" classname="quick-verification.spec.ts" time="12.595">
</testcase>
</testsuite>
</testsuites>