<testsuites id="" name="" tests="30" failures="2" skipped="0" errors="0" time="471.969109">
<testsuite name="deployment-runtime-errors.spec.ts" timestamp="2025-10-24T23:53:25.982Z" hostname="chromium" tests="10" failures="1" skipped="0" time="131.677" errors="0">
<testcase name="ðŸš€ DEPLOYMENT - Runtime Error Tracking &amp; Verification â€º âœ… 1. Homepage loads without runtime errors" classname="deployment-runtime-errors.spec.ts" time="35.287">
<failure message="deployment-runtime-errors.spec.ts:54:7 âœ… 1. Homepage loads without runtime errors" type="FAILURE">
<![CDATA[  [chromium] â€º deployment-runtime-errors.spec.ts:54:7 â€º ðŸš€ DEPLOYMENT - Runtime Error Tracking & Verification â€º âœ… 1. Homepage loads without runtime errors 

    Error: expect(received).toHaveLength(expected)

    Expected length: 0
    Received length: 3
    Received array:  ["Failed to load resource: the server responded with a status of 404 ()", "Failed to load resource: the server responded with a status of 500 ()", "Failed to load resource: the server responded with a status of 404 ()"]

      64 |     
      65 |     // No console errors should exist
    > 66 |     expect(runtimeIssues.console_errors).toHaveLength(0)
         |                                          ^
      67 |     expect(runtimeIssues.undefined_properties).toHaveLength(0)
      68 |   })
      69 |
        at /Users/asithalakmal/Documents/web/final project/WeddingLK-next copy/tests/e2e/deployment-runtime-errors.spec.ts:66:42

    attachment #1: screenshot (image/png) â”€â”€â”€â”€â”€â”€â”€â”€â”€â”€â”€â”€â”€â”€â”€â”€â”€â”€â”€â”€â”€â”€â”€â”€â”€â”€â”€â”€â”€â”€â”€â”€â”€â”€â”€â”€â”€â”€â”€â”€â”€â”€â”€â”€â”€â”€â”€â”€â”€â”€â”€â”€â”€â”€â”€â”€â”€â”€
    ../../test-results/deployment-runtime-errors--1a638-oads-without-runtime-errors-chromium/test-failed-1.png
    â”€â”€â”€â”€â”€â”€â”€â”€â”€â”€â”€â”€â”€â”€â”€â”€â”€â”€â”€â”€â”€â”€â”€â”€â”€â”€â”€â”€â”€â”€â”€â”€â”€â”€â”€â”€â”€â”€â”€â”€â”€â”€â”€â”€â”€â”€â”€â”€â”€â”€â”€â”€â”€â”€â”€â”€â”€â”€â”€â”€â”€â”€â”€â”€â”€â”€â”€â”€â”€â”€â”€â”€â”€â”€â”€â”€â”€â”€â”€â”€â”€â”€â”€â”€â”€â”€â”€â”€â”€â”€â”€â”€â”€â”€â”€â”€

    attachment #2: video (video/webm) â”€â”€â”€â”€â”€â”€â”€â”€â”€â”€â”€â”€â”€â”€â”€â”€â”€â”€â”€â”€â”€â”€â”€â”€â”€â”€â”€â”€â”€â”€â”€â”€â”€â”€â”€â”€â”€â”€â”€â”€â”€â”€â”€â”€â”€â”€â”€â”€â”€â”€â”€â”€â”€â”€â”€â”€â”€â”€â”€â”€â”€â”€
    ../../test-results/deployment-runtime-errors--1a638-oads-without-runtime-errors-chromium/video.webm
    â”€â”€â”€â”€â”€â”€â”€â”€â”€â”€â”€â”€â”€â”€â”€â”€â”€â”€â”€â”€â”€â”€â”€â”€â”€â”€â”€â”€â”€â”€â”€â”€â”€â”€â”€â”€â”€â”€â”€â”€â”€â”€â”€â”€â”€â”€â”€â”€â”€â”€â”€â”€â”€â”€â”€â”€â”€â”€â”€â”€â”€â”€â”€â”€â”€â”€â”€â”€â”€â”€â”€â”€â”€â”€â”€â”€â”€â”€â”€â”€â”€â”€â”€â”€â”€â”€â”€â”€â”€â”€â”€â”€â”€â”€â”€â”€

    Error Context: ../../test-results/deployment-runtime-errors--1a638-oads-without-runtime-errors-chromium/error-context.md
]]>
</failure>
<system-out>
<![CDATA[[CONSOLE ERROR] Failed to load resource: the server responded with a status of 404 ()
[NETWORK ERROR] GET https://wedding-lk.vercel.app/pwa-script.js
[CONSOLE ERROR] Failed to load resource: the server responded with a status of 500 ()
[CONSOLE ERROR] Failed to load resource: the server responded with a status of 404 ()
Homepage loaded in 20094ms

â•”â•â•â•â•â•â•â•â•â•â•â•â•â•â•â•â•â•â•â•â•â•â•â•â•â•â•â•â•â•â•â•â•â•â•â•â•â•â•â•â•â•â•â•â•â•â•â•â•â•â•â•â•â•â•â•â•â•—
â•‘          DEPLOYMENT RUNTIME ERROR REPORT              â•‘
â•šâ•â•â•â•â•â•â•â•â•â•â•â•â•â•â•â•â•â•â•â•â•â•â•â•â•â•â•â•â•â•â•â•â•â•â•â•â•â•â•â•â•â•â•â•â•â•â•â•â•â•â•â•â•â•â•â•â•

ðŸ“Š RUNTIME ERROR SUMMARY
â”â”â”â”â”â”â”â”â”â”â”â”â”â”â”â”â”â”â”â”â”â”â”â”â”â”â”â”â”â”â”â”â”â”â”â”â”â”â”â”â”â”â”â”â”â”â”â”â”â”â”â”â”â”
  Console Errors: 3
  Console Warnings: 0
  API Errors: 0
  Undefined Properties: 0
  Manifest Errors: 0
  Network Errors: 1
  Auth (401) Errors: 0

âŒ CONSOLE ERRORS:
  1. Failed to load resource: the server responded with a status of 404 ()...
  2. Failed to load resource: the server responded with a status of 500 ()...
  3. Failed to load resource: the server responded with a status of 404 ()...

â”â”â”â”â”â”â”â”â”â”â”â”â”â”â”â”â”â”â”â”â”â”â”â”â”â”â”â”â”â”â”â”â”â”â”â”â”â”â”â”â”â”â”â”â”â”â”â”â”â”â”â”â”â”
âš ï¸  DEPLOYMENT STATUS: 3 issues detected
â”â”â”â”â”â”â”â”â”â”â”â”â”â”â”â”â”â”â”â”â”â”â”â”â”â”â”â”â”â”â”â”â”â”â”â”â”â”â”â”â”â”â”â”â”â”â”â”â”â”â”â”â”â”


[[ATTACHMENT|test-results/deployment-runtime-errors--1a638-oads-without-runtime-errors-chromium/test-failed-1.png]]

[[ATTACHMENT|test-results/deployment-runtime-errors--1a638-oads-without-runtime-errors-chromium/video.webm]]

[[ATTACHMENT|test-results/deployment-runtime-errors--1a638-oads-without-runtime-errors-chromium/error-context.md]]
]]>
</system-out>
</testcase>
<testcase name="ðŸš€ DEPLOYMENT - Runtime Error Tracking &amp; Verification â€º âœ… 2. Login page renders correctly" classname="deployment-runtime-errors.spec.ts" time="7.083">
<system-out>
<![CDATA[[CONSOLE ERROR] Failed to load resource: the server responded with a status of 404 ()
[NETWORK ERROR] GET https://wedding-lk.vercel.app/pwa-script.js
]]>
</system-out>
</testcase>
<testcase name="ðŸš€ DEPLOYMENT - Runtime Error Tracking &amp; Verification â€º âœ… 3. User login flow with authentication" classname="deployment-runtime-errors.spec.ts" time="6.916">
<system-out>
<![CDATA[[CONSOLE ERROR] Failed to load resource: the server responded with a status of 404 ()
[NETWORK ERROR] GET https://wedding-lk.vercel.app/pwa-script.js
]]>
</system-out>
</testcase>
<testcase name="ðŸš€ DEPLOYMENT - Runtime Error Tracking &amp; Verification â€º âœ… 4. Dashboard access with role-based views" classname="deployment-runtime-errors.spec.ts" time="9.908">
<system-out>
<![CDATA[[CONSOLE ERROR] Failed to load resource: the server responded with a status of 404 ()
[NETWORK ERROR] GET https://wedding-lk.vercel.app/pwa-script.js
[CONSOLE ERROR] ReferenceError: useSession is not defined
    at L (https://wedding-lk.vercel.app/_next/static/chunks/6996-83ec6c92753314b3.js:1:5573)
    at lS (https://wedding-lk.vercel.app/_next/static/chunks/4bd1b696-3a46e864feff3c06.js:1:39325)
    at ot (https://wedding-lk.vercel.app/_next/static/chunks/4bd1b696-3a46e864feff3c06.js:1:64573)
    at ov (https://wedding-lk.vercel.app/_next/static/chunks/4bd1b696-3a46e864feff3c06.js:1:74724)
    at ic (https://wedding-lk.vercel.app/_next/static/chunks/4bd1b696-3a46e864feff3c06.js:1:112360)
    at https://wedding-lk.vercel.app/_next/static/chunks/4bd1b696-3a46e864feff3c06.js:1:112205
    at is (https://wedding-lk.vercel.app/_next/static/chunks/4bd1b696-3a46e864feff3c06.js:1:112213)
    at u9 (https://wedding-lk.vercel.app/_next/static/chunks/4bd1b696-3a46e864feff3c06.js:1:109424)
    at iH (https://wedding-lk.vercel.app/_next/static/chunks/4bd1b696-3a46e864feff3c06.js:1:130650)
    at MessagePort.w (https://wedding-lk.vercel.app/_next/static/chunks/1684-9a6e7388e0450d3e.js:1:52153)
[CONSOLE ERROR] Application error: ReferenceError: useSession is not defined
    at L (https://wedding-lk.vercel.app/_next/static/chunks/6996-83ec6c92753314b3.js:1:5573)
    at lS (https://wedding-lk.vercel.app/_next/static/chunks/4bd1b696-3a46e864feff3c06.js:1:39325)
    at ot (https://wedding-lk.vercel.app/_next/static/chunks/4bd1b696-3a46e864feff3c06.js:1:64573)
    at ov (https://wedding-lk.vercel.app/_next/static/chunks/4bd1b696-3a46e864feff3c06.js:1:74724)
    at ic (https://wedding-lk.vercel.app/_next/static/chunks/4bd1b696-3a46e864feff3c06.js:1:112360)
    at https://wedding-lk.vercel.app/_next/static/chunks/4bd1b696-3a46e864feff3c06.js:1:112205
    at is (https://wedding-lk.vercel.app/_next/static/chunks/4bd1b696-3a46e864feff3c06.js:1:112213)
    at u9 (https://wedding-lk.vercel.app/_next/static/chunks/4bd1b696-3a46e864feff3c06.js:1:109424)
    at iH (https://wedding-lk.vercel.app/_next/static/chunks/4bd1b696-3a46e864feff3c06.js:1:130650)
    at MessagePort.w (https://wedding-lk.vercel.app/_next/static/chunks/1684-9a6e7388e0450d3e.js:1:52153)
]]>
</system-out>
</testcase>
<testcase name="ðŸš€ DEPLOYMENT - Runtime Error Tracking &amp; Verification â€º âœ… 5. API endpoints - Check 401 auth errors" classname="deployment-runtime-errors.spec.ts" time="8.859">
<system-out>
<![CDATA[GET /api/auth/me - 401
  âœ“ Correctly returns 401 (auth required)
GET /api/dashboard - 404
GET /api/bookings - 401
  âœ“ Correctly returns 401 (auth required)
GET /api/users/profile - 401
  âœ“ Correctly returns 401 (auth required)

â•”â•â•â•â•â•â•â•â•â•â•â•â•â•â•â•â•â•â•â•â•â•â•â•â•â•â•â•â•â•â•â•â•â•â•â•â•â•â•â•â•â•â•â•â•â•â•â•â•â•â•â•â•â•â•â•â•â•—
â•‘          DEPLOYMENT RUNTIME ERROR REPORT              â•‘
â•šâ•â•â•â•â•â•â•â•â•â•â•â•â•â•â•â•â•â•â•â•â•â•â•â•â•â•â•â•â•â•â•â•â•â•â•â•â•â•â•â•â•â•â•â•â•â•â•â•â•â•â•â•â•â•â•â•â•

ðŸ“Š RUNTIME ERROR SUMMARY
â”â”â”â”â”â”â”â”â”â”â”â”â”â”â”â”â”â”â”â”â”â”â”â”â”â”â”â”â”â”â”â”â”â”â”â”â”â”â”â”â”â”â”â”â”â”â”â”â”â”â”â”â”â”
  Console Errors: 5
  Console Warnings: 0
  API Errors: 1
  Undefined Properties: 0
  Manifest Errors: 0
  Network Errors: 3
  Auth (401) Errors: 0

âŒ CONSOLE ERRORS:
  1. Failed to load resource: the server responded with a status of 404 ()...
  2. Failed to load resource: the server responded with a status of 404 ()...
  3. Failed to load resource: the server responded with a status of 404 ()...
  4. ReferenceError: useSession is not defined
    at L (https://wedding-lk.vercel.app/_next/static/chunk...
  5. Application error: ReferenceError: useSession is not defined
    at L (https://wedding-lk.vercel.app...

âŒ API ERRORS:
  1. /api/dashboard - 404: Unexpected status: 404

â”â”â”â”â”â”â”â”â”â”â”â”â”â”â”â”â”â”â”â”â”â”â”â”â”â”â”â”â”â”â”â”â”â”â”â”â”â”â”â”â”â”â”â”â”â”â”â”â”â”â”â”â”â”
âš ï¸  DEPLOYMENT STATUS: 5 issues detected
â”â”â”â”â”â”â”â”â”â”â”â”â”â”â”â”â”â”â”â”â”â”â”â”â”â”â”â”â”â”â”â”â”â”â”â”â”â”â”â”â”â”â”â”â”â”â”â”â”â”â”â”â”â”

]]>
</system-out>
</testcase>
<testcase name="ðŸš€ DEPLOYMENT - Runtime Error Tracking &amp; Verification â€º âœ… 6. Venues API - Check data responses" classname="deployment-runtime-errors.spec.ts" time="26.707">
</testcase>
<testcase name="ðŸš€ DEPLOYMENT - Runtime Error Tracking &amp; Verification â€º âœ… 7. Search API - Check runtime errors" classname="deployment-runtime-errors.spec.ts" time="8.669">
<system-out>
<![CDATA[âœ“ Search API responded successfully
]]>
</system-out>
</testcase>
<testcase name="ðŸš€ DEPLOYMENT - Runtime Error Tracking &amp; Verification â€º âœ… 8. Health check endpoints" classname="deployment-runtime-errors.spec.ts" time="4.806">
<system-out>
<![CDATA[âœ“ Health check: healthy
]]>
</system-out>
</testcase>
<testcase name="ðŸš€ DEPLOYMENT - Runtime Error Tracking &amp; Verification â€º âœ… 9. Homepage navigation links work" classname="deployment-runtime-errors.spec.ts" time="10.615">
<system-out>
<![CDATA[[CONSOLE ERROR] Failed to load resource: the server responded with a status of 404 ()
[NETWORK ERROR] GET https://wedding-lk.vercel.app/pwa-script.js
Found 5 navigation links
  âœ“ Navigation link: /venues
  âœ“ Navigation link: /vendors
  âœ“ Navigation link: /feed
[CONSOLE ERROR] Failed to load resource: the server responded with a status of 500 ()
]]>
</system-out>
</testcase>
<testcase name="ðŸš€ DEPLOYMENT - Runtime Error Tracking &amp; Verification â€º âœ… 10. Mobile responsiveness - no layout errors" classname="deployment-runtime-errors.spec.ts" time="12.827">
<system-out>
<![CDATA[[CONSOLE ERROR] Failed to load resource: the server responded with a status of 404 ()
[NETWORK ERROR] GET https://wedding-lk.vercel.app/pwa-script.js
[CONSOLE ERROR] Failed to load resource: the server responded with a status of 500 ()
Mobile menu button visible on mobile: no

â•”â•â•â•â•â•â•â•â•â•â•â•â•â•â•â•â•â•â•â•â•â•â•â•â•â•â•â•â•â•â•â•â•â•â•â•â•â•â•â•â•â•â•â•â•â•â•â•â•â•â•â•â•â•â•â•â•â•—
â•‘          DEPLOYMENT RUNTIME ERROR REPORT              â•‘
â•šâ•â•â•â•â•â•â•â•â•â•â•â•â•â•â•â•â•â•â•â•â•â•â•â•â•â•â•â•â•â•â•â•â•â•â•â•â•â•â•â•â•â•â•â•â•â•â•â•â•â•â•â•â•â•â•â•â•

ðŸ“Š RUNTIME ERROR SUMMARY
â”â”â”â”â”â”â”â”â”â”â”â”â”â”â”â”â”â”â”â”â”â”â”â”â”â”â”â”â”â”â”â”â”â”â”â”â”â”â”â”â”â”â”â”â”â”â”â”â”â”â”â”â”â”
  Console Errors: 4
  Console Warnings: 0
  API Errors: 1
  Undefined Properties: 0
  Manifest Errors: 0
  Network Errors: 2
  Auth (401) Errors: 0

âŒ CONSOLE ERRORS:
  1. Failed to load resource: the server responded with a status of 404 ()...
  2. Failed to load resource: the server responded with a status of 500 ()...
  3. Failed to load resource: the server responded with a status of 404 ()...
  4. Failed to load resource: the server responded with a status of 500 ()...

âŒ API ERRORS:
  1. /api/venues - 0: apiRequestContext.get: Timeout 10000ms exceeded.
Call log:
[2m  - â†’ GET https://wedding-lk.vercel.app/api/venues[22m
[2m    - user-agent: Mozilla/5.0 (Windows NT 10.0; Win64; x64) AppleWebKit/537.36 (KHTML, like Gecko) Chrome/141.0.7390.37 Safari/537.36[22m
[2m    - accept: */*[22m
[2m    - accept-encoding: gzip,deflate,br[22m


â”â”â”â”â”â”â”â”â”â”â”â”â”â”â”â”â”â”â”â”â”â”â”â”â”â”â”â”â”â”â”â”â”â”â”â”â”â”â”â”â”â”â”â”â”â”â”â”â”â”â”â”â”â”
âš ï¸  DEPLOYMENT STATUS: 4 issues detected
â”â”â”â”â”â”â”â”â”â”â”â”â”â”â”â”â”â”â”â”â”â”â”â”â”â”â”â”â”â”â”â”â”â”â”â”â”â”â”â”â”â”â”â”â”â”â”â”â”â”â”â”â”â”

]]>
</system-out>
</testcase>
</testsuite>
<testsuite name="deployment-runtime-errors.spec.ts" timestamp="2025-10-24T23:53:25.982Z" hostname="firefox" tests="10" failures="0" skipped="0" time="131.827" errors="0">
<testcase name="ðŸš€ DEPLOYMENT - Runtime Error Tracking &amp; Verification â€º âœ… 1. Homepage loads without runtime errors" classname="deployment-runtime-errors.spec.ts" time="34.237">
<system-out>
<![CDATA[Homepage loaded in 12928ms
]]>
</system-out>
</testcase>
<testcase name="ðŸš€ DEPLOYMENT - Runtime Error Tracking &amp; Verification â€º âœ… 2. Login page renders correctly" classname="deployment-runtime-errors.spec.ts" time="12.737">
</testcase>
<testcase name="ðŸš€ DEPLOYMENT - Runtime Error Tracking &amp; Verification â€º âœ… 3. User login flow with authentication" classname="deployment-runtime-errors.spec.ts" time="12.782">
</testcase>
<testcase name="ðŸš€ DEPLOYMENT - Runtime Error Tracking &amp; Verification â€º âœ… 4. Dashboard access with role-based views" classname="deployment-runtime-errors.spec.ts" time="11.483">
<system-out>
<![CDATA[[CONSOLE ERROR] Error
[CONSOLE ERROR] Application error: Error
]]>
</system-out>
</testcase>
<testcase name="ðŸš€ DEPLOYMENT - Runtime Error Tracking &amp; Verification â€º âœ… 5. API endpoints - Check 401 auth errors" classname="deployment-runtime-errors.spec.ts" time="7.158">
<system-out>
<![CDATA[GET /api/auth/me - 401
  âœ“ Correctly returns 401 (auth required)
GET /api/dashboard - 404
GET /api/bookings - 401
  âœ“ Correctly returns 401 (auth required)
GET /api/users/profile - 401
  âœ“ Correctly returns 401 (auth required)

â•”â•â•â•â•â•â•â•â•â•â•â•â•â•â•â•â•â•â•â•â•â•â•â•â•â•â•â•â•â•â•â•â•â•â•â•â•â•â•â•â•â•â•â•â•â•â•â•â•â•â•â•â•â•â•â•â•â•—
â•‘          DEPLOYMENT RUNTIME ERROR REPORT              â•‘
â•šâ•â•â•â•â•â•â•â•â•â•â•â•â•â•â•â•â•â•â•â•â•â•â•â•â•â•â•â•â•â•â•â•â•â•â•â•â•â•â•â•â•â•â•â•â•â•â•â•â•â•â•â•â•â•â•â•â•

ðŸ“Š RUNTIME ERROR SUMMARY
â”â”â”â”â”â”â”â”â”â”â”â”â”â”â”â”â”â”â”â”â”â”â”â”â”â”â”â”â”â”â”â”â”â”â”â”â”â”â”â”â”â”â”â”â”â”â”â”â”â”â”â”â”â”
  Console Errors: 2
  Console Warnings: 4
  API Errors: 1
  Undefined Properties: 0
  Manifest Errors: 0
  Network Errors: 0
  Auth (401) Errors: 0

âŒ CONSOLE ERRORS:
  1. Error...
  2. Application error: Error...

âŒ API ERRORS:
  1. /api/dashboard - 404: Unexpected status: 404

â”â”â”â”â”â”â”â”â”â”â”â”â”â”â”â”â”â”â”â”â”â”â”â”â”â”â”â”â”â”â”â”â”â”â”â”â”â”â”â”â”â”â”â”â”â”â”â”â”â”â”â”â”â”
âš ï¸  DEPLOYMENT STATUS: 2 issues detected
â”â”â”â”â”â”â”â”â”â”â”â”â”â”â”â”â”â”â”â”â”â”â”â”â”â”â”â”â”â”â”â”â”â”â”â”â”â”â”â”â”â”â”â”â”â”â”â”â”â”â”â”â”â”

]]>
</system-out>
</testcase>
<testcase name="ðŸš€ DEPLOYMENT - Runtime Error Tracking &amp; Verification â€º âœ… 6. Venues API - Check data responses" classname="deployment-runtime-errors.spec.ts" time="20.414">
<system-out>
<![CDATA[âœ“ Venues API responded with status 200
  Venues count: 1
]]>
</system-out>
</testcase>
<testcase name="ðŸš€ DEPLOYMENT - Runtime Error Tracking &amp; Verification â€º âœ… 7. Search API - Check runtime errors" classname="deployment-runtime-errors.spec.ts" time="5.286">
<system-out>
<![CDATA[âœ“ Search API responded successfully
]]>
</system-out>
</testcase>
<testcase name="ðŸš€ DEPLOYMENT - Runtime Error Tracking &amp; Verification â€º âœ… 8. Health check endpoints" classname="deployment-runtime-errors.spec.ts" time="4.633">
<system-out>
<![CDATA[âœ“ Health check: healthy
]]>
</system-out>
</testcase>
<testcase name="ðŸš€ DEPLOYMENT - Runtime Error Tracking &amp; Verification â€º âœ… 9. Homepage navigation links work" classname="deployment-runtime-errors.spec.ts" time="9.274">
<system-out>
<![CDATA[Found 5 navigation links
  âœ“ Navigation link: /venues
  âœ“ Navigation link: /vendors
  âœ“ Navigation link: /feed
]]>
</system-out>
</testcase>
<testcase name="ðŸš€ DEPLOYMENT - Runtime Error Tracking &amp; Verification â€º âœ… 10. Mobile responsiveness - no layout errors" classname="deployment-runtime-errors.spec.ts" time="13.823">
<system-out>
<![CDATA[Mobile menu button visible on mobile: no

â•”â•â•â•â•â•â•â•â•â•â•â•â•â•â•â•â•â•â•â•â•â•â•â•â•â•â•â•â•â•â•â•â•â•â•â•â•â•â•â•â•â•â•â•â•â•â•â•â•â•â•â•â•â•â•â•â•â•—
â•‘          DEPLOYMENT RUNTIME ERROR REPORT              â•‘
â•šâ•â•â•â•â•â•â•â•â•â•â•â•â•â•â•â•â•â•â•â•â•â•â•â•â•â•â•â•â•â•â•â•â•â•â•â•â•â•â•â•â•â•â•â•â•â•â•â•â•â•â•â•â•â•â•â•â•

ðŸ“Š RUNTIME ERROR SUMMARY
â”â”â”â”â”â”â”â”â”â”â”â”â”â”â”â”â”â”â”â”â”â”â”â”â”â”â”â”â”â”â”â”â”â”â”â”â”â”â”â”â”â”â”â”â”â”â”â”â”â”â”â”â”â”
  Console Errors: 0
  Console Warnings: 2
  API Errors: 0
  Undefined Properties: 0
  Manifest Errors: 0
  Network Errors: 0
  Auth (401) Errors: 0

â”â”â”â”â”â”â”â”â”â”â”â”â”â”â”â”â”â”â”â”â”â”â”â”â”â”â”â”â”â”â”â”â”â”â”â”â”â”â”â”â”â”â”â”â”â”â”â”â”â”â”â”â”â”
âœ… DEPLOYMENT STATUS: CLEAN - NO RUNTIME ERRORS DETECTED
â”â”â”â”â”â”â”â”â”â”â”â”â”â”â”â”â”â”â”â”â”â”â”â”â”â”â”â”â”â”â”â”â”â”â”â”â”â”â”â”â”â”â”â”â”â”â”â”â”â”â”â”â”â”

]]>
</system-out>
</testcase>
</testsuite>
<testsuite name="deployment-runtime-errors.spec.ts" timestamp="2025-10-24T23:53:25.982Z" hostname="Mobile Chrome" tests="10" failures="1" skipped="0" time="67.898" errors="0">
<testcase name="ðŸš€ DEPLOYMENT - Runtime Error Tracking &amp; Verification â€º âœ… 1. Homepage loads without runtime errors" classname="deployment-runtime-errors.spec.ts" time="10.669">
<failure message="deployment-runtime-errors.spec.ts:54:7 âœ… 1. Homepage loads without runtime errors" type="FAILURE">
<![CDATA[  [Mobile Chrome] â€º deployment-runtime-errors.spec.ts:54:7 â€º ðŸš€ DEPLOYMENT - Runtime Error Tracking & Verification â€º âœ… 1. Homepage loads without runtime errors 

    Error: expect(received).toHaveLength(expected)

    Expected length: 0
    Received length: 2
    Received array:  ["Failed to load resource: the server responded with a status of 404 ()", "Failed to load resource: the server responded with a status of 500 ()"]

      64 |     
      65 |     // No console errors should exist
    > 66 |     expect(runtimeIssues.console_errors).toHaveLength(0)
         |                                          ^
      67 |     expect(runtimeIssues.undefined_properties).toHaveLength(0)
      68 |   })
      69 |
        at /Users/asithalakmal/Documents/web/final project/WeddingLK-next copy/tests/e2e/deployment-runtime-errors.spec.ts:66:42

    attachment #1: screenshot (image/png) â”€â”€â”€â”€â”€â”€â”€â”€â”€â”€â”€â”€â”€â”€â”€â”€â”€â”€â”€â”€â”€â”€â”€â”€â”€â”€â”€â”€â”€â”€â”€â”€â”€â”€â”€â”€â”€â”€â”€â”€â”€â”€â”€â”€â”€â”€â”€â”€â”€â”€â”€â”€â”€â”€â”€â”€â”€â”€
    ../../test-results/deployment-runtime-errors--1a638-oads-without-runtime-errors-Mobile-Chrome/test-failed-1.png
    â”€â”€â”€â”€â”€â”€â”€â”€â”€â”€â”€â”€â”€â”€â”€â”€â”€â”€â”€â”€â”€â”€â”€â”€â”€â”€â”€â”€â”€â”€â”€â”€â”€â”€â”€â”€â”€â”€â”€â”€â”€â”€â”€â”€â”€â”€â”€â”€â”€â”€â”€â”€â”€â”€â”€â”€â”€â”€â”€â”€â”€â”€â”€â”€â”€â”€â”€â”€â”€â”€â”€â”€â”€â”€â”€â”€â”€â”€â”€â”€â”€â”€â”€â”€â”€â”€â”€â”€â”€â”€â”€â”€â”€â”€â”€â”€

    attachment #2: video (video/webm) â”€â”€â”€â”€â”€â”€â”€â”€â”€â”€â”€â”€â”€â”€â”€â”€â”€â”€â”€â”€â”€â”€â”€â”€â”€â”€â”€â”€â”€â”€â”€â”€â”€â”€â”€â”€â”€â”€â”€â”€â”€â”€â”€â”€â”€â”€â”€â”€â”€â”€â”€â”€â”€â”€â”€â”€â”€â”€â”€â”€â”€â”€
    ../../test-results/deployment-runtime-errors--1a638-oads-without-runtime-errors-Mobile-Chrome/video.webm
    â”€â”€â”€â”€â”€â”€â”€â”€â”€â”€â”€â”€â”€â”€â”€â”€â”€â”€â”€â”€â”€â”€â”€â”€â”€â”€â”€â”€â”€â”€â”€â”€â”€â”€â”€â”€â”€â”€â”€â”€â”€â”€â”€â”€â”€â”€â”€â”€â”€â”€â”€â”€â”€â”€â”€â”€â”€â”€â”€â”€â”€â”€â”€â”€â”€â”€â”€â”€â”€â”€â”€â”€â”€â”€â”€â”€â”€â”€â”€â”€â”€â”€â”€â”€â”€â”€â”€â”€â”€â”€â”€â”€â”€â”€â”€â”€

    Error Context: ../../test-results/deployment-runtime-errors--1a638-oads-without-runtime-errors-Mobile-Chrome/error-context.md
]]>
</failure>
<system-out>
<![CDATA[[CONSOLE ERROR] Failed to load resource: the server responded with a status of 404 ()
[NETWORK ERROR] GET https://wedding-lk.vercel.app/pwa-script.js
Homepage loaded in 2474ms
[CONSOLE ERROR] Failed to load resource: the server responded with a status of 500 ()

â•”â•â•â•â•â•â•â•â•â•â•â•â•â•â•â•â•â•â•â•â•â•â•â•â•â•â•â•â•â•â•â•â•â•â•â•â•â•â•â•â•â•â•â•â•â•â•â•â•â•â•â•â•â•â•â•â•â•—
â•‘          DEPLOYMENT RUNTIME ERROR REPORT              â•‘
â•šâ•â•â•â•â•â•â•â•â•â•â•â•â•â•â•â•â•â•â•â•â•â•â•â•â•â•â•â•â•â•â•â•â•â•â•â•â•â•â•â•â•â•â•â•â•â•â•â•â•â•â•â•â•â•â•â•â•

ðŸ“Š RUNTIME ERROR SUMMARY
â”â”â”â”â”â”â”â”â”â”â”â”â”â”â”â”â”â”â”â”â”â”â”â”â”â”â”â”â”â”â”â”â”â”â”â”â”â”â”â”â”â”â”â”â”â”â”â”â”â”â”â”â”â”
  Console Errors: 2
  Console Warnings: 0
  API Errors: 0
  Undefined Properties: 0
  Manifest Errors: 0
  Network Errors: 1
  Auth (401) Errors: 0

âŒ CONSOLE ERRORS:
  1. Failed to load resource: the server responded with a status of 404 ()...
  2. Failed to load resource: the server responded with a status of 500 ()...

â”â”â”â”â”â”â”â”â”â”â”â”â”â”â”â”â”â”â”â”â”â”â”â”â”â”â”â”â”â”â”â”â”â”â”â”â”â”â”â”â”â”â”â”â”â”â”â”â”â”â”â”â”â”
âš ï¸  DEPLOYMENT STATUS: 2 issues detected
â”â”â”â”â”â”â”â”â”â”â”â”â”â”â”â”â”â”â”â”â”â”â”â”â”â”â”â”â”â”â”â”â”â”â”â”â”â”â”â”â”â”â”â”â”â”â”â”â”â”â”â”â”â”


[[ATTACHMENT|test-results/deployment-runtime-errors--1a638-oads-without-runtime-errors-Mobile-Chrome/test-failed-1.png]]

[[ATTACHMENT|test-results/deployment-runtime-errors--1a638-oads-without-runtime-errors-Mobile-Chrome/video.webm]]

[[ATTACHMENT|test-results/deployment-runtime-errors--1a638-oads-without-runtime-errors-Mobile-Chrome/error-context.md]]
]]>
</system-out>
</testcase>
<testcase name="ðŸš€ DEPLOYMENT - Runtime Error Tracking &amp; Verification â€º âœ… 2. Login page renders correctly" classname="deployment-runtime-errors.spec.ts" time="5.841">
<system-out>
<![CDATA[[CONSOLE ERROR] Failed to load resource: the server responded with a status of 404 ()
[NETWORK ERROR] GET https://wedding-lk.vercel.app/pwa-script.js
]]>
</system-out>
</testcase>
<testcase name="ðŸš€ DEPLOYMENT - Runtime Error Tracking &amp; Verification â€º âœ… 3. User login flow with authentication" classname="deployment-runtime-errors.spec.ts" time="6.884">
<system-out>
<![CDATA[[CONSOLE ERROR] Failed to load resource: the server responded with a status of 404 ()
[NETWORK ERROR] GET https://wedding-lk.vercel.app/pwa-script.js
]]>
</system-out>
</testcase>
<testcase name="ðŸš€ DEPLOYMENT - Runtime Error Tracking &amp; Verification â€º âœ… 4. Dashboard access with role-based views" classname="deployment-runtime-errors.spec.ts" time="7.142">
<system-out>
<![CDATA[[CONSOLE ERROR] Failed to load resource: the server responded with a status of 404 ()
[NETWORK ERROR] GET https://wedding-lk.vercel.app/pwa-script.js
[CONSOLE ERROR] ReferenceError: useSession is not defined
    at L (https://wedding-lk.vercel.app/_next/static/chunks/6996-83ec6c92753314b3.js:1:5573)
    at lS (https://wedding-lk.vercel.app/_next/static/chunks/4bd1b696-3a46e864feff3c06.js:1:39325)
    at ot (https://wedding-lk.vercel.app/_next/static/chunks/4bd1b696-3a46e864feff3c06.js:1:64573)
    at ov (https://wedding-lk.vercel.app/_next/static/chunks/4bd1b696-3a46e864feff3c06.js:1:74724)
    at ic (https://wedding-lk.vercel.app/_next/static/chunks/4bd1b696-3a46e864feff3c06.js:1:112360)
    at https://wedding-lk.vercel.app/_next/static/chunks/4bd1b696-3a46e864feff3c06.js:1:112205
    at is (https://wedding-lk.vercel.app/_next/static/chunks/4bd1b696-3a46e864feff3c06.js:1:112213)
    at u9 (https://wedding-lk.vercel.app/_next/static/chunks/4bd1b696-3a46e864feff3c06.js:1:109424)
    at iH (https://wedding-lk.vercel.app/_next/static/chunks/4bd1b696-3a46e864feff3c06.js:1:130650)
    at MessagePort.w (https://wedding-lk.vercel.app/_next/static/chunks/1684-9a6e7388e0450d3e.js:1:52153)
[CONSOLE ERROR] Application error: ReferenceError: useSession is not defined
    at L (https://wedding-lk.vercel.app/_next/static/chunks/6996-83ec6c92753314b3.js:1:5573)
    at lS (https://wedding-lk.vercel.app/_next/static/chunks/4bd1b696-3a46e864feff3c06.js:1:39325)
    at ot (https://wedding-lk.vercel.app/_next/static/chunks/4bd1b696-3a46e864feff3c06.js:1:64573)
    at ov (https://wedding-lk.vercel.app/_next/static/chunks/4bd1b696-3a46e864feff3c06.js:1:74724)
    at ic (https://wedding-lk.vercel.app/_next/static/chunks/4bd1b696-3a46e864feff3c06.js:1:112360)
    at https://wedding-lk.vercel.app/_next/static/chunks/4bd1b696-3a46e864feff3c06.js:1:112205
    at is (https://wedding-lk.vercel.app/_next/static/chunks/4bd1b696-3a46e864feff3c06.js:1:112213)
    at u9 (https://wedding-lk.vercel.app/_next/static/chunks/4bd1b696-3a46e864feff3c06.js:1:109424)
    at iH (https://wedding-lk.vercel.app/_next/static/chunks/4bd1b696-3a46e864feff3c06.js:1:130650)
    at MessagePort.w (https://wedding-lk.vercel.app/_next/static/chunks/1684-9a6e7388e0450d3e.js:1:52153)
[NETWORK ERROR] POST https://wedding-lk.vercel.app/_vercel/speed-insights/vitals
]]>
</system-out>
</testcase>
<testcase name="ðŸš€ DEPLOYMENT - Runtime Error Tracking &amp; Verification â€º âœ… 5. API endpoints - Check 401 auth errors" classname="deployment-runtime-errors.spec.ts" time="3.767">
<system-out>
<![CDATA[GET /api/auth/me - 401
  âœ“ Correctly returns 401 (auth required)
GET /api/dashboard - 404
GET /api/bookings - 401
  âœ“ Correctly returns 401 (auth required)
GET /api/users/profile - 401
  âœ“ Correctly returns 401 (auth required)

â•”â•â•â•â•â•â•â•â•â•â•â•â•â•â•â•â•â•â•â•â•â•â•â•â•â•â•â•â•â•â•â•â•â•â•â•â•â•â•â•â•â•â•â•â•â•â•â•â•â•â•â•â•â•â•â•â•â•—
â•‘          DEPLOYMENT RUNTIME ERROR REPORT              â•‘
â•šâ•â•â•â•â•â•â•â•â•â•â•â•â•â•â•â•â•â•â•â•â•â•â•â•â•â•â•â•â•â•â•â•â•â•â•â•â•â•â•â•â•â•â•â•â•â•â•â•â•â•â•â•â•â•â•â•â•

ðŸ“Š RUNTIME ERROR SUMMARY
â”â”â”â”â”â”â”â”â”â”â”â”â”â”â”â”â”â”â”â”â”â”â”â”â”â”â”â”â”â”â”â”â”â”â”â”â”â”â”â”â”â”â”â”â”â”â”â”â”â”â”â”â”â”
  Console Errors: 5
  Console Warnings: 0
  API Errors: 1
  Undefined Properties: 0
  Manifest Errors: 0
  Network Errors: 4
  Auth (401) Errors: 0

âŒ CONSOLE ERRORS:
  1. Failed to load resource: the server responded with a status of 404 ()...
  2. Failed to load resource: the server responded with a status of 404 ()...
  3. Failed to load resource: the server responded with a status of 404 ()...
  4. ReferenceError: useSession is not defined
    at L (https://wedding-lk.vercel.app/_next/static/chunk...
  5. Application error: ReferenceError: useSession is not defined
    at L (https://wedding-lk.vercel.app...

âŒ API ERRORS:
  1. /api/dashboard - 404: Unexpected status: 404

â”â”â”â”â”â”â”â”â”â”â”â”â”â”â”â”â”â”â”â”â”â”â”â”â”â”â”â”â”â”â”â”â”â”â”â”â”â”â”â”â”â”â”â”â”â”â”â”â”â”â”â”â”â”
âš ï¸  DEPLOYMENT STATUS: 5 issues detected
â”â”â”â”â”â”â”â”â”â”â”â”â”â”â”â”â”â”â”â”â”â”â”â”â”â”â”â”â”â”â”â”â”â”â”â”â”â”â”â”â”â”â”â”â”â”â”â”â”â”â”â”â”â”

]]>
</system-out>
</testcase>
<testcase name="ðŸš€ DEPLOYMENT - Runtime Error Tracking &amp; Verification â€º âœ… 6. Venues API - Check data responses" classname="deployment-runtime-errors.spec.ts" time="6.488">
<system-out>
<![CDATA[âœ“ Venues API responded with status 200
  Venues count: 1
]]>
</system-out>
</testcase>
<testcase name="ðŸš€ DEPLOYMENT - Runtime Error Tracking &amp; Verification â€º âœ… 7. Search API - Check runtime errors" classname="deployment-runtime-errors.spec.ts" time="3.689">
<system-out>
<![CDATA[âœ“ Search API responded successfully
]]>
</system-out>
</testcase>
<testcase name="ðŸš€ DEPLOYMENT - Runtime Error Tracking &amp; Verification â€º âœ… 8. Health check endpoints" classname="deployment-runtime-errors.spec.ts" time="2.851">
<system-out>
<![CDATA[âœ“ Health check: healthy
]]>
</system-out>
</testcase>
<testcase name="ðŸš€ DEPLOYMENT - Runtime Error Tracking &amp; Verification â€º âœ… 9. Homepage navigation links work" classname="deployment-runtime-errors.spec.ts" time="10.777">
<system-out>
<![CDATA[[CONSOLE ERROR] Failed to load resource: the server responded with a status of 404 ()
[NETWORK ERROR] GET https://wedding-lk.vercel.app/pwa-script.js
Found 5 navigation links
[CONSOLE ERROR] Failed to load resource: the server responded with a status of 500 ()
  âœ“ Navigation link: /venues
  âœ“ Navigation link: /vendors
  âœ“ Navigation link: /feed
]]>
</system-out>
</testcase>
<testcase name="ðŸš€ DEPLOYMENT - Runtime Error Tracking &amp; Verification â€º âœ… 10. Mobile responsiveness - no layout errors" classname="deployment-runtime-errors.spec.ts" time="9.79">
<system-out>
<![CDATA[[CONSOLE ERROR] Failed to load resource: the server responded with a status of 404 ()
[NETWORK ERROR] GET https://wedding-lk.vercel.app/pwa-script.js
[CONSOLE ERROR] Failed to load resource: the server responded with a status of 500 ()
Mobile menu button visible on mobile: no

â•”â•â•â•â•â•â•â•â•â•â•â•â•â•â•â•â•â•â•â•â•â•â•â•â•â•â•â•â•â•â•â•â•â•â•â•â•â•â•â•â•â•â•â•â•â•â•â•â•â•â•â•â•â•â•â•â•â•—
â•‘          DEPLOYMENT RUNTIME ERROR REPORT              â•‘
â•šâ•â•â•â•â•â•â•â•â•â•â•â•â•â•â•â•â•â•â•â•â•â•â•â•â•â•â•â•â•â•â•â•â•â•â•â•â•â•â•â•â•â•â•â•â•â•â•â•â•â•â•â•â•â•â•â•â•

ðŸ“Š RUNTIME ERROR SUMMARY
â”â”â”â”â”â”â”â”â”â”â”â”â”â”â”â”â”â”â”â”â”â”â”â”â”â”â”â”â”â”â”â”â”â”â”â”â”â”â”â”â”â”â”â”â”â”â”â”â”â”â”â”â”â”
  Console Errors: 4
  Console Warnings: 0
  API Errors: 0
  Undefined Properties: 0
  Manifest Errors: 0
  Network Errors: 2
  Auth (401) Errors: 0

âŒ CONSOLE ERRORS:
  1. Failed to load resource: the server responded with a status of 404 ()...
  2. Failed to load resource: the server responded with a status of 500 ()...
  3. Failed to load resource: the server responded with a status of 404 ()...
  4. Failed to load resource: the server responded with a status of 500 ()...

â”â”â”â”â”â”â”â”â”â”â”â”â”â”â”â”â”â”â”â”â”â”â”â”â”â”â”â”â”â”â”â”â”â”â”â”â”â”â”â”â”â”â”â”â”â”â”â”â”â”â”â”â”â”
âš ï¸  DEPLOYMENT STATUS: 4 issues detected
â”â”â”â”â”â”â”â”â”â”â”â”â”â”â”â”â”â”â”â”â”â”â”â”â”â”â”â”â”â”â”â”â”â”â”â”â”â”â”â”â”â”â”â”â”â”â”â”â”â”â”â”â”â”

]]>
</system-out>
</testcase>
</testsuite>
</testsuites>