<testsuites id="" name="" tests="28" failures="28" skipped="0" errors="0" time="647.202338">
<testsuite name="comprehensive-crud.spec.ts" timestamp="2025-10-22T00:43:14.893Z" hostname="chromium" tests="28" failures="28" skipped="0" time="976.247" errors="0">
<testcase name="🔐 Authentication &amp; User Management CRUD › User Registration Flow" classname="comprehensive-crud.spec.ts" time="38.245">
<failure message="comprehensive-crud.spec.ts:52:7 User Registration Flow" type="FAILURE">
<![CDATA[  [chromium] › comprehensive-crud.spec.ts:52:7 › 🔐 Authentication & User Management CRUD › User Registration Flow 

    Test timeout of 30000ms exceeded.

    Error: page.fill: Test timeout of 30000ms exceeded.
    Call log:
      - waiting for locator('input[name="name"]')


      54 |     
      55 |     // Fill registration form
    > 56 |     await page.fill('input[name="name"]', testUsers.regularUser.name);
         |                ^
      57 |     await page.fill('input[name="email"]', testUsers.regularUser.email);
      58 |     await page.fill('input[name="password"]', testUsers.regularUser.password);
      59 |     await page.fill('input[name="confirmPassword"]', testUsers.regularUser.password);
        at /Users/asithalakmal/Documents/web/final project/WeddingLK-next copy/tests/e2e/comprehensive-crud.spec.ts:56:16

    attachment #1: screenshot (image/png) ──────────────────────────────────────────────────────────
    ../../test-results/comprehensive-crud-🔐-Auth-d5d79-CRUD-User-Registration-Flow-chromium/test-failed-1.png
    ────────────────────────────────────────────────────────────────────────────────────────────────

    attachment #2: video (video/webm) ──────────────────────────────────────────────────────────────
    ../../test-results/comprehensive-crud-🔐-Auth-d5d79-CRUD-User-Registration-Flow-chromium/video.webm
    ────────────────────────────────────────────────────────────────────────────────────────────────

    Error Context: ../../test-results/comprehensive-crud-🔐-Auth-d5d79-CRUD-User-Registration-Flow-chromium/error-context.md
]]>
</failure>
<system-out>
<![CDATA[
[[ATTACHMENT|test-results/comprehensive-crud-🔐-Auth-d5d79-CRUD-User-Registration-Flow-chromium/test-failed-1.png]]

[[ATTACHMENT|test-results/comprehensive-crud-🔐-Auth-d5d79-CRUD-User-Registration-Flow-chromium/video.webm]]

[[ATTACHMENT|test-results/comprehensive-crud-🔐-Auth-d5d79-CRUD-User-Registration-Flow-chromium/error-context.md]]
]]>
</system-out>
</testcase>
<testcase name="🔐 Authentication &amp; User Management CRUD › User Login Flow" classname="comprehensive-crud.spec.ts" time="35.395">
<failure message="comprehensive-crud.spec.ts:68:7 User Login Flow" type="FAILURE">
<![CDATA[  [chromium] › comprehensive-crud.spec.ts:68:7 › 🔐 Authentication & User Management CRUD › User Login Flow 

    Test timeout of 30000ms exceeded.

    Error: page.fill: Test timeout of 30000ms exceeded.
    Call log:
      - waiting for locator('input[name="email"]')


      70 |     
      71 |     // Fill login form
    > 72 |     await page.fill('input[name="email"]', testUsers.regularUser.email);
         |                ^
      73 |     await page.fill('input[name="password"]', testUsers.regularUser.password);
      74 |     
      75 |     // Submit login
        at /Users/asithalakmal/Documents/web/final project/WeddingLK-next copy/tests/e2e/comprehensive-crud.spec.ts:72:16

    attachment #1: screenshot (image/png) ──────────────────────────────────────────────────────────
    ../../test-results/comprehensive-crud-🔐-Auth-b3a02-gement-CRUD-User-Login-Flow-chromium/test-failed-1.png
    ────────────────────────────────────────────────────────────────────────────────────────────────

    attachment #2: video (video/webm) ──────────────────────────────────────────────────────────────
    ../../test-results/comprehensive-crud-🔐-Auth-b3a02-gement-CRUD-User-Login-Flow-chromium/video.webm
    ────────────────────────────────────────────────────────────────────────────────────────────────

    Error Context: ../../test-results/comprehensive-crud-🔐-Auth-b3a02-gement-CRUD-User-Login-Flow-chromium/error-context.md
]]>
</failure>
<system-out>
<![CDATA[
[[ATTACHMENT|test-results/comprehensive-crud-🔐-Auth-b3a02-gement-CRUD-User-Login-Flow-chromium/test-failed-1.png]]

[[ATTACHMENT|test-results/comprehensive-crud-🔐-Auth-b3a02-gement-CRUD-User-Login-Flow-chromium/video.webm]]

[[ATTACHMENT|test-results/comprehensive-crud-🔐-Auth-b3a02-gement-CRUD-User-Login-Flow-chromium/error-context.md]]
]]>
</system-out>
</testcase>
<testcase name="🔐 Authentication &amp; User Management CRUD › User Profile CRUD Operations" classname="comprehensive-crud.spec.ts" time="32.254">
<failure message="comprehensive-crud.spec.ts:82:7 User Profile CRUD Operations" type="FAILURE">
<![CDATA[  [chromium] › comprehensive-crud.spec.ts:82:7 › 🔐 Authentication & User Management CRUD › User Profile CRUD Operations 

    Test timeout of 30000ms exceeded.

    Error: page.fill: Test timeout of 30000ms exceeded.
    Call log:
      - waiting for locator('input[name="email"]')


      83 |     // Login first
      84 |     await page.goto('/auth/signin');
    > 85 |     await page.fill('input[name="email"]', testUsers.regularUser.email);
         |                ^
      86 |     await page.fill('input[name="password"]', testUsers.regularUser.password);
      87 |     await page.click('button[type="submit"]');
      88 |     await expect(page).toHaveURL(/\/dashboard/);
        at /Users/asithalakmal/Documents/web/final project/WeddingLK-next copy/tests/e2e/comprehensive-crud.spec.ts:85:16

    attachment #1: screenshot (image/png) ──────────────────────────────────────────────────────────
    ../../test-results/comprehensive-crud-🔐-Auth-7a9a3-ser-Profile-CRUD-Operations-chromium/test-failed-1.png
    ────────────────────────────────────────────────────────────────────────────────────────────────

    attachment #2: video (video/webm) ──────────────────────────────────────────────────────────────
    ../../test-results/comprehensive-crud-🔐-Auth-7a9a3-ser-Profile-CRUD-Operations-chromium/video.webm
    ────────────────────────────────────────────────────────────────────────────────────────────────

    Error Context: ../../test-results/comprehensive-crud-🔐-Auth-7a9a3-ser-Profile-CRUD-Operations-chromium/error-context.md
]]>
</failure>
<system-out>
<![CDATA[
[[ATTACHMENT|test-results/comprehensive-crud-🔐-Auth-7a9a3-ser-Profile-CRUD-Operations-chromium/test-failed-1.png]]

[[ATTACHMENT|test-results/comprehensive-crud-🔐-Auth-7a9a3-ser-Profile-CRUD-Operations-chromium/video.webm]]

[[ATTACHMENT|test-results/comprehensive-crud-🔐-Auth-7a9a3-ser-Profile-CRUD-Operations-chromium/error-context.md]]
]]>
</system-out>
</testcase>
<testcase name="🔐 Authentication &amp; User Management CRUD › User Settings CRUD Operations" classname="comprehensive-crud.spec.ts" time="41.389">
<failure message="comprehensive-crud.spec.ts:106:7 User Settings CRUD Operations" type="FAILURE">
<![CDATA[  [chromium] › comprehensive-crud.spec.ts:106:7 › 🔐 Authentication & User Management CRUD › User Settings CRUD Operations 

    Test timeout of 30000ms exceeded.

    Error: page.fill: Test timeout of 30000ms exceeded.
    Call log:
      - waiting for locator('input[name="email"]')


      107 |     // Login first
      108 |     await page.goto('/auth/signin');
    > 109 |     await page.fill('input[name="email"]', testUsers.regularUser.email);
          |                ^
      110 |     await page.fill('input[name="password"]', testUsers.regularUser.password);
      111 |     await page.click('button[type="submit"]');
      112 |     await expect(page).toHaveURL(/\/dashboard/);
        at /Users/asithalakmal/Documents/web/final project/WeddingLK-next copy/tests/e2e/comprehensive-crud.spec.ts:109:16

    attachment #1: screenshot (image/png) ──────────────────────────────────────────────────────────
    ../../test-results/comprehensive-crud-🔐-Auth-e8e4d-er-Settings-CRUD-Operations-chromium/test-failed-1.png
    ────────────────────────────────────────────────────────────────────────────────────────────────

    attachment #2: video (video/webm) ──────────────────────────────────────────────────────────────
    ../../test-results/comprehensive-crud-🔐-Auth-e8e4d-er-Settings-CRUD-Operations-chromium/video.webm
    ────────────────────────────────────────────────────────────────────────────────────────────────

    Error Context: ../../test-results/comprehensive-crud-🔐-Auth-e8e4d-er-Settings-CRUD-Operations-chromium/error-context.md
]]>
</failure>
<system-out>
<![CDATA[
[[ATTACHMENT|test-results/comprehensive-crud-🔐-Auth-e8e4d-er-Settings-CRUD-Operations-chromium/test-failed-1.png]]

[[ATTACHMENT|test-results/comprehensive-crud-🔐-Auth-e8e4d-er-Settings-CRUD-Operations-chromium/video.webm]]

[[ATTACHMENT|test-results/comprehensive-crud-🔐-Auth-e8e4d-er-Settings-CRUD-Operations-chromium/error-context.md]]
]]>
</system-out>
</testcase>
<testcase name="🏢 Vendor Management CRUD › Vendor Registration Flow" classname="comprehensive-crud.spec.ts" time="33.679">
<failure message="comprehensive-crud.spec.ts:131:7 Vendor Registration Flow" type="FAILURE">
<![CDATA[  [chromium] › comprehensive-crud.spec.ts:131:7 › 🏢 Vendor Management CRUD › Vendor Registration Flow 

    Test timeout of 30000ms exceeded.

    Error: page.fill: Test timeout of 30000ms exceeded.
    Call log:
      - waiting for locator('input[name="businessName"]')


      133 |     
      134 |     // Fill vendor registration form
    > 135 |     await page.fill('input[name="businessName"]', testUsers.vendor.name);
          |                ^
      136 |     await page.fill('input[name="email"]', testUsers.vendor.email);
      137 |     await page.fill('input[name="password"]', testUsers.vendor.password);
      138 |     await page.fill('input[name="phone"]', '+94771234567');
        at /Users/asithalakmal/Documents/web/final project/WeddingLK-next copy/tests/e2e/comprehensive-crud.spec.ts:135:16

    attachment #1: screenshot (image/png) ──────────────────────────────────────────────────────────
    ../../test-results/comprehensive-crud-🏢-Vend-4884e-UD-Vendor-Registration-Flow-chromium/test-failed-1.png
    ────────────────────────────────────────────────────────────────────────────────────────────────

    attachment #2: video (video/webm) ──────────────────────────────────────────────────────────────
    ../../test-results/comprehensive-crud-🏢-Vend-4884e-UD-Vendor-Registration-Flow-chromium/video.webm
    ────────────────────────────────────────────────────────────────────────────────────────────────

    Error Context: ../../test-results/comprehensive-crud-🏢-Vend-4884e-UD-Vendor-Registration-Flow-chromium/error-context.md
]]>
</failure>
<system-out>
<![CDATA[
[[ATTACHMENT|test-results/comprehensive-crud-🏢-Vend-4884e-UD-Vendor-Registration-Flow-chromium/test-failed-1.png]]

[[ATTACHMENT|test-results/comprehensive-crud-🏢-Vend-4884e-UD-Vendor-Registration-Flow-chromium/video.webm]]

[[ATTACHMENT|test-results/comprehensive-crud-🏢-Vend-4884e-UD-Vendor-Registration-Flow-chromium/error-context.md]]
]]>
</system-out>
</testcase>
<testcase name="🏢 Vendor Management CRUD › Vendor Services CRUD Operations" classname="comprehensive-crud.spec.ts" time="35.653">
<failure message="comprehensive-crud.spec.ts:148:7 Vendor Services CRUD Operations" type="FAILURE">
<![CDATA[  [chromium] › comprehensive-crud.spec.ts:148:7 › 🏢 Vendor Management CRUD › Vendor Services CRUD Operations 

    Test timeout of 30000ms exceeded.

    Error: page.fill: Test timeout of 30000ms exceeded.
    Call log:
      - waiting for locator('input[name="email"]')


      149 |     // Login as vendor
      150 |     await page.goto('/auth/signin');
    > 151 |     await page.fill('input[name="email"]', testUsers.vendor.email);
          |                ^
      152 |     await page.fill('input[name="password"]', testUsers.vendor.password);
      153 |     await page.click('button[type="submit"]');
      154 |     await expect(page).toHaveURL(/\/dashboard/);
        at /Users/asithalakmal/Documents/web/final project/WeddingLK-next copy/tests/e2e/comprehensive-crud.spec.ts:151:16

    attachment #1: screenshot (image/png) ──────────────────────────────────────────────────────────
    ../../test-results/comprehensive-crud-🏢-Vend-64218-or-Services-CRUD-Operations-chromium/test-failed-1.png
    ────────────────────────────────────────────────────────────────────────────────────────────────

    attachment #2: video (video/webm) ──────────────────────────────────────────────────────────────
    ../../test-results/comprehensive-crud-🏢-Vend-64218-or-Services-CRUD-Operations-chromium/video.webm
    ────────────────────────────────────────────────────────────────────────────────────────────────

    Error Context: ../../test-results/comprehensive-crud-🏢-Vend-64218-or-Services-CRUD-Operations-chromium/error-context.md
]]>
</failure>
<system-out>
<![CDATA[
[[ATTACHMENT|test-results/comprehensive-crud-🏢-Vend-64218-or-Services-CRUD-Operations-chromium/test-failed-1.png]]

[[ATTACHMENT|test-results/comprehensive-crud-🏢-Vend-64218-or-Services-CRUD-Operations-chromium/video.webm]]

[[ATTACHMENT|test-results/comprehensive-crud-🏢-Vend-64218-or-Services-CRUD-Operations-chromium/error-context.md]]
]]>
</system-out>
</testcase>
<testcase name="🏢 Vendor Management CRUD › Vendor Analytics &amp; Reports" classname="comprehensive-crud.spec.ts" time="34.681">
<failure message="comprehensive-crud.spec.ts:182:7 Vendor Analytics &amp; Reports" type="FAILURE">
<![CDATA[  [chromium] › comprehensive-crud.spec.ts:182:7 › 🏢 Vendor Management CRUD › Vendor Analytics & Reports 

    Test timeout of 30000ms exceeded.

    Error: page.fill: Test timeout of 30000ms exceeded.
    Call log:
      - waiting for locator('input[name="email"]')


      183 |     // Login as vendor
      184 |     await page.goto('/auth/signin');
    > 185 |     await page.fill('input[name="email"]', testUsers.vendor.email);
          |                ^
      186 |     await page.fill('input[name="password"]', testUsers.vendor.password);
      187 |     await page.click('button[type="submit"]');
      188 |     await expect(page).toHaveURL(/\/dashboard/);
        at /Users/asithalakmal/Documents/web/final project/WeddingLK-next copy/tests/e2e/comprehensive-crud.spec.ts:185:16

    attachment #1: screenshot (image/png) ──────────────────────────────────────────────────────────
    ../../test-results/comprehensive-crud-🏢-Vend-1244e-UD-Vendor-Analytics-Reports-chromium/test-failed-1.png
    ────────────────────────────────────────────────────────────────────────────────────────────────

    attachment #2: video (video/webm) ──────────────────────────────────────────────────────────────
    ../../test-results/comprehensive-crud-🏢-Vend-1244e-UD-Vendor-Analytics-Reports-chromium/video.webm
    ────────────────────────────────────────────────────────────────────────────────────────────────

    Error Context: ../../test-results/comprehensive-crud-🏢-Vend-1244e-UD-Vendor-Analytics-Reports-chromium/error-context.md
]]>
</failure>
<system-out>
<![CDATA[
[[ATTACHMENT|test-results/comprehensive-crud-🏢-Vend-1244e-UD-Vendor-Analytics-Reports-chromium/test-failed-1.png]]

[[ATTACHMENT|test-results/comprehensive-crud-🏢-Vend-1244e-UD-Vendor-Analytics-Reports-chromium/video.webm]]

[[ATTACHMENT|test-results/comprehensive-crud-🏢-Vend-1244e-UD-Vendor-Analytics-Reports-chromium/error-context.md]]
]]>
</system-out>
</testcase>
<testcase name="📅 Booking System CRUD › Create Booking Flow" classname="comprehensive-crud.spec.ts" time="32.766">
<failure message="comprehensive-crud.spec.ts:201:7 Create Booking Flow" type="FAILURE">
<![CDATA[  [chromium] › comprehensive-crud.spec.ts:201:7 › 📅 Booking System CRUD › Create Booking Flow ─────

    Test timeout of 30000ms exceeded.

    Error: page.fill: Test timeout of 30000ms exceeded.
    Call log:
      - waiting for locator('input[name="email"]')


      202 |     // Login as regular user
      203 |     await page.goto('/auth/signin');
    > 204 |     await page.fill('input[name="email"]', testUsers.regularUser.email);
          |                ^
      205 |     await page.fill('input[name="password"]', testUsers.regularUser.password);
      206 |     await page.click('button[type="submit"]');
      207 |     await expect(page).toHaveURL(/\/dashboard/);
        at /Users/asithalakmal/Documents/web/final project/WeddingLK-next copy/tests/e2e/comprehensive-crud.spec.ts:204:16

    attachment #1: screenshot (image/png) ──────────────────────────────────────────────────────────
    ../../test-results/comprehensive-crud-📅-Book-32257-em-CRUD-Create-Booking-Flow-chromium/test-failed-1.png
    ────────────────────────────────────────────────────────────────────────────────────────────────

    attachment #2: video (video/webm) ──────────────────────────────────────────────────────────────
    ../../test-results/comprehensive-crud-📅-Book-32257-em-CRUD-Create-Booking-Flow-chromium/video.webm
    ────────────────────────────────────────────────────────────────────────────────────────────────

    Error Context: ../../test-results/comprehensive-crud-📅-Book-32257-em-CRUD-Create-Booking-Flow-chromium/error-context.md
]]>
</failure>
<system-out>
<![CDATA[
[[ATTACHMENT|test-results/comprehensive-crud-📅-Book-32257-em-CRUD-Create-Booking-Flow-chromium/test-failed-1.png]]

[[ATTACHMENT|test-results/comprehensive-crud-📅-Book-32257-em-CRUD-Create-Booking-Flow-chromium/video.webm]]

[[ATTACHMENT|test-results/comprehensive-crud-📅-Book-32257-em-CRUD-Create-Booking-Flow-chromium/error-context.md]]
]]>
</system-out>
</testcase>
<testcase name="📅 Booking System CRUD › Booking Management CRUD" classname="comprehensive-crud.spec.ts" time="34.785">
<failure message="comprehensive-crud.spec.ts:228:7 Booking Management CRUD" type="FAILURE">
<![CDATA[  [chromium] › comprehensive-crud.spec.ts:228:7 › 📅 Booking System CRUD › Booking Management CRUD ─

    Test timeout of 30000ms exceeded.

    Error: page.fill: Test timeout of 30000ms exceeded.
    Call log:
      - waiting for locator('input[name="email"]')


      229 |     // Login as user
      230 |     await page.goto('/auth/signin');
    > 231 |     await page.fill('input[name="email"]', testUsers.regularUser.email);
          |                ^
      232 |     await page.fill('input[name="password"]', testUsers.regularUser.password);
      233 |     await page.click('button[type="submit"]');
      234 |     await expect(page).toHaveURL(/\/dashboard/);
        at /Users/asithalakmal/Documents/web/final project/WeddingLK-next copy/tests/e2e/comprehensive-crud.spec.ts:231:16

    attachment #1: screenshot (image/png) ──────────────────────────────────────────────────────────
    ../../test-results/comprehensive-crud-📅-Book-0046c-RUD-Booking-Management-CRUD-chromium/test-failed-1.png
    ────────────────────────────────────────────────────────────────────────────────────────────────

    attachment #2: video (video/webm) ──────────────────────────────────────────────────────────────
    ../../test-results/comprehensive-crud-📅-Book-0046c-RUD-Booking-Management-CRUD-chromium/video.webm
    ────────────────────────────────────────────────────────────────────────────────────────────────

    Error Context: ../../test-results/comprehensive-crud-📅-Book-0046c-RUD-Booking-Management-CRUD-chromium/error-context.md
]]>
</failure>
<system-out>
<![CDATA[
[[ATTACHMENT|test-results/comprehensive-crud-📅-Book-0046c-RUD-Booking-Management-CRUD-chromium/test-failed-1.png]]

[[ATTACHMENT|test-results/comprehensive-crud-📅-Book-0046c-RUD-Booking-Management-CRUD-chromium/video.webm]]

[[ATTACHMENT|test-results/comprehensive-crud-📅-Book-0046c-RUD-Booking-Management-CRUD-chromium/error-context.md]]
]]>
</system-out>
</testcase>
<testcase name="📅 Booking System CRUD › Booking Status Tracking" classname="comprehensive-crud.spec.ts" time="39.42">
<failure message="comprehensive-crud.spec.ts:258:7 Booking Status Tracking" type="FAILURE">
<![CDATA[  [chromium] › comprehensive-crud.spec.ts:258:7 › 📅 Booking System CRUD › Booking Status Tracking ─

    Test timeout of 30000ms exceeded.

    Error: page.fill: Test timeout of 30000ms exceeded.
    Call log:
      - waiting for locator('input[name="email"]')


      259 |     // Login as vendor
      260 |     await page.goto('/auth/signin');
    > 261 |     await page.fill('input[name="email"]', testUsers.vendor.email);
          |                ^
      262 |     await page.fill('input[name="password"]', testUsers.vendor.password);
      263 |     await page.click('button[type="submit"]');
      264 |     await expect(page).toHaveURL(/\/dashboard/);
        at /Users/asithalakmal/Documents/web/final project/WeddingLK-next copy/tests/e2e/comprehensive-crud.spec.ts:261:16

    attachment #1: screenshot (image/png) ──────────────────────────────────────────────────────────
    ../../test-results/comprehensive-crud-📅-Book-6532e-RUD-Booking-Status-Tracking-chromium/test-failed-1.png
    ────────────────────────────────────────────────────────────────────────────────────────────────

    attachment #2: video (video/webm) ──────────────────────────────────────────────────────────────
    ../../test-results/comprehensive-crud-📅-Book-6532e-RUD-Booking-Status-Tracking-chromium/video.webm
    ────────────────────────────────────────────────────────────────────────────────────────────────

    Error Context: ../../test-results/comprehensive-crud-📅-Book-6532e-RUD-Booking-Status-Tracking-chromium/error-context.md
]]>
</failure>
<system-out>
<![CDATA[
[[ATTACHMENT|test-results/comprehensive-crud-📅-Book-6532e-RUD-Booking-Status-Tracking-chromium/test-failed-1.png]]

[[ATTACHMENT|test-results/comprehensive-crud-📅-Book-6532e-RUD-Booking-Status-Tracking-chromium/video.webm]]

[[ATTACHMENT|test-results/comprehensive-crud-📅-Book-6532e-RUD-Booking-Status-Tracking-chromium/error-context.md]]
]]>
</system-out>
</testcase>
<testcase name="👥 Wedding Planner CRUD Operations › Planner Client Management" classname="comprehensive-crud.spec.ts" time="35.065">
<failure message="comprehensive-crud.spec.ts:283:7 Planner Client Management" type="FAILURE">
<![CDATA[  [chromium] › comprehensive-crud.spec.ts:283:7 › 👥 Wedding Planner CRUD Operations › Planner Client Management 

    Test timeout of 30000ms exceeded.

    Error: page.fill: Test timeout of 30000ms exceeded.
    Call log:
      - waiting for locator('input[name="email"]')


      284 |     // Login as wedding planner
      285 |     await page.goto('/auth/signin');
    > 286 |     await page.fill('input[name="email"]', testUsers.weddingPlanner.email);
          |                ^
      287 |     await page.fill('input[name="password"]', testUsers.weddingPlanner.password);
      288 |     await page.click('button[type="submit"]');
      289 |     await expect(page).toHaveURL(/\/dashboard/);
        at /Users/asithalakmal/Documents/web/final project/WeddingLK-next copy/tests/e2e/comprehensive-crud.spec.ts:286:16

    attachment #1: screenshot (image/png) ──────────────────────────────────────────────────────────
    ../../test-results/comprehensive-crud-👥-Wedd-6d749-s-Planner-Client-Management-chromium/test-failed-1.png
    ────────────────────────────────────────────────────────────────────────────────────────────────

    attachment #2: video (video/webm) ──────────────────────────────────────────────────────────────
    ../../test-results/comprehensive-crud-👥-Wedd-6d749-s-Planner-Client-Management-chromium/video.webm
    ────────────────────────────────────────────────────────────────────────────────────────────────

    Error Context: ../../test-results/comprehensive-crud-👥-Wedd-6d749-s-Planner-Client-Management-chromium/error-context.md
]]>
</failure>
<system-out>
<![CDATA[
[[ATTACHMENT|test-results/comprehensive-crud-👥-Wedd-6d749-s-Planner-Client-Management-chromium/test-failed-1.png]]

[[ATTACHMENT|test-results/comprehensive-crud-👥-Wedd-6d749-s-Planner-Client-Management-chromium/video.webm]]

[[ATTACHMENT|test-results/comprehensive-crud-👥-Wedd-6d749-s-Planner-Client-Management-chromium/error-context.md]]
]]>
</system-out>
</testcase>
<testcase name="👥 Wedding Planner CRUD Operations › Planner Task Management" classname="comprehensive-crud.spec.ts" time="34.231">
<failure message="comprehensive-crud.spec.ts:313:7 Planner Task Management" type="FAILURE">
<![CDATA[  [chromium] › comprehensive-crud.spec.ts:313:7 › 👥 Wedding Planner CRUD Operations › Planner Task Management 

    Test timeout of 30000ms exceeded.

    Error: page.fill: Test timeout of 30000ms exceeded.
    Call log:
      - waiting for locator('input[name="email"]')


      314 |     // Login as wedding planner
      315 |     await page.goto('/auth/signin');
    > 316 |     await page.fill('input[name="email"]', testUsers.weddingPlanner.email);
          |                ^
      317 |     await page.fill('input[name="password"]', testUsers.weddingPlanner.password);
      318 |     await page.click('button[type="submit"]');
      319 |     await expect(page).toHaveURL(/\/dashboard/);
        at /Users/asithalakmal/Documents/web/final project/WeddingLK-next copy/tests/e2e/comprehensive-crud.spec.ts:316:16

    attachment #1: screenshot (image/png) ──────────────────────────────────────────────────────────
    ../../test-results/comprehensive-crud-👥-Wedd-50ee2-ons-Planner-Task-Management-chromium/test-failed-1.png
    ────────────────────────────────────────────────────────────────────────────────────────────────

    attachment #2: video (video/webm) ──────────────────────────────────────────────────────────────
    ../../test-results/comprehensive-crud-👥-Wedd-50ee2-ons-Planner-Task-Management-chromium/video.webm
    ────────────────────────────────────────────────────────────────────────────────────────────────

    Error Context: ../../test-results/comprehensive-crud-👥-Wedd-50ee2-ons-Planner-Task-Management-chromium/error-context.md
]]>
</failure>
<system-out>
<![CDATA[
[[ATTACHMENT|test-results/comprehensive-crud-👥-Wedd-50ee2-ons-Planner-Task-Management-chromium/test-failed-1.png]]

[[ATTACHMENT|test-results/comprehensive-crud-👥-Wedd-50ee2-ons-Planner-Task-Management-chromium/video.webm]]

[[ATTACHMENT|test-results/comprehensive-crud-👥-Wedd-50ee2-ons-Planner-Task-Management-chromium/error-context.md]]
]]>
</system-out>
</testcase>
<testcase name="🛡️ RBAC (Role-Based Access Control) Tests › User Role Access Control" classname="comprehensive-crud.spec.ts" time="33.881">
<failure message="comprehensive-crud.spec.ts:342:7 User Role Access Control" type="FAILURE">
<![CDATA[  [chromium] › comprehensive-crud.spec.ts:342:7 › 🛡️ RBAC (Role-Based Access Control) Tests › User Role Access Control 

    Test timeout of 30000ms exceeded.

    Error: page.fill: Test timeout of 30000ms exceeded.
    Call log:
      - waiting for locator('input[name="email"]')


      343 |     // Login as regular user
      344 |     await page.goto('/auth/signin');
    > 345 |     await page.fill('input[name="email"]', testUsers.regularUser.email);
          |                ^
      346 |     await page.fill('input[name="password"]', testUsers.regularUser.password);
      347 |     await page.click('button[type="submit"]');
      348 |     await expect(page).toHaveURL(/\/dashboard/);
        at /Users/asithalakmal/Documents/web/final project/WeddingLK-next copy/tests/e2e/comprehensive-crud.spec.ts:345:16

    attachment #1: screenshot (image/png) ──────────────────────────────────────────────────────────
    ../../test-results/comprehensive-crud-🛡️-RBA-b8846-ts-User-Role-Access-Control-chromium/test-failed-1.png
    ────────────────────────────────────────────────────────────────────────────────────────────────

    attachment #2: video (video/webm) ──────────────────────────────────────────────────────────────
    ../../test-results/comprehensive-crud-🛡️-RBA-b8846-ts-User-Role-Access-Control-chromium/video.webm
    ────────────────────────────────────────────────────────────────────────────────────────────────

    Error Context: ../../test-results/comprehensive-crud-🛡️-RBA-b8846-ts-User-Role-Access-Control-chromium/error-context.md
]]>
</failure>
<system-out>
<![CDATA[
[[ATTACHMENT|test-results/comprehensive-crud-🛡️-RBA-b8846-ts-User-Role-Access-Control-chromium/test-failed-1.png]]

[[ATTACHMENT|test-results/comprehensive-crud-🛡️-RBA-b8846-ts-User-Role-Access-Control-chromium/video.webm]]

[[ATTACHMENT|test-results/comprehensive-crud-🛡️-RBA-b8846-ts-User-Role-Access-Control-chromium/error-context.md]]
]]>
</system-out>
</testcase>
<testcase name="🛡️ RBAC (Role-Based Access Control) Tests › Vendor Role Access Control" classname="comprehensive-crud.spec.ts" time="33.751">
<failure message="comprehensive-crud.spec.ts:366:7 Vendor Role Access Control" type="FAILURE">
<![CDATA[  [chromium] › comprehensive-crud.spec.ts:366:7 › 🛡️ RBAC (Role-Based Access Control) Tests › Vendor Role Access Control 

    Test timeout of 30000ms exceeded.

    Error: page.fill: Test timeout of 30000ms exceeded.
    Call log:
      - waiting for locator('input[name="email"]')


      367 |     // Login as vendor
      368 |     await page.goto('/auth/signin');
    > 369 |     await page.fill('input[name="email"]', testUsers.vendor.email);
          |                ^
      370 |     await page.fill('input[name="password"]', testUsers.vendor.password);
      371 |     await page.click('button[type="submit"]');
      372 |     await expect(page).toHaveURL(/\/dashboard/);
        at /Users/asithalakmal/Documents/web/final project/WeddingLK-next copy/tests/e2e/comprehensive-crud.spec.ts:369:16

    attachment #1: screenshot (image/png) ──────────────────────────────────────────────────────────
    ../../test-results/comprehensive-crud-🛡️-RBA-76435--Vendor-Role-Access-Control-chromium/test-failed-1.png
    ────────────────────────────────────────────────────────────────────────────────────────────────

    attachment #2: video (video/webm) ──────────────────────────────────────────────────────────────
    ../../test-results/comprehensive-crud-🛡️-RBA-76435--Vendor-Role-Access-Control-chromium/video.webm
    ────────────────────────────────────────────────────────────────────────────────────────────────

    Error Context: ../../test-results/comprehensive-crud-🛡️-RBA-76435--Vendor-Role-Access-Control-chromium/error-context.md
]]>
</failure>
<system-out>
<![CDATA[
[[ATTACHMENT|test-results/comprehensive-crud-🛡️-RBA-76435--Vendor-Role-Access-Control-chromium/test-failed-1.png]]

[[ATTACHMENT|test-results/comprehensive-crud-🛡️-RBA-76435--Vendor-Role-Access-Control-chromium/video.webm]]

[[ATTACHMENT|test-results/comprehensive-crud-🛡️-RBA-76435--Vendor-Role-Access-Control-chromium/error-context.md]]
]]>
</system-out>
</testcase>
<testcase name="🛡️ RBAC (Role-Based Access Control) Tests › Admin Role Access Control" classname="comprehensive-crud.spec.ts" time="39.658">
<failure message="comprehensive-crud.spec.ts:390:7 Admin Role Access Control" type="FAILURE">
<![CDATA[  [chromium] › comprehensive-crud.spec.ts:390:7 › 🛡️ RBAC (Role-Based Access Control) Tests › Admin Role Access Control 

    Test timeout of 30000ms exceeded.

    Error: page.fill: Test timeout of 30000ms exceeded.
    Call log:
      - waiting for locator('input[name="email"]')


      391 |     // Login as admin
      392 |     await page.goto('/auth/signin');
    > 393 |     await page.fill('input[name="email"]', testUsers.admin.email);
          |                ^
      394 |     await page.fill('input[name="password"]', testUsers.admin.password);
      395 |     await page.click('button[type="submit"]');
      396 |     await expect(page).toHaveURL(/\/dashboard/);
        at /Users/asithalakmal/Documents/web/final project/WeddingLK-next copy/tests/e2e/comprehensive-crud.spec.ts:393:16

    attachment #1: screenshot (image/png) ──────────────────────────────────────────────────────────
    ../../test-results/comprehensive-crud-🛡️-RBA-d2e91-s-Admin-Role-Access-Control-chromium/test-failed-1.png
    ────────────────────────────────────────────────────────────────────────────────────────────────

    attachment #2: video (video/webm) ──────────────────────────────────────────────────────────────
    ../../test-results/comprehensive-crud-🛡️-RBA-d2e91-s-Admin-Role-Access-Control-chromium/video.webm
    ────────────────────────────────────────────────────────────────────────────────────────────────

    Error Context: ../../test-results/comprehensive-crud-🛡️-RBA-d2e91-s-Admin-Role-Access-Control-chromium/error-context.md
]]>
</failure>
<system-out>
<![CDATA[
[[ATTACHMENT|test-results/comprehensive-crud-🛡️-RBA-d2e91-s-Admin-Role-Access-Control-chromium/test-failed-1.png]]

[[ATTACHMENT|test-results/comprehensive-crud-🛡️-RBA-d2e91-s-Admin-Role-Access-Control-chromium/video.webm]]

[[ATTACHMENT|test-results/comprehensive-crud-🛡️-RBA-d2e91-s-Admin-Role-Access-Control-chromium/error-context.md]]
]]>
</system-out>
</testcase>
<testcase name="🛡️ RBAC (Role-Based Access Control) Tests › Middleware Route Protection" classname="comprehensive-crud.spec.ts" time="11.736">
<failure message="comprehensive-crud.spec.ts:412:7 Middleware Route Protection" type="FAILURE">
<![CDATA[  [chromium] › comprehensive-crud.spec.ts:412:7 › 🛡️ RBAC (Role-Based Access Control) Tests › Middleware Route Protection 

    Error: expect(page).toHaveURL(expected) failed

    Expected pattern: /\/auth\/signin/
    Received string:  "https://wedding-lk.vercel.app/dashboard/user"
    Timeout: 5000ms

    Call log:
      - Expect "toHaveURL" with timeout 5000ms
        5 × unexpected value "https://wedding-lk.vercel.app/dashboard"
        - unexpected value "https://wedding-lk.vercel.app/dashboard/redirect"
        2 × unexpected value "https://wedding-lk.vercel.app/dashboard/user"


      413 |     // Test unauthenticated access to protected routes
      414 |     await page.goto('/dashboard');
    > 415 |     await expect(page).toHaveURL(/\/auth\/signin/);
          |                        ^
      416 |     
      417 |     await page.goto('/dashboard/profile');
      418 |     await expect(page).toHaveURL(/\/auth\/signin/);
        at /Users/asithalakmal/Documents/web/final project/WeddingLK-next copy/tests/e2e/comprehensive-crud.spec.ts:415:24

    attachment #1: screenshot (image/png) ──────────────────────────────────────────────────────────
    ../../test-results/comprehensive-crud-🛡️-RBA-c8703-Middleware-Route-Protection-chromium/test-failed-1.png
    ────────────────────────────────────────────────────────────────────────────────────────────────

    attachment #2: video (video/webm) ──────────────────────────────────────────────────────────────
    ../../test-results/comprehensive-crud-🛡️-RBA-c8703-Middleware-Route-Protection-chromium/video.webm
    ────────────────────────────────────────────────────────────────────────────────────────────────

    Error Context: ../../test-results/comprehensive-crud-🛡️-RBA-c8703-Middleware-Route-Protection-chromium/error-context.md
]]>
</failure>
<system-out>
<![CDATA[
[[ATTACHMENT|test-results/comprehensive-crud-🛡️-RBA-c8703-Middleware-Route-Protection-chromium/test-failed-1.png]]

[[ATTACHMENT|test-results/comprehensive-crud-🛡️-RBA-c8703-Middleware-Route-Protection-chromium/video.webm]]

[[ATTACHMENT|test-results/comprehensive-crud-🛡️-RBA-c8703-Middleware-Route-Protection-chromium/error-context.md]]
]]>
</system-out>
</testcase>
<testcase name="💳 Payment &amp; Financial CRUD › Payment Processing Flow" classname="comprehensive-crud.spec.ts" time="35.655">
<failure message="comprehensive-crud.spec.ts:426:7 Payment Processing Flow" type="FAILURE">
<![CDATA[  [chromium] › comprehensive-crud.spec.ts:426:7 › 💳 Payment & Financial CRUD › Payment Processing Flow 

    Test timeout of 30000ms exceeded.

    Error: page.fill: Test timeout of 30000ms exceeded.
    Call log:
      - waiting for locator('input[name="email"]')


      427 |     // Login as user
      428 |     await page.goto('/auth/signin');
    > 429 |     await page.fill('input[name="email"]', testUsers.regularUser.email);
          |                ^
      430 |     await page.fill('input[name="password"]', testUsers.regularUser.password);
      431 |     await page.click('button[type="submit"]');
      432 |     await expect(page).toHaveURL(/\/dashboard/);
        at /Users/asithalakmal/Documents/web/final project/WeddingLK-next copy/tests/e2e/comprehensive-crud.spec.ts:429:16

    attachment #1: screenshot (image/png) ──────────────────────────────────────────────────────────
    ../../test-results/comprehensive-crud-💳-Paym-6f1ed-RUD-Payment-Processing-Flow-chromium/test-failed-1.png
    ────────────────────────────────────────────────────────────────────────────────────────────────

    attachment #2: video (video/webm) ──────────────────────────────────────────────────────────────
    ../../test-results/comprehensive-crud-💳-Paym-6f1ed-RUD-Payment-Processing-Flow-chromium/video.webm
    ────────────────────────────────────────────────────────────────────────────────────────────────

    Error Context: ../../test-results/comprehensive-crud-💳-Paym-6f1ed-RUD-Payment-Processing-Flow-chromium/error-context.md
]]>
</failure>
<system-out>
<![CDATA[
[[ATTACHMENT|test-results/comprehensive-crud-💳-Paym-6f1ed-RUD-Payment-Processing-Flow-chromium/test-failed-1.png]]

[[ATTACHMENT|test-results/comprehensive-crud-💳-Paym-6f1ed-RUD-Payment-Processing-Flow-chromium/video.webm]]

[[ATTACHMENT|test-results/comprehensive-crud-💳-Paym-6f1ed-RUD-Payment-Processing-Flow-chromium/error-context.md]]
]]>
</system-out>
</testcase>
<testcase name="💳 Payment &amp; Financial CRUD › Payment History &amp; Management" classname="comprehensive-crud.spec.ts" time="37.116">
<failure message="comprehensive-crud.spec.ts:450:7 Payment History &amp; Management" type="FAILURE">
<![CDATA[  [chromium] › comprehensive-crud.spec.ts:450:7 › 💳 Payment & Financial CRUD › Payment History & Management 

    Test timeout of 30000ms exceeded.

    Error: page.fill: Test timeout of 30000ms exceeded.
    Call log:
      - waiting for locator('input[name="email"]')


      451 |     // Login as user
      452 |     await page.goto('/auth/signin');
    > 453 |     await page.fill('input[name="email"]', testUsers.regularUser.email);
          |                ^
      454 |     await page.fill('input[name="password"]', testUsers.regularUser.password);
      455 |     await page.click('button[type="submit"]');
      456 |     await expect(page).toHaveURL(/\/dashboard/);
        at /Users/asithalakmal/Documents/web/final project/WeddingLK-next copy/tests/e2e/comprehensive-crud.spec.ts:453:16

    attachment #1: screenshot (image/png) ──────────────────────────────────────────────────────────
    ../../test-results/comprehensive-crud-💳-Paym-d962d--Payment-History-Management-chromium/test-failed-1.png
    ────────────────────────────────────────────────────────────────────────────────────────────────

    attachment #2: video (video/webm) ──────────────────────────────────────────────────────────────
    ../../test-results/comprehensive-crud-💳-Paym-d962d--Payment-History-Management-chromium/video.webm
    ────────────────────────────────────────────────────────────────────────────────────────────────

    Error Context: ../../test-results/comprehensive-crud-💳-Paym-d962d--Payment-History-Management-chromium/error-context.md
]]>
</failure>
<system-out>
<![CDATA[
[[ATTACHMENT|test-results/comprehensive-crud-💳-Paym-d962d--Payment-History-Management-chromium/test-failed-1.png]]

[[ATTACHMENT|test-results/comprehensive-crud-💳-Paym-d962d--Payment-History-Management-chromium/video.webm]]

[[ATTACHMENT|test-results/comprehensive-crud-💳-Paym-d962d--Payment-History-Management-chromium/error-context.md]]
]]>
</system-out>
</testcase>
<testcase name="📱 Mobile &amp; Responsive CRUD › Mobile Navigation &amp; CRUD Operations" classname="comprehensive-crud.spec.ts" time="33.143">
<failure message="comprehensive-crud.spec.ts:471:7 Mobile Navigation &amp; CRUD Operations" type="FAILURE">
<![CDATA[  [chromium] › comprehensive-crud.spec.ts:471:7 › 📱 Mobile & Responsive CRUD › Mobile Navigation & CRUD Operations 

    Test timeout of 30000ms exceeded.

    Error: page.fill: Test timeout of 30000ms exceeded.
    Call log:
      - waiting for locator('input[name="email"]')


      475 |     // Login as user
      476 |     await page.goto('/auth/signin');
    > 477 |     await page.fill('input[name="email"]', testUsers.regularUser.email);
          |                ^
      478 |     await page.fill('input[name="password"]', testUsers.regularUser.password);
      479 |     await page.click('button[type="submit"]');
      480 |     await expect(page).toHaveURL(/\/dashboard/);
        at /Users/asithalakmal/Documents/web/final project/WeddingLK-next copy/tests/e2e/comprehensive-crud.spec.ts:477:16

    attachment #1: screenshot (image/png) ──────────────────────────────────────────────────────────
    ../../test-results/comprehensive-crud-📱-Mobi-c12a8--Navigation-CRUD-Operations-chromium/test-failed-1.png
    ────────────────────────────────────────────────────────────────────────────────────────────────

    attachment #2: video (video/webm) ──────────────────────────────────────────────────────────────
    ../../test-results/comprehensive-crud-📱-Mobi-c12a8--Navigation-CRUD-Operations-chromium/video.webm
    ────────────────────────────────────────────────────────────────────────────────────────────────

    Error Context: ../../test-results/comprehensive-crud-📱-Mobi-c12a8--Navigation-CRUD-Operations-chromium/error-context.md
]]>
</failure>
<system-out>
<![CDATA[
[[ATTACHMENT|test-results/comprehensive-crud-📱-Mobi-c12a8--Navigation-CRUD-Operations-chromium/test-failed-1.png]]

[[ATTACHMENT|test-results/comprehensive-crud-📱-Mobi-c12a8--Navigation-CRUD-Operations-chromium/video.webm]]

[[ATTACHMENT|test-results/comprehensive-crud-📱-Mobi-c12a8--Navigation-CRUD-Operations-chromium/error-context.md]]
]]>
</system-out>
</testcase>
<testcase name="🔍 Search &amp; Filter CRUD › Venue Search &amp; Filter Operations" classname="comprehensive-crud.spec.ts" time="38.186">
<failure message="comprehensive-crud.spec.ts:501:7 Venue Search &amp; Filter Operations" type="FAILURE">
<![CDATA[  [chromium] › comprehensive-crud.spec.ts:501:7 › 🔍 Search & Filter CRUD › Venue Search & Filter Operations 

    Test timeout of 30000ms exceeded.

    Error: page.fill: Test timeout of 30000ms exceeded.
    Call log:
      - waiting for locator('input[placeholder*="Search venues"]')


      503 |     
      504 |     // Search for venues
    > 505 |     await page.fill('input[placeholder*="Search venues"]', 'Colombo');
          |                ^
      506 |     await page.click('button:has-text("Search")');
      507 |     
      508 |     // Apply filters
        at /Users/asithalakmal/Documents/web/final project/WeddingLK-next copy/tests/e2e/comprehensive-crud.spec.ts:505:16

    attachment #1: screenshot (image/png) ──────────────────────────────────────────────────────────
    ../../test-results/comprehensive-crud-🔍-Sear-77ac3-ue-Search-Filter-Operations-chromium/test-failed-1.png
    ────────────────────────────────────────────────────────────────────────────────────────────────

    attachment #2: video (video/webm) ──────────────────────────────────────────────────────────────
    ../../test-results/comprehensive-crud-🔍-Sear-77ac3-ue-Search-Filter-Operations-chromium/video.webm
    ────────────────────────────────────────────────────────────────────────────────────────────────

    Error Context: ../../test-results/comprehensive-crud-🔍-Sear-77ac3-ue-Search-Filter-Operations-chromium/error-context.md
]]>
</failure>
<system-out>
<![CDATA[
[[ATTACHMENT|test-results/comprehensive-crud-🔍-Sear-77ac3-ue-Search-Filter-Operations-chromium/test-failed-1.png]]

[[ATTACHMENT|test-results/comprehensive-crud-🔍-Sear-77ac3-ue-Search-Filter-Operations-chromium/video.webm]]

[[ATTACHMENT|test-results/comprehensive-crud-🔍-Sear-77ac3-ue-Search-Filter-Operations-chromium/error-context.md]]
]]>
</system-out>
</testcase>
<testcase name="🔍 Search &amp; Filter CRUD › Vendor Search &amp; Filter Operations" classname="comprehensive-crud.spec.ts" time="37.69">
<failure message="comprehensive-crud.spec.ts:518:7 Vendor Search &amp; Filter Operations" type="FAILURE">
<![CDATA[  [chromium] › comprehensive-crud.spec.ts:518:7 › 🔍 Search & Filter CRUD › Vendor Search & Filter Operations 

    Test timeout of 30000ms exceeded.

    Error: page.fill: Test timeout of 30000ms exceeded.
    Call log:
      - waiting for locator('input[placeholder*="Search vendors"]')


      520 |     
      521 |     // Search for vendors
    > 522 |     await page.fill('input[placeholder*="Search vendors"]', 'photography');
          |                ^
      523 |     await page.click('button:has-text("Search")');
      524 |     
      525 |     // Apply category filters
        at /Users/asithalakmal/Documents/web/final project/WeddingLK-next copy/tests/e2e/comprehensive-crud.spec.ts:522:16

    attachment #1: screenshot (image/png) ──────────────────────────────────────────────────────────
    ../../test-results/comprehensive-crud-🔍-Sear-8b262-or-Search-Filter-Operations-chromium/test-failed-1.png
    ────────────────────────────────────────────────────────────────────────────────────────────────

    attachment #2: video (video/webm) ──────────────────────────────────────────────────────────────
    ../../test-results/comprehensive-crud-🔍-Sear-8b262-or-Search-Filter-Operations-chromium/video.webm
    ────────────────────────────────────────────────────────────────────────────────────────────────

    Error Context: ../../test-results/comprehensive-crud-🔍-Sear-8b262-or-Search-Filter-Operations-chromium/error-context.md
]]>
</failure>
<system-out>
<![CDATA[
[[ATTACHMENT|test-results/comprehensive-crud-🔍-Sear-8b262-or-Search-Filter-Operations-chromium/test-failed-1.png]]

[[ATTACHMENT|test-results/comprehensive-crud-🔍-Sear-8b262-or-Search-Filter-Operations-chromium/video.webm]]

[[ATTACHMENT|test-results/comprehensive-crud-🔍-Sear-8b262-or-Search-Filter-Operations-chromium/error-context.md]]
]]>
</system-out>
</testcase>
<testcase name="📊 Analytics &amp; Reporting CRUD › User Analytics Dashboard" classname="comprehensive-crud.spec.ts" time="33.276">
<failure message="comprehensive-crud.spec.ts:535:7 User Analytics Dashboard" type="FAILURE">
<![CDATA[  [chromium] › comprehensive-crud.spec.ts:535:7 › 📊 Analytics & Reporting CRUD › User Analytics Dashboard 

    Test timeout of 30000ms exceeded.

    Error: page.fill: Test timeout of 30000ms exceeded.
    Call log:
      - waiting for locator('input[name="email"]')


      536 |     // Login as user
      537 |     await page.goto('/auth/signin');
    > 538 |     await page.fill('input[name="email"]', testUsers.regularUser.email);
          |                ^
      539 |     await page.fill('input[name="password"]', testUsers.regularUser.password);
      540 |     await page.click('button[type="submit"]');
      541 |     await expect(page).toHaveURL(/\/dashboard/);
        at /Users/asithalakmal/Documents/web/final project/WeddingLK-next copy/tests/e2e/comprehensive-crud.spec.ts:538:16

    attachment #1: screenshot (image/png) ──────────────────────────────────────────────────────────
    ../../test-results/comprehensive-crud-📊-Anal-bd0f7-UD-User-Analytics-Dashboard-chromium/test-failed-1.png
    ────────────────────────────────────────────────────────────────────────────────────────────────

    attachment #2: video (video/webm) ──────────────────────────────────────────────────────────────
    ../../test-results/comprehensive-crud-📊-Anal-bd0f7-UD-User-Analytics-Dashboard-chromium/video.webm
    ────────────────────────────────────────────────────────────────────────────────────────────────

    Error Context: ../../test-results/comprehensive-crud-📊-Anal-bd0f7-UD-User-Analytics-Dashboard-chromium/error-context.md
]]>
</failure>
<system-out>
<![CDATA[
[[ATTACHMENT|test-results/comprehensive-crud-📊-Anal-bd0f7-UD-User-Analytics-Dashboard-chromium/test-failed-1.png]]

[[ATTACHMENT|test-results/comprehensive-crud-📊-Anal-bd0f7-UD-User-Analytics-Dashboard-chromium/video.webm]]

[[ATTACHMENT|test-results/comprehensive-crud-📊-Anal-bd0f7-UD-User-Analytics-Dashboard-chromium/error-context.md]]
]]>
</system-out>
</testcase>
<testcase name="📊 Analytics &amp; Reporting CRUD › Admin Analytics &amp; Reports" classname="comprehensive-crud.spec.ts" time="37.313">
<failure message="comprehensive-crud.spec.ts:552:7 Admin Analytics &amp; Reports" type="FAILURE">
<![CDATA[  [chromium] › comprehensive-crud.spec.ts:552:7 › 📊 Analytics & Reporting CRUD › Admin Analytics & Reports 

    Test timeout of 30000ms exceeded.

    Error: page.fill: Test timeout of 30000ms exceeded.
    Call log:
      - waiting for locator('input[name="email"]')


      553 |     // Login as admin
      554 |     await page.goto('/auth/signin');
    > 555 |     await page.fill('input[name="email"]', testUsers.admin.email);
          |                ^
      556 |     await page.fill('input[name="password"]', testUsers.admin.password);
      557 |     await page.click('button[type="submit"]');
      558 |     await expect(page).toHaveURL(/\/dashboard/);
        at /Users/asithalakmal/Documents/web/final project/WeddingLK-next copy/tests/e2e/comprehensive-crud.spec.ts:555:16

    attachment #1: screenshot (image/png) ──────────────────────────────────────────────────────────
    ../../test-results/comprehensive-crud-📊-Anal-de256-RUD-Admin-Analytics-Reports-chromium/test-failed-1.png
    ────────────────────────────────────────────────────────────────────────────────────────────────

    attachment #2: video (video/webm) ──────────────────────────────────────────────────────────────
    ../../test-results/comprehensive-crud-📊-Anal-de256-RUD-Admin-Analytics-Reports-chromium/video.webm
    ────────────────────────────────────────────────────────────────────────────────────────────────

    Error Context: ../../test-results/comprehensive-crud-📊-Anal-de256-RUD-Admin-Analytics-Reports-chromium/error-context.md
]]>
</failure>
<system-out>
<![CDATA[
[[ATTACHMENT|test-results/comprehensive-crud-📊-Anal-de256-RUD-Admin-Analytics-Reports-chromium/test-failed-1.png]]

[[ATTACHMENT|test-results/comprehensive-crud-📊-Anal-de256-RUD-Admin-Analytics-Reports-chromium/video.webm]]

[[ATTACHMENT|test-results/comprehensive-crud-📊-Anal-de256-RUD-Admin-Analytics-Reports-chromium/error-context.md]]
]]>
</system-out>
</testcase>
<testcase name="🔔 Notification &amp; Communication CRUD › Notification Management" classname="comprehensive-crud.spec.ts" time="34.353">
<failure message="comprehensive-crud.spec.ts:581:7 Notification Management" type="FAILURE">
<![CDATA[  [chromium] › comprehensive-crud.spec.ts:581:7 › 🔔 Notification & Communication CRUD › Notification Management 

    Test timeout of 30000ms exceeded.

    Error: page.fill: Test timeout of 30000ms exceeded.
    Call log:
      - waiting for locator('input[name="email"]')


      582 |     // Login as user
      583 |     await page.goto('/auth/signin');
    > 584 |     await page.fill('input[name="email"]', testUsers.regularUser.email);
          |                ^
      585 |     await page.fill('input[name="password"]', testUsers.regularUser.password);
      586 |     await page.click('button[type="submit"]');
      587 |     await expect(page).toHaveURL(/\/dashboard/);
        at /Users/asithalakmal/Documents/web/final project/WeddingLK-next copy/tests/e2e/comprehensive-crud.spec.ts:584:16

    attachment #1: screenshot (image/png) ──────────────────────────────────────────────────────────
    ../../test-results/comprehensive-crud-🔔-Noti-e4267-RUD-Notification-Management-chromium/test-failed-1.png
    ────────────────────────────────────────────────────────────────────────────────────────────────

    attachment #2: video (video/webm) ──────────────────────────────────────────────────────────────
    ../../test-results/comprehensive-crud-🔔-Noti-e4267-RUD-Notification-Management-chromium/video.webm
    ────────────────────────────────────────────────────────────────────────────────────────────────

    Error Context: ../../test-results/comprehensive-crud-🔔-Noti-e4267-RUD-Notification-Management-chromium/error-context.md
]]>
</failure>
<system-out>
<![CDATA[
[[ATTACHMENT|test-results/comprehensive-crud-🔔-Noti-e4267-RUD-Notification-Management-chromium/test-failed-1.png]]

[[ATTACHMENT|test-results/comprehensive-crud-🔔-Noti-e4267-RUD-Notification-Management-chromium/video.webm]]

[[ATTACHMENT|test-results/comprehensive-crud-🔔-Noti-e4267-RUD-Notification-Management-chromium/error-context.md]]
]]>
</system-out>
</testcase>
<testcase name="🔔 Notification &amp; Communication CRUD › Message System CRUD" classname="comprehensive-crud.spec.ts" time="33.84">
<failure message="comprehensive-crud.spec.ts:605:7 Message System CRUD" type="FAILURE">
<![CDATA[  [chromium] › comprehensive-crud.spec.ts:605:7 › 🔔 Notification & Communication CRUD › Message System CRUD 

    Test timeout of 30000ms exceeded.

    Error: page.fill: Test timeout of 30000ms exceeded.
    Call log:
      - waiting for locator('input[name="email"]')


      606 |     // Login as user
      607 |     await page.goto('/auth/signin');
    > 608 |     await page.fill('input[name="email"]', testUsers.regularUser.email);
          |                ^
      609 |     await page.fill('input[name="password"]', testUsers.regularUser.password);
      610 |     await page.click('button[type="submit"]');
      611 |     await expect(page).toHaveURL(/\/dashboard/);
        at /Users/asithalakmal/Documents/web/final project/WeddingLK-next copy/tests/e2e/comprehensive-crud.spec.ts:608:16

    attachment #1: screenshot (image/png) ──────────────────────────────────────────────────────────
    ../../test-results/comprehensive-crud-🔔-Noti-e1c21-on-CRUD-Message-System-CRUD-chromium/test-failed-1.png
    ────────────────────────────────────────────────────────────────────────────────────────────────

    attachment #2: video (video/webm) ──────────────────────────────────────────────────────────────
    ../../test-results/comprehensive-crud-🔔-Noti-e1c21-on-CRUD-Message-System-CRUD-chromium/video.webm
    ────────────────────────────────────────────────────────────────────────────────────────────────

    Error Context: ../../test-results/comprehensive-crud-🔔-Noti-e1c21-on-CRUD-Message-System-CRUD-chromium/error-context.md
]]>
</failure>
<system-out>
<![CDATA[
[[ATTACHMENT|test-results/comprehensive-crud-🔔-Noti-e1c21-on-CRUD-Message-System-CRUD-chromium/test-failed-1.png]]

[[ATTACHMENT|test-results/comprehensive-crud-🔔-Noti-e1c21-on-CRUD-Message-System-CRUD-chromium/video.webm]]

[[ATTACHMENT|test-results/comprehensive-crud-🔔-Noti-e1c21-on-CRUD-Message-System-CRUD-chromium/error-context.md]]
]]>
</system-out>
</testcase>
<testcase name="🔄 Data Synchronization &amp; Cache CRUD › Data Cache Management" classname="comprehensive-crud.spec.ts" time="36.792">
<failure message="comprehensive-crud.spec.ts:633:7 Data Cache Management" type="FAILURE">
<![CDATA[  [chromium] › comprehensive-crud.spec.ts:633:7 › 🔄 Data Synchronization & Cache CRUD › Data Cache Management 

    Test timeout of 30000ms exceeded.

    Error: page.fill: Test timeout of 30000ms exceeded.
    Call log:
      - waiting for locator('input[name="email"]')


      634 |     // Login as admin
      635 |     await page.goto('/auth/signin');
    > 636 |     await page.fill('input[name="email"]', testUsers.admin.email);
          |                ^
      637 |     await page.fill('input[name="password"]', testUsers.admin.password);
      638 |     await page.click('button[type="submit"]');
      639 |     await expect(page).toHaveURL(/\/dashboard/);
        at /Users/asithalakmal/Documents/web/final project/WeddingLK-next copy/tests/e2e/comprehensive-crud.spec.ts:636:16

    attachment #1: screenshot (image/png) ──────────────────────────────────────────────────────────
    ../../test-results/comprehensive-crud-🔄-Data-ae5cf--CRUD-Data-Cache-Management-chromium/test-failed-1.png
    ────────────────────────────────────────────────────────────────────────────────────────────────

    attachment #2: video (video/webm) ──────────────────────────────────────────────────────────────
    ../../test-results/comprehensive-crud-🔄-Data-ae5cf--CRUD-Data-Cache-Management-chromium/video.webm
    ────────────────────────────────────────────────────────────────────────────────────────────────

    Error Context: ../../test-results/comprehensive-crud-🔄-Data-ae5cf--CRUD-Data-Cache-Management-chromium/error-context.md
]]>
</failure>
<system-out>
<![CDATA[
[[ATTACHMENT|test-results/comprehensive-crud-🔄-Data-ae5cf--CRUD-Data-Cache-Management-chromium/test-failed-1.png]]

[[ATTACHMENT|test-results/comprehensive-crud-🔄-Data-ae5cf--CRUD-Data-Cache-Management-chromium/video.webm]]

[[ATTACHMENT|test-results/comprehensive-crud-🔄-Data-ae5cf--CRUD-Data-Cache-Management-chromium/error-context.md]]
]]>
</system-out>
</testcase>
<testcase name="🛠️ System Administration CRUD › User Management Operations" classname="comprehensive-crud.spec.ts" time="34.1">
<failure message="comprehensive-crud.spec.ts:658:7 User Management Operations" type="FAILURE">
<![CDATA[  [chromium] › comprehensive-crud.spec.ts:658:7 › 🛠️ System Administration CRUD › User Management Operations 

    Test timeout of 30000ms exceeded.

    Error: page.fill: Test timeout of 30000ms exceeded.
    Call log:
      - waiting for locator('input[name="email"]')


      659 |     // Login as admin
      660 |     await page.goto('/auth/signin');
    > 661 |     await page.fill('input[name="email"]', testUsers.admin.email);
          |                ^
      662 |     await page.fill('input[name="password"]', testUsers.admin.password);
      663 |     await page.click('button[type="submit"]');
      664 |     await expect(page).toHaveURL(/\/dashboard/);
        at /Users/asithalakmal/Documents/web/final project/WeddingLK-next copy/tests/e2e/comprehensive-crud.spec.ts:661:16

    attachment #1: screenshot (image/png) ──────────────────────────────────────────────────────────
    ../../test-results/comprehensive-crud-🛠️-Sys-e1e93--User-Management-Operations-chromium/test-failed-1.png
    ────────────────────────────────────────────────────────────────────────────────────────────────

    attachment #2: video (video/webm) ──────────────────────────────────────────────────────────────
    ../../test-results/comprehensive-crud-🛠️-Sys-e1e93--User-Management-Operations-chromium/video.webm
    ────────────────────────────────────────────────────────────────────────────────────────────────

    Error Context: ../../test-results/comprehensive-crud-🛠️-Sys-e1e93--User-Management-Operations-chromium/error-context.md
]]>
</failure>
<system-out>
<![CDATA[
[[ATTACHMENT|test-results/comprehensive-crud-🛠️-Sys-e1e93--User-Management-Operations-chromium/test-failed-1.png]]

[[ATTACHMENT|test-results/comprehensive-crud-🛠️-Sys-e1e93--User-Management-Operations-chromium/video.webm]]

[[ATTACHMENT|test-results/comprehensive-crud-🛠️-Sys-e1e93--User-Management-Operations-chromium/error-context.md]]
]]>
</system-out>
</testcase>
<testcase name="🛠️ System Administration CRUD › System Settings Management" classname="comprehensive-crud.spec.ts" time="38.194">
<failure message="comprehensive-crud.spec.ts:686:7 System Settings Management" type="FAILURE">
<![CDATA[  [chromium] › comprehensive-crud.spec.ts:686:7 › 🛠️ System Administration CRUD › System Settings Management 

    Test timeout of 30000ms exceeded.

    Error: page.fill: Test timeout of 30000ms exceeded.
    Call log:
      - waiting for locator('input[name="email"]')


      687 |     // Login as admin
      688 |     await page.goto('/auth/signin');
    > 689 |     await page.fill('input[name="email"]', testUsers.admin.email);
          |                ^
      690 |     await page.fill('input[name="password"]', testUsers.admin.password);
      691 |     await page.click('button[type="submit"]');
      692 |     await expect(page).toHaveURL(/\/dashboard/);
        at /Users/asithalakmal/Documents/web/final project/WeddingLK-next copy/tests/e2e/comprehensive-crud.spec.ts:689:16

    attachment #1: screenshot (image/png) ──────────────────────────────────────────────────────────
    ../../test-results/comprehensive-crud-🛠️-Sys-350da--System-Settings-Management-chromium/test-failed-1.png
    ────────────────────────────────────────────────────────────────────────────────────────────────

    attachment #2: video (video/webm) ──────────────────────────────────────────────────────────────
    ../../test-results/comprehensive-crud-🛠️-Sys-350da--System-Settings-Management-chromium/video.webm
    ────────────────────────────────────────────────────────────────────────────────────────────────

    Error Context: ../../test-results/comprehensive-crud-🛠️-Sys-350da--System-Settings-Management-chromium/error-context.md
]]>
</failure>
<system-out>
<![CDATA[
[[ATTACHMENT|test-results/comprehensive-crud-🛠️-Sys-350da--System-Settings-Management-chromium/test-failed-1.png]]

[[ATTACHMENT|test-results/comprehensive-crud-🛠️-Sys-350da--System-Settings-Management-chromium/video.webm]]

[[ATTACHMENT|test-results/comprehensive-crud-🛠️-Sys-350da--System-Settings-Management-chromium/error-context.md]]
]]>
</system-out>
</testcase>
</testsuite>
</testsuites>