<testsuites id="" name="" tests="575" failures="559" skipped="0" errors="0" time="6474.492082000001">
<testsuite name="01-homepage.spec.ts" timestamp="2025-10-20T22:56:09.042Z" hostname="chromium" tests="6" failures="4" skipped="0" time="116.67" errors="0">
<testcase name="Homepage Tests › should load homepage successfully" classname="01-homepage.spec.ts" time="23.922">
<failure message="01-homepage.spec.ts:4:7 should load homepage successfully" type="FAILURE">
<![CDATA[  [chromium] › 01-homepage.spec.ts:4:7 › Homepage Tests › should load homepage successfully ────────

    Error: expect(locator).toBeVisible() failed

    Locator: locator('a[href*="/login"]')
    Expected: visible
    Timeout: 5000ms
    Error: element(s) not found

    Call log:
      - Expect "toBeVisible" with timeout 5000ms
      - waiting for locator('a[href*="/login"]')


      16 |     // Check for main CTA buttons
      17 |     await expect(page.locator('a[href*="/register"]')).toBeVisible();
    > 18 |     await expect(page.locator('a[href*="/login"]')).toBeVisible();
         |                                                     ^
      19 |   });
      20 |
      21 |   test('should have working navigation links', async ({ page }) => {
        at /Users/asithalakmal/Documents/web/final project/WeddingLK-next copy/tests/01-homepage.spec.ts:18:53

    attachment #1: screenshot (image/png) ──────────────────────────────────────────────────────────
    ../test-results/01-homepage-Homepage-Tests-should-load-homepage-successfully-chromium/test-failed-1.png
    ────────────────────────────────────────────────────────────────────────────────────────────────

    attachment #2: video (video/webm) ──────────────────────────────────────────────────────────────
    ../test-results/01-homepage-Homepage-Tests-should-load-homepage-successfully-chromium/video.webm
    ────────────────────────────────────────────────────────────────────────────────────────────────

    Error Context: ../test-results/01-homepage-Homepage-Tests-should-load-homepage-successfully-chromium/error-context.md
]]>
</failure>
<system-out>
<![CDATA[
[[ATTACHMENT|test-results/01-homepage-Homepage-Tests-should-load-homepage-successfully-chromium/test-failed-1.png]]

[[ATTACHMENT|test-results/01-homepage-Homepage-Tests-should-load-homepage-successfully-chromium/video.webm]]

[[ATTACHMENT|test-results/01-homepage-Homepage-Tests-should-load-homepage-successfully-chromium/error-context.md]]
]]>
</system-out>
</testcase>
<testcase name="Homepage Tests › should have working navigation links" classname="01-homepage.spec.ts" time="23.825">
<failure message="01-homepage.spec.ts:21:7 should have working navigation links" type="FAILURE">
<![CDATA[  [chromium] › 01-homepage.spec.ts:21:7 › Homepage Tests › should have working navigation links ────

    Error: expect(page).toHaveURL(expected) failed

    Expected pattern: /\/venues/
    Received string:  "https://wedding-lk.vercel.app/"
    Timeout: 5000ms

    Call log:
      - Expect "toHaveURL" with timeout 5000ms
        8 × unexpected value "https://wedding-lk.vercel.app/"


      35 |       if (await linkElement.isVisible()) {
      36 |         await linkElement.click();
    > 37 |         await expect(page).toHaveURL(new RegExp(link.href));
         |                            ^
      38 |         await page.goBack();
      39 |       }
      40 |     }
        at /Users/asithalakmal/Documents/web/final project/WeddingLK-next copy/tests/01-homepage.spec.ts:37:28

    attachment #1: screenshot (image/png) ──────────────────────────────────────────────────────────
    ../test-results/01-homepage-Homepage-Tests-8de4d-ve-working-navigation-links-chromium/test-failed-1.png
    ────────────────────────────────────────────────────────────────────────────────────────────────

    attachment #2: video (video/webm) ──────────────────────────────────────────────────────────────
    ../test-results/01-homepage-Homepage-Tests-8de4d-ve-working-navigation-links-chromium/video.webm
    ────────────────────────────────────────────────────────────────────────────────────────────────

    Error Context: ../test-results/01-homepage-Homepage-Tests-8de4d-ve-working-navigation-links-chromium/error-context.md
]]>
</failure>
<system-out>
<![CDATA[
[[ATTACHMENT|test-results/01-homepage-Homepage-Tests-8de4d-ve-working-navigation-links-chromium/test-failed-1.png]]

[[ATTACHMENT|test-results/01-homepage-Homepage-Tests-8de4d-ve-working-navigation-links-chromium/video.webm]]

[[ATTACHMENT|test-results/01-homepage-Homepage-Tests-8de4d-ve-working-navigation-links-chromium/error-context.md]]
]]>
</system-out>
</testcase>
<testcase name="Homepage Tests › should have responsive design" classname="01-homepage.spec.ts" time="31.01">
<failure message="01-homepage.spec.ts:43:7 should have responsive design" type="FAILURE">
<![CDATA[  [chromium] › 01-homepage.spec.ts:43:7 › Homepage Tests › should have responsive design ───────────

    Error: expect(locator).toBeVisible() failed

    Locator:  locator('nav')
    Expected: visible
    Received: hidden
    Timeout:  5000ms

    Call log:
      - Expect "toBeVisible" with timeout 5000ms
      - waiting for locator('nav')
        8 × locator resolved to <nav class="flex justify-center space-x-8 px-4 sm:px-6 lg:px-8">…</nav>
          - unexpected value "hidden"


      50 |     // Test mobile view
      51 |     await page.setViewportSize({ width: 375, height: 667 });
    > 52 |     await expect(page.locator('nav')).toBeVisible();
         |                                       ^
      53 |     
      54 |     // Check if mobile menu works
      55 |     const mobileMenuButton = page.locator('button[aria-label*="menu"], button[aria-label*="Menu"]');
        at /Users/asithalakmal/Documents/web/final project/WeddingLK-next copy/tests/01-homepage.spec.ts:52:39

    attachment #1: screenshot (image/png) ──────────────────────────────────────────────────────────
    ../test-results/01-homepage-Homepage-Tests-should-have-responsive-design-chromium/test-failed-1.png
    ────────────────────────────────────────────────────────────────────────────────────────────────

    attachment #2: video (video/webm) ──────────────────────────────────────────────────────────────
    ../test-results/01-homepage-Homepage-Tests-should-have-responsive-design-chromium/video.webm
    ────────────────────────────────────────────────────────────────────────────────────────────────

    Error Context: ../test-results/01-homepage-Homepage-Tests-should-have-responsive-design-chromium/error-context.md
]]>
</failure>
<system-out>
<![CDATA[
[[ATTACHMENT|test-results/01-homepage-Homepage-Tests-should-have-responsive-design-chromium/test-failed-1.png]]

[[ATTACHMENT|test-results/01-homepage-Homepage-Tests-should-have-responsive-design-chromium/video.webm]]

[[ATTACHMENT|test-results/01-homepage-Homepage-Tests-should-have-responsive-design-chromium/error-context.md]]
]]>
</system-out>
</testcase>
<testcase name="Homepage Tests › should have working search functionality" classname="01-homepage.spec.ts" time="24.767">
</testcase>
<testcase name="Homepage Tests › should display featured content" classname="01-homepage.spec.ts" time="9.297">
</testcase>
<testcase name="Homepage Tests › should handle 404 pages gracefully" classname="01-homepage.spec.ts" time="3.849">
<failure message="01-homepage.spec.ts:95:7 should handle 404 pages gracefully" type="FAILURE">
<![CDATA[  [chromium] › 01-homepage.spec.ts:95:7 › Homepage Tests › should handle 404 pages gracefully ──────

    Error: expect(locator).toContainText(expected) failed

    Locator: locator('h1, h2')
    Expected pattern: /404|not found|page not found/i
    Error: strict mode violation: locator('h1, h2') resolved to 2 elements:
        1) <h1 class="next-error-h1">404</h1> aka getByRole('heading', { name: '404' })
        2) <h2>This page could not be found.</h2> aka getByRole('heading', { name: 'This page could not be found.' })

    Call log:
      - Expect "toContainText" with timeout 5000ms
      - waiting for locator('h1, h2')


       98 |     
       99 |     // Should show 404 page content
    > 100 |     await expect(page.locator('h1, h2')).toContainText(/404|not found|page not found/i);
          |                                          ^
      101 |   });
      102 | });
      103 |
        at /Users/asithalakmal/Documents/web/final project/WeddingLK-next copy/tests/01-homepage.spec.ts:100:42

    attachment #1: screenshot (image/png) ──────────────────────────────────────────────────────────
    ../test-results/01-homepage-Homepage-Tests-fd83a-handle-404-pages-gracefully-chromium/test-failed-1.png
    ────────────────────────────────────────────────────────────────────────────────────────────────

    attachment #2: video (video/webm) ──────────────────────────────────────────────────────────────
    ../test-results/01-homepage-Homepage-Tests-fd83a-handle-404-pages-gracefully-chromium/video.webm
    ────────────────────────────────────────────────────────────────────────────────────────────────

    Error Context: ../test-results/01-homepage-Homepage-Tests-fd83a-handle-404-pages-gracefully-chromium/error-context.md
]]>
</failure>
<system-out>
<![CDATA[
[[ATTACHMENT|test-results/01-homepage-Homepage-Tests-fd83a-handle-404-pages-gracefully-chromium/test-failed-1.png]]

[[ATTACHMENT|test-results/01-homepage-Homepage-Tests-fd83a-handle-404-pages-gracefully-chromium/video.webm]]

[[ATTACHMENT|test-results/01-homepage-Homepage-Tests-fd83a-handle-404-pages-gracefully-chromium/error-context.md]]
]]>
</system-out>
</testcase>
</testsuite>
<testsuite name="02-authentication.spec.ts" timestamp="2025-10-20T22:56:09.042Z" hostname="chromium" tests="8" failures="8" skipped="0" time="253.633" errors="0">
<testcase name="Authentication Flow Tests › should register new user successfully" classname="02-authentication.spec.ts" time="32.71">
<failure message="02-authentication.spec.ts:4:7 should register new user successfully" type="FAILURE">
<![CDATA[  [chromium] › 02-authentication.spec.ts:4:7 › Authentication Flow Tests › should register new user successfully 

    Test timeout of 30000ms exceeded.

    Error: page.fill: Test timeout of 30000ms exceeded.
    Call log:
      - waiting for locator('input[name="firstName"]')


       6 |     
       7 |     // Fill registration form
    >  8 |     await page.fill('input[name="firstName"]', 'Test');
         |                ^
       9 |     await page.fill('input[name="lastName"]', 'User');
      10 |     await page.fill('input[name="email"]', `test${Date.now()}@example.com`);
      11 |     await page.fill('input[name="password"]', 'TestPassword123!');
        at /Users/asithalakmal/Documents/web/final project/WeddingLK-next copy/tests/02-authentication.spec.ts:8:16

    attachment #1: screenshot (image/png) ──────────────────────────────────────────────────────────
    ../test-results/02-authentication-Authenti-dd3ae-ister-new-user-successfully-chromium/test-failed-1.png
    ────────────────────────────────────────────────────────────────────────────────────────────────

    attachment #2: video (video/webm) ──────────────────────────────────────────────────────────────
    ../test-results/02-authentication-Authenti-dd3ae-ister-new-user-successfully-chromium/video.webm
    ────────────────────────────────────────────────────────────────────────────────────────────────

    Error Context: ../test-results/02-authentication-Authenti-dd3ae-ister-new-user-successfully-chromium/error-context.md
]]>
</failure>
<system-out>
<![CDATA[
[[ATTACHMENT|test-results/02-authentication-Authenti-dd3ae-ister-new-user-successfully-chromium/test-failed-1.png]]

[[ATTACHMENT|test-results/02-authentication-Authenti-dd3ae-ister-new-user-successfully-chromium/video.webm]]

[[ATTACHMENT|test-results/02-authentication-Authenti-dd3ae-ister-new-user-successfully-chromium/error-context.md]]
]]>
</system-out>
</testcase>
<testcase name="Authentication Flow Tests › should register vendor successfully" classname="02-authentication.spec.ts" time="35.667">
<failure message="02-authentication.spec.ts:28:7 should register vendor successfully" type="FAILURE">
<![CDATA[  [chromium] › 02-authentication.spec.ts:28:7 › Authentication Flow Tests › should register vendor successfully 

    Test timeout of 30000ms exceeded.

    Error: page.fill: Test timeout of 30000ms exceeded.
    Call log:
      - waiting for locator('input[name="firstName"]')


      30 |     
      31 |     // Fill basic info
    > 32 |     await page.fill('input[name="firstName"]', 'Test');
         |                ^
      33 |     await page.fill('input[name="lastName"]', 'Vendor');
      34 |     await page.fill('input[name="email"]', `vendor${Date.now()}@example.com`);
      35 |     await page.fill('input[name="password"]', 'TestPassword123!');
        at /Users/asithalakmal/Documents/web/final project/WeddingLK-next copy/tests/02-authentication.spec.ts:32:16

    attachment #1: screenshot (image/png) ──────────────────────────────────────────────────────────
    ../test-results/02-authentication-Authenti-ab94d-egister-vendor-successfully-chromium/test-failed-1.png
    ────────────────────────────────────────────────────────────────────────────────────────────────

    attachment #2: video (video/webm) ──────────────────────────────────────────────────────────────
    ../test-results/02-authentication-Authenti-ab94d-egister-vendor-successfully-chromium/video.webm
    ────────────────────────────────────────────────────────────────────────────────────────────────

    Error Context: ../test-results/02-authentication-Authenti-ab94d-egister-vendor-successfully-chromium/error-context.md
]]>
</failure>
<system-out>
<![CDATA[
[[ATTACHMENT|test-results/02-authentication-Authenti-ab94d-egister-vendor-successfully-chromium/test-failed-1.png]]

[[ATTACHMENT|test-results/02-authentication-Authenti-ab94d-egister-vendor-successfully-chromium/video.webm]]

[[ATTACHMENT|test-results/02-authentication-Authenti-ab94d-egister-vendor-successfully-chromium/error-context.md]]
]]>
</system-out>
</testcase>
<testcase name="Authentication Flow Tests › should login with valid credentials" classname="02-authentication.spec.ts" time="35.187">
<failure message="02-authentication.spec.ts:52:7 should login with valid credentials" type="FAILURE">
<![CDATA[  [chromium] › 02-authentication.spec.ts:52:7 › Authentication Flow Tests › should login with valid credentials 

    Test timeout of 30000ms exceeded.

    Error: page.fill: Test timeout of 30000ms exceeded.
    Call log:
      - waiting for locator('input[name="email"]')


      54 |     
      55 |     // Fill login form
    > 56 |     await page.fill('input[name="email"]', 'test@example.com');
         |                ^
      57 |     await page.fill('input[name="password"]', 'TestPassword123!');
      58 |     
      59 |     // Submit form
        at /Users/asithalakmal/Documents/web/final project/WeddingLK-next copy/tests/02-authentication.spec.ts:56:16

    attachment #1: screenshot (image/png) ──────────────────────────────────────────────────────────
    ../test-results/02-authentication-Authenti-38b99-ogin-with-valid-credentials-chromium/test-failed-1.png
    ────────────────────────────────────────────────────────────────────────────────────────────────

    attachment #2: video (video/webm) ──────────────────────────────────────────────────────────────
    ../test-results/02-authentication-Authenti-38b99-ogin-with-valid-credentials-chromium/video.webm
    ────────────────────────────────────────────────────────────────────────────────────────────────

    Error Context: ../test-results/02-authentication-Authenti-38b99-ogin-with-valid-credentials-chromium/error-context.md
]]>
</failure>
<system-out>
<![CDATA[
[[ATTACHMENT|test-results/02-authentication-Authenti-38b99-ogin-with-valid-credentials-chromium/test-failed-1.png]]

[[ATTACHMENT|test-results/02-authentication-Authenti-38b99-ogin-with-valid-credentials-chromium/video.webm]]

[[ATTACHMENT|test-results/02-authentication-Authenti-38b99-ogin-with-valid-credentials-chromium/error-context.md]]
]]>
</system-out>
</testcase>
<testcase name="Authentication Flow Tests › should show error for invalid credentials" classname="02-authentication.spec.ts" time="41.31">
<failure message="02-authentication.spec.ts:66:7 should show error for invalid credentials" type="FAILURE">
<![CDATA[  [chromium] › 02-authentication.spec.ts:66:7 › Authentication Flow Tests › should show error for invalid credentials 

    Test timeout of 30000ms exceeded.

    Error: page.fill: Test timeout of 30000ms exceeded.
    Call log:
      - waiting for locator('input[name="email"]')


      68 |     
      69 |     // Fill with invalid credentials
    > 70 |     await page.fill('input[name="email"]', 'invalid@example.com');
         |                ^
      71 |     await page.fill('input[name="password"]', 'wrongpassword');
      72 |     
      73 |     // Submit form
        at /Users/asithalakmal/Documents/web/final project/WeddingLK-next copy/tests/02-authentication.spec.ts:70:16

    attachment #1: screenshot (image/png) ──────────────────────────────────────────────────────────
    ../test-results/02-authentication-Authenti-dd3ab-ror-for-invalid-credentials-chromium/test-failed-1.png
    ────────────────────────────────────────────────────────────────────────────────────────────────

    attachment #2: video (video/webm) ──────────────────────────────────────────────────────────────
    ../test-results/02-authentication-Authenti-dd3ab-ror-for-invalid-credentials-chromium/video.webm
    ────────────────────────────────────────────────────────────────────────────────────────────────

    Error Context: ../test-results/02-authentication-Authenti-dd3ab-ror-for-invalid-credentials-chromium/error-context.md
]]>
</failure>
<system-out>
<![CDATA[
[[ATTACHMENT|test-results/02-authentication-Authenti-dd3ab-ror-for-invalid-credentials-chromium/test-failed-1.png]]

[[ATTACHMENT|test-results/02-authentication-Authenti-dd3ab-ror-for-invalid-credentials-chromium/video.webm]]

[[ATTACHMENT|test-results/02-authentication-Authenti-dd3ab-ror-for-invalid-credentials-chromium/error-context.md]]
]]>
</system-out>
</testcase>
<testcase name="Authentication Flow Tests › should handle password reset flow" classname="02-authentication.spec.ts" time="34.955">
<failure message="02-authentication.spec.ts:80:7 should handle password reset flow" type="FAILURE">
<![CDATA[  [chromium] › 02-authentication.spec.ts:80:7 › Authentication Flow Tests › should handle password reset flow 

    Test timeout of 30000ms exceeded.

    Error: page.fill: Test timeout of 30000ms exceeded.
    Call log:
      - waiting for locator('input[name="email"]')


      82 |     
      83 |     // Fill email
    > 84 |     await page.fill('input[name="email"]', 'test@example.com');
         |                ^
      85 |     
      86 |     // Submit form
      87 |     await page.click('button[type="submit"]');
        at /Users/asithalakmal/Documents/web/final project/WeddingLK-next copy/tests/02-authentication.spec.ts:84:16

    attachment #1: screenshot (image/png) ──────────────────────────────────────────────────────────
    ../test-results/02-authentication-Authenti-83767--handle-password-reset-flow-chromium/test-failed-1.png
    ────────────────────────────────────────────────────────────────────────────────────────────────

    attachment #2: video (video/webm) ──────────────────────────────────────────────────────────────
    ../test-results/02-authentication-Authenti-83767--handle-password-reset-flow-chromium/video.webm
    ────────────────────────────────────────────────────────────────────────────────────────────────

    Error Context: ../test-results/02-authentication-Authenti-83767--handle-password-reset-flow-chromium/error-context.md
]]>
</failure>
<system-out>
<![CDATA[
[[ATTACHMENT|test-results/02-authentication-Authenti-83767--handle-password-reset-flow-chromium/test-failed-1.png]]

[[ATTACHMENT|test-results/02-authentication-Authenti-83767--handle-password-reset-flow-chromium/video.webm]]

[[ATTACHMENT|test-results/02-authentication-Authenti-83767--handle-password-reset-flow-chromium/error-context.md]]
]]>
</system-out>
</testcase>
<testcase name="Authentication Flow Tests › should logout successfully" classname="02-authentication.spec.ts" time="39.163">
<failure message="02-authentication.spec.ts:93:7 should logout successfully" type="FAILURE">
<![CDATA[  [chromium] › 02-authentication.spec.ts:93:7 › Authentication Flow Tests › should logout successfully 

    Test timeout of 30000ms exceeded.

    Error: page.fill: Test timeout of 30000ms exceeded.
    Call log:
      - waiting for locator('input[name="email"]')


      94 |     // First login
      95 |     await page.goto('/login');
    > 96 |     await page.fill('input[name="email"]', 'test@example.com');
         |                ^
      97 |     await page.fill('input[name="password"]', 'TestPassword123!');
      98 |     await page.click('button[type="submit"]');
      99 |     
        at /Users/asithalakmal/Documents/web/final project/WeddingLK-next copy/tests/02-authentication.spec.ts:96:16

    attachment #1: screenshot (image/png) ──────────────────────────────────────────────────────────
    ../test-results/02-authentication-Authenti-36d7a--should-logout-successfully-chromium/test-failed-1.png
    ────────────────────────────────────────────────────────────────────────────────────────────────

    attachment #2: video (video/webm) ──────────────────────────────────────────────────────────────
    ../test-results/02-authentication-Authenti-36d7a--should-logout-successfully-chromium/video.webm
    ────────────────────────────────────────────────────────────────────────────────────────────────

    Error Context: ../test-results/02-authentication-Authenti-36d7a--should-logout-successfully-chromium/error-context.md
]]>
</failure>
<system-out>
<![CDATA[
[[ATTACHMENT|test-results/02-authentication-Authenti-36d7a--should-logout-successfully-chromium/test-failed-1.png]]

[[ATTACHMENT|test-results/02-authentication-Authenti-36d7a--should-logout-successfully-chromium/video.webm]]

[[ATTACHMENT|test-results/02-authentication-Authenti-36d7a--should-logout-successfully-chromium/error-context.md]]
]]>
</system-out>
</testcase>
<testcase name="Authentication Flow Tests › should protect authenticated routes" classname="02-authentication.spec.ts" time="17.185">
<failure message="02-authentication.spec.ts:111:7 should protect authenticated routes" type="FAILURE">
<![CDATA[  [chromium] › 02-authentication.spec.ts:111:7 › Authentication Flow Tests › should protect authenticated routes 

    Error: expect(page).toHaveURL(expected) failed

    Expected pattern: /login/
    Received string:  "https://wedding-lk.vercel.app/dashboard/user"
    Timeout: 5000ms

    Call log:
      - Expect "toHaveURL" with timeout 5000ms
        4 × unexpected value "https://wedding-lk.vercel.app/dashboard"
        2 × unexpected value "https://wedding-lk.vercel.app/dashboard/redirect"
        2 × unexpected value "https://wedding-lk.vercel.app/dashboard/user"


      114 |     
      115 |     // Should redirect to login
    > 116 |     await expect(page).toHaveURL(/login/);
          |                        ^
      117 |   });
      118 |
      119 |   test('should handle role-based redirects', async ({ page }) => {
        at /Users/asithalakmal/Documents/web/final project/WeddingLK-next copy/tests/02-authentication.spec.ts:116:24

    attachment #1: screenshot (image/png) ──────────────────────────────────────────────────────────
    ../test-results/02-authentication-Authenti-e5d88-rotect-authenticated-routes-chromium/test-failed-1.png
    ────────────────────────────────────────────────────────────────────────────────────────────────

    attachment #2: video (video/webm) ──────────────────────────────────────────────────────────────
    ../test-results/02-authentication-Authenti-e5d88-rotect-authenticated-routes-chromium/video.webm
    ────────────────────────────────────────────────────────────────────────────────────────────────

    Error Context: ../test-results/02-authentication-Authenti-e5d88-rotect-authenticated-routes-chromium/error-context.md
]]>
</failure>
<system-out>
<![CDATA[
[[ATTACHMENT|test-results/02-authentication-Authenti-e5d88-rotect-authenticated-routes-chromium/test-failed-1.png]]

[[ATTACHMENT|test-results/02-authentication-Authenti-e5d88-rotect-authenticated-routes-chromium/video.webm]]

[[ATTACHMENT|test-results/02-authentication-Authenti-e5d88-rotect-authenticated-routes-chromium/error-context.md]]
]]>
</system-out>
</testcase>
<testcase name="Authentication Flow Tests › should handle role-based redirects" classname="02-authentication.spec.ts" time="17.456">
<failure message="02-authentication.spec.ts:119:7 should handle role-based redirects" type="FAILURE">
<![CDATA[  [chromium] › 02-authentication.spec.ts:119:7 › Authentication Flow Tests › should handle role-based redirects 

    Error: expect(page).toHaveURL(expected) failed

    Expected pattern: /login|dashboard/
    Received string:  "https://wedding-lk.vercel.app/auth/signin?role=user"
    Timeout: 5000ms

    Call log:
      - Expect "toHaveURL" with timeout 5000ms
        7 × unexpected value "https://wedding-lk.vercel.app/auth/signin?role=user"


      125 |       
      126 |       // Should show appropriate login form or redirect
    > 127 |       await expect(page).toHaveURL(/login|dashboard/);
          |                          ^
      128 |     }
      129 |   });
      130 | });
        at /Users/asithalakmal/Documents/web/final project/WeddingLK-next copy/tests/02-authentication.spec.ts:127:26

    attachment #1: screenshot (image/png) ──────────────────────────────────────────────────────────
    ../test-results/02-authentication-Authenti-a42ea-handle-role-based-redirects-chromium/test-failed-1.png
    ────────────────────────────────────────────────────────────────────────────────────────────────

    attachment #2: video (video/webm) ──────────────────────────────────────────────────────────────
    ../test-results/02-authentication-Authenti-a42ea-handle-role-based-redirects-chromium/video.webm
    ────────────────────────────────────────────────────────────────────────────────────────────────

    Error Context: ../test-results/02-authentication-Authenti-a42ea-handle-role-based-redirects-chromium/error-context.md
]]>
</failure>
<system-out>
<![CDATA[
[[ATTACHMENT|test-results/02-authentication-Authenti-a42ea-handle-role-based-redirects-chromium/test-failed-1.png]]

[[ATTACHMENT|test-results/02-authentication-Authenti-a42ea-handle-role-based-redirects-chromium/video.webm]]

[[ATTACHMENT|test-results/02-authentication-Authenti-a42ea-handle-role-based-redirects-chromium/error-context.md]]
]]>
</system-out>
</testcase>
</testsuite>
<testsuite name="03-dashboard.spec.ts" timestamp="2025-10-20T22:56:09.042Z" hostname="chromium" tests="6" failures="6" skipped="0" time="204.747" errors="0">
<testcase name="Dashboard Tests › should load user dashboard" classname="03-dashboard.spec.ts" time="33.366">
<failure message="03-dashboard.spec.ts:13:7 should load user dashboard" type="FAILURE">
<![CDATA[  [chromium] › 03-dashboard.spec.ts:13:7 › Dashboard Tests › should load user dashboard ────────────

    Test timeout of 30000ms exceeded while running "beforeEach" hook.

      2 |
      3 | test.describe('Dashboard Tests', () => {
    > 4 |   test.beforeEach(async ({ page }) => {
        |        ^
      5 |     // Login before each test
      6 |     await page.goto('/login');
      7 |     await page.fill('input[name="email"]', 'test@example.com');
        at /Users/asithalakmal/Documents/web/final project/WeddingLK-next copy/tests/03-dashboard.spec.ts:4:8

    Error: page.fill: Test timeout of 30000ms exceeded.
    Call log:
      - waiting for locator('input[name="email"]')


       5 |     // Login before each test
       6 |     await page.goto('/login');
    >  7 |     await page.fill('input[name="email"]', 'test@example.com');
         |                ^
       8 |     await page.fill('input[name="password"]', 'TestPassword123!');
       9 |     await page.click('button[type="submit"]');
      10 |     await expect(page).toHaveURL(/dashboard/);
        at /Users/asithalakmal/Documents/web/final project/WeddingLK-next copy/tests/03-dashboard.spec.ts:7:16

    attachment #1: screenshot (image/png) ──────────────────────────────────────────────────────────
    ../test-results/03-dashboard-Dashboard-Tests-should-load-user-dashboard-chromium/test-failed-1.png
    ────────────────────────────────────────────────────────────────────────────────────────────────

    attachment #2: video (video/webm) ──────────────────────────────────────────────────────────────
    ../test-results/03-dashboard-Dashboard-Tests-should-load-user-dashboard-chromium/video.webm
    ────────────────────────────────────────────────────────────────────────────────────────────────

    Error Context: ../test-results/03-dashboard-Dashboard-Tests-should-load-user-dashboard-chromium/error-context.md
]]>
</failure>
<system-out>
<![CDATA[
[[ATTACHMENT|test-results/03-dashboard-Dashboard-Tests-should-load-user-dashboard-chromium/test-failed-1.png]]

[[ATTACHMENT|test-results/03-dashboard-Dashboard-Tests-should-load-user-dashboard-chromium/video.webm]]

[[ATTACHMENT|test-results/03-dashboard-Dashboard-Tests-should-load-user-dashboard-chromium/error-context.md]]
]]>
</system-out>
</testcase>
<testcase name="Dashboard Tests › should load vendor dashboard" classname="03-dashboard.spec.ts" time="33.623">
<failure message="03-dashboard.spec.ts:35:7 should load vendor dashboard" type="FAILURE">
<![CDATA[  [chromium] › 03-dashboard.spec.ts:35:7 › Dashboard Tests › should load vendor dashboard ──────────

    Test timeout of 30000ms exceeded while running "beforeEach" hook.

      2 |
      3 | test.describe('Dashboard Tests', () => {
    > 4 |   test.beforeEach(async ({ page }) => {
        |        ^
      5 |     // Login before each test
      6 |     await page.goto('/login');
      7 |     await page.fill('input[name="email"]', 'test@example.com');
        at /Users/asithalakmal/Documents/web/final project/WeddingLK-next copy/tests/03-dashboard.spec.ts:4:8

    Error: page.fill: Test timeout of 30000ms exceeded.
    Call log:
      - waiting for locator('input[name="email"]')


       5 |     // Login before each test
       6 |     await page.goto('/login');
    >  7 |     await page.fill('input[name="email"]', 'test@example.com');
         |                ^
       8 |     await page.fill('input[name="password"]', 'TestPassword123!');
       9 |     await page.click('button[type="submit"]');
      10 |     await expect(page).toHaveURL(/dashboard/);
        at /Users/asithalakmal/Documents/web/final project/WeddingLK-next copy/tests/03-dashboard.spec.ts:7:16

    attachment #1: screenshot (image/png) ──────────────────────────────────────────────────────────
    ../test-results/03-dashboard-Dashboard-Tests-should-load-vendor-dashboard-chromium/test-failed-1.png
    ────────────────────────────────────────────────────────────────────────────────────────────────

    attachment #2: video (video/webm) ──────────────────────────────────────────────────────────────
    ../test-results/03-dashboard-Dashboard-Tests-should-load-vendor-dashboard-chromium/video.webm
    ────────────────────────────────────────────────────────────────────────────────────────────────

    Error Context: ../test-results/03-dashboard-Dashboard-Tests-should-load-vendor-dashboard-chromium/error-context.md
]]>
</failure>
<system-out>
<![CDATA[
[[ATTACHMENT|test-results/03-dashboard-Dashboard-Tests-should-load-vendor-dashboard-chromium/test-failed-1.png]]

[[ATTACHMENT|test-results/03-dashboard-Dashboard-Tests-should-load-vendor-dashboard-chromium/video.webm]]

[[ATTACHMENT|test-results/03-dashboard-Dashboard-Tests-should-load-vendor-dashboard-chromium/error-context.md]]
]]>
</system-out>
</testcase>
<testcase name="Dashboard Tests › should load admin dashboard" classname="03-dashboard.spec.ts" time="35.957">
<failure message="03-dashboard.spec.ts:57:7 should load admin dashboard" type="FAILURE">
<![CDATA[  [chromium] › 03-dashboard.spec.ts:57:7 › Dashboard Tests › should load admin dashboard ───────────

    Test timeout of 30000ms exceeded while running "beforeEach" hook.

      2 |
      3 | test.describe('Dashboard Tests', () => {
    > 4 |   test.beforeEach(async ({ page }) => {
        |        ^
      5 |     // Login before each test
      6 |     await page.goto('/login');
      7 |     await page.fill('input[name="email"]', 'test@example.com');
        at /Users/asithalakmal/Documents/web/final project/WeddingLK-next copy/tests/03-dashboard.spec.ts:4:8

    Error: page.fill: Test timeout of 30000ms exceeded.
    Call log:
      - waiting for locator('input[name="email"]')


       5 |     // Login before each test
       6 |     await page.goto('/login');
    >  7 |     await page.fill('input[name="email"]', 'test@example.com');
         |                ^
       8 |     await page.fill('input[name="password"]', 'TestPassword123!');
       9 |     await page.click('button[type="submit"]');
      10 |     await expect(page).toHaveURL(/dashboard/);
        at /Users/asithalakmal/Documents/web/final project/WeddingLK-next copy/tests/03-dashboard.spec.ts:7:16

    attachment #1: screenshot (image/png) ──────────────────────────────────────────────────────────
    ../test-results/03-dashboard-Dashboard-Tests-should-load-admin-dashboard-chromium/test-failed-1.png
    ────────────────────────────────────────────────────────────────────────────────────────────────

    attachment #2: video (video/webm) ──────────────────────────────────────────────────────────────
    ../test-results/03-dashboard-Dashboard-Tests-should-load-admin-dashboard-chromium/video.webm
    ────────────────────────────────────────────────────────────────────────────────────────────────

    Error Context: ../test-results/03-dashboard-Dashboard-Tests-should-load-admin-dashboard-chromium/error-context.md
]]>
</failure>
<system-out>
<![CDATA[
[[ATTACHMENT|test-results/03-dashboard-Dashboard-Tests-should-load-admin-dashboard-chromium/test-failed-1.png]]

[[ATTACHMENT|test-results/03-dashboard-Dashboard-Tests-should-load-admin-dashboard-chromium/video.webm]]

[[ATTACHMENT|test-results/03-dashboard-Dashboard-Tests-should-load-admin-dashboard-chromium/error-context.md]]
]]>
</system-out>
</testcase>
<testcase name="Dashboard Tests › should navigate between dashboard sections" classname="03-dashboard.spec.ts" time="33.552">
<failure message="03-dashboard.spec.ts:79:7 should navigate between dashboard sections" type="FAILURE">
<![CDATA[  [chromium] › 03-dashboard.spec.ts:79:7 › Dashboard Tests › should navigate between dashboard sections 

    Test timeout of 30000ms exceeded while running "beforeEach" hook.

      2 |
      3 | test.describe('Dashboard Tests', () => {
    > 4 |   test.beforeEach(async ({ page }) => {
        |        ^
      5 |     // Login before each test
      6 |     await page.goto('/login');
      7 |     await page.fill('input[name="email"]', 'test@example.com');
        at /Users/asithalakmal/Documents/web/final project/WeddingLK-next copy/tests/03-dashboard.spec.ts:4:8

    Error: page.fill: Test timeout of 30000ms exceeded.
    Call log:
      - waiting for locator('input[name="email"]')


       5 |     // Login before each test
       6 |     await page.goto('/login');
    >  7 |     await page.fill('input[name="email"]', 'test@example.com');
         |                ^
       8 |     await page.fill('input[name="password"]', 'TestPassword123!');
       9 |     await page.click('button[type="submit"]');
      10 |     await expect(page).toHaveURL(/dashboard/);
        at /Users/asithalakmal/Documents/web/final project/WeddingLK-next copy/tests/03-dashboard.spec.ts:7:16

    attachment #1: screenshot (image/png) ──────────────────────────────────────────────────────────
    ../test-results/03-dashboard-Dashboard-Tes-1bbe3--between-dashboard-sections-chromium/test-failed-1.png
    ────────────────────────────────────────────────────────────────────────────────────────────────

    attachment #2: video (video/webm) ──────────────────────────────────────────────────────────────
    ../test-results/03-dashboard-Dashboard-Tes-1bbe3--between-dashboard-sections-chromium/video.webm
    ────────────────────────────────────────────────────────────────────────────────────────────────

    Error Context: ../test-results/03-dashboard-Dashboard-Tes-1bbe3--between-dashboard-sections-chromium/error-context.md
]]>
</failure>
<system-out>
<![CDATA[
[[ATTACHMENT|test-results/03-dashboard-Dashboard-Tes-1bbe3--between-dashboard-sections-chromium/test-failed-1.png]]

[[ATTACHMENT|test-results/03-dashboard-Dashboard-Tes-1bbe3--between-dashboard-sections-chromium/video.webm]]

[[ATTACHMENT|test-results/03-dashboard-Dashboard-Tes-1bbe3--between-dashboard-sections-chromium/error-context.md]]
]]>
</system-out>
</testcase>
<testcase name="Dashboard Tests › should display user statistics" classname="03-dashboard.spec.ts" time="33.469">
<failure message="03-dashboard.spec.ts:100:7 should display user statistics" type="FAILURE">
<![CDATA[  [chromium] › 03-dashboard.spec.ts:100:7 › Dashboard Tests › should display user statistics ───────

    Test timeout of 30000ms exceeded while running "beforeEach" hook.

      2 |
      3 | test.describe('Dashboard Tests', () => {
    > 4 |   test.beforeEach(async ({ page }) => {
        |        ^
      5 |     // Login before each test
      6 |     await page.goto('/login');
      7 |     await page.fill('input[name="email"]', 'test@example.com');
        at /Users/asithalakmal/Documents/web/final project/WeddingLK-next copy/tests/03-dashboard.spec.ts:4:8

    Error: page.fill: Test timeout of 30000ms exceeded.
    Call log:
      - waiting for locator('input[name="email"]')


       5 |     // Login before each test
       6 |     await page.goto('/login');
    >  7 |     await page.fill('input[name="email"]', 'test@example.com');
         |                ^
       8 |     await page.fill('input[name="password"]', 'TestPassword123!');
       9 |     await page.click('button[type="submit"]');
      10 |     await expect(page).toHaveURL(/dashboard/);
        at /Users/asithalakmal/Documents/web/final project/WeddingLK-next copy/tests/03-dashboard.spec.ts:7:16

    attachment #1: screenshot (image/png) ──────────────────────────────────────────────────────────
    ../test-results/03-dashboard-Dashboard-Tests-should-display-user-statistics-chromium/test-failed-1.png
    ────────────────────────────────────────────────────────────────────────────────────────────────

    attachment #2: video (video/webm) ──────────────────────────────────────────────────────────────
    ../test-results/03-dashboard-Dashboard-Tests-should-display-user-statistics-chromium/video.webm
    ────────────────────────────────────────────────────────────────────────────────────────────────

    Error Context: ../test-results/03-dashboard-Dashboard-Tests-should-display-user-statistics-chromium/error-context.md
]]>
</failure>
<system-out>
<![CDATA[
[[ATTACHMENT|test-results/03-dashboard-Dashboard-Tests-should-display-user-statistics-chromium/test-failed-1.png]]

[[ATTACHMENT|test-results/03-dashboard-Dashboard-Tests-should-display-user-statistics-chromium/video.webm]]

[[ATTACHMENT|test-results/03-dashboard-Dashboard-Tests-should-display-user-statistics-chromium/error-context.md]]
]]>
</system-out>
</testcase>
<testcase name="Dashboard Tests › should handle responsive dashboard layout" classname="03-dashboard.spec.ts" time="34.78">
<failure message="03-dashboard.spec.ts:110:7 should handle responsive dashboard layout" type="FAILURE">
<![CDATA[  [chromium] › 03-dashboard.spec.ts:110:7 › Dashboard Tests › should handle responsive dashboard layout 

    Test timeout of 30000ms exceeded while running "beforeEach" hook.

      2 |
      3 | test.describe('Dashboard Tests', () => {
    > 4 |   test.beforeEach(async ({ page }) => {
        |        ^
      5 |     // Login before each test
      6 |     await page.goto('/login');
      7 |     await page.fill('input[name="email"]', 'test@example.com');
        at /Users/asithalakmal/Documents/web/final project/WeddingLK-next copy/tests/03-dashboard.spec.ts:4:8

    Error: page.fill: Test timeout of 30000ms exceeded.
    Call log:
      - waiting for locator('input[name="email"]')


       5 |     // Login before each test
       6 |     await page.goto('/login');
    >  7 |     await page.fill('input[name="email"]', 'test@example.com');
         |                ^
       8 |     await page.fill('input[name="password"]', 'TestPassword123!');
       9 |     await page.click('button[type="submit"]');
      10 |     await expect(page).toHaveURL(/dashboard/);
        at /Users/asithalakmal/Documents/web/final project/WeddingLK-next copy/tests/03-dashboard.spec.ts:7:16

    attachment #1: screenshot (image/png) ──────────────────────────────────────────────────────────
    ../test-results/03-dashboard-Dashboard-Tes-c4e78-responsive-dashboard-layout-chromium/test-failed-1.png
    ────────────────────────────────────────────────────────────────────────────────────────────────

    attachment #2: video (video/webm) ──────────────────────────────────────────────────────────────
    ../test-results/03-dashboard-Dashboard-Tes-c4e78-responsive-dashboard-layout-chromium/video.webm
    ────────────────────────────────────────────────────────────────────────────────────────────────

    Error Context: ../test-results/03-dashboard-Dashboard-Tes-c4e78-responsive-dashboard-layout-chromium/error-context.md
]]>
</failure>
<system-out>
<![CDATA[
[[ATTACHMENT|test-results/03-dashboard-Dashboard-Tes-c4e78-responsive-dashboard-layout-chromium/test-failed-1.png]]

[[ATTACHMENT|test-results/03-dashboard-Dashboard-Tes-c4e78-responsive-dashboard-layout-chromium/video.webm]]

[[ATTACHMENT|test-results/03-dashboard-Dashboard-Tes-c4e78-responsive-dashboard-layout-chromium/error-context.md]]
]]>
</system-out>
</testcase>
</testsuite>
<testsuite name="04-venues.spec.ts" timestamp="2025-10-20T22:56:09.042Z" hostname="chromium" tests="10" failures="7" skipped="0" time="282.699" errors="0">
<testcase name="Venues CRUD Tests › should display venues list" classname="04-venues.spec.ts" time="12.228">
<failure message="04-venues.spec.ts:4:7 should display venues list" type="FAILURE">
<![CDATA[  [chromium] › 04-venues.spec.ts:4:7 › Venues CRUD Tests › should display venues list ──────────────

    Error: expect(page).toHaveTitle(expected) failed

    Expected pattern: /venues/i
    Received string:  "WeddingLK - Sri Lanka's Premier Wedding Planning Platform"
    Timeout: 5000ms

    Call log:
      - Expect "toHaveTitle" with timeout 5000ms
        8 × unexpected value "WeddingLK - Sri Lanka's Premier Wedding Planning Platform"


       6 |     
       7 |     // Check page loads
    >  8 |     await expect(page).toHaveTitle(/venues/i);
         |                        ^
       9 |     
      10 |     // Check for venue cards
      11 |     const venueCards = page.locator('[data-testid*="venue"], .venue-card, .card');
        at /Users/asithalakmal/Documents/web/final project/WeddingLK-next copy/tests/04-venues.spec.ts:8:24

    attachment #1: screenshot (image/png) ──────────────────────────────────────────────────────────
    ../test-results/04-venues-Venues-CRUD-Tests-should-display-venues-list-chromium/test-failed-1.png
    ────────────────────────────────────────────────────────────────────────────────────────────────

    attachment #2: video (video/webm) ──────────────────────────────────────────────────────────────
    ../test-results/04-venues-Venues-CRUD-Tests-should-display-venues-list-chromium/video.webm
    ────────────────────────────────────────────────────────────────────────────────────────────────

    Error Context: ../test-results/04-venues-Venues-CRUD-Tests-should-display-venues-list-chromium/error-context.md
]]>
</failure>
<system-out>
<![CDATA[
[[ATTACHMENT|test-results/04-venues-Venues-CRUD-Tests-should-display-venues-list-chromium/test-failed-1.png]]

[[ATTACHMENT|test-results/04-venues-Venues-CRUD-Tests-should-display-venues-list-chromium/video.webm]]

[[ATTACHMENT|test-results/04-venues-Venues-CRUD-Tests-should-display-venues-list-chromium/error-context.md]]
]]>
</system-out>
</testcase>
<testcase name="Venues CRUD Tests › should filter venues by location" classname="04-venues.spec.ts" time="13.959">
</testcase>
<testcase name="Venues CRUD Tests › should filter venues by capacity" classname="04-venues.spec.ts" time="16.578">
</testcase>
<testcase name="Venues CRUD Tests › should search venues" classname="04-venues.spec.ts" time="15.459">
</testcase>
<testcase name="Venues CRUD Tests › should view venue details" classname="04-venues.spec.ts" time="38.294">
<failure message="04-venues.spec.ts:67:7 should view venue details" type="FAILURE">
<![CDATA[  [chromium] › 04-venues.spec.ts:67:7 › Venues CRUD Tests › should view venue details ──────────────

    Test timeout of 30000ms exceeded.

    Error: locator.click: Test timeout of 30000ms exceeded.
    Call log:
      - waiting for locator('[data-testid*="venue"], .venue-card').first()


      70 |     // Click on first venue
      71 |     const firstVenue = page.locator('[data-testid*="venue"], .venue-card').first();
    > 72 |     await firstVenue.click();
         |                      ^
      73 |     
      74 |     // Should navigate to venue details
      75 |     await expect(page).toHaveURL(/venues\/[^/]+/);
        at /Users/asithalakmal/Documents/web/final project/WeddingLK-next copy/tests/04-venues.spec.ts:72:22

    attachment #1: screenshot (image/png) ──────────────────────────────────────────────────────────
    ../test-results/04-venues-Venues-CRUD-Tests-should-view-venue-details-chromium/test-failed-1.png
    ────────────────────────────────────────────────────────────────────────────────────────────────

    attachment #2: video (video/webm) ──────────────────────────────────────────────────────────────
    ../test-results/04-venues-Venues-CRUD-Tests-should-view-venue-details-chromium/video.webm
    ────────────────────────────────────────────────────────────────────────────────────────────────

    Error Context: ../test-results/04-venues-Venues-CRUD-Tests-should-view-venue-details-chromium/error-context.md
]]>
</failure>
<system-out>
<![CDATA[
[[ATTACHMENT|test-results/04-venues-Venues-CRUD-Tests-should-view-venue-details-chromium/test-failed-1.png]]

[[ATTACHMENT|test-results/04-venues-Venues-CRUD-Tests-should-view-venue-details-chromium/video.webm]]

[[ATTACHMENT|test-results/04-venues-Venues-CRUD-Tests-should-view-venue-details-chromium/error-context.md]]
]]>
</system-out>
</testcase>
<testcase name="Venues CRUD Tests › should book venue" classname="04-venues.spec.ts" time="43.976">
<failure message="04-venues.spec.ts:98:7 should book venue" type="FAILURE">
<![CDATA[  [chromium] › 04-venues.spec.ts:98:7 › Venues CRUD Tests › should book venue ──────────────────────

    Test timeout of 30000ms exceeded.

    Error: page.fill: Test timeout of 30000ms exceeded.
    Call log:
      - waiting for locator('input[name="email"]')


       99 |     // Login first
      100 |     await page.goto('/login');
    > 101 |     await page.fill('input[name="email"]', 'test@example.com');
          |                ^
      102 |     await page.fill('input[name="password"]', 'TestPassword123!');
      103 |     await page.click('button[type="submit"]');
      104 |     
        at /Users/asithalakmal/Documents/web/final project/WeddingLK-next copy/tests/04-venues.spec.ts:101:16

    attachment #1: screenshot (image/png) ──────────────────────────────────────────────────────────
    ../test-results/04-venues-Venues-CRUD-Tests-should-book-venue-chromium/test-failed-1.png
    ────────────────────────────────────────────────────────────────────────────────────────────────

    attachment #2: video (video/webm) ──────────────────────────────────────────────────────────────
    ../test-results/04-venues-Venues-CRUD-Tests-should-book-venue-chromium/video.webm
    ────────────────────────────────────────────────────────────────────────────────────────────────

    Error Context: ../test-results/04-venues-Venues-CRUD-Tests-should-book-venue-chromium/error-context.md
]]>
</failure>
<system-out>
<![CDATA[
[[ATTACHMENT|test-results/04-venues-Venues-CRUD-Tests-should-book-venue-chromium/test-failed-1.png]]

[[ATTACHMENT|test-results/04-venues-Venues-CRUD-Tests-should-book-venue-chromium/video.webm]]

[[ATTACHMENT|test-results/04-venues-Venues-CRUD-Tests-should-book-venue-chromium/error-context.md]]
]]>
</system-out>
</testcase>
<testcase name="Venues CRUD Tests › should add venue to favorites" classname="04-venues.spec.ts" time="32.069">
<failure message="04-venues.spec.ts:133:7 should add venue to favorites" type="FAILURE">
<![CDATA[  [chromium] › 04-venues.spec.ts:133:7 › Venues CRUD Tests › should add venue to favorites ─────────

    Test timeout of 30000ms exceeded.

    Error: page.fill: Test timeout of 30000ms exceeded.
    Call log:
      - waiting for locator('input[name="email"]')


      134 |     // Login first
      135 |     await page.goto('/login');
    > 136 |     await page.fill('input[name="email"]', 'test@example.com');
          |                ^
      137 |     await page.fill('input[name="password"]', 'TestPassword123!');
      138 |     await page.click('button[type="submit"]');
      139 |     
        at /Users/asithalakmal/Documents/web/final project/WeddingLK-next copy/tests/04-venues.spec.ts:136:16

    attachment #1: screenshot (image/png) ──────────────────────────────────────────────────────────
    ../test-results/04-venues-Venues-CRUD-Tests-should-add-venue-to-favorites-chromium/test-failed-1.png
    ────────────────────────────────────────────────────────────────────────────────────────────────

    attachment #2: video (video/webm) ──────────────────────────────────────────────────────────────
    ../test-results/04-venues-Venues-CRUD-Tests-should-add-venue-to-favorites-chromium/video.webm
    ────────────────────────────────────────────────────────────────────────────────────────────────

    Error Context: ../test-results/04-venues-Venues-CRUD-Tests-should-add-venue-to-favorites-chromium/error-context.md
]]>
</failure>
<system-out>
<![CDATA[
[[ATTACHMENT|test-results/04-venues-Venues-CRUD-Tests-should-add-venue-to-favorites-chromium/test-failed-1.png]]

[[ATTACHMENT|test-results/04-venues-Venues-CRUD-Tests-should-add-venue-to-favorites-chromium/video.webm]]

[[ATTACHMENT|test-results/04-venues-Venues-CRUD-Tests-should-add-venue-to-favorites-chromium/error-context.md]]
]]>
</system-out>
</testcase>
<testcase name="Venues CRUD Tests › should create new venue (vendor)" classname="04-venues.spec.ts" time="34.898">
<failure message="04-venues.spec.ts:157:7 should create new venue (vendor)" type="FAILURE">
<![CDATA[  [chromium] › 04-venues.spec.ts:157:7 › Venues CRUD Tests › should create new venue (vendor) ──────

    Test timeout of 30000ms exceeded.

    Error: page.fill: Test timeout of 30000ms exceeded.
    Call log:
      - waiting for locator('input[name="email"]')


      158 |     // Login as vendor
      159 |     await page.goto('/login');
    > 160 |     await page.fill('input[name="email"]', 'vendor@example.com');
          |                ^
      161 |     await page.fill('input[name="password"]', 'TestPassword123!');
      162 |     await page.click('button[type="submit"]');
      163 |     
        at /Users/asithalakmal/Documents/web/final project/WeddingLK-next copy/tests/04-venues.spec.ts:160:16

    attachment #1: screenshot (image/png) ──────────────────────────────────────────────────────────
    ../test-results/04-venues-Venues-CRUD-Tests-should-create-new-venue-vendor--chromium/test-failed-1.png
    ────────────────────────────────────────────────────────────────────────────────────────────────

    attachment #2: video (video/webm) ──────────────────────────────────────────────────────────────
    ../test-results/04-venues-Venues-CRUD-Tests-should-create-new-venue-vendor--chromium/video.webm
    ────────────────────────────────────────────────────────────────────────────────────────────────

    Error Context: ../test-results/04-venues-Venues-CRUD-Tests-should-create-new-venue-vendor--chromium/error-context.md
]]>
</failure>
<system-out>
<![CDATA[
[[ATTACHMENT|test-results/04-venues-Venues-CRUD-Tests-should-create-new-venue-vendor--chromium/test-failed-1.png]]

[[ATTACHMENT|test-results/04-venues-Venues-CRUD-Tests-should-create-new-venue-vendor--chromium/video.webm]]

[[ATTACHMENT|test-results/04-venues-Venues-CRUD-Tests-should-create-new-venue-vendor--chromium/error-context.md]]
]]>
</system-out>
</testcase>
<testcase name="Venues CRUD Tests › should edit venue (vendor)" classname="04-venues.spec.ts" time="35.479">
<failure message="04-venues.spec.ts:181:7 should edit venue (vendor)" type="FAILURE">
<![CDATA[  [chromium] › 04-venues.spec.ts:181:7 › Venues CRUD Tests › should edit venue (vendor) ────────────

    Test timeout of 30000ms exceeded.

    Error: page.fill: Test timeout of 30000ms exceeded.
    Call log:
      - waiting for locator('input[name="email"]')


      182 |     // Login as vendor
      183 |     await page.goto('/login');
    > 184 |     await page.fill('input[name="email"]', 'vendor@example.com');
          |                ^
      185 |     await page.fill('input[name="password"]', 'TestPassword123!');
      186 |     await page.click('button[type="submit"]');
      187 |     
        at /Users/asithalakmal/Documents/web/final project/WeddingLK-next copy/tests/04-venues.spec.ts:184:16

    attachment #1: screenshot (image/png) ──────────────────────────────────────────────────────────
    ../test-results/04-venues-Venues-CRUD-Tests-should-edit-venue-vendor--chromium/test-failed-1.png
    ────────────────────────────────────────────────────────────────────────────────────────────────

    attachment #2: video (video/webm) ──────────────────────────────────────────────────────────────
    ../test-results/04-venues-Venues-CRUD-Tests-should-edit-venue-vendor--chromium/video.webm
    ────────────────────────────────────────────────────────────────────────────────────────────────

    Error Context: ../test-results/04-venues-Venues-CRUD-Tests-should-edit-venue-vendor--chromium/error-context.md
]]>
</failure>
<system-out>
<![CDATA[
[[ATTACHMENT|test-results/04-venues-Venues-CRUD-Tests-should-edit-venue-vendor--chromium/test-failed-1.png]]

[[ATTACHMENT|test-results/04-venues-Venues-CRUD-Tests-should-edit-venue-vendor--chromium/video.webm]]

[[ATTACHMENT|test-results/04-venues-Venues-CRUD-Tests-should-edit-venue-vendor--chromium/error-context.md]]
]]>
</system-out>
</testcase>
<testcase name="Venues CRUD Tests › should delete venue (vendor)" classname="04-venues.spec.ts" time="39.759">
<failure message="04-venues.spec.ts:210:7 should delete venue (vendor)" type="FAILURE">
<![CDATA[  [chromium] › 04-venues.spec.ts:210:7 › Venues CRUD Tests › should delete venue (vendor) ──────────

    Test timeout of 30000ms exceeded.

    Error: page.fill: Test timeout of 30000ms exceeded.
    Call log:
      - waiting for locator('input[name="email"]')


      211 |     // Login as vendor
      212 |     await page.goto('/login');
    > 213 |     await page.fill('input[name="email"]', 'vendor@example.com');
          |                ^
      214 |     await page.fill('input[name="password"]', 'TestPassword123!');
      215 |     await page.click('button[type="submit"]');
      216 |     
        at /Users/asithalakmal/Documents/web/final project/WeddingLK-next copy/tests/04-venues.spec.ts:213:16

    attachment #1: screenshot (image/png) ──────────────────────────────────────────────────────────
    ../test-results/04-venues-Venues-CRUD-Tests-should-delete-venue-vendor--chromium/test-failed-1.png
    ────────────────────────────────────────────────────────────────────────────────────────────────

    attachment #2: video (video/webm) ──────────────────────────────────────────────────────────────
    ../test-results/04-venues-Venues-CRUD-Tests-should-delete-venue-vendor--chromium/video.webm
    ────────────────────────────────────────────────────────────────────────────────────────────────

    Error Context: ../test-results/04-venues-Venues-CRUD-Tests-should-delete-venue-vendor--chromium/error-context.md
]]>
</failure>
<system-out>
<![CDATA[
[[ATTACHMENT|test-results/04-venues-Venues-CRUD-Tests-should-delete-venue-vendor--chromium/test-failed-1.png]]

[[ATTACHMENT|test-results/04-venues-Venues-CRUD-Tests-should-delete-venue-vendor--chromium/video.webm]]

[[ATTACHMENT|test-results/04-venues-Venues-CRUD-Tests-should-delete-venue-vendor--chromium/error-context.md]]
]]>
</system-out>
</testcase>
</testsuite>
<testsuite name="05-vendors.spec.ts" timestamp="2025-10-20T22:56:09.042Z" hostname="chromium" tests="13" failures="10" skipped="0" time="382.777" errors="0">
<testcase name="Vendors CRUD Tests › should display vendors list" classname="05-vendors.spec.ts" time="12.19">
<failure message="05-vendors.spec.ts:4:7 should display vendors list" type="FAILURE">
<![CDATA[  [chromium] › 05-vendors.spec.ts:4:7 › Vendors CRUD Tests › should display vendors list ───────────

    Error: expect(page).toHaveTitle(expected) failed

    Expected pattern: /vendors/i
    Received string:  "WeddingLK - Sri Lanka's Premier Wedding Planning Platform"
    Timeout: 5000ms

    Call log:
      - Expect "toHaveTitle" with timeout 5000ms
        8 × unexpected value "WeddingLK - Sri Lanka's Premier Wedding Planning Platform"


       6 |     
       7 |     // Check page loads
    >  8 |     await expect(page).toHaveTitle(/vendors/i);
         |                        ^
       9 |     
      10 |     // Check for vendor cards
      11 |     const vendorCards = page.locator('[data-testid*="vendor"], .vendor-card, .card');
        at /Users/asithalakmal/Documents/web/final project/WeddingLK-next copy/tests/05-vendors.spec.ts:8:24

    attachment #1: screenshot (image/png) ──────────────────────────────────────────────────────────
    ../test-results/05-vendors-Vendors-CRUD-Tests-should-display-vendors-list-chromium/test-failed-1.png
    ────────────────────────────────────────────────────────────────────────────────────────────────

    attachment #2: video (video/webm) ──────────────────────────────────────────────────────────────
    ../test-results/05-vendors-Vendors-CRUD-Tests-should-display-vendors-list-chromium/video.webm
    ────────────────────────────────────────────────────────────────────────────────────────────────

    Error Context: ../test-results/05-vendors-Vendors-CRUD-Tests-should-display-vendors-list-chromium/error-context.md
]]>
</failure>
<system-out>
<![CDATA[
[[ATTACHMENT|test-results/05-vendors-Vendors-CRUD-Tests-should-display-vendors-list-chromium/test-failed-1.png]]

[[ATTACHMENT|test-results/05-vendors-Vendors-CRUD-Tests-should-display-vendors-list-chromium/video.webm]]

[[ATTACHMENT|test-results/05-vendors-Vendors-CRUD-Tests-should-display-vendors-list-chromium/error-context.md]]
]]>
</system-out>
</testcase>
<testcase name="Vendors CRUD Tests › should filter vendors by category" classname="05-vendors.spec.ts" time="12.872">
</testcase>
<testcase name="Vendors CRUD Tests › should filter vendors by location" classname="05-vendors.spec.ts" time="16.079">
</testcase>
<testcase name="Vendors CRUD Tests › should search vendors" classname="05-vendors.spec.ts" time="6.37">
</testcase>
<testcase name="Vendors CRUD Tests › should view vendor profile" classname="05-vendors.spec.ts" time="39.476">
<failure message="05-vendors.spec.ts:67:7 should view vendor profile" type="FAILURE">
<![CDATA[  [chromium] › 05-vendors.spec.ts:67:7 › Vendors CRUD Tests › should view vendor profile ───────────

    Test timeout of 30000ms exceeded.

    Error: locator.click: Test timeout of 30000ms exceeded.
    Call log:
      - waiting for locator('[data-testid*="vendor"], .vendor-card').first()


      70 |     // Click on first vendor
      71 |     const firstVendor = page.locator('[data-testid*="vendor"], .vendor-card').first();
    > 72 |     await firstVendor.click();
         |                       ^
      73 |     
      74 |     // Should navigate to vendor profile
      75 |     await expect(page).toHaveURL(/vendors\/[^/]+/);
        at /Users/asithalakmal/Documents/web/final project/WeddingLK-next copy/tests/05-vendors.spec.ts:72:23

    attachment #1: screenshot (image/png) ──────────────────────────────────────────────────────────
    ../test-results/05-vendors-Vendors-CRUD-Tests-should-view-vendor-profile-chromium/test-failed-1.png
    ────────────────────────────────────────────────────────────────────────────────────────────────

    attachment #2: video (video/webm) ──────────────────────────────────────────────────────────────
    ../test-results/05-vendors-Vendors-CRUD-Tests-should-view-vendor-profile-chromium/video.webm
    ────────────────────────────────────────────────────────────────────────────────────────────────

    Error Context: ../test-results/05-vendors-Vendors-CRUD-Tests-should-view-vendor-profile-chromium/error-context.md
]]>
</failure>
<system-out>
<![CDATA[
[[ATTACHMENT|test-results/05-vendors-Vendors-CRUD-Tests-should-view-vendor-profile-chromium/test-failed-1.png]]

[[ATTACHMENT|test-results/05-vendors-Vendors-CRUD-Tests-should-view-vendor-profile-chromium/video.webm]]

[[ATTACHMENT|test-results/05-vendors-Vendors-CRUD-Tests-should-view-vendor-profile-chromium/error-context.md]]
]]>
</system-out>
</testcase>
<testcase name="Vendors CRUD Tests › should book vendor service" classname="05-vendors.spec.ts" time="37.851">
<failure message="05-vendors.spec.ts:98:7 should book vendor service" type="FAILURE">
<![CDATA[  [chromium] › 05-vendors.spec.ts:98:7 › Vendors CRUD Tests › should book vendor service ───────────

    Test timeout of 30000ms exceeded.

    Error: page.fill: Test timeout of 30000ms exceeded.
    Call log:
      - waiting for locator('input[name="email"]')


       99 |     // Login first
      100 |     await page.goto('/login');
    > 101 |     await page.fill('input[name="email"]', 'test@example.com');
          |                ^
      102 |     await page.fill('input[name="password"]', 'TestPassword123!');
      103 |     await page.click('button[type="submit"]');
      104 |     
        at /Users/asithalakmal/Documents/web/final project/WeddingLK-next copy/tests/05-vendors.spec.ts:101:16

    attachment #1: screenshot (image/png) ──────────────────────────────────────────────────────────
    ../test-results/05-vendors-Vendors-CRUD-Tests-should-book-vendor-service-chromium/test-failed-1.png
    ────────────────────────────────────────────────────────────────────────────────────────────────

    attachment #2: video (video/webm) ──────────────────────────────────────────────────────────────
    ../test-results/05-vendors-Vendors-CRUD-Tests-should-book-vendor-service-chromium/video.webm
    ────────────────────────────────────────────────────────────────────────────────────────────────

    Error Context: ../test-results/05-vendors-Vendors-CRUD-Tests-should-book-vendor-service-chromium/error-context.md
]]>
</failure>
<system-out>
<![CDATA[
[[ATTACHMENT|test-results/05-vendors-Vendors-CRUD-Tests-should-book-vendor-service-chromium/test-failed-1.png]]

[[ATTACHMENT|test-results/05-vendors-Vendors-CRUD-Tests-should-book-vendor-service-chromium/video.webm]]

[[ATTACHMENT|test-results/05-vendors-Vendors-CRUD-Tests-should-book-vendor-service-chromium/error-context.md]]
]]>
</system-out>
</testcase>
<testcase name="Vendors CRUD Tests › should add vendor to favorites" classname="05-vendors.spec.ts" time="36.83">
<failure message="05-vendors.spec.ts:132:7 should add vendor to favorites" type="FAILURE">
<![CDATA[  [chromium] › 05-vendors.spec.ts:132:7 › Vendors CRUD Tests › should add vendor to favorites ──────

    Test timeout of 30000ms exceeded.

    Error: page.fill: Test timeout of 30000ms exceeded.
    Call log:
      - waiting for locator('input[name="email"]')


      133 |     // Login first
      134 |     await page.goto('/login');
    > 135 |     await page.fill('input[name="email"]', 'test@example.com');
          |                ^
      136 |     await page.fill('input[name="password"]', 'TestPassword123!');
      137 |     await page.click('button[type="submit"]');
      138 |     
        at /Users/asithalakmal/Documents/web/final project/WeddingLK-next copy/tests/05-vendors.spec.ts:135:16

    attachment #1: screenshot (image/png) ──────────────────────────────────────────────────────────
    ../test-results/05-vendors-Vendors-CRUD-Tests-should-add-vendor-to-favorites-chromium/test-failed-1.png
    ────────────────────────────────────────────────────────────────────────────────────────────────

    attachment #2: video (video/webm) ──────────────────────────────────────────────────────────────
    ../test-results/05-vendors-Vendors-CRUD-Tests-should-add-vendor-to-favorites-chromium/video.webm
    ────────────────────────────────────────────────────────────────────────────────────────────────

    Error Context: ../test-results/05-vendors-Vendors-CRUD-Tests-should-add-vendor-to-favorites-chromium/error-context.md
]]>
</failure>
<system-out>
<![CDATA[
[[ATTACHMENT|test-results/05-vendors-Vendors-CRUD-Tests-should-add-vendor-to-favorites-chromium/test-failed-1.png]]

[[ATTACHMENT|test-results/05-vendors-Vendors-CRUD-Tests-should-add-vendor-to-favorites-chromium/video.webm]]

[[ATTACHMENT|test-results/05-vendors-Vendors-CRUD-Tests-should-add-vendor-to-favorites-chromium/error-context.md]]
]]>
</system-out>
</testcase>
<testcase name="Vendors CRUD Tests › should create vendor profile" classname="05-vendors.spec.ts" time="36.499">
<failure message="05-vendors.spec.ts:156:7 should create vendor profile" type="FAILURE">
<![CDATA[  [chromium] › 05-vendors.spec.ts:156:7 › Vendors CRUD Tests › should create vendor profile ────────

    Test timeout of 30000ms exceeded.

    Error: page.fill: Test timeout of 30000ms exceeded.
    Call log:
      - waiting for locator('input[name="email"]')


      157 |     // Login as vendor
      158 |     await page.goto('/login');
    > 159 |     await page.fill('input[name="email"]', 'vendor@example.com');
          |                ^
      160 |     await page.fill('input[name="password"]', 'TestPassword123!');
      161 |     await page.click('button[type="submit"]');
      162 |     
        at /Users/asithalakmal/Documents/web/final project/WeddingLK-next copy/tests/05-vendors.spec.ts:159:16

    attachment #1: screenshot (image/png) ──────────────────────────────────────────────────────────
    ../test-results/05-vendors-Vendors-CRUD-Tests-should-create-vendor-profile-chromium/test-failed-1.png
    ────────────────────────────────────────────────────────────────────────────────────────────────

    attachment #2: video (video/webm) ──────────────────────────────────────────────────────────────
    ../test-results/05-vendors-Vendors-CRUD-Tests-should-create-vendor-profile-chromium/video.webm
    ────────────────────────────────────────────────────────────────────────────────────────────────

    Error Context: ../test-results/05-vendors-Vendors-CRUD-Tests-should-create-vendor-profile-chromium/error-context.md
]]>
</failure>
<system-out>
<![CDATA[
[[ATTACHMENT|test-results/05-vendors-Vendors-CRUD-Tests-should-create-vendor-profile-chromium/test-failed-1.png]]

[[ATTACHMENT|test-results/05-vendors-Vendors-CRUD-Tests-should-create-vendor-profile-chromium/video.webm]]

[[ATTACHMENT|test-results/05-vendors-Vendors-CRUD-Tests-should-create-vendor-profile-chromium/error-context.md]]
]]>
</system-out>
</testcase>
<testcase name="Vendors CRUD Tests › should edit vendor profile" classname="05-vendors.spec.ts" time="35.666">
<failure message="05-vendors.spec.ts:183:7 should edit vendor profile" type="FAILURE">
<![CDATA[  [chromium] › 05-vendors.spec.ts:183:7 › Vendors CRUD Tests › should edit vendor profile ──────────

    Test timeout of 30000ms exceeded.

    Error: page.fill: Test timeout of 30000ms exceeded.
    Call log:
      - waiting for locator('input[name="email"]')


      184 |     // Login as vendor
      185 |     await page.goto('/login');
    > 186 |     await page.fill('input[name="email"]', 'vendor@example.com');
          |                ^
      187 |     await page.fill('input[name="password"]', 'TestPassword123!');
      188 |     await page.click('button[type="submit"]');
      189 |     
        at /Users/asithalakmal/Documents/web/final project/WeddingLK-next copy/tests/05-vendors.spec.ts:186:16

    attachment #1: screenshot (image/png) ──────────────────────────────────────────────────────────
    ../test-results/05-vendors-Vendors-CRUD-Tests-should-edit-vendor-profile-chromium/test-failed-1.png
    ────────────────────────────────────────────────────────────────────────────────────────────────

    attachment #2: video (video/webm) ──────────────────────────────────────────────────────────────
    ../test-results/05-vendors-Vendors-CRUD-Tests-should-edit-vendor-profile-chromium/video.webm
    ────────────────────────────────────────────────────────────────────────────────────────────────

    Error Context: ../test-results/05-vendors-Vendors-CRUD-Tests-should-edit-vendor-profile-chromium/error-context.md
]]>
</failure>
<system-out>
<![CDATA[
[[ATTACHMENT|test-results/05-vendors-Vendors-CRUD-Tests-should-edit-vendor-profile-chromium/test-failed-1.png]]

[[ATTACHMENT|test-results/05-vendors-Vendors-CRUD-Tests-should-edit-vendor-profile-chromium/video.webm]]

[[ATTACHMENT|test-results/05-vendors-Vendors-CRUD-Tests-should-edit-vendor-profile-chromium/error-context.md]]
]]>
</system-out>
</testcase>
<testcase name="Vendors CRUD Tests › should manage vendor services" classname="05-vendors.spec.ts" time="37.732">
<failure message="05-vendors.spec.ts:204:7 should manage vendor services" type="FAILURE">
<![CDATA[  [chromium] › 05-vendors.spec.ts:204:7 › Vendors CRUD Tests › should manage vendor services ───────

    Test timeout of 30000ms exceeded.

    Error: page.fill: Test timeout of 30000ms exceeded.
    Call log:
      - waiting for locator('input[name="email"]')


      205 |     // Login as vendor
      206 |     await page.goto('/login');
    > 207 |     await page.fill('input[name="email"]', 'vendor@example.com');
          |                ^
      208 |     await page.fill('input[name="password"]', 'TestPassword123!');
      209 |     await page.click('button[type="submit"]');
      210 |     
        at /Users/asithalakmal/Documents/web/final project/WeddingLK-next copy/tests/05-vendors.spec.ts:207:16

    attachment #1: screenshot (image/png) ──────────────────────────────────────────────────────────
    ../test-results/05-vendors-Vendors-CRUD-Tests-should-manage-vendor-services-chromium/test-failed-1.png
    ────────────────────────────────────────────────────────────────────────────────────────────────

    attachment #2: video (video/webm) ──────────────────────────────────────────────────────────────
    ../test-results/05-vendors-Vendors-CRUD-Tests-should-manage-vendor-services-chromium/video.webm
    ────────────────────────────────────────────────────────────────────────────────────────────────

    Error Context: ../test-results/05-vendors-Vendors-CRUD-Tests-should-manage-vendor-services-chromium/error-context.md
]]>
</failure>
<system-out>
<![CDATA[
[[ATTACHMENT|test-results/05-vendors-Vendors-CRUD-Tests-should-manage-vendor-services-chromium/test-failed-1.png]]

[[ATTACHMENT|test-results/05-vendors-Vendors-CRUD-Tests-should-manage-vendor-services-chromium/video.webm]]

[[ATTACHMENT|test-results/05-vendors-Vendors-CRUD-Tests-should-manage-vendor-services-chromium/error-context.md]]
]]>
</system-out>
</testcase>
<testcase name="Vendors CRUD Tests › should manage vendor portfolio" classname="05-vendors.spec.ts" time="33.611">
<failure message="05-vendors.spec.ts:232:7 should manage vendor portfolio" type="FAILURE">
<![CDATA[  [chromium] › 05-vendors.spec.ts:232:7 › Vendors CRUD Tests › should manage vendor portfolio ──────

    Test timeout of 30000ms exceeded.

    Error: page.fill: Test timeout of 30000ms exceeded.
    Call log:
      - waiting for locator('input[name="email"]')


      233 |     // Login as vendor
      234 |     await page.goto('/login');
    > 235 |     await page.fill('input[name="email"]', 'vendor@example.com');
          |                ^
      236 |     await page.fill('input[name="password"]', 'TestPassword123!');
      237 |     await page.click('button[type="submit"]');
      238 |     
        at /Users/asithalakmal/Documents/web/final project/WeddingLK-next copy/tests/05-vendors.spec.ts:235:16

    attachment #1: screenshot (image/png) ──────────────────────────────────────────────────────────
    ../test-results/05-vendors-Vendors-CRUD-Tests-should-manage-vendor-portfolio-chromium/test-failed-1.png
    ────────────────────────────────────────────────────────────────────────────────────────────────

    attachment #2: video (video/webm) ──────────────────────────────────────────────────────────────
    ../test-results/05-vendors-Vendors-CRUD-Tests-should-manage-vendor-portfolio-chromium/video.webm
    ────────────────────────────────────────────────────────────────────────────────────────────────

    Error Context: ../test-results/05-vendors-Vendors-CRUD-Tests-should-manage-vendor-portfolio-chromium/error-context.md
]]>
</failure>
<system-out>
<![CDATA[
[[ATTACHMENT|test-results/05-vendors-Vendors-CRUD-Tests-should-manage-vendor-portfolio-chromium/test-failed-1.png]]

[[ATTACHMENT|test-results/05-vendors-Vendors-CRUD-Tests-should-manage-vendor-portfolio-chromium/video.webm]]

[[ATTACHMENT|test-results/05-vendors-Vendors-CRUD-Tests-should-manage-vendor-portfolio-chromium/error-context.md]]
]]>
</system-out>
</testcase>
<testcase name="Vendors CRUD Tests › should view vendor reviews" classname="05-vendors.spec.ts" time="43.682">
<failure message="05-vendors.spec.ts:253:7 should view vendor reviews" type="FAILURE">
<![CDATA[  [chromium] › 05-vendors.spec.ts:253:7 › Vendors CRUD Tests › should view vendor reviews ──────────

    Test timeout of 30000ms exceeded.

    Error: locator.click: Test timeout of 30000ms exceeded.
    Call log:
      - waiting for locator('[data-testid*="vendor"], .vendor-card').first()


      256 |     // Click on first vendor
      257 |     const firstVendor = page.locator('[data-testid*="vendor"], .vendor-card').first();
    > 258 |     await firstVendor.click();
          |                       ^
      259 |     
      260 |     // Look for reviews section
      261 |     const reviewsSection = page.locator('[data-testid*="reviews"], :has-text("reviews")');
        at /Users/asithalakmal/Documents/web/final project/WeddingLK-next copy/tests/05-vendors.spec.ts:258:23

    attachment #1: screenshot (image/png) ──────────────────────────────────────────────────────────
    ../test-results/05-vendors-Vendors-CRUD-Tests-should-view-vendor-reviews-chromium/test-failed-1.png
    ────────────────────────────────────────────────────────────────────────────────────────────────

    attachment #2: video (video/webm) ──────────────────────────────────────────────────────────────
    ../test-results/05-vendors-Vendors-CRUD-Tests-should-view-vendor-reviews-chromium/video.webm
    ────────────────────────────────────────────────────────────────────────────────────────────────

    Error Context: ../test-results/05-vendors-Vendors-CRUD-Tests-should-view-vendor-reviews-chromium/error-context.md
]]>
</failure>
<system-out>
<![CDATA[
[[ATTACHMENT|test-results/05-vendors-Vendors-CRUD-Tests-should-view-vendor-reviews-chromium/test-failed-1.png]]

[[ATTACHMENT|test-results/05-vendors-Vendors-CRUD-Tests-should-view-vendor-reviews-chromium/video.webm]]

[[ATTACHMENT|test-results/05-vendors-Vendors-CRUD-Tests-should-view-vendor-reviews-chromium/error-context.md]]
]]>
</system-out>
</testcase>
<testcase name="Vendors CRUD Tests › should write vendor review" classname="05-vendors.spec.ts" time="33.919">
<failure message="05-vendors.spec.ts:273:7 should write vendor review" type="FAILURE">
<![CDATA[  [chromium] › 05-vendors.spec.ts:273:7 › Vendors CRUD Tests › should write vendor review ──────────

    Test timeout of 30000ms exceeded.

    Error: page.fill: Test timeout of 30000ms exceeded.
    Call log:
      - waiting for locator('input[name="email"]')


      274 |     // Login first
      275 |     await page.goto('/login');
    > 276 |     await page.fill('input[name="email"]', 'test@example.com');
          |                ^
      277 |     await page.fill('input[name="password"]', 'TestPassword123!');
      278 |     await page.click('button[type="submit"]');
      279 |     
        at /Users/asithalakmal/Documents/web/final project/WeddingLK-next copy/tests/05-vendors.spec.ts:276:16

    attachment #1: screenshot (image/png) ──────────────────────────────────────────────────────────
    ../test-results/05-vendors-Vendors-CRUD-Tests-should-write-vendor-review-chromium/test-failed-1.png
    ────────────────────────────────────────────────────────────────────────────────────────────────

    attachment #2: video (video/webm) ──────────────────────────────────────────────────────────────
    ../test-results/05-vendors-Vendors-CRUD-Tests-should-write-vendor-review-chromium/video.webm
    ────────────────────────────────────────────────────────────────────────────────────────────────

    Error Context: ../test-results/05-vendors-Vendors-CRUD-Tests-should-write-vendor-review-chromium/error-context.md
]]>
</failure>
<system-out>
<![CDATA[
[[ATTACHMENT|test-results/05-vendors-Vendors-CRUD-Tests-should-write-vendor-review-chromium/test-failed-1.png]]

[[ATTACHMENT|test-results/05-vendors-Vendors-CRUD-Tests-should-write-vendor-review-chromium/video.webm]]

[[ATTACHMENT|test-results/05-vendors-Vendors-CRUD-Tests-should-write-vendor-review-chromium/error-context.md]]
]]>
</system-out>
</testcase>
</testsuite>
<testsuite name="06-booking.spec.ts" timestamp="2025-10-20T22:56:09.042Z" hostname="chromium" tests="12" failures="12" skipped="0" time="411.553" errors="0">
<testcase name="Booking System Tests › should create venue booking" classname="06-booking.spec.ts" time="33.451">
<failure message="06-booking.spec.ts:13:7 should create venue booking" type="FAILURE">
<![CDATA[  [chromium] › 06-booking.spec.ts:13:7 › Booking System Tests › should create venue booking ────────

    Test timeout of 30000ms exceeded while running "beforeEach" hook.

      2 |
      3 | test.describe('Booking System Tests', () => {
    > 4 |   test.beforeEach(async ({ page }) => {
        |        ^
      5 |     // Login before each test
      6 |     await page.goto('/login');
      7 |     await page.fill('input[name="email"]', 'test@example.com');
        at /Users/asithalakmal/Documents/web/final project/WeddingLK-next copy/tests/06-booking.spec.ts:4:8

    Error: page.fill: Test timeout of 30000ms exceeded.
    Call log:
      - waiting for locator('input[name="email"]')


       5 |     // Login before each test
       6 |     await page.goto('/login');
    >  7 |     await page.fill('input[name="email"]', 'test@example.com');
         |                ^
       8 |     await page.fill('input[name="password"]', 'TestPassword123!');
       9 |     await page.click('button[type="submit"]');
[...]
<failure message="09-admin.spec.ts:13:7 should access admin dashboard" type="FAILURE">
<![CDATA[  [Mobile Safari] › 09-admin.spec.ts:13:7 › Admin Panel Tests › should access admin dashboard ──────

    Error: browserContext.newPage: Protocol error (Emulation.setOrientationOverride): 'Emulation.setOrientationOverride' was not found
]]>
</failure>
</testcase>
<testcase name="Admin Panel Tests › should manage users" classname="09-admin.spec.ts" time="1.752">
<failure message="09-admin.spec.ts:36:7 should manage users" type="FAILURE">
<![CDATA[  [Mobile Safari] › 09-admin.spec.ts:36:7 › Admin Panel Tests › should manage users ────────────────

    Error: browserContext.newPage: Protocol error (Emulation.setOrientationOverride): 'Emulation.setOrientationOverride' was not found
]]>
</failure>
</testcase>
<testcase name="Admin Panel Tests › should ban/unban user" classname="09-admin.spec.ts" time="1.5">
<failure message="09-admin.spec.ts:66:7 should ban/unban user" type="FAILURE">
<![CDATA[  [Mobile Safari] › 09-admin.spec.ts:66:7 › Admin Panel Tests › should ban/unban user ──────────────

    Error: browserContext.newPage: Protocol error (Emulation.setOrientationOverride): 'Emulation.setOrientationOverride' was not found
]]>
</failure>
</testcase>
<testcase name="Admin Panel Tests › should manage vendors" classname="09-admin.spec.ts" time="1.587">
<failure message="09-admin.spec.ts:85:7 should manage vendors" type="FAILURE">
<![CDATA[  [Mobile Safari] › 09-admin.spec.ts:85:7 › Admin Panel Tests › should manage vendors ──────────────

    Error: browserContext.newPage: Protocol error (Emulation.setOrientationOverride): 'Emulation.setOrientationOverride' was not found
]]>
</failure>
</testcase>
<testcase name="Admin Panel Tests › should reject vendor application" classname="09-admin.spec.ts" time="1.828">
<failure message="09-admin.spec.ts:106:7 should reject vendor application" type="FAILURE">
<![CDATA[  [Mobile Safari] › 09-admin.spec.ts:106:7 › Admin Panel Tests › should reject vendor application ──

    Error: browserContext.newPage: Protocol error (Emulation.setOrientationOverride): 'Emulation.setOrientationOverride' was not found
]]>
</failure>
</testcase>
<testcase name="Admin Panel Tests › should manage bookings" classname="09-admin.spec.ts" time="1.706">
<failure message="09-admin.spec.ts:125:7 should manage bookings" type="FAILURE">
<![CDATA[  [Mobile Safari] › 09-admin.spec.ts:125:7 › Admin Panel Tests › should manage bookings ────────────

    Error: browserContext.newPage: Protocol error (Emulation.setOrientationOverride): 'Emulation.setOrientationOverride' was not found
]]>
</failure>
</testcase>
<testcase name="Admin Panel Tests › should cancel booking" classname="09-admin.spec.ts" time="1.772">
<failure message="09-admin.spec.ts:146:7 should cancel booking" type="FAILURE">
<![CDATA[  [Mobile Safari] › 09-admin.spec.ts:146:7 › Admin Panel Tests › should cancel booking ─────────────

    Error: browserContext.newPage: Protocol error (Emulation.setOrientationOverride): 'Emulation.setOrientationOverride' was not found
]]>
</failure>
</testcase>
<testcase name="Admin Panel Tests › should view analytics" classname="09-admin.spec.ts" time="1.473">
<failure message="09-admin.spec.ts:165:7 should view analytics" type="FAILURE">
<![CDATA[  [Mobile Safari] › 09-admin.spec.ts:165:7 › Admin Panel Tests › should view analytics ─────────────

    Error: browserContext.newPage: Protocol error (Emulation.setOrientationOverride): 'Emulation.setOrientationOverride' was not found
]]>
</failure>
</testcase>
<testcase name="Admin Panel Tests › should export data" classname="09-admin.spec.ts" time="1.733">
<failure message="09-admin.spec.ts:179:7 should export data" type="FAILURE">
<![CDATA[  [Mobile Safari] › 09-admin.spec.ts:179:7 › Admin Panel Tests › should export data ────────────────

    Error: browserContext.newPage: Protocol error (Emulation.setOrientationOverride): 'Emulation.setOrientationOverride' was not found
]]>
</failure>
</testcase>
<testcase name="Admin Panel Tests › should manage system settings" classname="09-admin.spec.ts" time="1.59">
<failure message="09-admin.spec.ts:194:7 should manage system settings" type="FAILURE">
<![CDATA[  [Mobile Safari] › 09-admin.spec.ts:194:7 › Admin Panel Tests › should manage system settings ─────

    Error: browserContext.newPage: Protocol error (Emulation.setOrientationOverride): 'Emulation.setOrientationOverride' was not found
]]>
</failure>
</testcase>
<testcase name="Admin Panel Tests › should manage payment settings" classname="09-admin.spec.ts" time="1.713">
<failure message="09-admin.spec.ts:212:7 should manage payment settings" type="FAILURE">
<![CDATA[  [Mobile Safari] › 09-admin.spec.ts:212:7 › Admin Panel Tests › should manage payment settings ────

    Error: browserContext.newPage: Protocol error (Emulation.setOrientationOverride): 'Emulation.setOrientationOverride' was not found
]]>
</failure>
</testcase>
<testcase name="Admin Panel Tests › should view system logs" classname="09-admin.spec.ts" time="1.75">
<failure message="09-admin.spec.ts:230:7 should view system logs" type="FAILURE">
<![CDATA[  [Mobile Safari] › 09-admin.spec.ts:230:7 › Admin Panel Tests › should view system logs ───────────

    Error: browserContext.newPage: Protocol error (Emulation.setOrientationOverride): 'Emulation.setOrientationOverride' was not found
]]>
</failure>
</testcase>
<testcase name="Admin Panel Tests › should manage content moderation" classname="09-admin.spec.ts" time="1.87">
<failure message="09-admin.spec.ts:244:7 should manage content moderation" type="FAILURE">
<![CDATA[  [Mobile Safari] › 09-admin.spec.ts:244:7 › Admin Panel Tests › should manage content moderation ──

    Error: browserContext.newPage: Protocol error (Emulation.setOrientationOverride): 'Emulation.setOrientationOverride' was not found
]]>
</failure>
</testcase>
<testcase name="Admin Panel Tests › should handle user reports" classname="09-admin.spec.ts" time="1.874">
<failure message="09-admin.spec.ts:265:7 should handle user reports" type="FAILURE">
<![CDATA[  [Mobile Safari] › 09-admin.spec.ts:265:7 › Admin Panel Tests › should handle user reports ────────

    Error: browserContext.newPage: Protocol error (Emulation.setOrientationOverride): 'Emulation.setOrientationOverride' was not found
]]>
</failure>
</testcase>
<testcase name="Admin Panel Tests › should manage notifications" classname="09-admin.spec.ts" time="1.454">
<failure message="09-admin.spec.ts:286:7 should manage notifications" type="FAILURE">
<![CDATA[  [Mobile Safari] › 09-admin.spec.ts:286:7 › Admin Panel Tests › should manage notifications ───────

    Error: browserContext.newPage: Protocol error (Emulation.setOrientationOverride): 'Emulation.setOrientationOverride' was not found
]]>
</failure>
</testcase>
<testcase name="Admin Panel Tests › should backup system data" classname="09-admin.spec.ts" time="1.53">
<failure message="09-admin.spec.ts:310:7 should backup system data" type="FAILURE">
<![CDATA[  [Mobile Safari] › 09-admin.spec.ts:310:7 › Admin Panel Tests › should backup system data ─────────

    Error: browserContext.newPage: Protocol error (Emulation.setOrientationOverride): 'Emulation.setOrientationOverride' was not found
]]>
</failure>
</testcase>
</testsuite>
<testsuite name="10-api.spec.ts" timestamp="2025-10-20T22:56:09.042Z" hostname="Mobile Safari" tests="14" failures="14" skipped="0" time="36.366" errors="0">
<testcase name="API Endpoints Tests › should test authentication endpoints" classname="10-api.spec.ts" time="1.922">
<failure message="10-api.spec.ts:4:7 should test authentication endpoints" type="FAILURE">
<![CDATA[  [Mobile Safari] › 10-api.spec.ts:4:7 › API Endpoints Tests › should test authentication endpoints 

    Error: expect(received).toBe(expected) // Object.is equality

    Expected: 200
    Received: 400

      10 |       }
      11 |     });
    > 12 |     expect(loginResponse.status()).toBe(200);
         |                                    ^
      13 |     
      14 |     // Test register endpoint
      15 |     const registerResponse = await request.post('/api/auth/register', {
        at /Users/asithalakmal/Documents/web/final project/WeddingLK-next copy/tests/10-api.spec.ts:12:36
]]>
</failure>
</testcase>
<testcase name="API Endpoints Tests › should test venues CRUD endpoints" classname="10-api.spec.ts" time="2.569">
<failure message="10-api.spec.ts:27:7 should test venues CRUD endpoints" type="FAILURE">
<![CDATA[  [Mobile Safari] › 10-api.spec.ts:27:7 › API Endpoints Tests › should test venues CRUD endpoints ──

    Error: expect(received).toBe(expected) // Object.is equality

    Expected: 201
    Received: 400

      40 |       }
      41 |     });
    > 42 |     expect(createVenueResponse.status()).toBe(201);
         |                                          ^
      43 |     
      44 |     const venueId = (await createVenueResponse.json()).id;
      45 |     
        at /Users/asithalakmal/Documents/web/final project/WeddingLK-next copy/tests/10-api.spec.ts:42:42
]]>
</failure>
</testcase>
<testcase name="API Endpoints Tests › should test vendors CRUD endpoints" classname="10-api.spec.ts" time="1.503">
<failure message="10-api.spec.ts:63:7 should test vendors CRUD endpoints" type="FAILURE">
<![CDATA[  [Mobile Safari] › 10-api.spec.ts:63:7 › API Endpoints Tests › should test vendors CRUD endpoints ─

    Error: expect(received).toBe(expected) // Object.is equality

    Expected: 201
    Received: 400

      77 |       }
      78 |     });
    > 79 |     expect(createVendorResponse.status()).toBe(201);
         |                                           ^
      80 |     
      81 |     const vendorId = (await createVendorResponse.json()).id;
      82 |     
        at /Users/asithalakmal/Documents/web/final project/WeddingLK-next copy/tests/10-api.spec.ts:79:43
]]>
</failure>
</testcase>
<testcase name="API Endpoints Tests › should test bookings CRUD endpoints" classname="10-api.spec.ts" time="1.115">
<failure message="10-api.spec.ts:100:7 should test bookings CRUD endpoints" type="FAILURE">
<![CDATA[  [Mobile Safari] › 10-api.spec.ts:100:7 › API Endpoints Tests › should test bookings CRUD endpoints 

    Error: expect(received).toBe(expected) // Object.is equality

    Expected: 200
    Received: 401

      101 |     // Test get bookings
      102 |     const getBookingsResponse = await request.get('/api/bookings');
    > 103 |     expect(getBookingsResponse.status()).toBe(200);
          |                                          ^
      104 |     
      105 |     // Test create booking
      106 |     const createBookingResponse = await request.post('/api/bookings', {
        at /Users/asithalakmal/Documents/web/final project/WeddingLK-next copy/tests/10-api.spec.ts:103:42
]]>
</failure>
</testcase>
<testcase name="API Endpoints Tests › should test payments endpoints" classname="10-api.spec.ts" time="2.313">
<failure message="10-api.spec.ts:138:7 should test payments endpoints" type="FAILURE">
<![CDATA[  [Mobile Safari] › 10-api.spec.ts:138:7 › API Endpoints Tests › should test payments endpoints ────

    Error: expect(received).toBe(expected) // Object.is equality

    Expected: 200
    Received: 401

      145 |       }
      146 |     });
    > 147 |     expect(createPaymentIntentResponse.status()).toBe(200);
          |                                                  ^
      148 |     
      149 |     // Test get payments
      150 |     const getPaymentsResponse = await request.get('/api/payments');
        at /Users/asithalakmal/Documents/web/final project/WeddingLK-next copy/tests/10-api.spec.ts:147:50
]]>
</failure>
</testcase>
<testcase name="API Endpoints Tests › should test posts CRUD endpoints" classname="10-api.spec.ts" time="7.963">
<failure message="10-api.spec.ts:154:7 should test posts CRUD endpoints" type="FAILURE">
<![CDATA[  [Mobile Safari] › 10-api.spec.ts:154:7 › API Endpoints Tests › should test posts CRUD endpoints ──

    Error: expect(received).toBe(expected) // Object.is equality

    Expected: 201
    Received: 400

      165 |       }
      166 |     });
    > 167 |     expect(createPostResponse.status()).toBe(201);
          |                                         ^
      168 |     
      169 |     const postId = (await createPostResponse.json()).id;
      170 |     
        at /Users/asithalakmal/Documents/web/final project/WeddingLK-next copy/tests/10-api.spec.ts:167:41
]]>
</failure>
</testcase>
<testcase name="API Endpoints Tests › should test messages endpoints" classname="10-api.spec.ts" time="1.182">
<failure message="10-api.spec.ts:188:7 should test messages endpoints" type="FAILURE">
<![CDATA[  [Mobile Safari] › 10-api.spec.ts:188:7 › API Endpoints Tests › should test messages endpoints ────

    Error: expect(received).toBe(expected) // Object.is equality

    Expected: 200
    Received: 401

      189 |     // Test get messages
      190 |     const getMessagesResponse = await request.get('/api/messages');
    > 191 |     expect(getMessagesResponse.status()).toBe(200);
          |                                          ^
      192 |     
      193 |     // Test create message
      194 |     const createMessageResponse = await request.post('/api/messages', {
        at /Users/asithalakmal/Documents/web/final project/WeddingLK-next copy/tests/10-api.spec.ts:191:42
]]>
</failure>
</testcase>
<testcase name="API Endpoints Tests › should test search endpoints" classname="10-api.spec.ts" time="0.768">
<failure message="10-api.spec.ts:222:7 should test search endpoints" type="FAILURE">
<![CDATA[  [Mobile Safari] › 10-api.spec.ts:222:7 › API Endpoints Tests › should test search endpoints ──────

    Error: expect(received).toBe(expected) // Object.is equality

    Expected: 200
    Received: 404

      223 |     // Test search venues
      224 |     const searchVenuesResponse = await request.get('/api/search/venues?q=hotel');
    > 225 |     expect(searchVenuesResponse.status()).toBe(200);
          |                                           ^
      226 |     
      227 |     // Test search vendors
      228 |     const searchVendorsResponse = await request.get('/api/search/vendors?q=photography');
        at /Users/asithalakmal/Documents/web/final project/WeddingLK-next copy/tests/10-api.spec.ts:225:43
]]>
</failure>
</testcase>
<testcase name="API Endpoints Tests › should test analytics endpoints" classname="10-api.spec.ts" time="3.654">
<failure message="10-api.spec.ts:236:7 should test analytics endpoints" type="FAILURE">
<![CDATA[  [Mobile Safari] › 10-api.spec.ts:236:7 › API Endpoints Tests › should test analytics endpoints ───

    Error: expect(received).toBe(expected) // Object.is equality

    Expected: 200
    Received: 404

      241 |     // Test get user analytics
      242 |     const getUserAnalyticsResponse = await request.get('/api/analytics/users');
    > 243 |     expect(getUserAnalyticsResponse.status()).toBe(200);
          |                                               ^
      244 |     
      245 |     // Test get booking analytics
      246 |     const getBookingAnalyticsResponse = await request.get('/api/analytics/bookings');
        at /Users/asithalakmal/Documents/web/final project/WeddingLK-next copy/tests/10-api.spec.ts:243:47
]]>
</failure>
</testcase>
<testcase name="API Endpoints Tests › should test file upload endpoints" classname="10-api.spec.ts" time="0.138">
<failure message="10-api.spec.ts:250:7 should test file upload endpoints" type="FAILURE">
<![CDATA[  [Mobile Safari] › 10-api.spec.ts:250:7 › API Endpoints Tests › should test file upload endpoints ─

    TypeError: apiRequestContext.post: stream.on is not a function

      250 |   test('should test file upload endpoints', async ({ request }) => {
      251 |     // Test upload image
    > 252 |     const uploadImageResponse = await request.post('/api/upload/image', {
          |                                               ^
      253 |       multipart: {
      254 |         file: new File(['test image content'], 'test.jpg', { type: 'image/jpeg' })
      255 |       }
        at /Users/asithalakmal/Documents/web/final project/WeddingLK-next copy/tests/10-api.spec.ts:252:47
]]>
</failure>
</testcase>
<testcase name="API Endpoints Tests › should test notification endpoints" classname="10-api.spec.ts" time="1.041">
<failure message="10-api.spec.ts:268:7 should test notification endpoints" type="FAILURE">
<![CDATA[  [Mobile Safari] › 10-api.spec.ts:268:7 › API Endpoints Tests › should test notification endpoints 

    Error: expect(received).toBe(expected) // Object.is equality

    Expected: 200
    Received: 401

      269 |     // Test get notifications
      270 |     const getNotificationsResponse = await request.get('/api/notifications');
    > 271 |     expect(getNotificationsResponse.status()).toBe(200);
          |                                               ^
      272 |     
      273 |     // Test create notification
      274 |     const createNotificationResponse = await request.post('/api/notifications', {
        at /Users/asithalakmal/Documents/web/final project/WeddingLK-next copy/tests/10-api.spec.ts:271:47
]]>
</failure>
</testcase>
<testcase name="API Endpoints Tests › should test error handling" classname="10-api.spec.ts" time="1.567">
<failure message="10-api.spec.ts:295:7 should test error handling" type="FAILURE">
<![CDATA[  [Mobile Safari] › 10-api.spec.ts:295:7 › API Endpoints Tests › should test error handling ────────

    Error: expect(received).toBe(expected) // Object.is equality

    Expected: 401
    Received: 404

      308 |     // Test 401 error
      309 |     const unauthorizedResponse = await request.get('/api/dashboard');
    > 310 |     expect(unauthorizedResponse.status()).toBe(401);
          |                                           ^
      311 |   });
      312 |
      313 |   test('should test rate limiting', async ({ request }) => {
        at /Users/asithalakmal/Documents/web/final project/WeddingLK-next copy/tests/10-api.spec.ts:310:43
]]>
</failure>
</testcase>
<testcase name="API Endpoints Tests › should test rate limiting" classname="10-api.spec.ts" time="10.528">
<failure message="10-api.spec.ts:313:7 should test rate limiting" type="FAILURE">
<![CDATA[  [Mobile Safari] › 10-api.spec.ts:313:7 › API Endpoints Tests › should test rate limiting ─────────

    Error: expect(received).toBeGreaterThan(expected)

    Expected: > 0
    Received:   0

      322 |     // Some requests should be rate limited
      323 |     const rateLimitedResponses = responses.filter(r => r.status() === 429);
    > 324 |     expect(rateLimitedResponses.length).toBeGreaterThan(0);
          |                                         ^
      325 |   });
      326 |
      327 |   test('should test CORS headers', async ({ request }) => {
        at /Users/asithalakmal/Documents/web/final project/WeddingLK-next copy/tests/10-api.spec.ts:324:41
]]>
</failure>
</testcase>
<testcase name="API Endpoints Tests › should test CORS headers" classname="10-api.spec.ts" time="0.103">
<failure message="10-api.spec.ts:327:7 should test CORS headers" type="FAILURE">
<![CDATA[  [Mobile Safari] › 10-api.spec.ts:327:7 › API Endpoints Tests › should test CORS headers ──────────

    TypeError: request.options is not a function

      327 |   test('should test CORS headers', async ({ request }) => {
      328 |     // Test CORS preflight request
    > 329 |     const corsResponse = await request.options('/api/venues');
          |                                        ^
      330 |     expect(corsResponse.status()).toBe(200);
      331 |     
      332 |     // Check CORS headers
        at /Users/asithalakmal/Documents/web/final project/WeddingLK-next copy/tests/10-api.spec.ts:329:40
]]>
</failure>
</testcase>
</testsuite>
</testsuites>