<testsuites id="" name="" tests="1185" failures="231" skipped="411" errors="0" time="2884.4817909999997">
<testsuite name="api-integration.spec.ts" timestamp="2025-10-27T06:34:37.600Z" hostname="chromium" tests="55" failures="46" skipped="4" time="215.859" errors="0">
<testcase name="🔐 Authentication API Tests › DISABLED: User Registration API" classname="api-integration.spec.ts" time="0">
<properties>
<property name="skip" value="">
</property>
</properties>
<skipped>
</skipped>
</testcase>
<testcase name="🔐 Authentication API Tests › DISABLED: User Login API" classname="api-integration.spec.ts" time="0">
<properties>
<property name="skip" value="">
</property>
</properties>
<skipped>
</skipped>
</testcase>
<testcase name="🔐 Authentication API Tests › Invalid Login API" classname="api-integration.spec.ts" time="5.608">
<failure message="api-integration.spec.ts:87:7 Invalid Login API" type="FAILURE">
<![CDATA[  [chromium] › api-integration.spec.ts:87:7 › 🔐 Authentication API Tests › Invalid Login API ──────

    Error: expect(received).toBe(expected) // Object.is equality

    Expected: 401
    Received: 405

      93 |     });
      94 |     
    > 95 |     expect(response.status()).toBe(401);
         |                               ^
      96 |     const data = await response.json();
      97 |     expect(data.success).toBe(false);
      98 |     expect(data.message).toContain('Invalid credentials');
        at /Users/asithalakmal/Documents/web/final project/WeddingLK-next copy/tests/e2e/api-integration.spec.ts:95:31

    attachment #1: screenshot (image/png) ──────────────────────────────────────────────────────────
    ../../test-results/api-integration-🔐-Authent-4b7fb-API-Tests-Invalid-Login-API-chromium/test-failed-1.png
    ────────────────────────────────────────────────────────────────────────────────────────────────

    attachment #2: video (video/webm) ──────────────────────────────────────────────────────────────
    ../../test-results/api-integration-🔐-Authent-4b7fb-API-Tests-Invalid-Login-API-chromium/video.webm
    ────────────────────────────────────────────────────────────────────────────────────────────────
]]>
</failure>
<system-out>
<![CDATA[
[[ATTACHMENT|test-results/api-integration-🔐-Authent-4b7fb-API-Tests-Invalid-Login-API-chromium/test-failed-1.png]]

[[ATTACHMENT|test-results/api-integration-🔐-Authent-4b7fb-API-Tests-Invalid-Login-API-chromium/video.webm]]
]]>
</system-out>
</testcase>
<testcase name="🔐 Authentication API Tests › DISABLED: Password Reset API" classname="api-integration.spec.ts" time="0">
<properties>
<property name="skip" value="">
</property>
</properties>
<skipped>
</skipped>
</testcase>
<testcase name="🔐 Authentication API Tests › Email Verification API" classname="api-integration.spec.ts" time="5.648">
<failure message="api-integration.spec.ts:112:7 Email Verification API" type="FAILURE">
<![CDATA[  [chromium] › api-integration.spec.ts:112:7 › 🔐 Authentication API Tests › Email Verification API 

    Error: expect(received).toBe(expected) // Object.is equality

    Expected: 200
    Received: 405

      115 |     });
      116 |     
    > 117 |     expect(response.status()).toBe(200);
          |                               ^
      118 |     const data = await response.json();
      119 |     expect(data.success).toBe(true);
      120 |   });
        at /Users/asithalakmal/Documents/web/final project/WeddingLK-next copy/tests/e2e/api-integration.spec.ts:117:31

    attachment #1: screenshot (image/png) ──────────────────────────────────────────────────────────
    ../../test-results/api-integration-🔐-Authent-28344-ests-Email-Verification-API-chromium/test-failed-1.png
    ────────────────────────────────────────────────────────────────────────────────────────────────

    attachment #2: video (video/webm) ──────────────────────────────────────────────────────────────
    ../../test-results/api-integration-🔐-Authent-28344-ests-Email-Verification-API-chromium/video.webm
    ────────────────────────────────────────────────────────────────────────────────────────────────
]]>
</failure>
<system-out>
<![CDATA[
[[ATTACHMENT|test-results/api-integration-🔐-Authent-28344-ests-Email-Verification-API-chromium/test-failed-1.png]]

[[ATTACHMENT|test-results/api-integration-🔐-Authent-28344-ests-Email-Verification-API-chromium/video.webm]]
]]>
</system-out>
</testcase>
<testcase name="👤 User Management API Tests › Get User Profile API" classname="api-integration.spec.ts" time="2.278">
<failure message="api-integration.spec.ts:124:7 Get User Profile API" type="FAILURE">
<![CDATA[  [chromium] › api-integration.spec.ts:124:7 › 👤 User Management API Tests › Get User Profile API ─

    SyntaxError: Unexpected end of JSON input

      43 |     data: { email, password }
      44 |   });
    > 45 |   const data = await response.json();
         |                ^
      46 |   return data.token;
      47 | }
      48 |
        at getAuthToken (/Users/asithalakmal/Documents/web/final project/WeddingLK-next copy/tests/e2e/api-integration.spec.ts:45:16)
        at /Users/asithalakmal/Documents/web/final project/WeddingLK-next copy/tests/e2e/api-integration.spec.ts:125:19

    attachment #1: screenshot (image/png) ──────────────────────────────────────────────────────────
    ../../test-results/api-integration-👤-User-Ma-c1c93--Tests-Get-User-Profile-API-chromium/test-failed-1.png
    ────────────────────────────────────────────────────────────────────────────────────────────────

    attachment #2: video (video/webm) ──────────────────────────────────────────────────────────────
    ../../test-results/api-integration-👤-User-Ma-c1c93--Tests-Get-User-Profile-API-chromium/video.webm
    ────────────────────────────────────────────────────────────────────────────────────────────────
]]>
</failure>
<system-out>
<![CDATA[
[[ATTACHMENT|test-results/api-integration-👤-User-Ma-c1c93--Tests-Get-User-Profile-API-chromium/test-failed-1.png]]

[[ATTACHMENT|test-results/api-integration-👤-User-Ma-c1c93--Tests-Get-User-Profile-API-chromium/video.webm]]
]]>
</system-out>
</testcase>
<testcase name="👤 User Management API Tests › Update User Profile API" classname="api-integration.spec.ts" time="2.435">
<failure message="api-integration.spec.ts:136:7 Update User Profile API" type="FAILURE">
<![CDATA[  [chromium] › api-integration.spec.ts:136:7 › 👤 User Management API Tests › Update User Profile API 

    SyntaxError: Unexpected end of JSON input

      43 |     data: { email, password }
      44 |   });
    > 45 |   const data = await response.json();
         |                ^
      46 |   return data.token;
      47 | }
      48 |
        at getAuthToken (/Users/asithalakmal/Documents/web/final project/WeddingLK-next copy/tests/e2e/api-integration.spec.ts:45:16)
        at /Users/asithalakmal/Documents/web/final project/WeddingLK-next copy/tests/e2e/api-integration.spec.ts:137:19

    attachment #1: screenshot (image/png) ──────────────────────────────────────────────────────────
    ../../test-results/api-integration-👤-User-Ma-6e586-sts-Update-User-Profile-API-chromium/test-failed-1.png
    ────────────────────────────────────────────────────────────────────────────────────────────────

    attachment #2: video (video/webm) ──────────────────────────────────────────────────────────────
    ../../test-results/api-integration-👤-User-Ma-6e586-sts-Update-User-Profile-API-chromium/video.webm
    ────────────────────────────────────────────────────────────────────────────────────────────────
]]>
</failure>
<system-out>
<![CDATA[
[[ATTACHMENT|test-results/api-integration-👤-User-Ma-6e586-sts-Update-User-Profile-API-chromium/test-failed-1.png]]

[[ATTACHMENT|test-results/api-integration-👤-User-Ma-6e586-sts-Update-User-Profile-API-chromium/video.webm]]
]]>
</system-out>
</testcase>
<testcase name="👤 User Management API Tests › Get User Favorites API" classname="api-integration.spec.ts" time="3.647">
<failure message="api-integration.spec.ts:150:7 Get User Favorites API" type="FAILURE">
<![CDATA[  [chromium] › api-integration.spec.ts:150:7 › 👤 User Management API Tests › Get User Favorites API 

    SyntaxError: Unexpected end of JSON input

      43 |     data: { email, password }
      44 |   });
    > 45 |   const data = await response.json();
         |                ^
      46 |   return data.token;
      47 | }
      48 |
        at getAuthToken (/Users/asithalakmal/Documents/web/final project/WeddingLK-next copy/tests/e2e/api-integration.spec.ts:45:16)
        at /Users/asithalakmal/Documents/web/final project/WeddingLK-next copy/tests/e2e/api-integration.spec.ts:151:19

    attachment #1: screenshot (image/png) ──────────────────────────────────────────────────────────
    ../../test-results/api-integration-👤-User-Ma-2df14-ests-Get-User-Favorites-API-chromium/test-failed-1.png
    ────────────────────────────────────────────────────────────────────────────────────────────────

    attachment #2: video (video/webm) ──────────────────────────────────────────────────────────────
    ../../test-results/api-integration-👤-User-Ma-2df14-ests-Get-User-Favorites-API-chromium/video.webm
    ────────────────────────────────────────────────────────────────────────────────────────────────
]]>
</failure>
<system-out>
<![CDATA[
[[ATTACHMENT|test-results/api-integration-👤-User-Ma-2df14-ests-Get-User-Favorites-API-chromium/test-failed-1.png]]

[[ATTACHMENT|test-results/api-integration-👤-User-Ma-2df14-ests-Get-User-Favorites-API-chromium/video.webm]]
]]>
</system-out>
</testcase>
<testcase name="👤 User Management API Tests › Add User Favorite API" classname="api-integration.spec.ts" time="3.217">
<failure message="api-integration.spec.ts:161:7 Add User Favorite API" type="FAILURE">
<![CDATA[  [chromium] › api-integration.spec.ts:161:7 › 👤 User Management API Tests › Add User Favorite API 

    SyntaxError: Unexpected end of JSON input

      43 |     data: { email, password }
      44 |   });
    > 45 |   const data = await response.json();
         |                ^
      46 |   return data.token;
      47 | }
      48 |
        at getAuthToken (/Users/asithalakmal/Documents/web/final project/WeddingLK-next copy/tests/e2e/api-integration.spec.ts:45:16)
        at /Users/asithalakmal/Documents/web/final project/WeddingLK-next copy/tests/e2e/api-integration.spec.ts:162:19

    attachment #1: screenshot (image/png) ──────────────────────────────────────────────────────────
    ../../test-results/api-integration-👤-User-Ma-0917f-Tests-Add-User-Favorite-API-chromium/test-failed-1.png
    ────────────────────────────────────────────────────────────────────────────────────────────────

    attachment #2: video (video/webm) ──────────────────────────────────────────────────────────────
    ../../test-results/api-integration-👤-User-Ma-0917f-Tests-Add-User-Favorite-API-chromium/video.webm
    ────────────────────────────────────────────────────────────────────────────────────────────────
]]>
</failure>
<system-out>
<![CDATA[
[[ATTACHMENT|test-results/api-integration-👤-User-Ma-0917f-Tests-Add-User-Favorite-API-chromium/test-failed-1.png]]

[[ATTACHMENT|test-results/api-integration-👤-User-Ma-0917f-Tests-Add-User-Favorite-API-chromium/video.webm]]
]]>
</system-out>
</testcase>
<testcase name="🏢 Vendor Management API Tests › DISABLED: Vendor Registration API" classname="api-integration.spec.ts" time="0">
<properties>
<property name="skip" value="">
</property>
</properties>
<skipped>
</skipped>
</testcase>
<testcase name="🏢 Vendor Management API Tests › Get Vendor Services API" classname="api-integration.spec.ts" time="2.026">
<failure message="api-integration.spec.ts:194:7 Get Vendor Services API" type="FAILURE">
<![CDATA[  [chromium] › api-integration.spec.ts:194:7 › 🏢 Vendor Management API Tests › Get Vendor Services API 

    SyntaxError: Unexpected end of JSON input

      43 |     data: { email, password }
      44 |   });
    > 45 |   const data = await response.json();
         |                ^
      46 |   return data.token;
      47 | }
      48 |
        at getAuthToken (/Users/asithalakmal/Documents/web/final project/WeddingLK-next copy/tests/e2e/api-integration.spec.ts:45:16)
        at /Users/asithalakmal/Documents/web/final project/WeddingLK-next copy/tests/e2e/api-integration.spec.ts:195:19

    attachment #1: screenshot (image/png) ──────────────────────────────────────────────────────────
    ../../test-results/api-integration-🏢-Vendor--4dc71-sts-Get-Vendor-Services-API-chromium/test-failed-1.png
    ────────────────────────────────────────────────────────────────────────────────────────────────

    attachment #2: video (video/webm) ──────────────────────────────────────────────────────────────
    ../../test-results/api-integration-🏢-Vendor--4dc71-sts-Get-Vendor-Services-API-chromium/video.webm
    ────────────────────────────────────────────────────────────────────────────────────────────────
]]>
</failure>
<system-out>
<![CDATA[
[[ATTACHMENT|test-results/api-integration-🏢-Vendor--4dc71-sts-Get-Vendor-Services-API-chromium/test-failed-1.png]]

[[ATTACHMENT|test-results/api-integration-🏢-Vendor--4dc71-sts-Get-Vendor-Services-API-chromium/video.webm]]
]]>
</system-out>
</testcase>
<testcase name="🏢 Vendor Management API Tests › Create Vendor Service API" classname="api-integration.spec.ts" time="1.929">
<failure message="api-integration.spec.ts:205:7 Create Vendor Service API" type="FAILURE">
<![CDATA[  [chromium] › api-integration.spec.ts:205:7 › 🏢 Vendor Management API Tests › Create Vendor Service API 

    SyntaxError: Unexpected end of JSON input

      43 |     data: { email, password }
      44 |   });
    > 45 |   const data = await response.json();
         |                ^
      46 |   return data.token;
      47 | }
      48 |
        at getAuthToken (/Users/asithalakmal/Documents/web/final project/WeddingLK-next copy/tests/e2e/api-integration.spec.ts:45:16)
        at /Users/asithalakmal/Documents/web/final project/WeddingLK-next copy/tests/e2e/api-integration.spec.ts:206:19

    attachment #1: screenshot (image/png) ──────────────────────────────────────────────────────────
    ../../test-results/api-integration-🏢-Vendor--32b06-s-Create-Vendor-Service-API-chromium/test-failed-1.png
    ────────────────────────────────────────────────────────────────────────────────────────────────

    attachment #2: video (video/webm) ──────────────────────────────────────────────────────────────
    ../../test-results/api-integration-🏢-Vendor--32b06-s-Create-Vendor-Service-API-chromium/video.webm
    ────────────────────────────────────────────────────────────────────────────────────────────────
]]>
</failure>
<system-out>
<![CDATA[
[[ATTACHMENT|test-results/api-integration-🏢-Vendor--32b06-s-Create-Vendor-Service-API-chromium/test-failed-1.png]]

[[ATTACHMENT|test-results/api-integration-🏢-Vendor--32b06-s-Create-Vendor-Service-API-chromium/video.webm]]
]]>
</system-out>
</testcase>
<testcase name="🏢 Vendor Management API Tests › Update Vendor Service API" classname="api-integration.spec.ts" time="2.028">
<failure message="api-integration.spec.ts:221:7 Update Vendor Service API" type="FAILURE">
<![CDATA[  [chromium] › api-integration.spec.ts:221:7 › 🏢 Vendor Management API Tests › Update Vendor Service API 

    SyntaxError: Unexpected end of JSON input

      43 |     data: { email, password }
      44 |   });
    > 45 |   const data = await response.json();
         |                ^
      46 |   return data.token;
      47 | }
      48 |
        at getAuthToken (/Users/asithalakmal/Documents/web/final project/WeddingLK-next copy/tests/e2e/api-integration.spec.ts:45:16)
        at /Users/asithalakmal/Documents/web/final project/WeddingLK-next copy/tests/e2e/api-integration.spec.ts:222:19

    attachment #1: screenshot (image/png) ──────────────────────────────────────────────────────────
    ../../test-results/api-integration-🏢-Vendor--8ad41-s-Update-Vendor-Service-API-chromium/test-failed-1.png
    ────────────────────────────────────────────────────────────────────────────────────────────────

    attachment #2: video (video/webm) ──────────────────────────────────────────────────────────────
    ../../test-results/api-integration-🏢-Vendor--8ad41-s-Update-Vendor-Service-API-chromium/video.webm
    ────────────────────────────────────────────────────────────────────────────────────────────────
]]>
</failure>
<system-out>
<![CDATA[
[[ATTACHMENT|test-results/api-integration-🏢-Vendor--8ad41-s-Update-Vendor-Service-API-chromium/test-failed-1.png]]

[[ATTACHMENT|test-results/api-integration-🏢-Vendor--8ad41-s-Update-Vendor-Service-API-chromium/video.webm]]
]]>
</system-out>
</testcase>
<testcase name="🏢 Vendor Management API Tests › Delete Vendor Service API" classname="api-integration.spec.ts" time="1.92">
<failure message="api-integration.spec.ts:235:7 Delete Vendor Service API" type="FAILURE">
<![CDATA[  [chromium] › api-integration.spec.ts:235:7 › 🏢 Vendor Management API Tests › Delete Vendor Service API 

    SyntaxError: Unexpected end of JSON input

      43 |     data: { email, password }
      44 |   });
    > 45 |   const data = await response.json();
         |                ^
      46 |   return data.token;
      47 | }
      48 |
        at getAuthToken (/Users/asithalakmal/Documents/web/final project/WeddingLK-next copy/tests/e2e/api-integration.spec.ts:45:16)
        at /Users/asithalakmal/Documents/web/final project/WeddingLK-next copy/tests/e2e/api-integration.spec.ts:236:19

    attachment #1: screenshot (image/png) ──────────────────────────────────────────────────────────
    ../../test-results/api-integration-🏢-Vendor--3ac39-s-Delete-Vendor-Service-API-chromium/test-failed-1.png
    ────────────────────────────────────────────────────────────────────────────────────────────────

    attachment #2: video (video/webm) ──────────────────────────────────────────────────────────────
    ../../test-results/api-integration-🏢-Vendor--3ac39-s-Delete-Vendor-Service-API-chromium/video.webm
    ────────────────────────────────────────────────────────────────────────────────────────────────
]]>
</failure>
<system-out>
<![CDATA[
[[ATTACHMENT|test-results/api-integration-🏢-Vendor--3ac39-s-Delete-Vendor-Service-API-chromium/test-failed-1.png]]

[[ATTACHMENT|test-results/api-integration-🏢-Vendor--3ac39-s-Delete-Vendor-Service-API-chromium/video.webm]]
]]>
</system-out>
</testcase>
<testcase name="🏢 Vendor Management API Tests › Get Vendor Analytics API" classname="api-integration.spec.ts" time="1.953">
<failure message="api-integration.spec.ts:246:7 Get Vendor Analytics API" type="FAILURE">
<![CDATA[  [chromium] › api-integration.spec.ts:246:7 › 🏢 Vendor Management API Tests › Get Vendor Analytics API 

    SyntaxError: Unexpected end of JSON input

      43 |     data: { email, password }
      44 |   });
    > 45 |   const data = await response.json();
         |                ^
      46 |   return data.token;
      47 | }
      48 |
        at getAuthToken (/Users/asithalakmal/Documents/web/final project/WeddingLK-next copy/tests/e2e/api-integration.spec.ts:45:16)
        at /Users/asithalakmal/Documents/web/final project/WeddingLK-next copy/tests/e2e/api-integration.spec.ts:247:19

    attachment #1: screenshot (image/png) ──────────────────────────────────────────────────────────
    ../../test-results/api-integration-🏢-Vendor--6b8fc-ts-Get-Vendor-Analytics-API-chromium/test-failed-1.png
    ────────────────────────────────────────────────────────────────────────────────────────────────

    attachment #2: video (video/webm) ──────────────────────────────────────────────────────────────
    ../../test-results/api-integration-🏢-Vendor--6b8fc-ts-Get-Vendor-Analytics-API-chromium/video.webm
    ────────────────────────────────────────────────────────────────────────────────────────────────
]]>
</failure>
<system-out>
<![CDATA[
[[ATTACHMENT|test-results/api-integration-🏢-Vendor--6b8fc-ts-Get-Vendor-Analytics-API-chromium/test-failed-1.png]]

[[ATTACHMENT|test-results/api-integration-🏢-Vendor--6b8fc-ts-Get-Vendor-Analytics-API-chromium/video.webm]]
]]>
</system-out>
</testcase>
<testcase name="📅 Booking Management API Tests › Create Booking API" classname="api-integration.spec.ts" time="2.094">
<failure message="api-integration.spec.ts:261:7 Create Booking API" type="FAILURE">
<![CDATA[  [chromium] › api-integration.spec.ts:261:7 › 📅 Booking Management API Tests › Create Booking API 

    SyntaxError: Unexpected end of JSON input

      43 |     data: { email, password }
      44 |   });
    > 45 |   const data = await response.json();
         |                ^
      46 |   return data.token;
      47 | }
      48 |
        at getAuthToken (/Users/asithalakmal/Documents/web/final project/WeddingLK-next copy/tests/e2e/api-integration.spec.ts:45:16)
        at /Users/asithalakmal/Documents/web/final project/WeddingLK-next copy/tests/e2e/api-integration.spec.ts:262:19

    attachment #1: screenshot (image/png) ──────────────────────────────────────────────────────────
    ../../test-results/api-integration-📅-Booking-f6016-PI-Tests-Create-Booking-API-chromium/test-failed-1.png
    ────────────────────────────────────────────────────────────────────────────────────────────────

    attachment #2: video (video/webm) ──────────────────────────────────────────────────────────────
    ../../test-results/api-integration-📅-Booking-f6016-PI-Tests-Create-Booking-API-chromium/video.webm
    ────────────────────────────────────────────────────────────────────────────────────────────────
]]>
</failure>
<system-out>
<![CDATA[
[[ATTACHMENT|test-results/api-integration-📅-Booking-f6016-PI-Tests-Create-Booking-API-chromium/test-failed-1.png]]

[[ATTACHMENT|test-results/api-integration-📅-Booking-f6016-PI-Tests-Create-Booking-API-chromium/video.webm]]
]]>
</system-out>
</testcase>
<testcase name="📅 Booking Management API Tests › Get User Bookings API" classname="api-integration.spec.ts" time="2.328">
<failure message="api-integration.spec.ts:279:7 Get User Bookings API" type="FAILURE">
<![CDATA[  [chromium] › api-integration.spec.ts:279:7 › 📅 Booking Management API Tests › Get User Bookings API 

    SyntaxError: Unexpected end of JSON input

      43 |     data: { email, password }
      44 |   });
    > 45 |   const data = await response.json();
         |                ^
      46 |   return data.token;
      47 | }
      48 |
        at getAuthToken (/Users/asithalakmal/Documents/web/final project/WeddingLK-next copy/tests/e2e/api-integration.spec.ts:45:16)
        at /Users/asithalakmal/Documents/web/final project/WeddingLK-next copy/tests/e2e/api-integration.spec.ts:280:19

    attachment #1: screenshot (image/png) ──────────────────────────────────────────────────────────
    ../../test-results/api-integration-📅-Booking-0e3ce-Tests-Get-User-Bookings-API-chromium/test-failed-1.png
    ────────────────────────────────────────────────────────────────────────────────────────────────

    attachment #2: video (video/webm) ──────────────────────────────────────────────────────────────
    ../../test-results/api-integration-📅-Booking-0e3ce-Tests-Get-User-Bookings-API-chromium/video.webm
    ────────────────────────────────────────────────────────────────────────────────────────────────
]]>
</failure>
<system-out>
<![CDATA[
[[ATTACHMENT|test-results/api-integration-📅-Booking-0e3ce-Tests-Get-User-Bookings-API-chromium/test-failed-1.png]]

[[ATTACHMENT|test-results/api-integration-📅-Booking-0e3ce-Tests-Get-User-Bookings-API-chromium/video.webm]]
]]>
</system-out>
</testcase>
<testcase name="📅 Booking Management API Tests › Update Booking API" classname="api-integration.spec.ts" time="1.73">
<failure message="api-integration.spec.ts:290:7 Update Booking API" type="FAILURE">
<![CDATA[  [chromium] › api-integration.spec.ts:290:7 › 📅 Booking Management API Tests › Update Booking API 

    SyntaxError: Unexpected end of JSON input

      43 |     data: { email, password }
      44 |   });
    > 45 |   const data = await response.json();
         |                ^
      46 |   return data.token;
      47 | }
      48 |
        at getAuthToken (/Users/asithalakmal/Documents/web/final project/WeddingLK-next copy/tests/e2e/api-integration.spec.ts:45:16)
        at /Users/asithalakmal/Documents/web/final project/WeddingLK-next copy/tests/e2e/api-integration.spec.ts:291:19

    attachment #1: screenshot (image/png) ──────────────────────────────────────────────────────────
    ../../test-results/api-integration-📅-Booking-a7a44-PI-Tests-Update-Booking-API-chromium/test-failed-1.png
    ────────────────────────────────────────────────────────────────────────────────────────────────

    attachment #2: video (video/webm) ──────────────────────────────────────────────────────────────
    ../../test-results/api-integration-📅-Booking-a7a44-PI-Tests-Update-Booking-API-chromium/video.webm
    ────────────────────────────────────────────────────────────────────────────────────────────────
]]>
</failure>
<system-out>
<![CDATA[
[[ATTACHMENT|test-results/api-integration-📅-Booking-a7a44-PI-Tests-Update-Booking-API-chromium/test-failed-1.png]]

[[ATTACHMENT|test-results/api-integration-📅-Booking-a7a44-PI-Tests-Update-Booking-API-chromium/video.webm]]
]]>
</system-out>
</testcase>
<testcase name="📅 Booking Management API Tests › Cancel Booking API" classname="api-integration.spec.ts" time="2.253">
<failure message="api-integration.spec.ts:304:7 Cancel Booking API" type="FAILURE">
<![CDATA[  [chromium] › api-integration.spec.ts:304:7 › 📅 Booking Management API Tests › Cancel Booking API 

    SyntaxError: Unexpected end of JSON input

      43 |     data: { email, password }
      44 |   });
    > 45 |   const data = await response.json();
         |                ^
      46 |   return data.token;
      47 | }
      48 |
        at getAuthToken (/Users/asithalakmal/Documents/web/final project/WeddingLK-next copy/tests/e2e/api-integration.spec.ts:45:16)
        at /Users/asithalakmal/Documents/web/final project/WeddingLK-next copy/tests/e2e/api-integration.spec.ts:305:19

    attachment #1: screenshot (image/png) ──────────────────────────────────────────────────────────
    ../../test-results/api-integration-📅-Booking-7c911-PI-Tests-Cancel-Booking-API-chromium/test-failed-1.png
    ────────────────────────────────────────────────────────────────────────────────────────────────

    attachment #2: video (video/webm) ──────────────────────────────────────────────────────────────
    ../../test-results/api-integration-📅-Booking-7c911-PI-Tests-Cancel-Booking-API-chromium/video.webm
    ────────────────────────────────────────────────────────────────────────────────────────────────
]]>
</failure>
<system-out>
<![CDATA[
[[ATTACHMENT|test-results/api-integration-📅-Booking-7c911-PI-Tests-Cancel-Booking-API-chromium/test-failed-1.png]]

[[ATTACHMENT|test-results/api-integration-📅-Booking-7c911-PI-Tests-Cancel-Booking-API-chromium/video.webm]]
]]>
</system-out>
</testcase>
<testcase name="📅 Booking Management API Tests › Get Vendor Bookings API" classname="api-integration.spec.ts" time="2.341">
<failure message="api-integration.spec.ts:315:7 Get Vendor Bookings API" type="FAILURE">
<![CDATA[  [chromium] › api-integration.spec.ts:315:7 › 📅 Booking Management API Tests › Get Vendor Bookings API 

    SyntaxError: Unexpected end of JSON input

      43 |     data: { email, password }
      44 |   });
    > 45 |   const data = await response.json();
         |                ^
      46 |   return data.token;
      47 | }
      48 |
        at getAuthToken (/Users/asithalakmal/Documents/web/final project/WeddingLK-next copy/tests/e2e/api-integration.spec.ts:45:16)
        at /Users/asithalakmal/Documents/web/final project/WeddingLK-next copy/tests/e2e/api-integration.spec.ts:316:19

    attachment #1: screenshot (image/png) ──────────────────────────────────────────────────────────
    ../../test-results/api-integration-📅-Booking-a710b-sts-Get-Vendor-Bookings-API-chromium/test-failed-1.png
    ────────────────────────────────────────────────────────────────────────────────────────────────

    attachment #2: video (video/webm) ──────────────────────────────────────────────────────────────
    ../../test-results/api-integration-📅-Booking-a710b-sts-Get-Vendor-Bookings-API-chromium/video.webm
    ────────────────────────────────────────────────────────────────────────────────────────────────
]]>
</failure>
<system-out>
<![CDATA[
[[ATTACHMENT|test-results/api-integration-📅-Booking-a710b-sts-Get-Vendor-Bookings-API-chromium/test-failed-1.png]]

[[ATTACHMENT|test-results/api-integration-📅-Booking-a710b-sts-Get-Vendor-Bookings-API-chromium/video.webm]]
]]>
</system-out>
</testcase>
<testcase name="📅 Booking Management API Tests › Update Booking Status API" classname="api-integration.spec.ts" time="2.027">
<failure message="api-integration.spec.ts:326:7 Update Booking Status API" type="FAILURE">
<![CDATA[  [chromium] › api-integration.spec.ts:326:7 › 📅 Booking Management API Tests › Update Booking Status API 

    SyntaxError: Unexpected end of JSON input

      43 |     data: { email, password }
      44 |   });
    > 45 |   const data = await response.json();
         |                ^
      46 |   return data.token;
      47 | }
      48 |
        at getAuthToken (/Users/asithalakmal/Documents/web/final project/WeddingLK-next copy/tests/e2e/api-integration.spec.ts:45:16)
        at /Users/asithalakmal/Documents/web/final project/WeddingLK-next copy/tests/e2e/api-integration.spec.ts:327:19

    attachment #1: screenshot (image/png) ──────────────────────────────────────────────────────────
    ../../test-results/api-integration-📅-Booking-458f2-s-Update-Booking-Status-API-chromium/test-failed-1.png
    ────────────────────────────────────────────────────────────────────────────────────────────────

    attachment #2: video (video/webm) ──────────────────────────────────────────────────────────────
    ../../test-results/api-integration-📅-Booking-458f2-s-Update-Booking-Status-API-chromium/video.webm
    ────────────────────────────────────────────────────────────────────────────────────────────────
]]>
</failure>
<system-out>
<![CDATA[
[[ATTACHMENT|test-results/api-integration-📅-Booking-458f2-s-Update-Booking-Status-API-chromium/test-failed-1.png]]

[[ATTACHMENT|test-results/api-integration-📅-Booking-458f2-s-Update-Booking-Status-API-chromium/video.webm]]
]]>
</system-out>
</testcase>
<testcase name="🏛️ Venue Management API Tests › Get Venues API" classname="api-integration.spec.ts" time="12.163">
<failure message="api-integration.spec.ts:341:7 Get Venues API" type="FAILURE">
<![CDATA[  [chromium] › api-integration.spec.ts:341:7 › 🏛️ Venue Management API Tests › Get Venues API ─────

    Error: expect(received).toBeDefined()

    Received: undefined

      345 |     const data = await response.json();
      346 |     expect(data.success).toBe(true);
    > 347 |     expect(data.venues).toBeDefined();
          |                         ^
      348 |   });
      349 |
      350 |   test('Get Venue by ID API', async ({ page }) => {
        at /Users/asithalakmal/Documents/web/final project/WeddingLK-next copy/tests/e2e/api-integration.spec.ts:347:25

    attachment #1: screenshot (image/png) ──────────────────────────────────────────────────────────
    ../../test-results/api-integration-🏛️-Venue--62621-nt-API-Tests-Get-Venues-API-chromium/test-failed-1.png
    ────────────────────────────────────────────────────────────────────────────────────────────────

    attachment #2: video (video/webm) ──────────────────────────────────────────────────────────────
    ../../test-results/api-integration-🏛️-Venue--62621-nt-API-Tests-Get-Venues-API-chromium/video.webm
    ────────────────────────────────────────────────────────────────────────────────────────────────
]]>
</failure>
<system-out>
<![CDATA[
[[ATTACHMENT|test-results/api-integration-🏛️-Venue--62621-nt-API-Tests-Get-Venues-API-chromium/test-failed-1.png]]

[[ATTACHMENT|test-results/api-integration-🏛️-Venue--62621-nt-API-Tests-Get-Venues-API-chromium/video.webm]]
]]>
</system-out>
</testcase>
<testcase name="🏛️ Venue Management API Tests › Get Venue by ID API" classname="api-integration.spec.ts" time="2.092">
<failure message="api-integration.spec.ts:350:7 Get Venue by ID API" type="FAILURE">
<![CDATA[  [chromium] › api-integration.spec.ts:350:7 › 🏛️ Venue Management API Tests › Get Venue by ID API 

    Error: expect(received).toBe(expected) // Object.is equality

    Expected: 200
    Received: 500

      350 |   test('Get Venue by ID API', async ({ page }) => {
      351 |     const response = await page.request.get('/api/venues/test-venue-id');
    > 352 |     expect(response.status()).toBe(200);
          |                               ^
      353 |     
      354 |     const data = await response.json();
      355 |     expect(data.success).toBe(true);
        at /Users/asithalakmal/Documents/web/final project/WeddingLK-next copy/tests/e2e/api-integration.spec.ts:352:31

    attachment #1: screenshot (image/png) ──────────────────────────────────────────────────────────
    ../../test-results/api-integration-🏛️-Venue--f15e9-I-Tests-Get-Venue-by-ID-API-chromium/test-failed-1.png
    ────────────────────────────────────────────────────────────────────────────────────────────────

    attachment #2: video (video/webm) ──────────────────────────────────────────────────────────────
    ../../test-results/api-integration-🏛️-Venue--f15e9-I-Tests-Get-Venue-by-ID-API-chromium/video.webm
    ────────────────────────────────────────────────────────────────────────────────────────────────
]]>
</failure>
<system-out>
<![CDATA[
[[ATTACHMENT|test-results/api-integration-🏛️-Venue--f15e9-I-Tests-Get-Venue-by-ID-API-chromium/test-failed-1.png]]

[[ATTACHMENT|test-results/api-integration-🏛️-Venue--f15e9-I-Tests-Get-Venue-by-ID-API-chromium/video.webm]]
]]>
</system-out>
</testcase>
<testcase name="🏛️ Venue Management API Tests › Search Venues API" classname="api-integration.spec.ts" time="6.415">
</testcase>
<testcase name="🏛️ Venue Management API Tests › Get Venue Availability API" classname="api-integration.spec.ts" time="2.599">
<failure message="api-integration.spec.ts:368:7 Get Venue Availability API" type="FAILURE">
<![CDATA[  [chromium] › api-integration.spec.ts:368:7 › 🏛️ Venue Management API Tests › Get Venue Availability API 

    Error: expect(received).toBe(expected) // Object.is equality

    Expected: 200
    Received: 500

      368 |   test('Get Venue Availability API', async ({ page }) => {
      369 |     const response = await page.request.get('/api/venues/availability?venueId=test-venue-id&date=2024-12-25');
    > 370 |     expect(response.status()).toBe(200);
          |                               ^
      371 |     
      372 |     const data = await response.json();
      373 |     expect(data.success).toBe(true);
        at /Users/asithalakmal/Documents/web/final project/WeddingLK-next copy/tests/e2e/api-integration.spec.ts:370:31

    attachment #1: screenshot (image/png) ──────────────────────────────────────────────────────────
    ../../test-results/api-integration-🏛️-Venue--1dc52--Get-Venue-Availability-API-chromium/test-failed-1.png
    ────────────────────────────────────────────────────────────────────────────────────────────────

    attachment #2: video (video/webm) ──────────────────────────────────────────────────────────────
    ../../test-results/api-integration-🏛️-Venue--1dc52--Get-Venue-Availability-API-chromium/video.webm
    ────────────────────────────────────────────────────────────────────────────────────────────────
]]>
</failure>
<system-out>
<![CDATA[
[[ATTACHMENT|test-results/api-integration-🏛️-Venue--1dc52--Get-Venue-Availability-API-chromium/test-failed-1.png]]

[[ATTACHMENT|test-results/api-integration-🏛️-Venue--1dc52--Get-Venue-Availability-API-chromium/video.webm]]
]]>
</system-out>
</testcase>
<testcase name="💳 Payment API Tests › Create Payment Intent API" classname="api-integration.spec.ts" time="1.44">
<failure message="api-integration.spec.ts:379:7 Create Payment Intent API" type="FAILURE">
<![CDATA[  [chromium] › api-integration.spec.ts:379:7 › 💳 Payment API Tests › Create Payment Intent API ────

    SyntaxError: Unexpected end of JSON input

      43 |     data: { email, password }
      44 |   });
    > 45 |   const data = await response.json();
         |                ^
      46 |   return data.token;
      47 | }
      48 |
        at getAuthToken (/Users/asithalakmal/Documents/web/final project/WeddingLK-next copy/tests/e2e/api-integration.spec.ts:45:16)
        at /Users/asithalakmal/Documents/web/final project/WeddingLK-next copy/tests/e2e/api-integration.spec.ts:380:19

    attachment #1: screenshot (image/png) ──────────────────────────────────────────────────────────
    ../../test-results/api-integration-💳-Payment-a4c14-s-Create-Payment-Intent-API-chromium/test-failed-1.png
    ────────────────────────────────────────────────────────────────────────────────────────────────

    attachment #2: video (video/webm) ──────────────────────────────────────────────────────────────
    ../../test-results/api-integration-💳-Payment-a4c14-s-Create-Payment-Intent-API-chromium/video.webm
    ────────────────────────────────────────────────────────────────────────────────────────────────
]]>
</failure>
<system-out>
<![CDATA[
[[ATTACHMENT|test-results/api-integration-💳-Payment-a4c14-s-Create-Payment-Intent-API-chromium/test-failed-1.png]]

[[ATTACHMENT|test-results/api-integration-💳-Payment-a4c14-s-Create-Payment-Intent-API-chromium/video.webm]]
]]>
</system-out>
</testcase>
<testcase name="💳 Payment API Tests › Get Payment History API" classname="api-integration.spec.ts" time="0.647">
<failure message="api-integration.spec.ts:394:7 Get Payment History API" type="FAILURE">
<![CDATA[  [chromium] › api-integration.spec.ts:394:7 › 💳 Payment API Tests › Get Payment History API ──────

    SyntaxError: Unexpected end of JSON input

      43 |     data: { email, password }
      44 |   });
    > 45 |   const data = await response.json();
         |                ^
      46 |   return data.token;
      47 | }
      48 |
        at getAuthToken (/Users/asithalakmal/Documents/web/final project/WeddingLK-next copy/tests/e2e/api-integration.spec.ts:45:16)
        at /Users/asithalakmal/Documents/web/final project/WeddingLK-next copy/tests/e2e/api-integration.spec.ts:395:19

    attachment #1: screenshot (image/png) ──────────────────────────────────────────────────────────
    ../../test-results/api-integration-💳-Payment-API-Tests-Get-Payment-History-API-chromium/test-failed-1.png
    ────────────────────────────────────────────────────────────────────────────────────────────────

    attachment #2: video (video/webm) ──────────────────────────────────────────────────────────────
    ../../test-results/api-integration-💳-Payment-API-Tests-Get-Payment-History-API-chromium/video.webm
    ────────────────────────────────────────────────────────────────────────────────────────────────
]]>
</failure>
<system-out>
<![CDATA[
[[ATTACHMENT|test-results/api-integration-💳-Payment-API-Tests-Get-Payment-History-API-chromium/test-failed-1.png]]

[[ATTACHMENT|test-results/api-integration-💳-Payment-API-Tests-Get-Payment-History-API-chromium/video.webm]]
]]>
</system-out>
</testcase>
<testcase name="💳 Payment API Tests › Get Payment by ID API" classname="api-integration.spec.ts" time="1.81">
<failure message="api-integration.spec.ts:405:7 Get Payment by ID API" type="FAILURE">
<![CDATA[  [chromium] › api-integration.spec.ts:405:7 › 💳 Payment API Tests › Get Payment by ID API ────────

    SyntaxError: Unexpected end of JSON input

      43 |     data: { email, password }
      44 |   });
    > 45 |   const data = await response.json();
         |                ^
      46 |   return data.token;
      47 | }
      48 |
        at getAuthToken (/Users/asithalakmal/Documents/web/final project/WeddingLK-next copy/tests/e2e/api-integration.spec.ts:45:16)
        at /Users/asithalakmal/Documents/web/final project/WeddingLK-next copy/tests/e2e/api-integration.spec.ts:406:19

    attachment #1: screenshot (image/png) ──────────────────────────────────────────────────────────
    ../../test-results/api-integration-💳-Payment-API-Tests-Get-Payment-by-ID-API-chromium/test-failed-1.png
    ────────────────────────────────────────────────────────────────────────────────────────────────

    attachment #2: video (video/webm) ──────────────────────────────────────────────────────────────
    ../../test-results/api-integration-💳-Payment-API-Tests-Get-Payment-by-ID-API-chromium/video.webm
    ────────────────────────────────────────────────────────────────────────────────────────────────
]]>
</failure>
<system-out>
<![CDATA[
[[ATTACHMENT|test-results/api-integration-💳-Payment-API-Tests-Get-Payment-by-ID-API-chromium/test-failed-1.png]]

[[ATTACHMENT|test-results/api-integration-💳-Payment-API-Tests-Get-Payment-by-ID-API-chromium/video.webm]]
]]>
</system-out>
</testcase>
<testcase name="📊 Dashboard API Tests › Get Dashboard Stats API" classname="api-integration.spec.ts" time="1.673">
<failure message="api-integration.spec.ts:418:7 Get Dashboard Stats API" type="FAILURE">
<![CDATA[  [chromium] › api-integration.spec.ts:418:7 › 📊 Dashboard API Tests › Get Dashboard Stats API ────

    SyntaxError: Unexpected end of JSON input

      43 |     data: { email, password }
      44 |   });
    > 45 |   const data = await response.json();
         |                ^
      46 |   return data.token;
      47 | }
      48 |
        at getAuthToken (/Users/asithalakmal/Documents/web/final project/WeddingLK-next copy/tests/e2e/api-integration.spec.ts:45:16)
        at /Users/asithalakmal/Documents/web/final project/WeddingLK-next copy/tests/e2e/api-integration.spec.ts:419:19

    attachment #1: screenshot (image/png) ──────────────────────────────────────────────────────────
    ../../test-results/api-integration-📊-Dashboa-bf9ef-sts-Get-Dashboard-Stats-API-chromium/test-failed-1.png
    ────────────────────────────────────────────────────────────────────────────────────────────────

    attachment #2: video (video/webm) ──────────────────────────────────────────────────────────────
    ../../test-results/api-integration-📊-Dashboa-bf9ef-sts-Get-Dashboard-Stats-API-chromium/video.webm
    ────────────────────────────────────────────────────────────────────────────────────────────────
]]>
</failure>
<system-out>
<![CDATA[
[[ATTACHMENT|test-results/api-integration-📊-Dashboa-bf9ef-sts-Get-Dashboard-Stats-API-chromium/test-failed-1.png]]

[[ATTACHMENT|test-results/api-integration-📊-Dashboa-bf9ef-sts-Get-Dashboard-Stats-API-chromium/video.webm]]
]]>
</system-out>
</testcase>
<testcase name="📊 Dashboard API Tests › Get Dashboard Activity API" classname="api-integration.spec.ts" time="1.537">
<failure message="api-integration.spec.ts:431:7 Get Dashboard Activity API" type="FAILURE">
<![CDATA[  [chromium] › api-integration.spec.ts:431:7 › 📊 Dashboard API Tests › Get Dashboard Activity API ─

    SyntaxError: Unexpected end of JSON input

      43 |     data: { email, password }
      44 |   });
    > 45 |   const data = await response.json();
         |                ^
      46 |   return data.token;
      47 | }
      48 |
        at getAuthToken (/Users/asithalakmal/Documents/web/final project/WeddingLK-next copy/tests/e2e/api-integration.spec.ts:45:16)
        at /Users/asithalakmal/Documents/web/final project/WeddingLK-next copy/tests/e2e/api-integration.spec.ts:432:19

    attachment #1: screenshot (image/png) ──────────────────────────────────────────────────────────
    ../../test-results/api-integration-📊-Dashboa-0cd31--Get-Dashboard-Activity-API-chromium/test-failed-1.png
    ────────────────────────────────────────────────────────────────────────────────────────────────

    attachment #2: video (video/webm) ──────────────────────────────────────────────────────────────
    ../../test-results/api-integration-📊-Dashboa-0cd31--Get-Dashboard-Activity-API-chromium/video.webm
    ────────────────────────────────────────────────────────────────────────────────────────────────
]]>
</failure>
<system-out>
<![CDATA[
[[ATTACHMENT|test-results/api-integration-📊-Dashboa-0cd31--Get-Dashboard-Activity-API-chromium/test-failed-1.png]]

[[ATTACHMENT|test-results/api-integration-📊-Dashboa-0cd31--Get-Dashboard-Activity-API-chromium/video.webm]]
]]>
</system-out>
</testcase>
<testcase name="📊 Dashboard API Tests › Get User Dashboard Stats API" classname="api-integration.spec.ts" time="2.013">
<failure message="api-integration.spec.ts:442:7 Get User Dashboard Stats API" type="FAILURE">
<![CDATA[  [chromium] › api-integration.spec.ts:442:7 › 📊 Dashboard API Tests › Get User Dashboard Stats API 

    SyntaxError: Unexpected end of JSON input

      43 |     data: { email, password }
      44 |   });
    > 45 |   const data = await response.json();
         |                ^
      46 |   return data.token;
      47 | }
      48 |
        at getAuthToken (/Users/asithalakmal/Documents/web/final project/WeddingLK-next copy/tests/e2e/api-integration.spec.ts:45:16)
        at /Users/asithalakmal/Documents/web/final project/WeddingLK-next copy/tests/e2e/api-integration.spec.ts:443:19

    attachment #1: screenshot (image/png) ──────────────────────────────────────────────────────────
    ../../test-results/api-integration-📊-Dashboa-f50b7-et-User-Dashboard-Stats-API-chromium/test-failed-1.png
    ────────────────────────────────────────────────────────────────────────────────────────────────

    attachment #2: video (video/webm) ──────────────────────────────────────────────────────────────
    ../../test-results/api-integration-📊-Dashboa-f50b7-et-User-Dashboard-Stats-API-chromium/video.webm
    ────────────────────────────────────────────────────────────────────────────────────────────────
]]>
</failure>
<system-out>
<![CDATA[
[[ATTACHMENT|test-results/api-integration-📊-Dashboa-f50b7-et-User-Dashboard-Stats-API-chromium/test-failed-1.png]]

[[ATTACHMENT|test-results/api-integration-📊-Dashboa-f50b7-et-User-Dashboard-Stats-API-chromium/video.webm]]
]]>
</system-out>
</testcase>
<testcase name="📊 Dashboard API Tests › Get Vendor Dashboard Stats API" classname="api-integration.spec.ts" time="2.09">
<failure message="api-integration.spec.ts:453:7 Get Vendor Dashboard Stats API" type="FAILURE">
<![CDATA[  [chromium] › api-integration.spec.ts:453:7 › 📊 Dashboard API Tests › Get Vendor Dashboard Stats API 

    SyntaxError: Unexpected end of JSON input

      43 |     data: { email, password }
      44 |   });
    > 45 |   const data = await response.json();
         |                ^
      46 |   return data.token;
      47 | }
      48 |
        at getAuthToken (/Users/asithalakmal/Documents/web/final project/WeddingLK-next copy/tests/e2e/api-integration.spec.ts:45:16)
        at /Users/asithalakmal/Documents/web/final project/WeddingLK-next copy/tests/e2e/api-integration.spec.ts:454:19

    attachment #1: screenshot (image/png) ──────────────────────────────────────────────────────────
    ../../test-results/api-integration-📊-Dashboa-87572--Vendor-Dashboard-Stats-API-chromium/test-failed-1.png
    ────────────────────────────────────────────────────────────────────────────────────────────────

    attachment #2: video (video/webm) ──────────────────────────────────────────────────────────────
    ../../test-results/api-integration-📊-Dashboa-87572--Vendor-Dashboard-Stats-API-chromium/video.webm
    ────────────────────────────────────────────────────────────────────────────────────────────────
]]>
</failure>
<system-out>
<![CDATA[
[[ATTACHMENT|test-results/api-integration-📊-Dashboa-87572--Vendor-Dashboard-Stats-API-chromium/test-failed-1.png]]

[[ATTACHMENT|test-results/api-integration-📊-Dashboa-87572--Vendor-Dashboard-Stats-API-chromium/video.webm]]
]]>
</system-out>
</testcase>
<testcase name="📊 Dashboard API Tests › Get Admin Dashboard Stats API" classname="api-integration.spec.ts" time="1.595">
<failure message="api-integration.spec.ts:464:7 Get Admin Dashboard Stats API" type="FAILURE">
<![CDATA[  [chromium] › api-integration.spec.ts:464:7 › 📊 Dashboard API Tests › Get Admin Dashboard Stats API 

    SyntaxError: Unexpected end of JSON input

      43 |     data: { email, password }
      44 |   });
    > 45 |   const data = await response.json();
         |                ^
      46 |   return data.token;
      47 | }
      48 |
        at getAuthToken (/Users/asithalakmal/Documents/web/final project/WeddingLK-next copy/tests/e2e/api-integration.spec.ts:45:16)
        at /Users/asithalakmal/Documents/web/final project/WeddingLK-next copy/tests/e2e/api-integration.spec.ts:465:19

    attachment #1: screenshot (image/png) ──────────────────────────────────────────────────────────
    ../../test-results/api-integration-📊-Dashboa-9ac1f-t-Admin-Dashboard-Stats-API-chromium/test-failed-1.png
    ────────────────────────────────────────────────────────────────────────────────────────────────

    attachment #2: video (video/webm) ──────────────────────────────────────────────────────────────
    ../../test-results/api-integration-📊-Dashboa-9ac1f-t-Admin-Dashboard-Stats-API-chromium/video.webm
    ────────────────────────────────────────────────────────────────────────────────────────────────
]]>
</failure>
<system-out>
<![CDATA[
[[ATTACHMENT|test-results/api-integration-📊-Dashboa-9ac1f-t-Admin-Dashboard-Stats-API-chromium/test-failed-1.png]]

[[ATTACHMENT|test-results/api-integration-📊-Dashboa-9ac1f-t-Admin-Dashboard-Stats-API-chromium/video.webm]]
]]>
</system-out>
</testcase>
<testcase name="👥 Wedding Planner API Tests › Get Planner Clients API" classname="api-integration.spec.ts" time="1.443">
<failure message="api-integration.spec.ts:477:7 Get Planner Clients API" type="FAILURE">
<![CDATA[  [chromium] › api-integration.spec.ts:477:7 › 👥 Wedding Planner API Tests › Get Planner Clients API 

    SyntaxError: Unexpected end of JSON input

      43 |     data: { email, password }
      44 |   });
    > 45 |   const data = await response.json();
         |                ^
      46 |   return data.token;
      47 | }
      48 |
        at getAuthToken (/Users/asithalakmal/Documents/web/final project/WeddingLK-next copy/tests/e2e/api-integration.spec.ts:45:16)
        at /Users/asithalakmal/Documents/web/final project/WeddingLK-next copy/tests/e2e/api-integration.spec.ts:478:19

    attachment #1: screenshot (image/png) ──────────────────────────────────────────────────────────
    ../../test-results/api-integration-👥-Wedding-2c0a3-sts-Get-Planner-Clients-API-chromium/test-failed-1.png
    ────────────────────────────────────────────────────────────────────────────────────────────────

    attachment #2: video (video/webm) ──────────────────────────────────────────────────────────────
    ../../test-results/api-integration-👥-Wedding-2c0a3-sts-Get-Planner-Clients-API-chromium/video.webm
    ────────────────────────────────────────────────────────────────────────────────────────────────
]]>
</failure>
<system-out>
<![CDATA[
[[ATTACHMENT|test-results/api-integration-👥-Wedding-2c0a3-sts-Get-Planner-Clients-API-chromium/test-failed-1.png]]

[[ATTACHMENT|test-results/api-integration-👥-Wedding-2c0a3-sts-Get-Planner-Clients-API-chromium/video.webm]]
]]>
</system-out>
</testcase>
<testcase name="👥 Wedding Planner API Tests › Create Planner Client API" classname="api-integration.spec.ts" time="1.541">
<failure message="api-integration.spec.ts:488:7 Create Planner Client API" type="FAILURE">
<![CDATA[  [chromium] › api-integration.spec.ts:488:7 › 👥 Wedding Planner API Tests › Create Planner Client API 

    SyntaxError: Unexpected end of JSON input

      43 |     data: { email, password }
      44 |   });
    > 45 |   const data = await response.json();
         |                ^
      46 |   return data.token;
      47 | }
      48 |
        at getAuthToken (/Users/asithalakmal/Documents/web/final project/WeddingLK-next copy/tests/e2e/api-integration.spec.ts:45:16)
        at /Users/asithalakmal/Documents/web/final project/WeddingLK-next copy/tests/e2e/api-integration.spec.ts:489:19

    attachment #1: screenshot (image/png) ──────────────────────────────────────────────────────────
    ../../test-results/api-integration-👥-Wedding-61866-s-Create-Planner-Client-API-chromium/test-failed-1.png
    ────────────────────────────────────────────────────────────────────────────────────────────────

    attachment #2: video (video/webm) ──────────────────────────────────────────────────────────────
    ../../test-results/api-integration-👥-Wedding-61866-s-Create-Planner-Client-API-chromium/video.webm
    ────────────────────────────────────────────────────────────────────────────────────────────────
]]>
</failure>
<system-out>
<![CDATA[
[[ATTACHMENT|test-results/api-integration-👥-Wedding-61866-s-Create-Planner-Client-API-chromium/test-failed-1.png]]

[[ATTACHMENT|test-results/api-integration-👥-Wedding-61866-s-Create-Planner-Client-API-chromium/video.webm]]
]]>
</system-out>
</testcase>
<testcase name="👥 Wedding Planner API Tests › Get Planner Tasks API" classname="api-integration.spec.ts" time="2.175">
<failure message="api-integration.spec.ts:504:7 Get Planner Tasks API" type="FAILURE">
<![CDATA[  [chromium] › api-integration.spec.ts:504:7 › 👥 Wedding Planner API Tests › Get Planner Tasks API 

    SyntaxError: Unexpected end of JSON input

      43 |     data: { email, password }
      44 |   });
    > 45 |   const data = await response.json();
         |                ^
      46 |   return data.token;
      47 | }
      48 |
        at getAuthToken (/Users/asithalakmal/Documents/web/final project/WeddingLK-next copy/tests/e2e/api-integration.spec.ts:45:16)
        at /Users/asithalakmal/Documents/web/final project/WeddingLK-next copy/tests/e2e/api-integration.spec.ts:505:19

    attachment #1: screenshot (image/png) ──────────────────────────────────────────────────────────
    ../../test-results/api-integration-👥-Wedding-8c90f-Tests-Get-Planner-Tasks-API-chromium/test-failed-1.png
    ────────────────────────────────────────────────────────────────────────────────────────────────

    attachment #2: video (video/webm) ──────────────────────────────────────────────────────────────
    ../../test-results/api-integration-👥-Wedding-8c90f-Tests-Get-Planner-Tasks-API-chromium/video.webm
    ────────────────────────────────────────────────────────────────────────────────────────────────
]]>
</failure>
<system-out>
<![CDATA[
[[ATTACHMENT|test-results/api-integration-👥-Wedding-8c90f-Tests-Get-Planner-Tasks-API-chromium/test-failed-1.png]]

[[ATTACHMENT|test-results/api-integration-👥-Wedding-8c90f-Tests-Get-Planner-Tasks-API-chromium/video.webm]]
]]>
</system-out>
</testcase>
<testcase name="👥 Wedding Planner API Tests › Create Planner Task API" classname="api-integration.spec.ts" time="2.318">
<failure message="api-integration.spec.ts:515:7 Create Planner Task API" type="FAILURE">
<![CDATA[  [chromium] › api-integration.spec.ts:515:7 › 👥 Wedding Planner API Tests › Create Planner Task API 

    SyntaxError: Unexpected end of JSON input

      43 |     data: { email, password }
      44 |   });
    > 45 |   const data = await response.json();
         |                ^
      46 |   return data.token;
      47 | }
      48 |
        at getAuthToken (/Users/asithalakmal/Documents/web/final project/WeddingLK-next copy/tests/e2e/api-integration.spec.ts:45:16)
        at /Users/asithalakmal/Documents/web/final project/WeddingLK-next copy/tests/e2e/api-integration.spec.ts:516:19

    attachment #1: screenshot (image/png) ──────────────────────────────────────────────────────────
    ../../test-results/api-integration-👥-Wedding-2690c-sts-Create-Planner-Task-API-chromium/test-failed-1.png
    ────────────────────────────────────────────────────────────────────────────────────────────────

    attachment #2: video (video/webm) ──────────────────────────────────────────────────────────────
    ../../test-results/api-integration-👥-Wedding-2690c-sts-Create-Planner-Task-API-chromium/video.webm
    ────────────────────────────────────────────────────────────────────────────────────────────────
]]>
</failure>
<system-out>
<![CDATA[
[[ATTACHMENT|test-results/api-integration-👥-Wedding-2690c-sts-Create-Planner-Task-API-chromium/test-failed-1.png]]

[[ATTACHMENT|test-results/api-integration-👥-Wedding-2690c-sts-Create-Planner-Task-API-chromium/video.webm]]
]]>
</system-out>
</testcase>
<testcase name="👑 Admin Management API Tests › Get All Users API" classname="api-integration.spec.ts" time="1.536">
<failure message="api-integration.spec.ts:534:7 Get All Users API" type="FAILURE">
<![CDATA[  [chromium] › api-integration.spec.ts:534:7 › 👑 Admin Management API Tests › Get All Users API ───

    SyntaxError: Unexpected end of JSON input

      43 |     data: { email, password }
      44 |   });
    > 45 |   const data = await response.json();
         |                ^
      46 |   return data.token;
      47 | }
      48 |
        at getAuthToken (/Users/asithalakmal/Documents/web/final project/WeddingLK-next copy/tests/e2e/api-integration.spec.ts:45:16)
        at /Users/asithalakmal/Documents/web/final project/WeddingLK-next copy/tests/e2e/api-integration.spec.ts:535:19

    attachment #1: screenshot (image/png) ──────────────────────────────────────────────────────────
    ../../test-results/api-integration-👑-Admin-M-2be62-API-Tests-Get-All-Users-API-chromium/test-failed-1.png
    ────────────────────────────────────────────────────────────────────────────────────────────────

    attachment #2: video (video/webm) ──────────────────────────────────────────────────────────────
    ../../test-results/api-integration-👑-Admin-M-2be62-API-Tests-Get-All-Users-API-chromium/video.webm
    ────────────────────────────────────────────────────────────────────────────────────────────────
]]>
</failure>
<system-out>
<![CDATA[
[[ATTACHMENT|test-results/api-integration-👑-Admin-M-2be62-API-Tests-Get-All-Users-API-chromium/test-failed-1.png]]

[[ATTACHMENT|test-results/api-integration-👑-Admin-M-2be62-API-Tests-Get-All-Users-API-chromium/video.webm]]
]]>
</system-out>
</testcase>
<testcase name="👑 Admin Management API Tests › Get All Vendors API" classname="api-integration.spec.ts" time="2.036">
<failure message="api-integration.spec.ts:545:7 Get All Vendors API" type="FAILURE">
<![CDATA[  [chromium] › api-integration.spec.ts:545:7 › 👑 Admin Management API Tests › Get All Vendors API ─

    SyntaxError: Unexpected end of JSON input

      43 |     data: { email, password }
      44 |   });
    > 45 |   const data = await response.json();
         |                ^
      46 |   return data.token;
      47 | }
      48 |
        at getAuthToken (/Users/asithalakmal/Documents/web/final project/WeddingLK-next copy/tests/e2e/api-integration.spec.ts:45:16)
        at /Users/asithalakmal/Documents/web/final project/WeddingLK-next copy/tests/e2e/api-integration.spec.ts:546:19

    attachment #1: screenshot (image/png) ──────────────────────────────────────────────────────────
    ../../test-results/api-integration-👑-Admin-M-588b2-I-Tests-Get-All-Vendors-API-chromium/test-failed-1.png
    ────────────────────────────────────────────────────────────────────────────────────────────────

    attachment #2: video (video/webm) ──────────────────────────────────────────────────────────────
    ../../test-results/api-integration-👑-Admin-M-588b2-I-Tests-Get-All-Vendors-API-chromium/video.webm
    ────────────────────────────────────────────────────────────────────────────────────────────────
]]>
</failure>
<system-out>
<![CDATA[
[[ATTACHMENT|test-results/api-integration-👑-Admin-M-588b2-I-Tests-Get-All-Vendors-API-chromium/test-failed-1.png]]

[[ATTACHMENT|test-results/api-integration-👑-Admin-M-588b2-I-Tests-Get-All-Vendors-API-chromium/video.webm]]
]]>
</system-out>
</testcase>
<testcase name="👑 Admin Management API Tests › Update User Role API" classname="api-integration.spec.ts" time="1.468">
<failure message="api-integration.spec.ts:556:7 Update User Role API" type="FAILURE">
<![CDATA[  [chromium] › api-integration.spec.ts:556:7 › 👑 Admin Management API Tests › Update User Role API 

    SyntaxError: Unexpected end of JSON input

      43 |     data: { email, password }
      44 |   });
    > 45 |   const data = await response.json();
         |                ^
      46 |   return data.token;
      47 | }
      48 |
        at getAuthToken (/Users/asithalakmal/Documents/web/final project/WeddingLK-next copy/tests/e2e/api-integration.spec.ts:45:16)
        at /Users/asithalakmal/Documents/web/final project/WeddingLK-next copy/tests/e2e/api-integration.spec.ts:557:19

    attachment #1: screenshot (image/png) ──────────────────────────────────────────────────────────
    ../../test-results/api-integration-👑-Admin-M-426c4--Tests-Update-User-Role-API-chromium/test-failed-1.png
    ────────────────────────────────────────────────────────────────────────────────────────────────

    attachment #2: video (video/webm) ──────────────────────────────────────────────────────────────
    ../../test-results/api-integration-👑-Admin-M-426c4--Tests-Update-User-Role-API-chromium/video.webm
    ────────────────────────────────────────────────────────────────────────────────────────────────
]]>
</failure>
<system-out>
<![CDATA[
[[ATTACHMENT|test-results/api-integration-👑-Admin-M-426c4--Tests-Update-User-Role-API-chromium/test-failed-1.png]]

[[ATTACHMENT|test-results/api-integration-👑-Admin-M-426c4--Tests-Update-User-Role-API-chromium/video.webm]]
]]>
</system-out>
</testcase>
<testcase name="👑 Admin Management API Tests › Get Admin Reports API" classname="api-integration.spec.ts" time="1.81">
<failure message="api-integration.spec.ts:569:7 Get Admin Reports API" type="FAILURE">
<![CDATA[  [chromium] › api-integration.spec.ts:569:7 › 👑 Admin Management API Tests › Get Admin Reports API 

    SyntaxError: Unexpected end of JSON input

      43 |     data: { email, password }
      44 |   });
    > 45 |   const data = await response.json();
         |                ^
      46 |   return data.token;
      47 | }
      48 |
        at getAuthToken (/Users/asithalakmal/Documents/web/final project/WeddingLK-next copy/tests/e2e/api-integration.spec.ts:45:16)
        at /Users/asithalakmal/Documents/web/final project/WeddingLK-next copy/tests/e2e/api-integration.spec.ts:570:19

    attachment #1: screenshot (image/png) ──────────────────────────────────────────────────────────
    ../../test-results/api-integration-👑-Admin-M-bc282-Tests-Get-Admin-Reports-API-chromium/test-failed-1.png
    ────────────────────────────────────────────────────────────────────────────────────────────────

    attachment #2: video (video/webm) ──────────────────────────────────────────────────────────────
    ../../test-results/api-integration-👑-Admin-M-bc282-Tests-Get-Admin-Reports-API-chromium/video.webm
    ────────────────────────────────────────────────────────────────────────────────────────────────
]]>
</failure>
<system-out>
<![CDATA[
[[ATTACHMENT|test-results/api-integration-👑-Admin-M-bc282-Tests-Get-Admin-Reports-API-chromium/test-failed-1.png]]

[[ATTACHMENT|test-results/api-integration-👑-Admin-M-bc282-Tests-Get-Admin-Reports-API-chromium/video.webm]]
]]>
</system-out>
</testcase>
<testcase name="🔍 Search and Filter API Tests › Search Venues API" classname="api-integration.spec.ts" time="4.843">
</testcase>
<testcase name="🔍 Search and Filter API Tests › Search Vendors API" classname="api-integration.spec.ts" time="3.212">
</testcase>
<testcase name="🔍 Search and Filter API Tests › Filter Venues by Price API" classname="api-integration.spec.ts" time="2.484">
</testcase>
<testcase name="📱 Mobile API Tests › Mobile App Data API" classname="api-integration.spec.ts" time="0.559">
<failure message="api-integration.spec.ts:611:7 Mobile App Data API" type="FAILURE">
<![CDATA[  [chromium] › api-integration.spec.ts:611:7 › 📱 Mobile API Tests › Mobile App Data API ───────────

    SyntaxError: Unexpected end of JSON input

      43 |     data: { email, password }
      44 |   });
    > 45 |   const data = await response.json();
         |                ^
      46 |   return data.token;
      47 | }
      48 |
        at getAuthToken (/Users/asithalakmal/Documents/web/final project/WeddingLK-next copy/tests/e2e/api-integration.spec.ts:45:16)
        at /Users/asithalakmal/Documents/web/final project/WeddingLK-next copy/tests/e2e/api-integration.spec.ts:612:19

    attachment #1: screenshot (image/png) ──────────────────────────────────────────────────────────
    ../../test-results/api-integration-📱-Mobile-API-Tests-Mobile-App-Data-API-chromium/test-failed-1.png
    ────────────────────────────────────────────────────────────────────────────────────────────────

    attachment #2: video (video/webm) ──────────────────────────────────────────────────────────────
    ../../test-results/api-integration-📱-Mobile-API-Tests-Mobile-App-Data-API-chromium/video.webm
    ────────────────────────────────────────────────────────────────────────────────────────────────
]]>
</failure>
<system-out>
<![CDATA[
[[ATTACHMENT|test-results/api-integration-📱-Mobile-API-Tests-Mobile-App-Data-API-chromium/test-failed-1.png]]

[[ATTACHMENT|test-results/api-integration-📱-Mobile-API-Tests-Mobile-App-Data-API-chromium/video.webm]]
]]>
</system-out>
</testcase>
<testcase name="📱 Mobile API Tests › Mobile Venues API" classname="api-integration.spec.ts" time="1.349">
<failure message="api-integration.spec.ts:625:7 Mobile Venues API" type="FAILURE">
<![CDATA[  [chromium] › api-integration.spec.ts:625:7 › 📱 Mobile API Tests › Mobile Venues API ─────────────

    SyntaxError: Unexpected end of JSON input

      43 |     data: { email, password }
      44 |   });
    > 45 |   const data = await response.json();
         |                ^
      46 |   return data.token;
      47 | }
      48 |
        at getAuthToken (/Users/asithalakmal/Documents/web/final project/WeddingLK-next copy/tests/e2e/api-integration.spec.ts:45:16)
        at /Users/asithalakmal/Documents/web/final project/WeddingLK-next copy/tests/e2e/api-integration.spec.ts:626:19

    attachment #1: screenshot (image/png) ──────────────────────────────────────────────────────────
    ../../test-results/api-integration-📱-Mobile-API-Tests-Mobile-Venues-API-chromium/test-failed-1.png
    ────────────────────────────────────────────────────────────────────────────────────────────────

    attachment #2: video (video/webm) ──────────────────────────────────────────────────────────────
    ../../test-results/api-integration-📱-Mobile-API-Tests-Mobile-Venues-API-chromium/video.webm
    ────────────────────────────────────────────────────────────────────────────────────────────────
]]>
</failure>
<system-out>
<![CDATA[
[[ATTACHMENT|test-results/api-integration-📱-Mobile-API-Tests-Mobile-Venues-API-chromium/test-failed-1.png]]

[[ATTACHMENT|test-results/api-integration-📱-Mobile-API-Tests-Mobile-Venues-API-chromium/video.webm]]
]]>
</system-out>
</testcase>
<testcase name="🔔 Notification API Tests › Get Notifications API" classname="api-integration.spec.ts" time="0.775">
<failure message="api-integration.spec.ts:641:7 Get Notifications API" type="FAILURE">
<![CDATA[  [chromium] › api-integration.spec.ts:641:7 › 🔔 Notification API Tests › Get Notifications API ───

    SyntaxError: Unexpected end of JSON input

      43 |     data: { email, password }
      44 |   });
    > 45 |   const data = await response.json();
         |                ^
      46 |   return data.token;
      47 | }
      48 |
        at getAuthToken (/Users/asithalakmal/Documents/web/final project/WeddingLK-next copy/tests/e2e/api-integration.spec.ts:45:16)
        at /Users/asithalakmal/Documents/web/final project/WeddingLK-next copy/tests/e2e/api-integration.spec.ts:642:19

    attachment #1: screenshot (image/png) ──────────────────────────────────────────────────────────
    ../../test-results/api-integration-🔔-Notific-9b174-Tests-Get-Notifications-API-chromium/test-failed-1.png
    ────────────────────────────────────────────────────────────────────────────────────────────────

    attachment #2: video (video/webm) ──────────────────────────────────────────────────────────────
    ../../test-results/api-integration-🔔-Notific-9b174-Tests-Get-Notifications-API-chromium/video.webm
    ────────────────────────────────────────────────────────────────────────────────────────────────
]]>
</failure>
<system-out>
<![CDATA[
[[ATTACHMENT|test-results/api-integration-🔔-Notific-9b174-Tests-Get-Notifications-API-chromium/test-failed-1.png]]

[[ATTACHMENT|test-results/api-integration-🔔-Notific-9b174-Tests-Get-Notifications-API-chromium/video.webm]]
]]>
</system-out>
</testcase>
<testcase name="🔔 Notification API Tests › Mark Notification as Read API" classname="api-integration.spec.ts" time="1.396">
<failure message="api-integration.spec.ts:652:7 Mark Notification as Read API" type="FAILURE">
<![CDATA[  [chromium] › api-integration.spec.ts:652:7 › 🔔 Notification API Tests › Mark Notification as Read API 

    SyntaxError: Unexpected end of JSON input

      43 |     data: { email, password }
      44 |   });
    > 45 |   const data = await response.json();
         |                ^
      46 |   return data.token;
      47 | }
      48 |
        at getAuthToken (/Users/asithalakmal/Documents/web/final project/WeddingLK-next copy/tests/e2e/api-integration.spec.ts:45:16)
        at /Users/asithalakmal/Documents/web/final project/WeddingLK-next copy/tests/e2e/api-integration.spec.ts:653:19

    attachment #1: screenshot (image/png) ──────────────────────────────────────────────────────────
    ../../test-results/api-integration-🔔-Notific-6938f-rk-Notification-as-Read-API-chromium/test-failed-1.png
    ────────────────────────────────────────────────────────────────────────────────────────────────

    attachment #2: video (video/webm) ──────────────────────────────────────────────────────────────
    ../../test-results/api-integration-🔔-Notific-6938f-rk-Notification-as-Read-API-chromium/video.webm
    ────────────────────────────────────────────────────────────────────────────────────────────────
]]>
</failure>
<system-out>
<![CDATA[
[[ATTACHMENT|test-results/api-integration-🔔-Notific-6938f-rk-Notification-as-Read-API-chromium/test-failed-1.png]]

[[ATTACHMENT|test-results/api-integration-🔔-Notific-6938f-rk-Notification-as-Read-API-chromium/video.webm]]
]]>
</system-out>
</testcase>
<testcase name="🛡️ Security and Error Handling API Tests › Unauthorized API Access" classname="api-integration.spec.ts" time="2.617">
<failure message="api-integration.spec.ts:665:7 Unauthorized API Access" type="FAILURE">
<![CDATA[  [chromium] › api-integration.spec.ts:665:7 › 🛡️ Security and Error Handling API Tests › Unauthorized API Access 

    Error: expect(received).toContain(expected) // indexOf

    Expected substring: "Unauthorized"
    Received string:    "Authentication required"

      668 |     
      669 |     const data = await response.json();
    > 670 |     expect(data.error).toContain('Unauthorized');
          |                        ^
      671 |   });
      672 |
      673 |   test('Invalid Token API Access', async ({ page }) => {
        at /Users/asithalakmal/Documents/web/final project/WeddingLK-next copy/tests/e2e/api-integration.spec.ts:670:24

    attachment #1: screenshot (image/png) ──────────────────────────────────────────────────────────
    ../../test-results/api-integration-🛡️-Securi-b5273-sts-Unauthorized-API-Access-chromium/test-failed-1.png
    ────────────────────────────────────────────────────────────────────────────────────────────────

    attachment #2: video (video/webm) ──────────────────────────────────────────────────────────────
    ../../test-results/api-integration-🛡️-Securi-b5273-sts-Unauthorized-API-Access-chromium/video.webm
    ────────────────────────────────────────────────────────────────────────────────────────────────
]]>
</failure>
<system-out>
<![CDATA[
[[ATTACHMENT|test-results/api-integration-🛡️-Securi-b5273-sts-Unauthorized-API-Access-chromium/test-failed-1.png]]

[[ATTACHMENT|test-results/api-integration-🛡️-Securi-b5273-sts-Unauthorized-API-Access-chromium/video.webm]]
]]>
</system-out>
</testcase>
<testcase name="🛡️ Security and Error Handling API Tests › Invalid Token API Access" classname="api-integration.spec.ts" time="1.683">
</testcase>
<testcase name="🛡️ Security and Error Handling API Tests › Rate Limiting API" classname="api-integration.spec.ts" time="15.357">
<failure message="api-integration.spec.ts:680:7 Rate Limiting API" type="FAILURE">
<![CDATA[  [chromium] › api-integration.spec.ts:680:7 › 🛡️ Security and Error Handling API Tests › Rate Limiting API 

    Error: expect(received).toBeGreaterThan(expected)

    Expected: > 0
    Received:   0

      688 |     
      689 |     // At least one request should be rate limited
    > 690 |     expect(rateLimitedResponses.length).toBeGreaterThan(0);
          |                                         ^
      691 |   });
      692 |
      693 |   test('Input Validation API', async ({ page }) => {
        at /Users/asithalakmal/Documents/web/final project/WeddingLK-next copy/tests/e2e/api-integration.spec.ts:690:41

    attachment #1: screenshot (image/png) ──────────────────────────────────────────────────────────
    ../../test-results/api-integration-🛡️-Securi-733b3-API-Tests-Rate-Limiting-API-chromium/test-failed-1.png
    ────────────────────────────────────────────────────────────────────────────────────────────────

    attachment #2: video (video/webm) ──────────────────────────────────────────────────────────────
    ../../test-results/api-integration-🛡️-Securi-733b3-API-Tests-Rate-Limiting-API-chromium/video.webm
    ────────────────────────────────────────────────────────────────────────────────────────────────
]]>
</failure>
<system-out>
<![CDATA[
[[ATTACHMENT|test-results/api-integration-🛡️-Securi-733b3-API-Tests-Rate-Limiting-API-chromium/test-failed-1.png]]

[[ATTACHMENT|test-results/api-integration-🛡️-Securi-733b3-API-Tests-Rate-Limiting-API-chromium/video.webm]]
]]>
</system-out>
</testcase>
<testcase name="🛡️ Security and Error Handling API Tests › Input Validation API" classname="api-integration.spec.ts" time="1.295">
<failure message="api-integration.spec.ts:693:7 Input Validation API" type="FAILURE">
<![CDATA[  [chromium] › api-integration.spec.ts:693:7 › 🛡️ Security and Error Handling API Tests › Input Validation API 

    Error: expect(received).toBeDefined()

    Received: undefined

      702 |     expect(response.status()).toBe(400);
      703 |     const data = await response.json();
    > 704 |     expect(data.errors).toBeDefined();
          |                         ^
      705 |   });
      706 | });
      707 |
        at /Users/asithalakmal/Documents/web/final project/WeddingLK-next copy/tests/e2e/api-integration.spec.ts:704:25

    attachment #1: screenshot (image/png) ──────────────────────────────────────────────────────────
    ../../test-results/api-integration-🛡️-Securi-8d139--Tests-Input-Validation-API-chromium/test-failed-1.png
    ────────────────────────────────────────────────────────────────────────────────────────────────

    attachment #2: video (video/webm) ──────────────────────────────────────────────────────────────
    ../../test-results/api-integration-🛡️-Securi-8d139--Tests-Input-Validation-API-chromium/video.webm
    ────────────────────────────────────────────────────────────────────────────────────────────────
]]>
</failure>
<system-out>
<![CDATA[
[[ATTACHMENT|test-results/api-integration-🛡️-Securi-8d139--Tests-Input-Validation-API-chromium/test-failed-1.png]]

[[ATTACHMENT|test-results/api-integration-🛡️-Securi-8d139--Tests-Input-Validation-API-chromium/video.webm]]
]]>
</system-out>
</testcase>
<testcase name="📊 Analytics and Monitoring API Tests › Performance Monitoring API" classname="api-integration.spec.ts" time="8.816">
<failure message="api-integration.spec.ts:709:7 Performance Monitoring API" type="FAILURE">
<![CDATA[  [chromium] › api-integration.spec.ts:709:7 › 📊 Analytics and Monitoring API Tests › Performance Monitoring API 

    Error: expect(received).toBeDefined()

    Received: undefined

      713 |     const data = await response.json();
      714 |     expect(data.success).toBe(true);
    > 715 |     expect(data.metrics).toBeDefined();
          |                          ^
      716 |   });
      717 |
      718 |   test('Health Check API', async ({ page }) => {
        at /Users/asithalakmal/Documents/web/final project/WeddingLK-next copy/tests/e2e/api-integration.spec.ts:715:26

    attachment #1: screenshot (image/png) ──────────────────────────────────────────────────────────
    ../../test-results/api-integration-📊-Analyti-8d4fe--Performance-Monitoring-API-chromium/test-failed-1.png
    ────────────────────────────────────────────────────────────────────────────────────────────────

    attachment #2: video (video/webm) ──────────────────────────────────────────────────────────────
    ../../test-results/api-integration-📊-Analyti-8d4fe--Performance-Monitoring-API-chromium/video.webm
    ────────────────────────────────────────────────────────────────────────────────────────────────
]]>
</failure>
<system-out>
<![CDATA[
[[ATTACHMENT|test-results/api-integration-📊-Analyti-8d4fe--Performance-Monitoring-API-chromium/test-failed-1.png]]

[[ATTACHMENT|test-results/api-integration-📊-Analyti-8d4fe--Performance-Monitoring-API-chromium/video.webm]]
]]>
</system-out>
</testcase>
<testcase name="📊 Analytics and Monitoring API Tests › Health Check API" classname="api-integration.spec.ts" time="72.984">
<failure message="api-integration.spec.ts:718:7 Health Check API" type="FAILURE">
<![CDATA[  [chromium] › api-integration.spec.ts:718:7 › 📊 Analytics and Monitoring API Tests › Health Check API 

    TimeoutError: apiRequestContext.get: Timeout 60000ms exceeded.
    Call log:
      - → GET https://wedding-4twyhvelc-asithalkonaras-projects.vercel.app/api/health
        - user-agent: Mozilla/5.0 (Windows NT 10.0; Win64; x64) AppleWebKit/537.36 (KHTML, like Gecko) Chrome/141.0.7390.37 Safari/537.36
        - accept: */*
        - accept-encoding: gzip,deflate,br


      717 |
      718 |   test('Health Check API', async ({ page }) => {
    > 719 |     const response = await page.request.get('/api/health');
          |                                         ^
      720 |     expect(response.status()).toBe(200);
      721 |     
      722 |     const data = await response.json();
        at /Users/asithalakmal/Documents/web/final project/WeddingLK-next copy/tests/e2e/api-integration.spec.ts:719:41

    attachment #1: screenshot (image/png) ──────────────────────────────────────────────────────────
    ../../test-results/api-integration-📊-Analyti-e1193--API-Tests-Health-Check-API-chromium/test-failed-1.png
    ────────────────────────────────────────────────────────────────────────────────────────────────

    attachment #2: video (video/webm) ──────────────────────────────────────────────────────────────
    ../../test-results/api-integration-📊-Analyti-e1193--API-Tests-Health-Check-API-chromium/video.webm
    ────────────────────────────────────────────────────────────────────────────────────────────────
]]>
</failure>
<system-out>
<![CDATA[
[[ATTACHMENT|test-results/api-integration-📊-Analyti-e1193--API-Tests-Health-Check-API-chromium/test-failed-1.png]]

[[ATTACHMENT|test-results/api-integration-📊-Analyti-e1193--API-Tests-Health-Check-API-chromium/video.webm]]
]]>
</system-out>
</testcase>
[...]
<![CDATA[  [Mobile Chrome] › user-journey-tests.spec.ts:24:9 › 🚀 User Journey Tests - Phase 4 › 👰 Bride/Groom Wedding Planning Journey › ✅ Complete bride journey: Explore > Favorite > Book vendor 

    Error: expect(locator).toContainText(expected) failed

    Locator: locator('h1, h2')
    Expected pattern: /Wedding|Venue|Vendor/
    Error: strict mode violation: locator('h1, h2') resolved to 4 elements:
        1) <h1 class="text-4xl md:text-6xl font-bold text-gray-900 dark:text-white mb-6">…</h1> aka getByRole('heading', { name: 'Find Your Perfect Wedding' })
        2) <h2 class="text-3xl font-bold tracking-tight text-gray-900 dark:text-white sm:text-4xl">Everything You Need for Your Perfect Day</h2> aka getByRole('heading', { name: 'Everything You Need for Your' })
        3) <h2 class="text-4xl md:text-5xl font-bold mb-6 bg-gradient-to-r from-pink-600 to-purple-600 bg-clip-text text-transparent">Numbers That Tell Our Story</h2> aka getByRole('heading', { name: 'Numbers That Tell Our Story' })
        4) <h2 class="text-3xl font-bold text-white sm:text-4xl">Ready to Start Planning?</h2> aka getByRole('heading', { name: 'Ready to Start Planning?' })

    Call log:
      - Expect "toContainText" with timeout 30000ms
      - waiting for locator('h1, h2')


      25 |       // Step 1: Browse homepage
      26 |       await page.goto('/')
    > 27 |       await expect(page.locator('h1, h2')).toContainText(/Wedding|Venue|Vendor/)
         |                                            ^
      28 |
      29 |       // Step 2: View venues
      30 |       const venuesLink = page.locator('a[href="/venues"], a:has-text("Venues")')
        at /Users/asithalakmal/Documents/web/final project/WeddingLK-next copy/tests/e2e/user-journey-tests.spec.ts:27:44

    attachment #1: screenshot (image/png) ──────────────────────────────────────────────────────────
    ../../test-results/user-journey-tests-🚀-User-46e41-xplore-Favorite-Book-vendor-Mobile-Chrome/test-failed-1.png
    ────────────────────────────────────────────────────────────────────────────────────────────────

    attachment #2: video (video/webm) ──────────────────────────────────────────────────────────────
    ../../test-results/user-journey-tests-🚀-User-46e41-xplore-Favorite-Book-vendor-Mobile-Chrome/video.webm
    ────────────────────────────────────────────────────────────────────────────────────────────────

    Error Context: ../../test-results/user-journey-tests-🚀-User-46e41-xplore-Favorite-Book-vendor-Mobile-Chrome/error-context.md
]]>
</failure>
<system-out>
<![CDATA[
[[ATTACHMENT|test-results/user-journey-tests-🚀-User-46e41-xplore-Favorite-Book-vendor-Mobile-Chrome/test-failed-1.png]]

[[ATTACHMENT|test-results/user-journey-tests-🚀-User-46e41-xplore-Favorite-Book-vendor-Mobile-Chrome/video.webm]]

[[ATTACHMENT|test-results/user-journey-tests-🚀-User-46e41-xplore-Favorite-Book-vendor-Mobile-Chrome/error-context.md]]
]]>
</system-out>
</testcase>
<testcase name="🚀 User Journey Tests - Phase 4 › 👰 Bride/Groom Wedding Planning Journey › ✅ User discovery journey: Search &gt; Filter &gt; View details" classname="user-journey-tests.spec.ts" time="18.673">
<failure message="user-journey-tests.spec.ts:50:9 ✅ User discovery journey: Search &gt; Filter &gt; View details" type="FAILURE">
<![CDATA[  [Mobile Chrome] › user-journey-tests.spec.ts:50:9 › 🚀 User Journey Tests - Phase 4 › 👰 Bride/Groom Wedding Planning Journey › ✅ User discovery journey: Search > Filter > View details 

    TimeoutError: page.waitForURL: Timeout 10000ms exceeded.
    =========================== logs ===========================
    waiting for navigation until "load"
    ============================================================

      12 |   await page.fill('input[name="password"]', password)
      13 |   await page.click('button[type="submit"]')
    > 14 |   await page.waitForURL(/\/dashboard/, { timeout: 10000 })
         |              ^
      15 | }
      16 |
      17 | test.describe('🚀 User Journey Tests - Phase 4', () => {
        at login (/Users/asithalakmal/Documents/web/final project/WeddingLK-next copy/tests/e2e/user-journey-tests.spec.ts:14:14)
        at /Users/asithalakmal/Documents/web/final project/WeddingLK-next copy/tests/e2e/user-journey-tests.spec.ts:51:7

    attachment #1: screenshot (image/png) ──────────────────────────────────────────────────────────
    ../../test-results/user-journey-tests-🚀-User-07f13--Search-Filter-View-details-Mobile-Chrome/test-failed-1.png
    ────────────────────────────────────────────────────────────────────────────────────────────────

    attachment #2: video (video/webm) ──────────────────────────────────────────────────────────────
    ../../test-results/user-journey-tests-🚀-User-07f13--Search-Filter-View-details-Mobile-Chrome/video.webm
    ────────────────────────────────────────────────────────────────────────────────────────────────

    Error Context: ../../test-results/user-journey-tests-🚀-User-07f13--Search-Filter-View-details-Mobile-Chrome/error-context.md
]]>
</failure>
<system-out>
<![CDATA[
[[ATTACHMENT|test-results/user-journey-tests-🚀-User-07f13--Search-Filter-View-details-Mobile-Chrome/test-failed-1.png]]

[[ATTACHMENT|test-results/user-journey-tests-🚀-User-07f13--Search-Filter-View-details-Mobile-Chrome/video.webm]]

[[ATTACHMENT|test-results/user-journey-tests-🚀-User-07f13--Search-Filter-View-details-Mobile-Chrome/error-context.md]]
]]>
</system-out>
</testcase>
<testcase name="🚀 User Journey Tests - Phase 4 › 👰 Bride/Groom Wedding Planning Journey › ✅ User favorites journey: Add &gt; View &gt; Remove" classname="user-journey-tests.spec.ts" time="5.602">
</testcase>
<testcase name="🚀 User Journey Tests - Phase 4 › 👰 Bride/Groom Wedding Planning Journey › ✅ User booking inquiry journey" classname="user-journey-tests.spec.ts" time="19.345">
</testcase>
<testcase name="🚀 User Journey Tests - Phase 4 › 👰 Bride/Groom Wedding Planning Journey › ✅ User profile completion journey" classname="user-journey-tests.spec.ts" time="9.148">
</testcase>
<testcase name="🚀 User Journey Tests - Phase 4 › 👰 Bride/Groom Wedding Planning Journey › ✅ User settings &amp; preferences journey" classname="user-journey-tests.spec.ts" time="8.906">
</testcase>
<testcase name="🚀 User Journey Tests - Phase 4 › 📸 Vendor Business Journey › ✅ Complete vendor onboarding &amp; service setup" classname="user-journey-tests.spec.ts" time="8.401">
</testcase>
<testcase name="🚀 User Journey Tests - Phase 4 › 📸 Vendor Business Journey › ✅ Vendor booking management journey" classname="user-journey-tests.spec.ts" time="7.493">
</testcase>
<testcase name="🚀 User Journey Tests - Phase 4 › 📸 Vendor Business Journey › ✅ Vendor profile &amp; portfolio journey" classname="user-journey-tests.spec.ts" time="4.275">
</testcase>
<testcase name="🚀 User Journey Tests - Phase 4 › 📸 Vendor Business Journey › ✅ Vendor performance tracking journey" classname="user-journey-tests.spec.ts" time="6.054">
</testcase>
<testcase name="🚀 User Journey Tests - Phase 4 › 📸 Vendor Business Journey › ✅ Vendor service pricing journey" classname="user-journey-tests.spec.ts" time="4.456">
</testcase>
<testcase name="🚀 User Journey Tests - Phase 4 › 👑 Admin Platform Management Journey › ✅ Admin user management journey" classname="user-journey-tests.spec.ts" time="5.164">
</testcase>
<testcase name="🚀 User Journey Tests - Phase 4 › 👑 Admin Platform Management Journey › ✅ Admin analytics &amp; reporting journey" classname="user-journey-tests.spec.ts" time="8.258">
</testcase>
<testcase name="🚀 User Journey Tests - Phase 4 › 👑 Admin Platform Management Journey › ✅ Admin platform settings journey" classname="user-journey-tests.spec.ts" time="7.253">
</testcase>
<testcase name="🚀 User Journey Tests - Phase 4 › 👑 Admin Platform Management Journey › ✅ Admin content moderation journey" classname="user-journey-tests.spec.ts" time="8.839">
</testcase>
<testcase name="🚀 User Journey Tests - Phase 4 › 🔄 Cross-Platform User Journeys › ✅ Desktop to mobile navigation journey" classname="user-journey-tests.spec.ts" time="4.537">
</testcase>
<testcase name="🚀 User Journey Tests - Phase 4 › 🔄 Cross-Platform User Journeys › ✅ Public to authenticated user journey" classname="user-journey-tests.spec.ts" time="8.323">
<failure message="user-journey-tests.spec.ts:255:9 ✅ Public to authenticated user journey" type="FAILURE">
<![CDATA[  [Mobile Chrome] › user-journey-tests.spec.ts:255:9 › 🚀 User Journey Tests - Phase 4 › 🔄 Cross-Platform User Journeys › ✅ Public to authenticated user journey 

    Error: locator.isVisible: Error: strict mode violation: locator('a[href="/venues"], a:has-text("Venues")') resolved to 2 elements:
        1) <a href="/venues" class="text-gray-700 hover:text-rose-500 dark:text-gray-300 dark:hover:text-rose-400 font-medium transition-colors">Venues</a> aka getByRole('banner').getByText('Venues')
        2) <a href="/venues" class="hover:text-white transition-colors">Venues</a> aka getByRole('link', { name: 'Venues' })

    Call log:
        - checking visibility of locator('a[href="/venues"], a:has-text("Venues")')


      257 |       await page.goto('/')
      258 |       const venuesLink = page.locator('a[href="/venues"], a:has-text("Venues")')
    > 259 |       if (await venuesLink.isVisible()) {
          |                            ^
      260 |         await venuesLink.first().click()
      261 |       }
      262 |
        at /Users/asithalakmal/Documents/web/final project/WeddingLK-next copy/tests/e2e/user-journey-tests.spec.ts:259:28

    attachment #1: screenshot (image/png) ──────────────────────────────────────────────────────────
    ../../test-results/user-journey-tests-🚀-User-ac4ca--authenticated-user-journey-Mobile-Chrome/test-failed-1.png
    ────────────────────────────────────────────────────────────────────────────────────────────────

    attachment #2: video (video/webm) ──────────────────────────────────────────────────────────────
    ../../test-results/user-journey-tests-🚀-User-ac4ca--authenticated-user-journey-Mobile-Chrome/video.webm
    ────────────────────────────────────────────────────────────────────────────────────────────────

    Error Context: ../../test-results/user-journey-tests-🚀-User-ac4ca--authenticated-user-journey-Mobile-Chrome/error-context.md
]]>
</failure>
<system-out>
<![CDATA[
[[ATTACHMENT|test-results/user-journey-tests-🚀-User-ac4ca--authenticated-user-journey-Mobile-Chrome/test-failed-1.png]]

[[ATTACHMENT|test-results/user-journey-tests-🚀-User-ac4ca--authenticated-user-journey-Mobile-Chrome/video.webm]]

[[ATTACHMENT|test-results/user-journey-tests-🚀-User-ac4ca--authenticated-user-journey-Mobile-Chrome/error-context.md]]
]]>
</system-out>
</testcase>
<testcase name="🚀 User Journey Tests - Phase 4 › 🔄 Cross-Platform User Journeys › ✅ Multi-tab session persistence journey" classname="user-journey-tests.spec.ts" time="10.788">
</testcase>
<testcase name="🚀 User Journey Tests - Phase 4 › 🔄 Cross-Platform User Journeys › ✅ Search to details to booking journey" classname="user-journey-tests.spec.ts" time="5.115">
</testcase>
<testcase name="🚀 User Journey Tests - Phase 4 › 🔄 Error Recovery Journeys › ✅ Login failure recovery journey" classname="user-journey-tests.spec.ts" time="5.363">
</testcase>
<testcase name="🚀 User Journey Tests - Phase 4 › 🔄 Error Recovery Journeys › ✅ Network error recovery journey" classname="user-journey-tests.spec.ts" time="2.337">
<failure message="user-journey-tests.spec.ts:335:9 ✅ Network error recovery journey" type="FAILURE">
<![CDATA[  [Mobile Chrome] › user-journey-tests.spec.ts:335:9 › 🚀 User Journey Tests - Phase 4 › 🔄 Error Recovery Journeys › ✅ Network error recovery journey 

    Error: locator.isVisible: Error: strict mode violation: locator('a[href="/venues"]') resolved to 2 elements:
        1) <a href="/venues" class="text-gray-700 hover:text-rose-500 dark:text-gray-300 dark:hover:text-rose-400 font-medium transition-colors">Venues</a> aka getByRole('banner').getByText('Venues')
        2) <a href="/venues" class="hover:text-white transition-colors">Venues</a> aka getByRole('link', { name: 'Venues' })

    Call log:
        - checking visibility of locator('a[href="/venues"]')


      342 |       // Try to navigate
      343 |       const venuesLink = page.locator('a[href="/venues"]')
    > 344 |       if (await venuesLink.isVisible()) {
          |                            ^
      345 |         await venuesLink.first().click()
      346 |       }
      347 |
        at /Users/asithalakmal/Documents/web/final project/WeddingLK-next copy/tests/e2e/user-journey-tests.spec.ts:344:28

    attachment #1: screenshot (image/png) ──────────────────────────────────────────────────────────
    ../../test-results/user-journey-tests-🚀-User-be996-work-error-recovery-journey-Mobile-Chrome/test-failed-1.png
    ────────────────────────────────────────────────────────────────────────────────────────────────

    attachment #2: video (video/webm) ──────────────────────────────────────────────────────────────
    ../../test-results/user-journey-tests-🚀-User-be996-work-error-recovery-journey-Mobile-Chrome/video.webm
    ────────────────────────────────────────────────────────────────────────────────────────────────

    Error Context: ../../test-results/user-journey-tests-🚀-User-be996-work-error-recovery-journey-Mobile-Chrome/error-context.md
]]>
</failure>
<system-out>
<![CDATA[
[[ATTACHMENT|test-results/user-journey-tests-🚀-User-be996-work-error-recovery-journey-Mobile-Chrome/test-failed-1.png]]

[[ATTACHMENT|test-results/user-journey-tests-🚀-User-be996-work-error-recovery-journey-Mobile-Chrome/video.webm]]

[[ATTACHMENT|test-results/user-journey-tests-🚀-User-be996-work-error-recovery-journey-Mobile-Chrome/error-context.md]]
]]>
</system-out>
</testcase>
<testcase name="🚀 User Journey Tests - Phase 4 › 🔄 Error Recovery Journeys › ✅ Page timeout recovery journey" classname="user-journey-tests.spec.ts" time="8.467">
</testcase>
<testcase name="🚀 User Journey Tests - Phase 4 › 🔄 Error Recovery Journeys › ✅ 404 error recovery journey" classname="user-journey-tests.spec.ts" time="1.448">
</testcase>
<testcase name="🚀 User Journey Tests - Phase 4 › 🔄 Error Recovery Journeys › ✅ Session expiry recovery journey" classname="user-journey-tests.spec.ts" time="6.817">
</testcase>
<testcase name="🚀 User Journey Tests - Phase 4 › 🎯 Feature-Specific Journeys › ✅ Complete venue search journey" classname="user-journey-tests.spec.ts" time="2.584">
</testcase>
<testcase name="🚀 User Journey Tests - Phase 4 › 🎯 Feature-Specific Journeys › ✅ Complete vendor discovery journey" classname="user-journey-tests.spec.ts" time="3.648">
</testcase>
<testcase name="🚀 User Journey Tests - Phase 4 › 🎯 Feature-Specific Journeys › ✅ Complete AI search journey" classname="user-journey-tests.spec.ts" time="8.254">
</testcase>
<testcase name="🚀 User Journey Tests - Phase 4 › 🎯 Feature-Specific Journeys › ✅ Complete review &amp; rating journey" classname="user-journey-tests.spec.ts" time="5.958">
</testcase>
<testcase name="🚀 User Journey Tests - Phase 4 › 🎯 Feature-Specific Journeys › ✅ Complete checkout journey" classname="user-journey-tests.spec.ts" time="5.737">
</testcase>
</testsuite>
<testsuite name="user-journey.spec.ts" timestamp="2025-10-27T06:34:37.600Z" hostname="Mobile Chrome" tests="6" failures="0" skipped="6" time="0" errors="0">
<testcase name="DISABLED  › DISABLED: End-to-End Wedding Planning Journey" classname="user-journey.spec.ts" time="0">
<properties>
<property name="skip" value="">
</property>
<property name="skip" value="">
</property>
</properties>
<skipped>
</skipped>
</testcase>
<testcase name="DISABLED: 📸 Vendor Business Journey › DISABLED: Complete Vendor Onboarding and Management Journey" classname="user-journey.spec.ts" time="0">
<properties>
<property name="skip" value="">
</property>
<property name="skip" value="">
</property>
</properties>
<skipped>
</skipped>
</testcase>
<testcase name="DISABLED: 👰 Wedding Planner Professional Journey › DISABLED: Complete Wedding Planner Workflow" classname="user-journey.spec.ts" time="0">
<properties>
<property name="skip" value="">
</property>
<property name="skip" value="">
</property>
</properties>
<skipped>
</skipped>
</testcase>
<testcase name="DISABLED: 👑 Admin Platform Management Journey › DISABLED: Complete Admin Platform Management" classname="user-journey.spec.ts" time="0">
<properties>
<property name="skip" value="">
</property>
<property name="skip" value="">
</property>
</properties>
<skipped>
</skipped>
</testcase>
<testcase name="DISABLED: 🔄 Cross-Platform Integration Journey › DISABLED: Mobile and Web Integration" classname="user-journey.spec.ts" time="0">
<properties>
<property name="skip" value="">
</property>
<property name="skip" value="">
</property>
</properties>
<skipped>
</skipped>
</testcase>
<testcase name="DISABLED: 🚨 Error Handling and Recovery Journey › DISABLED: Application Error Recovery" classname="user-journey.spec.ts" time="0">
<properties>
<property name="skip" value="">
</property>
<property name="skip" value="">
</property>
</properties>
<skipped>
</skipped>
</testcase>
</testsuite>
<testsuite name="vendor.spec.ts" timestamp="2025-10-27T06:34:37.600Z" hostname="Mobile Chrome" tests="5" failures="0" skipped="5" time="0" errors="0">
<testcase name="Vendor Management › DISABLED: Vendor registration and onboarding" classname="vendor.spec.ts" time="0">
<properties>
<property name="skip" value="">
</property>
</properties>
<skipped>
</skipped>
</testcase>
<testcase name="Vendor Management › DISABLED: Vendor service creation and portfolio upload" classname="vendor.spec.ts" time="0">
<properties>
<property name="skip" value="">
</property>
</properties>
<skipped>
</skipped>
</testcase>
<testcase name="Vendor Management › DISABLED: Vendor booking management" classname="vendor.spec.ts" time="0">
<properties>
<property name="skip" value="">
</property>
</properties>
<skipped>
</skipped>
</testcase>
<testcase name="Vendor Management › DISABLED: Vendor profile and portfolio management" classname="vendor.spec.ts" time="0">
<properties>
<property name="skip" value="">
</property>
</properties>
<skipped>
</skipped>
</testcase>
<testcase name="Vendor Management › DISABLED: Vendor analytics and performance tracking" classname="vendor.spec.ts" time="0">
<properties>
<property name="skip" value="">
</property>
</properties>
<skipped>
</skipped>
</testcase>
</testsuite>
<testsuite name="venue.spec.ts" timestamp="2025-10-27T06:34:37.600Z" hostname="Mobile Chrome" tests="6" failures="0" skipped="6" time="0" errors="0">
<testcase name="Venue Management › DISABLED: Venue search and filtering" classname="venue.spec.ts" time="0">
<properties>
<property name="skip" value="">
</property>
</properties>
<skipped>
</skipped>
</testcase>
<testcase name="Venue Management › DISABLED: Venue details and booking inquiry" classname="venue.spec.ts" time="0">
<properties>
<property name="skip" value="">
</property>
</properties>
<skipped>
</skipped>
</testcase>
<testcase name="Venue Management › DISABLED: Venue availability calendar" classname="venue.spec.ts" time="0">
<properties>
<property name="skip" value="">
</property>
</properties>
<skipped>
</skipped>
</testcase>
<testcase name="Venue Management › DISABLED: Venue reviews and ratings" classname="venue.spec.ts" time="0">
<properties>
<property name="skip" value="">
</property>
</properties>
<skipped>
</skipped>
</testcase>
<testcase name="Venue Management › DISABLED: Venue owner management" classname="venue.spec.ts" time="0">
<properties>
<property name="skip" value="">
</property>
</properties>
<skipped>
</skipped>
</testcase>
<testcase name="Venue Management › DISABLED: Venue booking management" classname="venue.spec.ts" time="0">
<properties>
<property name="skip" value="">
</property>
</properties>
<skipped>
</skipped>
</testcase>
</testsuite>
</testsuites>