<testsuites id="" name="" tests="1185" failures="0" skipped="1185" errors="0" time="3.9057579999999996">
<testsuite name="api-integration.spec.ts" timestamp="2025-10-27T10:01:20.230Z" hostname="chromium" tests="55" failures="0" skipped="55" time="0" errors="0">
<testcase name="🔐 Authentication API Tests › DISABLED: User Registration API" classname="api-integration.spec.ts" time="0">
<properties>
<property name="skip" value="">
</property>
</properties>
<skipped>
</skipped>
</testcase>
<testcase name="🔐 Authentication API Tests › DISABLED: User Login API" classname="api-integration.spec.ts" time="0">
<properties>
<property name="skip" value="">
</property>
</properties>
<skipped>
</skipped>
</testcase>
<testcase name="🔐 Authentication API Tests › Invalid Login API" classname="api-integration.spec.ts" time="0">
<skipped>
</skipped>
</testcase>
<testcase name="🔐 Authentication API Tests › DISABLED: Password Reset API" classname="api-integration.spec.ts" time="0">
<properties>
<property name="skip" value="">
</property>
</properties>
<skipped>
</skipped>
</testcase>
<testcase name="🔐 Authentication API Tests › Email Verification API" classname="api-integration.spec.ts" time="0">
<skipped>
</skipped>
</testcase>
<testcase name="👤 User Management API Tests › Get User Profile API" classname="api-integration.spec.ts" time="0">
<skipped>
</skipped>
</testcase>
<testcase name="👤 User Management API Tests › Update User Profile API" classname="api-integration.spec.ts" time="0">
<skipped>
</skipped>
</testcase>
<testcase name="👤 User Management API Tests › Get User Favorites API" classname="api-integration.spec.ts" time="0">
<skipped>
</skipped>
</testcase>
<testcase name="👤 User Management API Tests › Add User Favorite API" classname="api-integration.spec.ts" time="0">
<skipped>
</skipped>
</testcase>
<testcase name="🏢 Vendor Management API Tests › DISABLED: Vendor Registration API" classname="api-integration.spec.ts" time="0">
<properties>
<property name="skip" value="">
</property>
</properties>
<skipped>
</skipped>
</testcase>
<testcase name="🏢 Vendor Management API Tests › Get Vendor Services API" classname="api-integration.spec.ts" time="0">
<skipped>
</skipped>
</testcase>
<testcase name="🏢 Vendor Management API Tests › Create Vendor Service API" classname="api-integration.spec.ts" time="0">
<skipped>
</skipped>
</testcase>
<testcase name="🏢 Vendor Management API Tests › Update Vendor Service API" classname="api-integration.spec.ts" time="0">
<skipped>
</skipped>
</testcase>
<testcase name="🏢 Vendor Management API Tests › Delete Vendor Service API" classname="api-integration.spec.ts" time="0">
<skipped>
</skipped>
</testcase>
<testcase name="🏢 Vendor Management API Tests › Get Vendor Analytics API" classname="api-integration.spec.ts" time="0">
<skipped>
</skipped>
</testcase>
<testcase name="📅 Booking Management API Tests › Create Booking API" classname="api-integration.spec.ts" time="0">
<skipped>
</skipped>
</testcase>
<testcase name="📅 Booking Management API Tests › Get User Bookings API" classname="api-integration.spec.ts" time="0">
<skipped>
</skipped>
</testcase>
<testcase name="📅 Booking Management API Tests › Update Booking API" classname="api-integration.spec.ts" time="0">
<skipped>
</skipped>
</testcase>
<testcase name="📅 Booking Management API Tests › Cancel Booking API" classname="api-integration.spec.ts" time="0">
<skipped>
</skipped>
</testcase>
<testcase name="📅 Booking Management API Tests › Get Vendor Bookings API" classname="api-integration.spec.ts" time="0">
<skipped>
</skipped>
</testcase>
<testcase name="📅 Booking Management API Tests › Update Booking Status API" classname="api-integration.spec.ts" time="0">
<skipped>
</skipped>
</testcase>
<testcase name="🏛️ Venue Management API Tests › Get Venues API" classname="api-integration.spec.ts" time="0">
<skipped>
</skipped>
</testcase>
<testcase name="🏛️ Venue Management API Tests › Get Venue by ID API" classname="api-integration.spec.ts" time="0">
<skipped>
</skipped>
</testcase>
<testcase name="🏛️ Venue Management API Tests › Search Venues API" classname="api-integration.spec.ts" time="0">
<skipped>
</skipped>
</testcase>
<testcase name="🏛️ Venue Management API Tests › Get Venue Availability API" classname="api-integration.spec.ts" time="0">
<skipped>
</skipped>
</testcase>
<testcase name="💳 Payment API Tests › Create Payment Intent API" classname="api-integration.spec.ts" time="0">
<skipped>
</skipped>
</testcase>
<testcase name="💳 Payment API Tests › Get Payment History API" classname="api-integration.spec.ts" time="0">
<skipped>
</skipped>
</testcase>
<testcase name="💳 Payment API Tests › Get Payment by ID API" classname="api-integration.spec.ts" time="0">
<skipped>
</skipped>
</testcase>
<testcase name="📊 Dashboard API Tests › Get Dashboard Stats API" classname="api-integration.spec.ts" time="0">
<skipped>
</skipped>
</testcase>
<testcase name="📊 Dashboard API Tests › Get Dashboard Activity API" classname="api-integration.spec.ts" time="0">
<skipped>
</skipped>
</testcase>
<testcase name="📊 Dashboard API Tests › Get User Dashboard Stats API" classname="api-integration.spec.ts" time="0">
<skipped>
</skipped>
</testcase>
<testcase name="📊 Dashboard API Tests › Get Vendor Dashboard Stats API" classname="api-integration.spec.ts" time="0">
<skipped>
</skipped>
</testcase>
<testcase name="📊 Dashboard API Tests › Get Admin Dashboard Stats API" classname="api-integration.spec.ts" time="0">
<skipped>
</skipped>
</testcase>
<testcase name="👥 Wedding Planner API Tests › Get Planner Clients API" classname="api-integration.spec.ts" time="0">
<skipped>
</skipped>
</testcase>
<testcase name="👥 Wedding Planner API Tests › Create Planner Client API" classname="api-integration.spec.ts" time="0">
<skipped>
</skipped>
</testcase>
<testcase name="👥 Wedding Planner API Tests › Get Planner Tasks API" classname="api-integration.spec.ts" time="0">
<skipped>
</skipped>
</testcase>
<testcase name="👥 Wedding Planner API Tests › Create Planner Task API" classname="api-integration.spec.ts" time="0">
<skipped>
</skipped>
</testcase>
<testcase name="👑 Admin Management API Tests › Get All Users API" classname="api-integration.spec.ts" time="0">
<skipped>
</skipped>
</testcase>
<testcase name="👑 Admin Management API Tests › Get All Vendors API" classname="api-integration.spec.ts" time="0">
<skipped>
</skipped>
</testcase>
<testcase name="👑 Admin Management API Tests › Update User Role API" classname="api-integration.spec.ts" time="0">
<skipped>
</skipped>
</testcase>
<testcase name="👑 Admin Management API Tests › Get Admin Reports API" classname="api-integration.spec.ts" time="0">
<skipped>
</skipped>
</testcase>
<testcase name="🔍 Search and Filter API Tests › Search Venues API" classname="api-integration.spec.ts" time="0">
<skipped>
</skipped>
</testcase>
<testcase name="🔍 Search and Filter API Tests › Search Vendors API" classname="api-integration.spec.ts" time="0">
<skipped>
</skipped>
</testcase>
<testcase name="🔍 Search and Filter API Tests › Filter Venues by Price API" classname="api-integration.spec.ts" time="0">
<skipped>
</skipped>
</testcase>
<testcase name="📱 Mobile API Tests › Mobile App Data API" classname="api-integration.spec.ts" time="0">
<skipped>
</skipped>
</testcase>
<testcase name="📱 Mobile API Tests › Mobile Venues API" classname="api-integration.spec.ts" time="0">
<skipped>
</skipped>
</testcase>
<testcase name="🔔 Notification API Tests › Get Notifications API" classname="api-integration.spec.ts" time="0">
<skipped>
</skipped>
</testcase>
<testcase name="🔔 Notification API Tests › Mark Notification as Read API" classname="api-integration.spec.ts" time="0">
<skipped>
</skipped>
</testcase>
<testcase name="🛡️ Security and Error Handling API Tests › Unauthorized API Access" classname="api-integration.spec.ts" time="0">
<skipped>
</skipped>
</testcase>
<testcase name="🛡️ Security and Error Handling API Tests › Invalid Token API Access" classname="api-integration.spec.ts" time="0">
<skipped>
</skipped>
</testcase>
<testcase name="🛡️ Security and Error Handling API Tests › Rate Limiting API" classname="api-integration.spec.ts" time="0">
<skipped>
</skipped>
</testcase>
<testcase name="🛡️ Security and Error Handling API Tests › Input Validation API" classname="api-integration.spec.ts" time="0">
<skipped>
</skipped>
</testcase>
<testcase name="📊 Analytics and Monitoring API Tests › Performance Monitoring API" classname="api-integration.spec.ts" time="0">
<skipped>
</skipped>
</testcase>
<testcase name="📊 Analytics and Monitoring API Tests › Health Check API" classname="api-integration.spec.ts" time="0">
<skipped>
</skipped>
</testcase>
<testcase name="📊 Analytics and Monitoring API Tests › Error Tracking API" classname="api-integration.spec.ts" time="0">
<skipped>
</skipped>
</testcase>
</testsuite>
<testsuite name="api-tests.spec.ts" timestamp="2025-10-27T10:01:20.230Z" hostname="chromium" tests="44" failures="0" skipped="44" time="0" errors="0">
<testcase name="🔌 API Integration Tests - Phase 2 › 🔐 Authentication APIs › ✅ POST /api/auth/signin - Valid credentials return 200" classname="api-tests.spec.ts" time="0">
<skipped>
</skipped>
</testcase>
<testcase name="🔌 API Integration Tests - Phase 2 › 🔐 Authentication APIs › ✅ POST /api/auth/signin - Invalid credentials return 401" classname="api-tests.spec.ts" time="0">
<skipped>
</skipped>
</testcase>
<testcase name="🔌 API Integration Tests - Phase 2 › 🔐 Authentication APIs › ✅ POST /api/auth/signup - New user registration" classname="api-tests.spec.ts" time="0">
<skipped>
</skipped>
</testcase>
<testcase name="🔌 API Integration Tests - Phase 2 › 🔐 Authentication APIs › ✅ GET /api/auth/me - Get current user info" classname="api-tests.spec.ts" time="0">
<skipped>
</skipped>
</testcase>
<testcase name="🔌 API Integration Tests - Phase 2 › 🔐 Authentication APIs › ✅ POST /api/auth/signout - Logout user" classname="api-tests.spec.ts" time="0">
<skipped>
</skipped>
</testcase>
<testcase name="🔌 API Integration Tests - Phase 2 › 📊 Dashboard APIs › ✅ GET /api/dashboard/user - User dashboard stats" classname="api-tests.spec.ts" time="0">
<skipped>
</skipped>
</testcase>
<testcase name="🔌 API Integration Tests - Phase 2 › 📊 Dashboard APIs › ✅ GET /api/dashboard/vendor - Vendor dashboard stats" classname="api-tests.spec.ts" time="0">
<skipped>
</skipped>
</testcase>
<testcase name="🔌 API Integration Tests - Phase 2 › 📊 Dashboard APIs › ✅ GET /api/dashboard/admin - Admin dashboard stats" classname="api-tests.spec.ts" time="0">
<skipped>
</skipped>
</testcase>
<testcase name="🔌 API Integration Tests - Phase 2 › 📊 Dashboard APIs › ✅ GET /api/dashboard - General dashboard stats" classname="api-tests.spec.ts" time="0">
<skipped>
</skipped>
</testcase>
<testcase name="🔌 API Integration Tests - Phase 2 › 🏛️ Venue APIs › ✅ GET /api/venues - List all venues" classname="api-tests.spec.ts" time="0">
<skipped>
</skipped>
</testcase>
<testcase name="🔌 API Integration Tests - Phase 2 › 🏛️ Venue APIs › ✅ GET /api/venues/search - Search venues" classname="api-tests.spec.ts" time="0">
<skipped>
</skipped>
</testcase>
<testcase name="🔌 API Integration Tests - Phase 2 › 🏛️ Venue APIs › ✅ GET /api/venues/:id - Get specific venue" classname="api-tests.spec.ts" time="0">
<skipped>
</skipped>
</testcase>
<testcase name="🔌 API Integration Tests - Phase 2 › 🏛️ Venue APIs › ✅ GET /api/venues/search with filters" classname="api-tests.spec.ts" time="0">
<skipped>
</skipped>
</testcase>
<testcase name="🔌 API Integration Tests - Phase 2 › 🏛️ Venue APIs › ✅ GET /api/venues with pagination" classname="api-tests.spec.ts" time="0">
<skipped>
</skipped>
</testcase>
<testcase name="🔌 API Integration Tests - Phase 2 › 🏢 Vendor APIs › ✅ GET /api/vendors - List all vendors" classname="api-tests.spec.ts" time="0">
<skipped>
</skipped>
</testcase>
<testcase name="🔌 API Integration Tests - Phase 2 › 🏢 Vendor APIs › ✅ GET /api/vendors/search - Search vendors" classname="api-tests.spec.ts" time="0">
<skipped>
</skipped>
</testcase>
<testcase name="🔌 API Integration Tests - Phase 2 › 🏢 Vendor APIs › ✅ GET /api/vendors/:id - Get specific vendor" classname="api-tests.spec.ts" time="0">
<skipped>
</skipped>
</testcase>
<testcase name="🔌 API Integration Tests - Phase 2 › 🏢 Vendor APIs › ✅ GET /api/vendors/category/:category - Get vendors by category" classname="api-tests.spec.ts" time="0">
<skipped>
</skipped>
</testcase>
<testcase name="🔌 API Integration Tests - Phase 2 › 🏢 Vendor APIs › ✅ GET /api/vendors/search with filters" classname="api-tests.spec.ts" time="0">
<skipped>
</skipped>
</testcase>
<testcase name="🔌 API Integration Tests - Phase 2 › 📅 Booking APIs › ✅ GET /api/bookings - List user bookings" classname="api-tests.spec.ts" time="0">
<skipped>
</skipped>
</testcase>
<testcase name="🔌 API Integration Tests - Phase 2 › 📅 Booking APIs › ✅ POST /api/bookings - Create booking" classname="api-tests.spec.ts" time="0">
<skipped>
</skipped>
</testcase>
<testcase name="🔌 API Integration Tests - Phase 2 › 📅 Booking APIs › ✅ GET /api/bookings/:id - Get specific booking" classname="api-tests.spec.ts" time="0">
<skipped>
</skipped>
</testcase>
<testcase name="🔌 API Integration Tests - Phase 2 › 📅 Booking APIs › ✅ PATCH /api/bookings/:id - Update booking" classname="api-tests.spec.ts" time="0">
<skipped>
</skipped>
</testcase>
<testcase name="🔌 API Integration Tests - Phase 2 › 📅 Booking APIs › ✅ DELETE /api/bookings/:id - Cancel booking" classname="api-tests.spec.ts" time="0">
<skipped>
</skipped>
</testcase>
<testcase name="🔌 API Integration Tests - Phase 2 › 👤 User Profile APIs › ✅ GET /api/users/profile - Get user profile" classname="api-tests.spec.ts" time="0">
<skipped>
</skipped>
</testcase>
<testcase name="🔌 API Integration Tests - Phase 2 › 👤 User Profile APIs › ✅ PATCH /api/users/profile - Update user profile" classname="api-tests.spec.ts" time="0">
<skipped>
</skipped>
</testcase>
<testcase name="🔌 API Integration Tests - Phase 2 › 👤 User Profile APIs › ✅ POST /api/users/profile/avatar - Upload avatar" classname="api-tests.spec.ts" time="0">
<skipped>
</skipped>
</testcase>
<testcase name="🔌 API Integration Tests - Phase 2 › 👤 User Profile APIs › ✅ GET /api/users/preferences - Get user preferences" classname="api-tests.spec.ts" time="0">
<skipped>
</skipped>
</testcase>
<testcase name="🔌 API Integration Tests - Phase 2 › 👤 User Profile APIs › ✅ PATCH /api/users/preferences - Update preferences" classname="api-tests.spec.ts" time="0">
<skipped>
</skipped>
</testcase>
<testcase name="🔌 API Integration Tests - Phase 2 › 🔍 Search &amp; Discovery APIs › ✅ GET /api/search - Global search" classname="api-tests.spec.ts" time="0">
<skipped>
</skipped>
</testcase>
<testcase name="🔌 API Integration Tests - Phase 2 › 🔍 Search &amp; Discovery APIs › ✅ GET /api/search/suggestions - Search suggestions" classname="api-tests.spec.ts" time="0">
<skipped>
</skipped>
</testcase>
<testcase name="🔌 API Integration Tests - Phase 2 › 🔍 Search &amp; Discovery APIs › ✅ GET /api/categories - Get all categories" classname="api-tests.spec.ts" time="0">
<skipped>
</skipped>
</testcase>
<testcase name="🔌 API Integration Tests - Phase 2 › 🔍 Search &amp; Discovery APIs › ✅ GET /api/trending - Get trending items" classname="api-tests.spec.ts" time="0">
<skipped>
</skipped>
</testcase>
<testcase name="🔌 API Integration Tests - Phase 2 › 🔍 Search &amp; Discovery APIs › ✅ GET /api/featured - Get featured vendors/venues" classname="api-tests.spec.ts" time="0">
<skipped>
</skipped>
</testcase>
<testcase name="🔌 API Integration Tests - Phase 2 › ❤️ Favorites APIs › ✅ GET /api/favorites - Get user favorites" classname="api-tests.spec.ts" time="0">
<skipped>
</skipped>
</testcase>
<testcase name="🔌 API Integration Tests - Phase 2 › ❤️ Favorites APIs › ✅ POST /api/favorites - Add to favorites" classname="api-tests.spec.ts" time="0">
<skipped>
</skipped>
</testcase>
<testcase name="🔌 API Integration Tests - Phase 2 › ❤️ Favorites APIs › ✅ DELETE /api/favorites/:id - Remove from favorites" classname="api-tests.spec.ts" time="0">
<skipped>
</skipped>
</testcase>
<testcase name="🔌 API Integration Tests - Phase 2 › ❤️ Favorites APIs › ✅ GET /api/favorites/check - Check if item is favorited" classname="api-tests.spec.ts" time="0">
<skipped>
</skipped>
</testcase>
<testcase name="🔌 API Integration Tests - Phase 2 › ⭐ Reviews &amp; Ratings APIs › ✅ GET /api/reviews - Get reviews" classname="api-tests.spec.ts" time="0">
<skipped>
</skipped>
</testcase>
<testcase name="🔌 API Integration Tests - Phase 2 › ⭐ Reviews &amp; Ratings APIs › ✅ POST /api/reviews - Create review" classname="api-tests.spec.ts" time="0">
<skipped>
</skipped>
</testcase>
<testcase name="🔌 API Integration Tests - Phase 2 › ⭐ Reviews &amp; Ratings APIs › ✅ PATCH /api/reviews/:id - Update review" classname="api-tests.spec.ts" time="0">
<skipped>
</skipped>
</testcase>
<testcase name="🔌 API Integration Tests - Phase 2 › ⭐ Reviews &amp; Ratings APIs › ✅ DELETE /api/reviews/:id - Delete review" classname="api-tests.spec.ts" time="0">
<skipped>
</skipped>
</testcase>
<testcase name="🔌 API Integration Tests - Phase 2 › 🏥 Health &amp; Status APIs › ✅ GET /api/health - API health check" classname="api-tests.spec.ts" time="0">
<skipped>
</skipped>
</testcase>
<testcase name="🔌 API Integration Tests - Phase 2 › 🏥 Health &amp; Status APIs › ✅ GET /api/status - System status" classname="api-tests.spec.ts" time="0">
<skipped>
</skipped>
</testcase>
</testsuite>
<testsuite name="auth.spec.ts" timestamp="2025-10-27T10:01:20.230Z" hostname="chromium" tests="8" failures="0" skipped="8" time="0" errors="0">
<testcase name="Authentication Flows › User registration -&gt; email verification -&gt; login -&gt; logout - DISABLED (Registration flow needs fixing)" classname="auth.spec.ts" time="0">
<properties>
<property name="skip" value="">
</property>
</properties>
<skipped>
</skipped>
</testcase>
<testcase name="Authentication Flows › Login with invalid credentials should show error" classname="auth.spec.ts" time="0">
<skipped>
</skipped>
</testcase>
<testcase name="Authentication Flows › Forgot password flow - DISABLED (Feature removed)" classname="auth.spec.ts" time="0">
<properties>
<property name="skip" value="">
</property>
</properties>
<skipped>
</skipped>
</testcase>
<testcase name="Authentication Flows › Social login with Google - DISABLED (Social login removed)" classname="auth.spec.ts" time="0">
<properties>
<property name="skip" value="">
</property>
</properties>
<skipped>
</skipped>
</testcase>
<testcase name="Authentication Flows › Two-factor authentication setup - DISABLED (Feature removed)" classname="auth.spec.ts" time="0">
<properties>
<property name="skip" value="">
</property>
</properties>
<skipped>
</skipped>
</testcase>
<testcase name="Authentication Flows › Login with test user credentials - DISABLED (Database connection issue)" classname="auth.spec.ts" time="0">
<properties>
<property name="skip" value="">
</property>
</properties>
<skipped>
</skipped>
</testcase>
<testcase name="Authentication Flows › Login with test vendor credentials - DISABLED (Database connection issue)" classname="auth.spec.ts" time="0">
<properties>
<property name="skip" value="">
</property>
</properties>
<skipped>
</skipped>
</testcase>
<testcase name="Authentication Flows › Login with test admin credentials - DISABLED (Database connection issue)" classname="auth.spec.ts" time="0">
<properties>
<property name="skip" value="">
</property>
</properties>
<skipped>
</skipped>
</testcase>
</testsuite>
<testsuite name="booking.spec.ts" timestamp="2025-10-27T10:01:20.230Z" hostname="chromium" tests="6" failures="0" skipped="6" time="0" errors="0">
<testcase name="Booking System › DISABLED: booking flow with payment mock" classname="booking.spec.ts" time="0">
<properties>
<property name="skip" value="">
</property>
</properties>
<skipped>
</skipped>
</testcase>
<testcase name="Booking System › DISABLED: Booking modification and cancellation" classname="booking.spec.ts" time="0">
<properties>
<property name="skip" value="">
</property>
</properties>
<skipped>
</skipped>
</testcase>
<testcase name="Booking System › DISABLED: Booking status tracking" classname="booking.spec.ts" time="0">
<properties>
<property name="skip" value="">
</property>
</properties>
<skipped>
</skipped>
</testcase>
<testcase name="Booking System › DISABLED: Vendor booking acceptance workflow" classname="booking.spec.ts" time="0">
<properties>
<property name="skip" value="">
</property>
</properties>
<skipped>
</skipped>
</testcase>
<testcase name="Booking System › DISABLED: Booking communication and messaging" classname="booking.spec.ts" time="0">
<properties>
<property name="skip" value="">
</property>
</properties>
<skipped>
</skipped>
</testcase>
<testcase name="Booking System › DISABLED: Booking payment and refund processing" classname="booking.spec.ts" time="0">
<properties>
<property name="skip" value="">
</property>
</properties>
<skipped>
</skipped>
</testcase>
</testsuite>
<testsuite name="comprehensive-crud.spec.ts" timestamp="2025-10-27T10:01:20.230Z" hostname="chromium" tests="28" failures="0" skipped="28" time="0" errors="0">
<testcase name="🔐 Authentication &amp; User Management CRUD › DISABLED: User Registration Flow" classname="comprehensive-crud.spec.ts" time="0">
<properties>
<property name="skip" value="">
</property>
</properties>
<skipped>
</skipped>
</testcase>
<testcase name="🔐 Authentication &amp; User Management CRUD › DISABLED: User Login Flow" classname="comprehensive-crud.spec.ts" time="0">
<properties>
<property name="skip" value="">
</property>
</properties>
<skipped>
</skipped>
</testcase>
<testcase name="🔐 Authentication &amp; User Management CRUD › DISABLED: User Profile CRUD Operations" classname="comprehensive-crud.spec.ts" time="0">
<properties>
<property name="skip" value="">
</property>
</properties>
<skipped>
</skipped>
</testcase>
<testcase name="🔐 Authentication &amp; User Management CRUD › DISABLED: User Settings CRUD Operations" classname="comprehensive-crud.spec.ts" time="0">
<properties>
<property name="skip" value="">
</property>
</properties>
<skipped>
</skipped>
</testcase>
<testcase name="🏢 Vendor Management CRUD › DISABLED: Vendor Registration Flow" classname="comprehensive-crud.spec.ts" time="0">
<properties>
<property name="skip" value="">
</property>
</properties>
<skipped>
</skipped>
</testcase>
<testcase name="🏢 Vendor Management CRUD › DISABLED: Vendor Services CRUD Operations" classname="comprehensive-crud.spec.ts" time="0">
<properties>
<property name="skip" value="">
</property>
</properties>
<skipped>
</skipped>
</testcase>
<testcase name="🏢 Vendor Management CRUD › DISABLED: Vendor Analytics &amp; Reports" classname="comprehensive-crud.spec.ts" time="0">
<properties>
<property name="skip" value="">
</property>
</properties>
<skipped>
</skipped>
</testcase>
<testcase name="📅 Booking System CRUD › DISABLED: Create Booking Flow" classname="comprehensive-crud.spec.ts" time="0">
<properties>
<property name="skip" value="">
</property>
</properties>
<skipped>
</skipped>
</testcase>
<testcase name="📅 Booking System CRUD › DISABLED: Booking Management CRUD" classname="comprehensive-crud.spec.ts" time="0">
<properties>
<property name="skip" value="">
</property>
</properties>
<skipped>
</skipped>
</testcase>
<testcase name="📅 Booking System CRUD › DISABLED: Booking Status Tracking" classname="comprehensive-crud.spec.ts" time="0">
<properties>
<property name="skip" value="">
</property>
</properties>
<skipped>
</skipped>
</testcase>
<testcase name="👥 Wedding Planner CRUD Operations › DISABLED: Planner Client Management" classname="comprehensive-crud.spec.ts" time="0">
<properties>
<property name="skip" value="">
</property>
</properties>
<skipped>
</skipped>
</testcase>
<testcase name="👥 Wedding Planner CRUD Operations › DISABLED: Planner Task Management" classname="comprehensive-crud.spec.ts" time="0">
<properties>
<property name="skip" value="">
</property>
</properties>
<skipped>
</skipped>
</testcase>
<testcase name="🛡️ RBAC (Role-Based Access Control) Tests › DISABLED: User Role Access Control" classname="comprehensive-crud.spec.ts" time="0">
<properties>
<property name="skip" value="">
</property>
</properties>
<skipped>
</skipped>
</testcase>
<testcase name="🛡️ RBAC (Role-Based Access Control) Tests › DISABLED: Vendor Role Access Control" classname="comprehensive-crud.spec.ts" time="0">
<properties>
<property name="skip" value="">
</property>
</properties>
<skipped>
</skipped>
</testcase>
<testcase name="🛡️ RBAC (Role-Based Access Control) Tests › DISABLED: Admin Role Access Control" classname="comprehensive-crud.spec.ts" time="0">
<properties>
<property name="skip" value="">
</property>
</properties>
<skipped>
</skipped>
</testcase>
<testcase name="🛡️ RBAC (Role-Based Access Control) Tests › DISABLED: Middleware Route Protection" classname="comprehensive-crud.spec.ts" time="0">
<properties>
<property name="skip" value="">
</property>
</properties>
<skipped>
</skipped>
</testcase>
<testcase name="💳 Payment &amp; Financial CRUD › DISABLED: Payment Processing Flow" classname="comprehensive-crud.spec.ts" time="0">
<properties>
<property name="skip" value="">
</property>
</properties>
<skipped>
</skipped>
</testcase>
<testcase name="💳 Payment &amp; Financial CRUD › DISABLED: Payment History &amp; Management" classname="comprehensive-crud.spec.ts" time="0">
<properties>
<property name="skip" value="">
</property>
</properties>
<skipped>
</skipped>
</testcase>
<testcase name="📱 Mobile &amp; Responsive CRUD › DISABLED: Mobile Navigation &amp; CRUD Operations" classname="comprehensive-crud.spec.ts" time="0">
<properties>
<property name="skip" value="">
</property>
</properties>
<skipped>
</skipped>
</testcase>
<testcase name="🔍 Search &amp; Filter CRUD › DISABLED: Venue Search &amp; Filter Operations" classname="comprehensive-crud.spec.ts" time="0">
<properties>
<property name="skip" value="">
</property>
</properties>
<skipped>
</skipped>
</testcase>
<testcase name="🔍 Search &amp; Filter CRUD › DISABLED: Vendor Search &amp; Filter Operations" classname="comprehensive-crud.spec.ts" time="0">
<properties>
<property name="skip" value="">
</property>
</properties>
<skipped>
</skipped>
</testcase>
<testcase name="📊 Analytics &amp; Reporting CRUD › DISABLED: User Analytics Dashboard" classname="comprehensive-crud.spec.ts" time="0">
<properties>
<property name="skip" value="">
</property>
</properties>
<skipped>
</skipped>
</testcase>
<testcase name="📊 Analytics &amp; Reporting CRUD › DISABLED: Admin Analytics &amp; Reports" classname="comprehensive-crud.spec.ts" time="0">
<properties>
<property name="skip" value="">
</property>
</properties>
<skipped>
</skipped>
</testcase>
<testcase name="🔔 Notification &amp; Communication CRUD › DISABLED: Notification Management" classname="comprehensive-crud.spec.ts" time="0">
<properties>
<property name="skip" value="">
</property>
</properties>
<skipped>
</skipped>
</testcase>
<testcase name="🔔 Notification &amp; Communication CRUD › DISABLED: Message System CRUD" classname="comprehensive-crud.spec.ts" time="0">
<properties>
<property name="skip" value="">
</property>
</properties>
<skipped>
</skipped>
</testcase>
<testcase name="🔄 Data Synchronization &amp; Cache CRUD › DISABLED: Data Cache Management" classname="comprehensive-crud.spec.ts" time="0">
<properties>
<property name="skip" value="">
</property>
</properties>
<skipped>
</skipped>
</testcase>
<testcase name="🛠️ System Administration CRUD › DISABLED: User Management Operations" classname="comprehensive-crud.spec.ts" time="0">
<properties>
<property name="skip" value="">
</property>
</properties>
<skipped>
</skipped>
</testcase>
<testcase name="🛠️ System Administration CRUD › DISABLED: System Settings Management" classname="comprehensive-crud.spec.ts" time="0">
<properties>
<property name="skip" value="">
</property>
</properties>
<skipped>
</skipped>
</testcase>
</testsuite>
<testsuite name="comprehensive-live-deployment.spec.ts" timestamp="2025-10-27T10:01:20.230Z" hostname="chromium" tests="14" failures="0" skipped="14" time="0" errors="0">
<testcase name="🚀 COMPREHENSIVE LIVE DEPLOYMENT TESTING › DISABLED: 🏠 HOMEPAGE - Complete Frontend Testing" classname="comprehensive-live-deployment.spec.ts" time="0">
<properties>
<property name="skip" value="">
</property>
</properties>
<skipped>
</skipped>
</testcase>
<testcase name="🚀 COMPREHENSIVE LIVE DEPLOYMENT TESTING › DISABLED: 🔐 AUTHENTICATION - Complete Auth Flow Testing" classname="comprehensive-live-deployment.spec.ts" time="0">
<properties>
<property name="skip" value="">
</property>
</properties>
<skipped>
</skipped>
</testcase>
<testcase name="🚀 COMPREHENSIVE LIVE DEPLOYMENT TESTING › DISABLED: 🏢 VENUES - Complete Venue CRUD Testing" classname="comprehensive-live-deployment.spec.ts" time="0">
<properties>
<property name="skip" value="">
</property>
</properties>
<skipped>
</skipped>
</testcase>
<testcase name="🚀 COMPREHENSIVE LIVE DEPLOYMENT TESTING › DISABLED: 🏪 VENDORS - Complete Vendor CRUD Testing" classname="comprehensive-live-deployment.spec.ts" time="0">
<properties>
<property name="skip" value="">
</property>
</properties>
<skipped>
</skipped>
</testcase>
<testcase name="🚀 COMPREHENSIVE LIVE DEPLOYMENT TESTING › DISABLED: 📱 FEED - Complete Social Feed Testing" classname="comprehensive-live-deployment.spec.ts" time="0">
<properties>
<property name="skip" value="">
</property>
</properties>
<skipped>
</skipped>
</testcase>
<testcase name="🚀 COMPREHENSIVE LIVE DEPLOYMENT TESTING › DISABLED: 🖼️ GALLERY - Complete Gallery Testing" classname="comprehensive-live-deployment.spec.ts" time="0">
<properties>
<property name="skip" value="">
</property>
</properties>
<skipped>
</skipped>
</testcase>
<testcase name="🚀 COMPREHENSIVE LIVE DEPLOYMENT TESTING › DISABLED: 📊 DASHBOARD - Complete Dashboard Testing" classname="comprehensive-live-deployment.spec.ts" time="0">
<properties>
<property name="skip" value="">
</property>
</properties>
<skipped>
</skipped>
</testcase>
<testcase name="🚀 COMPREHENSIVE LIVE DEPLOYMENT TESTING › DISABLED: 🔧 API ENDPOINTS - Complete API Testing" classname="comprehensive-live-deployment.spec.ts" time="0">
<properties>
<property name="skip" value="">
</property>
</properties>
<skipped>
</skipped>
</testcase>
<testcase name="🚀 COMPREHENSIVE LIVE DEPLOYMENT TESTING › DISABLED: 📱 RESPONSIVE DESIGN - Complete Mobile Testing" classname="comprehensive-live-deployment.spec.ts" time="0">
<properties>
<property name="skip" value="">
</property>
</properties>
<skipped>
</skipped>
</testcase>
<testcase name="🚀 COMPREHENSIVE LIVE DEPLOYMENT TESTING › DISABLED: 🎨 UI COMPONENTS - Complete Component Testing" classname="comprehensive-live-deployment.spec.ts" time="0">
<properties>
<property name="skip" value="">
</property>
</properties>
<skipped>
</skipped>
</testcase>
<testcase name="🚀 COMPREHENSIVE LIVE DEPLOYMENT TESTING › DISABLED: ⚡ PERFORMANCE - Complete Performance Testing" classname="comprehensive-live-deployment.spec.ts" time="0">
<properties>
<property name="skip" value="">
</property>
</properties>
<skipped>
</skipped>
</testcase>
<testcase name="🚀 COMPREHENSIVE LIVE DEPLOYMENT TESTING › DISABLED: 🔍 ERROR HANDLING - Complete Error Testing" classname="comprehensive-live-deployment.spec.ts" time="0">
<properties>
<property name="skip" value="">
</property>
</properties>
<skipped>
</skipped>
</testcase>
<testcase name="🚀 COMPREHENSIVE LIVE DEPLOYMENT TESTING › DISABLED: 🎯 FINAL INTEGRATION - Complete System Integration" classname="comprehensive-live-deployment.spec.ts" time="0">
<properties>
<property name="skip" value="">
</property>
</properties>
<skipped>
</skipped>
</testcase>
<testcase name="🚀 LIVE DEPLOYMENT STRESS TESTING › DISABLED: ⚡ STRESS TEST - Multiple Concurrent Operations" classname="comprehensive-live-deployment.spec.ts" time="0">
<properties>
<property name="skip" value="">
</property>
</properties>
<skipped>
</skipped>
</testcase>
</testsuite>
<testsuite name="critical-features.spec.ts" timestamp="2025-10-27T10:01:20.230Z" hostname="chromium" tests="17" failures="0" skipped="17" time="0" errors="0">
<testcase name="🔐 Critical Features - Phase 1 Tests › ✅ Homepage loads without authentication" classname="critical-features.spec.ts" time="0">
<skipped>
</skipped>
</testcase>
<testcase name="🔐 Critical Features - Phase 1 Tests › ✅ Login page renders with email/password fields" classname="critical-features.spec.ts" time="0">
<skipped>
</skipped>
</testcase>
<testcase name="🔐 Critical Features - Phase 1 Tests › ✅ Registration page accessible" classname="critical-features.spec.ts" time="0">
<skipped>
</skipped>
</testcase>
<testcase name="🔐 Critical Features - Phase 1 Tests › ✅ User can login with valid credentials" classname="critical-features.spec.ts" time="0">
<skipped>
</skipped>
</testcase>
<testcase name="🔐 Critical Features - Phase 1 Tests › ✅ Invalid login shows error message" classname="critical-features.spec.ts" time="0">
<skipped>
</skipped>
</testcase>
<testcase name="🔐 Critical Features - Phase 1 Tests › ✅ Authenticated user can access dashboard" classname="critical-features.spec.ts" time="0">
<skipped>
</skipped>
</testcase>
<testcase name="🔐 Critical Features - Phase 1 Tests › ✅ Unauthenticated users redirected to login" classname="critical-features.spec.ts" time="0">
<skipped>
</skipped>
</testcase>
<testcase name="🔐 Critical Features - Phase 1 Tests › ✅ User can logout and return to login" classname="critical-features.spec.ts" time="0">
<skipped>
</skipped>
</testcase>
<testcase name="🔐 Critical Features - Phase 1 Tests › ✅ User role gets correct dashboard" classname="critical-features.spec.ts" time="0">
<skipped>
</skipped>
</testcase>
<testcase name="🔐 Critical Features - Phase 1 Tests › ✅ Vendor role gets vendor dashboard" classname="critical-features.spec.ts" time="0">
<skipped>
</skipped>
</testcase>
<testcase name="🔐 Critical Features - Phase 1 Tests › ✅ Admin role gets admin dashboard" classname="critical-features.spec.ts" time="0">
<skipped>
</skipped>
</testcase>
<testcase name="🔐 Critical Features - Phase 1 Tests › ✅ User cannot access admin routes without permission" classname="critical-features.spec.ts" time="0">
<skipped>
</skipped>
</testcase>
<testcase name="🔐 Critical Features - Phase 1 Tests › ✅ AI search section visible on homepage" classname="critical-features.spec.ts" time="0">
<skipped>
</skipped>
</testcase>
<testcase name="🔐 Critical Features - Phase 1 Tests › ✅ Venue search accessible from homepage" classname="critical-features.spec.ts" time="0">
<skipped>
</skipped>
</testcase>
<testcase name="🔐 Critical Features - Phase 1 Tests › ✅ Vendor search accessible from homepage" classname="critical-features.spec.ts" time="0">
<skipped>
</skipped>
</testcase>
<testcase name="🔐 Critical Features - Phase 1 Tests › ✅ Navigation menu accessible" classname="critical-features.spec.ts" time="0">
<skipped>
</skipped>
</testcase>
<testcase name="🔐 Critical Features - Phase 1 Tests › ✅ Footer present on all pages" classname="critical-features.spec.ts" time="0">
<skipped>
</skipped>
</testcase>
</testsuite>
<testsuite name="deployment-runtime-errors.spec.ts" timestamp="2025-10-27T10:01:20.230Z" hostname="chromium" tests="10" failures="0" skipped="10" time="0" errors="0">
<testcase name="🚀 DEPLOYMENT - Runtime Error Tracking &amp; Verification › ✅ 1. Homepage loads without runtime errors" classname="deployment-runtime-errors.spec.ts" time="0">
<skipped>
</skipped>
</testcase>
<testcase name="🚀 DEPLOYMENT - Runtime Error Tracking &amp; Verification › ✅ 2. Login page renders correctly" classname="deployment-runtime-errors.spec.ts" time="0">
<skipped>
</skipped>
</testcase>
<testcase name="🚀 DEPLOYMENT - Runtime Error Tracking &amp; Verification › ✅ 3. User login flow with authentication" classname="deployment-runtime-errors.spec.ts" time="0">
<skipped>
</skipped>
</testcase>
<testcase name="🚀 DEPLOYMENT - Runtime Error Tracking &amp; Verification › ✅ 4. Dashboard access with role-based views" classname="deployment-runtime-errors.spec.ts" time="0">
<skipped>
</skipped>
</testcase>
<testcase name="🚀 DEPLOYMENT - Runtime Error Tracking &amp; Verification › ✅ 5. API endpoints - Check 401 auth errors" classname="deployment-runtime-errors.spec.ts" time="0">
<skipped>
</skipped>
</testcase>
<testcase name="🚀 DEPLOYMENT - Runtime Error Tracking &amp; Verification › ✅ 6. Venues API - Check data responses" classname="deployment-runtime-errors.spec.ts" time="0">
<skipped>
</skipped>
</testcase>
<testcase name="🚀 DEPLOYMENT - Runtime Error Tracking &amp; Verification › ✅ 7. Search API - Check runtime errors" classname="deployment-runtime-errors.spec.ts" time="0">
<skipped>
</skipped>
</testcase>
<testcase name="🚀 DEPLOYMENT - Runtime Error Tracking &amp; Verification › ✅ 8. Health check endpoints" classname="deployment-runtime-errors.spec.ts" time="0">
<skipped>
</skipped>
</testcase>
<testcase name="🚀 DEPLOYMENT - Runtime Error Tracking &amp; Verification › ✅ 9. Homepage navigation links work" classname="deployment-runtime-errors.spec.ts" time="0">
<skipped>
</skipped>
</testcase>
<testcase name="🚀 DEPLOYMENT - Runtime Error Tracking &amp; Verification › ✅ 10. Mobile responsiveness - no layout errors" classname="deployment-runtime-errors.spec.ts" time="0">
<skipped>
</skipped>
</testcase>
</testsuite>
<testsuite name="error-handling-tests.spec.ts" timestamp="2025-10-27T10:01:20.230Z" hostname="chromium" tests="34" failures="0" skipped="34" time="0" errors="0">
<testcase name="⚠️ Error Handling Tests - Phase 6 › 🔐 Authentication Error Handling › ✅ Empty email shows validation error" classname="error-handling-tests.spec.ts" time="0">
<skipped>
</skipped>
</testcase>
<testcase name="⚠️ Error Handling Tests - Phase 6 › 🔐 Authentication Error Handling › ✅ Empty password shows validation error" classname="error-handling-tests.spec.ts" time="0">
<skipped>
</skipped>
</testcase>
<testcase name="⚠️ Error Handling Tests - Phase 6 › 🔐 Authentication Error Handling › ✅ Invalid email format shows error" classname="error-handling-tests.spec.ts" time="0">
<skipped>
</skipped>
</testcase>
<testcase name="⚠️ Error Handling Tests - Phase 6 › 🔐 Authentication Error Handling › ✅ Non-existent user shows error" classname="error-handling-tests.spec.ts" time="0">
<skipped>
</skipped>
</testcase>
<testcase name="⚠️ Error Handling Tests - Phase 6 › 🔐 Authentication Error Handling › ✅ Wrong password shows error" classname="error-handling-tests.spec.ts" time="0">
<skipped>
</skipped>
</testcase>
<testcase name="⚠️ Error Handling Tests - Phase 6 › 🔐 Authentication Error Handling › ✅ Duplicate email on registration shows error" classname="error-handling-tests.spec.ts" time="0">
<skipped>
</skipped>
</testcase>
<testcase name="⚠️ Error Handling Tests - Phase 6 › 🔐 Authentication Error Handling › ✅ Weak password shows validation error" classname="error-handling-tests.spec.ts" time="0">
<skipped>
</skipped>
</testcase>
<testcase name="⚠️ Error Handling Tests - Phase 6 › 🗺️ Navigation Error Handling › ✅ 404 page is displayed for non-existent routes" classname="error-handling-tests.spec.ts" time="0">
<skipped>
</skipped>
</testcase>
<testcase name="⚠️ Error Handling Tests - Phase 6 › 🗺️ Navigation Error Handling › ✅ Can navigate away from 404 page" classname="error-handling-tests.spec.ts" time="0">
<skipped>
</skipped>
</testcase>
<testcase name="⚠️ Error Handling Tests - Phase 6 › 🗺️ Navigation Error Handling › ✅ Broken link handling" classname="error-handling-tests.spec.ts" time="0">
<skipped>
</skipped>
</testcase>
<testcase name="⚠️ Error Handling Tests - Phase 6 › 🗺️ Navigation Error Handling › ✅ Protected route redirects unauthenticated user" classname="error-handling-tests.spec.ts" time="0">
<skipped>
</skipped>
</testcase>
<testcase name="⚠️ Error Handling Tests - Phase 6 › 🗺️ Navigation Error Handling › ✅ Invalid query parameters handled gracefully" classname="error-handling-tests.spec.ts" time="0">
<skipped>
</skipped>
</testcase>
<testcase name="⚠️ Error Handling Tests - Phase 6 › 🌐 Network Error Handling › ✅ Page loads with network issues" classname="error-handling-tests.spec.ts" time="0">
<skipped>
</skipped>
</testcase>
<testcase name="⚠️ Error Handling Tests - Phase 6 › 🌐 Network Error Handling › ✅ Failed API call shows error message" classname="error-handling-tests.spec.ts" time="0">
<skipped>
</skipped>
</testcase>
<testcase name="⚠️ Error Handling Tests - Phase 6 › 🌐 Network Error Handling › ✅ Offline mode handling" classname="error-handling-tests.spec.ts" time="0">
<skipped>
</skipped>
</testcase>
<testcase name="⚠️ Error Handling Tests - Phase 6 › 🌐 Network Error Handling › ✅ Timeout on slow endpoint" classname="error-handling-tests.spec.ts" time="0">
<skipped>
</skipped>
</testcase>
<testcase name="⚠️ Error Handling Tests - Phase 6 › 🌐 Network Error Handling › ✅ CORS error handling" classname="error-handling-tests.spec.ts" time="0">
<skipped>
</skipped>
</testcase>
<testcase name="⚠️ Error Handling Tests - Phase 6 › 📝 Form Error Handling › ✅ Required field validation" classname="error-handling-tests.spec.ts" time="0">
<skipped>
</skipped>
</testcase>
<testcase name="⚠️ Error Handling Tests - Phase 6 › 📝 Form Error Handling › ✅ File upload error handling" classname="error-handling-tests.spec.ts" time="0">
<skipped>
</skipped>
</testcase>
<testcase name="⚠️ Error Handling Tests - Phase 6 › 📝 Form Error Handling › ✅ Form submission error recovery" classname="error-handling-tests.spec.ts" time="0">
<skipped>
</skipped>
</testcase>
<testcase name="⚠️ Error Handling Tests - Phase 6 › 📝 Form Error Handling › ✅ Max length validation on text fields" classname="error-handling-tests.spec.ts" time="0">
<skipped>
</skipped>
</testcase>
<testcase name="⚠️ Error Handling Tests - Phase 6 › 🎨 UI Component Error Handling › ✅ Missing image fallback" classname="error-handling-tests.spec.ts" time="0">
<skipped>
</skipped>
</testcase>
<testcase name="⚠️ Error Handling Tests - Phase 6 › 🎨 UI Component Error Handling › ✅ Modal close on error" classname="error-handling-tests.spec.ts" time="0">
<skipped>
</skipped>
</testcase>
<testcase name="⚠️ Error Handling Tests - Phase 6 › 🎨 UI Component Error Handling › ✅ Tooltip error messages display" classname="error-handling-tests.spec.ts" time="0">
<skipped>
</skipped>
</testcase>
<testcase name="⚠️ Error Handling Tests - Phase 6 › 🎨 UI Component Error Handling › ✅ Loading state timeout fallback" classname="error-handling-tests.spec.ts" time="0">
<skipped>
</skipped>
</testcase>
<testcase name="⚠️ Error Handling Tests - Phase 6 › 💾 Data Error Handling › ✅ Invalid JSON response handling" classname="error-handling-tests.spec.ts" time="0">
<skipped>
</skipped>
</testcase>
<testcase name="⚠️ Error Handling Tests - Phase 6 › 💾 Data Error Handling › ✅ Null/undefined data handling" classname="error-handling-tests.spec.ts" time="0">
<skipped>
</skipped>
</testcase>
<testcase name="⚠️ Error Handling Tests - Phase 6 › 💾 Data Error Handling › ✅ Empty array response handling" classname="error-handling-tests.spec.ts" time="0">
<skipped>
</skipped>
</testcase>
<testcase name="⚠️ Error Handling Tests - Phase 6 › 💾 Data Error Handling › ✅ Large response handling" classname="error-handling-tests.spec.ts" time="0">
<skipped>
</skipped>
</testcase>
<testcase name="⚠️ Error Handling Tests - Phase 6 › 🖥️ Browser/System Error Handling › ✅ JavaScript error handling" classname="error-handling-tests.spec.ts" time="0">
<skipped>
</skipped>
</testcase>
<testcase name="⚠️ Error Handling Tests - Phase 6 › 🖥️ Browser/System Error Handling › ✅ Memory leak handling on navigation" classname="error-handling-tests.spec.ts" time="0">
<skipped>
</skipped>
</testcase>
<testcase name="⚠️ Error Handling Tests - Phase 6 › 🖥️ Browser/System Error Handling › ✅ Rapid navigation handling" classname="error-handling-tests.spec.ts" time="0">
<skipped>
</skipped>
</testcase>
<testcase name="⚠️ Error Handling Tests - Phase 6 › 🖥️ Browser/System Error Handling › ✅ Window resize error handling" classname="error-handling-tests.spec.ts" time="0">
<skipped>
</skipped>
</testcase>
<testcase name="⚠️ Error Handling Tests - Phase 6 › 🖥️ Browser/System Error Handling › ✅ Storage quota error handling" classname="error-handling-tests.spec.ts" time="0">
<skipped>
</skipped>
</testcase>
</testsuite>
<testsuite name="navigation-tests.spec.ts" timestamp="2025-10-27T10:01:20.230Z" hostname="chromium" tests="35" failures="0" skipped="35" time="0" errors="0">
<testcase name="🗺️ Page Navigation Tests - Phase 3 › 🌐 Public Pages Navigation › ✅ Navigate from homepage to venues" classname="navigation-tests.spec.ts" time="0">
<skipped>
</skipped>
</testcase>
<testcase name="🗺️ Page Navigation Tests - Phase 3 › 🌐 Public Pages Navigation › ✅ Navigate from homepage to vendors" classname="navigation-tests.spec.ts" time="0">
<skipped>
</skipped>
</testcase>
<testcase name="🗺️ Page Navigation Tests - Phase 3 › 🌐 Public Pages Navigation › ✅ Navigate from homepage to about" classname="navigation-tests.spec.ts" time="0">
<skipped>
</skipped>
</testcase>
<testcase name="🗺️ Page Navigation Tests - Phase 3 › 🌐 Public Pages Navigation › ✅ Navigate from homepage to contact" classname="navigation-tests.spec.ts" time="0">
<skipped>
</skipped>
</testcase>
<testcase name="🗺️ Page Navigation Tests - Phase 3 › 🌐 Public Pages Navigation › ✅ Navigate from homepage to login" classname="navigation-tests.spec.ts" time="0">
<skipped>
</skipped>
</testcase>
<testcase name="🗺️ Page Navigation Tests - Phase 3 › 🌐 Public Pages Navigation › ✅ Navigate from homepage to register" classname="navigation-tests.spec.ts" time="0">
<skipped>
</skipped>
</testcase>
<testcase name="🗺️ Page Navigation Tests - Phase 3 › 🌐 Public Pages Navigation › ✅ Navigate from login to register" classname="navigation-tests.spec.ts" time="0">
<skipped>
</skipped>
</testcase>
<testcase name="🗺️ Page Navigation Tests - Phase 3 › 🌐 Public Pages Navigation › ✅ Navigate from register to login" classname="navigation-tests.spec.ts" time="0">
<skipped>
</skipped>
</testcase>
<testcase name="🗺️ Page Navigation Tests - Phase 3 › 🌐 Public Pages Navigation › ✅ Navigate to venues list" classname="navigation-tests.spec.ts" time="0">
<skipped>
</skipped>
</testcase>
<testcase name="🗺️ Page Navigation Tests - Phase 3 › 🌐 Public Pages Navigation › ✅ Navigate to vendors list" classname="navigation-tests.spec.ts" time="0">
<skipped>
</skipped>
</testcase>
<testcase name="🗺️ Page Navigation Tests - Phase 3 › 📊 Dashboard Navigation (Authenticated) › ✅ User dashboard loads with sidebar" classname="navigation-tests.spec.ts" time="0">
<skipped>
</skipped>
</testcase>
<testcase name="🗺️ Page Navigation Tests - Phase 3 › 📊 Dashboard Navigation (Authenticated) › ✅ Navigate to dashboard &gt; profile" classname="navigation-tests.spec.ts" time="0">
<skipped>
</skipped>
</testcase>
<testcase name="🗺️ Page Navigation Tests - Phase 3 › 📊 Dashboard Navigation (Authenticated) › ✅ Navigate to dashboard &gt; bookings" classname="navigation-tests.spec.ts" time="0">
<skipped>
</skipped>
</testcase>
<testcase name="🗺️ Page Navigation Tests - Phase 3 › 📊 Dashboard Navigation (Authenticated) › ✅ Navigate to dashboard &gt; favorites" classname="navigation-tests.spec.ts" time="0">
<skipped>
</skipped>
</testcase>
<testcase name="🗺️ Page Navigation Tests - Phase 3 › 📊 Dashboard Navigation (Authenticated) › ✅ Navigate to dashboard &gt; settings" classname="navigation-tests.spec.ts" time="0">
<skipped>
</skipped>
</testcase>
<testcase name="🗺️ Page Navigation Tests - Phase 3 › 📊 Dashboard Navigation (Authenticated) › ✅ Navigate back to homepage from dashboard" classname="navigation-tests.spec.ts" time="0">
<skipped>
</skipped>
</testcase>
<testcase name="🗺️ Page Navigation Tests - Phase 3 › 🏢 Vendor Dashboard Navigation › ✅ Vendor dashboard loads" classname="navigation-tests.spec.ts" time="0">
<skipped>
</skipped>
</testcase>
<testcase name="🗺️ Page Navigation Tests - Phase 3 › 🏢 Vendor Dashboard Navigation › ✅ Navigate vendor dashboard &gt; services" classname="navigation-tests.spec.ts" time="0">
<skipped>
</skipped>
</testcase>
<testcase name="🗺️ Page Navigation Tests - Phase 3 › 🏢 Vendor Dashboard Navigation › ✅ Navigate vendor dashboard &gt; bookings" classname="navigation-tests.spec.ts" time="0">
<skipped>
</skipped>
</testcase>
<testcase name="🗺️ Page Navigation Tests - Phase 3 › 🏢 Vendor Dashboard Navigation › ✅ Navigate vendor dashboard &gt; profile" classname="navigation-tests.spec.ts" time="0">
<skipped>
</skipped>
</testcase>
<testcase name="🗺️ Page Navigation Tests - Phase 3 › 👑 Admin Dashboard Navigation › ✅ Admin dashboard loads" classname="navigation-tests.spec.ts" time="0">
<skipped>
</skipped>
</testcase>
<testcase name="🗺️ Page Navigation Tests - Phase 3 › 👑 Admin Dashboard Navigation › ✅ Navigate admin dashboard &gt; users" classname="navigation-tests.spec.ts" time="0">
<skipped>
</skipped>
</testcase>
<testcase name="🗺️ Page Navigation Tests - Phase 3 › 👑 Admin Dashboard Navigation › ✅ Navigate admin dashboard &gt; analytics" classname="navigation-tests.spec.ts" time="0">
<skipped>
</skipped>
</testcase>
<testcase name="🗺️ Page Navigation Tests - Phase 3 › 👑 Admin Dashboard Navigation › ✅ Navigate admin dashboard &gt; settings" classname="navigation-tests.spec.ts" time="0">
<skipped>
</skipped>
</testcase>
<testcase name="🗺️ Page Navigation Tests - Phase 3 › 🔗 Breadcrumb Navigation › ✅ Breadcrumbs visible on nested pages" classname="navigation-tests.spec.ts" time="0">
<skipped>
</skipped>
</testcase>
<testcase name="🗺️ Page Navigation Tests - Phase 3 › 🔗 Breadcrumb Navigation › ✅ Breadcrumb navigation works" classname="navigation-tests.spec.ts" time="0">
<skipped>
</skipped>
</testcase>
<testcase name="🗺️ Page Navigation Tests - Phase 3 › 🦶 Footer Navigation › ✅ Footer visible on homepage" classname="navigation-tests.spec.ts" time="0">
<skipped>
</skipped>
</testcase>
<testcase name="🗺️ Page Navigation Tests - Phase 3 › 🦶 Footer Navigation › ✅ Footer has required links" classname="navigation-tests.spec.ts" time="0">
<skipped>
</skipped>
</testcase>
<testcase name="🗺️ Page Navigation Tests - Phase 3 › 🦶 Footer Navigation › ✅ Social media links in footer" classname="navigation-tests.spec.ts" time="0">
<skipped>
</skipped>
</testcase>
<testcase name="🗺️ Page Navigation Tests - Phase 3 › 🦶 Footer Navigation › ✅ Contact info in footer" classname="navigation-tests.spec.ts" time="0">
<skipped>
</skipped>
</testcase>
<testcase name="🗺️ Page Navigation Tests - Phase 3 › 🔍 Search Navigation › ✅ Search functionality on homepage" classname="navigation-tests.spec.ts" time="0">
<skipped>
</skipped>
</testcase>
<testcase name="🗺️ Page Navigation Tests - Phase 3 › 🔍 Search Navigation › ✅ Search from venues page" classname="navigation-tests.spec.ts" time="0">
<skipped>
</skipped>
</testcase>
<testcase name="🗺️ Page Navigation Tests - Phase 3 › 🔍 Search Navigation › ✅ Filter navigation on vendor page" classname="navigation-tests.spec.ts" time="0">
<skipped>
</skipped>
</testcase>
<testcase name="🗺️ Page Navigation Tests - Phase 3 › ↩️ Back/Forward Navigation › ✅ Browser back button works" classname="navigation-tests.spec.ts" time="0">
<skipped>
</skipped>
</testcase>
<testcase name="🗺️ Page Navigation Tests - Phase 3 › ↩️ Back/Forward Navigation › ✅ Browser forward button works" classname="navigation-tests.spec.ts" time="0">
<skipped>
</skipped>
</testcase>
</testsuite>
<testsuite name="payment.spec.ts" timestamp="2025-10-27T10:01:20.230Z" hostname="chromium" tests="7" failures="0" skipped="7" time="0" errors="0">
<testcase name="Payment System › DISABLED: Stripe payment integration with mock" classname="payment.spec.ts" time="0">
<properties>
<property name="skip" value="">
</property>
</properties>
<skipped>
</skipped>
</testcase>
<testcase name="Payment System › DISABLED: PayHere payment integration" classname="payment.spec.ts" time="0">
<properties>
<property name="skip" value="">
</property>
</properties>
<skipped>
</skipped>
</testcase>
<testcase name="Payment System › DISABLED: Payment failure handling" classname="payment.spec.ts" time="0">
<properties>
<property name="skip" value="">
</property>
</properties>
<skipped>
</skipped>
</testcase>
<testcase name="Payment System › DISABLED: Payment refund processing" classname="payment.spec.ts" time="0">
<properties>
<property name="skip" value="">
</property>
</properties>
<skipped>
</skipped>
</testcase>
<testcase name="Payment System › DISABLED: Payment history and analytics" classname="payment.spec.ts" time="0">
<properties>
<property name="skip" value="">
</property>
</properties>
<skipped>
</skipped>
</testcase>
<testcase name="Payment System › DISABLED: Subscription payment management" classname="payment.spec.ts" time="0">
<properties>
<property name="skip" value="">
</property>
</properties>
<skipped>
</skipped>
</testcase>
<testcase name="Payment System › DISABLED: Payment webhook handling" classname="payment.spec.ts" time="0">
<properties>
<property name="skip" value="">
</property>
</properties>
<skipped>
</skipped>
</testcase>
</testsuite>
<testsuite name="production.spec.ts" timestamp="2025-10-27T10:01:20.230Z" hostname="chromium" tests="6" failures="0" skipped="6" time="0" errors="0">
<testcase name="Production Site Tests › DISABLED: Homepage loads correctly" classname="production.spec.ts" time="0">
<properties>
<property name="skip" value="">
</property>
</properties>
<skipped>
</skipped>
</testcase>
<testcase name="Production Site Tests › DISABLED: Navigation works correctly" classname="production.spec.ts" time="0">
<properties>
<property name="skip" value="">
</property>
</properties>
<skipped>
</skipped>
</testcase>
<testcase name="Production Site Tests › DISABLED: Search functionality is present" classname="production.spec.ts" time="0">
<properties>
<property name="skip" value="">
</property>
</properties>
<skipped>
</skipped>
</testcase>
<testcase name="Production Site Tests › DISABLED: Footer links are present" classname="production.spec.ts" time="0">
<properties>
<property name="skip" value="">
</property>
</properties>
<skipped>
</skipped>
</testcase>
<testcase name="Production Site Tests › DISABLED: Responsive design works" classname="production.spec.ts" time="0">
<properties>
<property name="skip" value="">
</property>
</properties>
<skipped>
</skipped>
</testcase>
<testcase name="Production Site Tests › DISABLED: Page metadata is correct" classname="production.spec.ts" time="0">
<properties>
<property name="skip" value="">
</property>
</properties>
<skipped>
</skipped>
</testcase>
</testsuite>
<testsuite name="quick-verification.spec.ts" timestamp="2025-10-27T10:01:20.230Z" hostname="chromium" tests="6" failures="0" skipped="6" time="0" errors="0">
<testcase name="🚀 Quick Production Verification › Homepage loads and basic functionality works" classname="quick-verification.spec.ts" time="0">
<skipped>
</skipped>
</testcase>
<testcase name="🚀 Quick Production Verification › API endpoints are responding" classname="quick-verification.spec.ts" time="0">
<skipped>
</skipped>
</testcase>
<testcase name="🚀 Quick Production Verification › Database connection is working - DISABLED (Slow endpoint)" classname="quick-verification.spec.ts" time="0">
<properties>
<property name="skip" value="">
</property>
</properties>
<skipped>
</skipped>
</testcase>
<testcase name="🚀 Quick Production Verification › Navigation works correctly" classname="quick-verification.spec.ts" time="0">
<skipped>
</skipped>
</testcase>
<testcase name="🚀 Quick Production Verification › Page is responsive" classname="quick-verification.spec.ts" time="0">
<skipped>
</skipped>
</testcase>
<testcase name="🚀 Quick Production Verification › No critical JavaScript errors" classname="quick-verification.spec.ts" time="0">
<skipped>
</skipped>
</testcase>
</testsuite>
<testsuite name="rbac-comprehensive.spec.ts" timestamp="2025-10-27T10:01:20.230Z" hostname="chromium" tests="28" failures="0" skipped="28" time="0" errors="0">
<testcase name="🔐 User Role RBAC Tests › DISABLED: User Role - Allowed Access" classname="rbac-comprehensive.spec.ts" time="0">
<properties>
<property name="skip" value="">
</property>
</properties>
<skipped>
</skipped>
</testcase>
<testcase name="🔐 User Role RBAC Tests › DISABLED: User Role - Navigation Items Visibility" classname="rbac-comprehensive.spec.ts" time="0">
<properties>
<property name="skip" value="">
</property>
</properties>
<skipped>
</skipped>
</testcase>
<testcase name="🔐 User Role RBAC Tests › DISABLED: User Role - Feature Access Control" classname="rbac-comprehensive.spec.ts" time="0">
<properties>
<property name="skip" value="">
</property>
</properties>
<skipped>
</skipped>
</testcase>
<testcase name="🏢 Vendor Role RBAC Tests › DISABLED: Vendor Role - Allowed Access" classname="rbac-comprehensive.spec.ts" time="0">
<properties>
<property name="skip" value="">
</property>
</properties>
<skipped>
</skipped>
</testcase>
<testcase name="🏢 Vendor Role RBAC Tests › DISABLED: Vendor Role - Navigation Items Visibility" classname="rbac-comprehensive.spec.ts" time="0">
<properties>
<property name="skip" value="">
</property>
</properties>
<skipped>
</skipped>
</testcase>
<testcase name="🏢 Vendor Role RBAC Tests › DISABLED: Vendor Role - Feature Access Control" classname="rbac-comprehensive.spec.ts" time="0">
<properties>
<property name="skip" value="">
</property>
</properties>
<skipped>
</skipped>
</testcase>
<testcase name="👥 Wedding Planner Role RBAC Tests › DISABLED: Wedding Planner Role - Allowed Access" classname="rbac-comprehensive.spec.ts" time="0">
<properties>
<property name="skip" value="">
</property>
</properties>
<skipped>
</skipped>
</testcase>
<testcase name="👥 Wedding Planner Role RBAC Tests › DISABLED: Wedding Planner Role - Navigation Items Visibility" classname="rbac-comprehensive.spec.ts" time="0">
<properties>
<property name="skip" value="">
</property>
</properties>
<skipped>
</skipped>
</testcase>
<testcase name="👥 Wedding Planner Role RBAC Tests › DISABLED: Wedding Planner Role - Feature Access Control" classname="rbac-comprehensive.spec.ts" time="0">
<properties>
<property name="skip" value="">
</property>
</properties>
<skipped>
</skipped>
</testcase>
<testcase name="👑 Admin Role RBAC Tests › DISABLED: Admin Role - Allowed Access" classname="rbac-comprehensive.spec.ts" time="0">
<properties>
<property name="skip" value="">
</property>
</properties>
<skipped>
</skipped>
</testcase>
<testcase name="👑 Admin Role RBAC Tests › DISABLED: Admin Role - Navigation Items Visibility" classname="rbac-comprehensive.spec.ts" time="0">
<properties>
<property name="skip" value="">
</property>
</properties>
<skipped>
</skipped>
</testcase>
<testcase name="👑 Admin Role RBAC Tests › DISABLED: Admin Role - Feature Access Control" classname="rbac-comprehensive.spec.ts" time="0">
<properties>
<property name="skip" value="">
</property>
</properties>
<skipped>
</skipped>
</testcase>
<testcase name="🔧 Maintainer Role RBAC Tests › DISABLED: Maintainer Role - Allowed Access" classname="rbac-comprehensive.spec.ts" time="0">
<properties>
<property name="skip" value="">
</property>
</properties>
<skipped>
</skipped>
</testcase>
<testcase name="🔧 Maintainer Role RBAC Tests › DISABLED: Maintainer Role - Debug Access" classname="rbac-comprehensive.spec.ts" time="0">
<properties>
<property name="skip" value="">
</property>
</properties>
<skipped>
</skipped>
</testcase>
<testcase name="🛡️ Middleware Route Protection Tests › DISABLED: Unauthenticated Access Protection" classname="rbac-comprehensive.spec.ts" time="0">
<properties>
<property name="skip" value="">
</property>
</properties>
<skipped>
</skipped>
</testcase>
<testcase name="🛡️ Middleware Route Protection Tests › DISABLED: Role-Based Route Protection" classname="rbac-comprehensive.spec.ts" time="0">
<properties>
<property name="skip" value="">
</property>
</properties>
<skipped>
</skipped>
</testcase>
<testcase name="🔌 API Endpoint Authorization Tests › DISABLED: API Authentication Requirements" classname="rbac-comprehensive.spec.ts" time="0">
<properties>
<property name="skip" value="">
</property>
</properties>
<skipped>
</skipped>
</testcase>
<testcase name="🔌 API Endpoint Authorization Tests › DISABLED: API Role-Based Authorization" classname="rbac-comprehensive.spec.ts" time="0">
<properties>
<property name="skip" value="">
</property>
</properties>
<skipped>
</skipped>
</testcase>
<testcase name="🔌 API Endpoint Authorization Tests › DISABLED: API Permission-Based Authorization" classname="rbac-comprehensive.spec.ts" time="0">
<properties>
<property name="skip" value="">
</property>
</properties>
<skipped>
</skipped>
</testcase>
<testcase name="🎨 UI Component Visibility Tests › DISABLED: Dashboard Components Based on Role" classname="rbac-comprehensive.spec.ts" time="0">
<properties>
<property name="skip" value="">
</property>
</properties>
<skipped>
</skipped>
</testcase>
<testcase name="🎨 UI Component Visibility Tests › DISABLED: Navigation Menu Based on Role" classname="rbac-comprehensive.spec.ts" time="0">
<properties>
<property name="skip" value="">
</property>
</properties>
<skipped>
</skipped>
</testcase>
<testcase name="🎨 UI Component Visibility Tests › DISABLED: Action Buttons Based on Permissions" classname="rbac-comprehensive.spec.ts" time="0">
<properties>
<property name="skip" value="">
</property>
</properties>
<skipped>
</skipped>
</testcase>
<testcase name="🔄 Role Switching and Session Management › DISABLED: Role-Based Session Persistence" classname="rbac-comprehensive.spec.ts" time="0">
<properties>
<property name="skip" value="">
</property>
</properties>
<skipped>
</skipped>
</testcase>
<testcase name="🔄 Role Switching and Session Management › DISABLED: Role-Based Data Filtering" classname="rbac-comprehensive.spec.ts" time="0">
<properties>
<property name="skip" value="">
</property>
</properties>
<skipped>
</skipped>
</testcase>
<testcase name="🚨 Security and Error Handling › DISABLED: Unauthorized Access Attempts" classname="rbac-comprehensive.spec.ts" time="0">
<properties>
<property name="skip" value="">
</property>
</properties>
<skipped>
</skipped>
</testcase>
<testcase name="🚨 Security and Error Handling › DISABLED: Permission Denied Handling" classname="rbac-comprehensive.spec.ts" time="0">
<properties>
<property name="skip" value="">
</property>
</properties>
<skipped>
</skipped>
</testcase>
<testcase name="📊 Analytics and Reporting RBAC › DISABLED: Role-Based Analytics Access" classname="rbac-comprehensive.spec.ts" time="0">
<properties>
<property name="skip" value="">
</property>
</properties>
<skipped>
</skipped>
</testcase>
<testcase name="📊 Analytics and Reporting RBAC › DISABLED: Data Visibility Based on Role" classname="rbac-comprehensive.spec.ts" time="0">
<properties>
<property name="skip" value="">
</property>
</properties>
<skipped>
</skipped>
</testcase>
</testsuite>
<testsuite name="realistic-live-deployment.spec.ts" timestamp="2025-10-27T10:01:20.230Z" hostname="chromium" tests="14" failures="0" skipped="14" time="0" errors="0">
<testcase name="🚀 REALISTIC LIVE DEPLOYMENT TESTING › DISABLED: 🏠 HOMEPAGE - Realistic Frontend Testing" classname="realistic-live-deployment.spec.ts" time="0">
<properties>
<property name="skip" value="">
</property>
</properties>
<skipped>
</skipped>
</testcase>
<testcase name="🚀 REALISTIC LIVE DEPLOYMENT TESTING › DISABLED: 🔐 AUTHENTICATION - Realistic Auth Flow Testing" classname="realistic-live-deployment.spec.ts" time="0">
<properties>
<property name="skip" value="">
</property>
</properties>
<skipped>
</skipped>
</testcase>
<testcase name="🚀 REALISTIC LIVE DEPLOYMENT TESTING › DISABLED: 🏢 VENUES - Realistic Venue Testing" classname="realistic-live-deployment.spec.ts" time="0">
<properties>
<property name="skip" value="">
</property>
</properties>
<skipped>
</skipped>
</testcase>
<testcase name="🚀 REALISTIC LIVE DEPLOYMENT TESTING › DISABLED: 🏪 VENDORS - Realistic Vendor Testing" classname="realistic-live-deployment.spec.ts" time="0">
<properties>
<property name="skip" value="">
</property>
</properties>
<skipped>
</skipped>
</testcase>
<testcase name="🚀 REALISTIC LIVE DEPLOYMENT TESTING › DISABLED: 📱 FEED - Realistic Social Feed Testing" classname="realistic-live-deployment.spec.ts" time="0">
<properties>
<property name="skip" value="">
</property>
</properties>
<skipped>
</skipped>
</testcase>
<testcase name="🚀 REALISTIC LIVE DEPLOYMENT TESTING › DISABLED: 🖼️ GALLERY - Realistic Gallery Testing" classname="realistic-live-deployment.spec.ts" time="0">
<properties>
<property name="skip" value="">
</property>
</properties>
<skipped>
</skipped>
</testcase>
<testcase name="🚀 REALISTIC LIVE DEPLOYMENT TESTING › DISABLED: 📊 DASHBOARD - Realistic Dashboard Testing" classname="realistic-live-deployment.spec.ts" time="0">
<properties>
<property name="skip" value="">
</property>
</properties>
<skipped>
</skipped>
</testcase>
<testcase name="🚀 REALISTIC LIVE DEPLOYMENT TESTING › DISABLED: 🔧 API ENDPOINTS - Realistic API Testing" classname="realistic-live-deployment.spec.ts" time="0">
<properties>
<property name="skip" value="">
</property>
</properties>
<skipped>
</skipped>
</testcase>
<testcase name="🚀 REALISTIC LIVE DEPLOYMENT TESTING › DISABLED: 📱 RESPONSIVE DESIGN - Realistic Mobile Testing" classname="realistic-live-deployment.spec.ts" time="0">
<properties>
<property name="skip" value="">
</property>
</properties>
<skipped>
</skipped>
</testcase>
<testcase name="🚀 REALISTIC LIVE DEPLOYMENT TESTING › DISABLED: 🎨 UI COMPONENTS - Realistic Component Testing" classname="realistic-live-deployment.spec.ts" time="0">
<properties>
<property name="skip" value="">
</property>
</properties>
<skipped>
</skipped>
</testcase>
<testcase name="🚀 REALISTIC LIVE DEPLOYMENT TESTING › DISABLED: ⚡ PERFORMANCE - Realistic Performance Testing" classname="realistic-live-deployment.spec.ts" time="0">
<properties>
<property name="skip" value="">
</property>
</properties>
<skipped>
</skipped>
</testcase>
<testcase name="🚀 REALISTIC LIVE DEPLOYMENT TESTING › DISABLED: 🔍 ERROR HANDLING - Realistic Error Testing" classname="realistic-live-deployment.spec.ts" time="0">
<properties>
<property name="skip" value="">
</property>
</properties>
<skipped>
</skipped>
</testcase>
<testcase name="🚀 REALISTIC LIVE DEPLOYMENT TESTING › DISABLED: 🎯 FINAL INTEGRATION - Realistic System Integration" classname="realistic-live-deployment.spec.ts" time="0">
<properties>
<property name="skip" value="">
</property>
</properties>
<skipped>
</skipped>
</testcase>
<testcase name="🚀 REALISTIC LIVE DEPLOYMENT TESTING › DISABLED: 📊 LIVE DEPLOYMENT STATUS REPORT" classname="realistic-live-deployment.spec.ts" time="0">
<properties>
<property name="skip" value="">
</property>
</properties>
<skipped>
</skipped>
</testcase>
</testsuite>
<testsuite name="responsive-tests.spec.ts" timestamp="2025-10-27T10:01:20.230Z" hostname="chromium" tests="32" failures="0" skipped="32" time="0" errors="0">
<testcase name="📱 Responsive Design Tests - Phase 5 › 📱 Mobile Responsive (375px) › ✅ Homepage is mobile responsive" classname="responsive-tests.spec.ts" time="0">
<skipped>
</skipped>
</testcase>
<testcase name="📱 Responsive Design Tests - Phase 5 › 📱 Mobile Responsive (375px) › ✅ Navigation menu works on mobile" classname="responsive-tests.spec.ts" time="0">
<skipped>
</skipped>
</testcase>
<testcase name="📱 Responsive Design Tests - Phase 5 › 📱 Mobile Responsive (375px) › ✅ Venues page is mobile responsive" classname="responsive-tests.spec.ts" time="0">
<skipped>
</skipped>
</testcase>
<testcase name="📱 Responsive Design Tests - Phase 5 › 📱 Mobile Responsive (375px) › ✅ Vendors page is mobile responsive" classname="responsive-tests.spec.ts" time="0">
<skipped>
</skipped>
</testcase>
<testcase name="📱 Responsive Design Tests - Phase 5 › 📱 Mobile Responsive (375px) › ✅ Login form is mobile responsive" classname="responsive-tests.spec.ts" time="0">
<skipped>
</skipped>
</testcase>
<testcase name="📱 Responsive Design Tests - Phase 5 › 📱 Mobile Responsive (375px) › ✅ Register form is mobile responsive" classname="responsive-tests.spec.ts" time="0">
<skipped>
</skipped>
</testcase>
<testcase name="📱 Responsive Design Tests - Phase 5 › 📱 Mobile Responsive (375px) › ✅ Footer is mobile responsive" classname="responsive-tests.spec.ts" time="0">
<skipped>
</skipped>
</testcase>
<testcase name="📱 Responsive Design Tests - Phase 5 › 📱 Mobile Responsive (375px) › ✅ Images are responsive" classname="responsive-tests.spec.ts" time="0">
<skipped>
</skipped>
</testcase>
<testcase name="📱 Responsive Design Tests - Phase 5 › 📱 Mobile Responsive (375px) › ✅ Buttons are mobile touch-friendly" classname="responsive-tests.spec.ts" time="0">
<skipped>
</skipped>
</testcase>
<testcase name="📱 Responsive Design Tests - Phase 5 › 📱 Mobile Responsive (375px) › ✅ Text is readable on mobile" classname="responsive-tests.spec.ts" time="0">
<skipped>
</skipped>
</testcase>
<testcase name="📱 Responsive Design Tests - Phase 5 › 📱 Mobile Responsive (375px) › ✅ No horizontal scroll on mobile" classname="responsive-tests.spec.ts" time="0">
<skipped>
</skipped>
</testcase>
<testcase name="📱 Responsive Design Tests - Phase 5 › 📊 Tablet Responsive (768px) › ✅ Homepage is tablet responsive" classname="responsive-tests.spec.ts" time="0">
<skipped>
</skipped>
</testcase>
<testcase name="📱 Responsive Design Tests - Phase 5 › 📊 Tablet Responsive (768px) › ✅ Two-column layout on tablet" classname="responsive-tests.spec.ts" time="0">
<skipped>
</skipped>
</testcase>
<testcase name="📱 Responsive Design Tests - Phase 5 › 📊 Tablet Responsive (768px) › ✅ Sidebar shows on tablet" classname="responsive-tests.spec.ts" time="0">
<skipped>
</skipped>
</testcase>
<testcase name="📱 Responsive Design Tests - Phase 5 › 📊 Tablet Responsive (768px) › ✅ Navigation is usable on tablet" classname="responsive-tests.spec.ts" time="0">
<skipped>
</skipped>
</testcase>
<testcase name="📱 Responsive Design Tests - Phase 5 › 📊 Tablet Responsive (768px) › ✅ Forms have proper spacing on tablet" classname="responsive-tests.spec.ts" time="0">
<skipped>
</skipped>
</testcase>
<testcase name="📱 Responsive Design Tests - Phase 5 › 🖥️ Desktop Responsive (1920px) › ✅ Homepage uses full desktop width" classname="responsive-tests.spec.ts" time="0">
<skipped>
</skipped>
</testcase>
<testcase name="📱 Responsive Design Tests - Phase 5 › 🖥️ Desktop Responsive (1920px) › ✅ Multi-column grid on desktop" classname="responsive-tests.spec.ts" time="0">
<skipped>
</skipped>
</testcase>
<testcase name="📱 Responsive Design Tests - Phase 5 › 🖥️ Desktop Responsive (1920px) › ✅ Sidebar visible on desktop" classname="responsive-tests.spec.ts" time="0">
<skipped>
</skipped>
</testcase>
<testcase name="📱 Responsive Design Tests - Phase 5 › 🖥️ Desktop Responsive (1920px) › ✅ Footer content is distributed on desktop" classname="responsive-tests.spec.ts" time="0">
<skipped>
</skipped>
</testcase>
<testcase name="📱 Responsive Design Tests - Phase 5 › 🖥️ Desktop Responsive (1920px) › ✅ Large images display properly" classname="responsive-tests.spec.ts" time="0">
<skipped>
</skipped>
</testcase>
<testcase name="📱 Responsive Design Tests - Phase 5 › 🔄 Orientation Changes › ✅ Page reflows when changing from portrait to landscape" classname="responsive-tests.spec.ts" time="0">
<skipped>
</skipped>
</testcase>
<testcase name="📱 Responsive Design Tests - Phase 5 › 🔄 Orientation Changes › ✅ Content reflows from landscape to portrait" classname="responsive-tests.spec.ts" time="0">
<skipped>
</skipped>
</testcase>
<testcase name="📱 Responsive Design Tests - Phase 5 › 🎯 CSS Breakpoints › ✅ Small breakpoint (320px)" classname="responsive-tests.spec.ts" time="0">
<skipped>
</skipped>
</testcase>
<testcase name="📱 Responsive Design Tests - Phase 5 › 🎯 CSS Breakpoints › ✅ Medium breakpoint (768px)" classname="responsive-tests.spec.ts" time="0">
<skipped>
</skipped>
</testcase>
<testcase name="📱 Responsive Design Tests - Phase 5 › 🎯 CSS Breakpoints › ✅ Large breakpoint (1024px)" classname="responsive-tests.spec.ts" time="0">
<skipped>
</skipped>
</testcase>
<testcase name="📱 Responsive Design Tests - Phase 5 › 🎯 CSS Breakpoints › ✅ Extra large breakpoint (1440px)" classname="responsive-tests.spec.ts" time="0">
<skipped>
</skipped>
</testcase>
<testcase name="📱 Responsive Design Tests - Phase 5 › 📲 Device-Specific Responsive › ✅ iPhone SE responsive" classname="responsive-tests.spec.ts" time="0">
<skipped>
</skipped>
</testcase>
<testcase name="📱 Responsive Design Tests - Phase 5 › 📲 Device-Specific Responsive › ✅ iPhone 12/13 responsive" classname="responsive-tests.spec.ts" time="0">
<skipped>
</skipped>
</testcase>
<testcase name="📱 Responsive Design Tests - Phase 5 › 📲 Device-Specific Responsive › ✅ iPad responsive" classname="responsive-tests.spec.ts" time="0">
<skipped>
</skipped>
</testcase>
<testcase name="📱 Responsive Design Tests - Phase 5 › 📲 Device-Specific Responsive › ✅ Samsung Galaxy responsive" classname="responsive-tests.spec.ts" time="0">
<skipped>
</skipped>
</testcase>
<testcase name="📱 Responsive Design Tests - Phase 5 › 📲 Device-Specific Responsive › ✅ Standard Android tablet" classname="responsive-tests.spec.ts" time="0">
<skipped>
</skipped>
</testcase>
</testsuite>
<testsuite name="simple.spec.ts" timestamp="2025-10-27T10:01:20.230Z" hostname="chromium" tests="5" failures="0" skipped="5" time="0" errors="0">
<testcase name="Simple Production Tests › DISABLED: Homepage loads and has basic content" classname="simple.spec.ts" time="0">
<properties>
<property name="skip" value="">
</property>
</properties>
<skipped>
</skipped>
</testcase>
<testcase name="Simple Production Tests › DISABLED: Page has navigation elements" classname="simple.spec.ts" time="0">
<properties>
<property name="skip" value="">
</property>
</properties>
<skipped>
</skipped>
</testcase>
<testcase name="Simple Production Tests › DISABLED: Page has footer content" classname="simple.spec.ts" time="0">
<properties>
<property name="skip" value="">
</property>
</properties>
<skipped>
</skipped>
</testcase>
<testcase name="Simple Production Tests › DISABLED: Page is responsive" classname="simple.spec.ts" time="0">
<properties>
<property name="skip" value="">
</property>
</properties>
<skipped>
</skipped>
</testcase>
<testcase name="Simple Production Tests › DISABLED: Page has correct metadata" classname="simple.spec.ts" time="0">
<properties>
<property name="skip" value="">
</property>
</properties>
<skipped>
</skipped>
</testcase>
</testsuite>
<testsuite name="user-journey-tests.spec.ts" timestamp="2025-10-27T10:01:20.230Z" hostname="chromium" tests="29" failures="0" skipped="29" time="0" errors="0">
<testcase name="🚀 User Journey Tests - Phase 4 › 👰 Bride/Groom Wedding Planning Journey › ✅ Complete bride journey: Explore &gt; Favorite &gt; Book vendor" classname="user-journey-tests.spec.ts" time="0">
<skipped>
</skipped>
</testcase>
<testcase name="🚀 User Journey Tests - Phase 4 › 👰 Bride/Groom Wedding Planning Journey › ✅ User discovery journey: Search &gt; Filter &gt; View details" classname="user-journey-tests.spec.ts" time="0">
<skipped>
</skipped>
</testcase>
<testcase name="🚀 User Journey Tests - Phase 4 › 👰 Bride/Groom Wedding Planning Journey › ✅ User favorites journey: Add &gt; View &gt; Remove" classname="user-journey-tests.spec.ts" time="0">
<skipped>
</skipped>
</testcase>
<testcase name="🚀 User Journey Tests - Phase 4 › 👰 Bride/Groom Wedding Planning Journey › ✅ User booking inquiry journey" classname="user-journey-tests.spec.ts" time="0">
<skipped>
</skipped>
</testcase>
<testcase name="🚀 User Journey Tests - Phase 4 › 👰 Bride/Groom Wedding Planning Journey › ✅ User profile completion journey" classname="user-journey-tests.spec.ts" time="0">
<skipped>
</skipped>
</testcase>
<testcase name="🚀 User Journey Tests - Phase 4 › 👰 Bride/Groom Wedding Planning Journey › ✅ User settings &amp; preferences journey" classname="user-journey-tests.spec.ts" time="0">
<skipped>
</skipped>
</testcase>
<testcase name="🚀 User Journey Tests - Phase 4 › 📸 Vendor Business Journey › ✅ Complete vendor onboarding &amp; service setup" classname="user-journey-tests.spec.ts" time="0">
<skipped>
</skipped>
</testcase>
<testcase name="🚀 User Journey Tests - Phase 4 › 📸 Vendor Business Journey › ✅ Vendor booking management journey" classname="user-journey-tests.spec.ts" time="0">
<skipped>
</skipped>
</testcase>
<testcase name="🚀 User Journey Tests - Phase 4 › 📸 Vendor Business Journey › ✅ Vendor profile &amp; portfolio journey" classname="user-journey-tests.spec.ts" time="0">
<skipped>
</skipped>
</testcase>
<testcase name="🚀 User Journey Tests - Phase 4 › 📸 Vendor Business Journey › ✅ Vendor performance tracking journey" classname="user-journey-tests.spec.ts" time="0">
<skipped>
</skipped>
</testcase>
<testcase name="🚀 User Journey Tests - Phase 4 › 📸 Vendor Business Journey › ✅ Vendor service pricing journey" classname="user-journey-tests.spec.ts" time="0">
<skipped>
</skipped>
</testcase>
<testcase name="🚀 User Journey Tests - Phase 4 › 👑 Admin Platform Management Journey › ✅ Admin user management journey" classname="user-journey-tests.spec.ts" time="0">
<skipped>
</skipped>
</testcase>
<testcase name="🚀 User Journey Tests - Phase 4 › 👑 Admin Platform Management Journey › ✅ Admin analytics &amp; reporting journey" classname="user-journey-tests.spec.ts" time="0">
<skipped>
</skipped>
</testcase>
<testcase name="🚀 User Journey Tests - Phase 4 › 👑 Admin Platform Management Journey › ✅ Admin platform settings journey" classname="user-journey-tests.spec.ts" time="0">
<skipped>
</skipped>
</testcase>
<testcase name="🚀 User Journey Tests - Phase 4 › 👑 Admin Platform Management Journey › ✅ Admin content moderation journey" classname="user-journey-tests.spec.ts" time="0">
<skipped>
</skipped>
</testcase>
<testcase name="🚀 User Journey Tests - Phase 4 › 🔄 Cross-Platform User Journeys › ✅ Desktop to mobile navigation journey" classname="user-journey-tests.spec.ts" time="0">
<skipped>
</skipped>
</testcase>
<testcase name="🚀 User Journey Tests - Phase 4 › 🔄 Cross-Platform User Journeys › ✅ Public to authenticated user journey" classname="user-journey-tests.spec.ts" time="0">
<skipped>
</skipped>
</testcase>
<testcase name="🚀 User Journey Tests - Phase 4 › 🔄 Cross-Platform User Journeys › ✅ Multi-tab session persistence journey" classname="user-journey-tests.spec.ts" time="0">
<skipped>
</skipped>
</testcase>
<testcase name="🚀 User Journey Tests - Phase 4 › 🔄 Cross-Platform User Journeys › ✅ Search to details to booking journey" classname="user-journey-tests.spec.ts" time="0">
<skipped>
</skipped>
</testcase>
<testcase name="🚀 User Journey Tests - Phase 4 › 🔄 Error Recovery Journeys › ✅ Login failure recovery journey" classname="user-journey-tests.spec.ts" time="0">
<skipped>
</skipped>
</testcase>
<testcase name="🚀 User Journey Tests - Phase 4 › 🔄 Error Recovery Journeys › ✅ Network error recovery journey" classname="user-journey-tests.spec.ts" time="0">
<skipped>
</skipped>
</testcase>
<testcase name="🚀 User Journey Tests - Phase 4 › 🔄 Error Recovery Journeys › ✅ Page timeout recovery journey" classname="user-journey-tests.spec.ts" time="0">
<skipped>
</skipped>
</testcase>
<testcase name="🚀 User Journey Tests - Phase 4 › 🔄 Error Recovery Journeys › ✅ 404 error recovery journey" classname="user-journey-tests.spec.ts" time="0">
<skipped>
</skipped>
</testcase>
<testcase name="🚀 User Journey Tests - Phase 4 › 🔄 Error Recovery Journeys › ✅ Session expiry recovery journey" classname="user-journey-tests.spec.ts" time="0">
<skipped>
</skipped>
</testcase>
<testcase name="🚀 User Journey Tests - Phase 4 › 🎯 Feature-Specific Journeys › ✅ Complete venue search journey" classname="user-journey-tests.spec.ts" time="0">
<skipped>
</skipped>
</testcase>
<testcase name="🚀 User Journey Tests - Phase 4 › 🎯 Feature-Specific Journeys › ✅ Complete vendor discovery journey" classname="user-journey-tests.spec.ts" time="0">
<skipped>
[...]
<properties>
<property name="skip" value="">
</property>
</properties>
<skipped>
</skipped>
</testcase>
<testcase name="🚀 REALISTIC LIVE DEPLOYMENT TESTING › DISABLED: 🎨 UI COMPONENTS - Realistic Component Testing" classname="realistic-live-deployment.spec.ts" time="0">
<properties>
<property name="skip" value="">
</property>
</properties>
<skipped>
</skipped>
</testcase>
<testcase name="🚀 REALISTIC LIVE DEPLOYMENT TESTING › DISABLED: ⚡ PERFORMANCE - Realistic Performance Testing" classname="realistic-live-deployment.spec.ts" time="0">
<properties>
<property name="skip" value="">
</property>
</properties>
<skipped>
</skipped>
</testcase>
<testcase name="🚀 REALISTIC LIVE DEPLOYMENT TESTING › DISABLED: 🔍 ERROR HANDLING - Realistic Error Testing" classname="realistic-live-deployment.spec.ts" time="0">
<properties>
<property name="skip" value="">
</property>
</properties>
<skipped>
</skipped>
</testcase>
<testcase name="🚀 REALISTIC LIVE DEPLOYMENT TESTING › DISABLED: 🎯 FINAL INTEGRATION - Realistic System Integration" classname="realistic-live-deployment.spec.ts" time="0">
<properties>
<property name="skip" value="">
</property>
</properties>
<skipped>
</skipped>
</testcase>
<testcase name="🚀 REALISTIC LIVE DEPLOYMENT TESTING › DISABLED: 📊 LIVE DEPLOYMENT STATUS REPORT" classname="realistic-live-deployment.spec.ts" time="0">
<properties>
<property name="skip" value="">
</property>
</properties>
<skipped>
</skipped>
</testcase>
</testsuite>
<testsuite name="responsive-tests.spec.ts" timestamp="2025-10-27T10:01:20.230Z" hostname="Mobile Chrome" tests="32" failures="0" skipped="32" time="0" errors="0">
<testcase name="📱 Responsive Design Tests - Phase 5 › 📱 Mobile Responsive (375px) › ✅ Homepage is mobile responsive" classname="responsive-tests.spec.ts" time="0">
<skipped>
</skipped>
</testcase>
<testcase name="📱 Responsive Design Tests - Phase 5 › 📱 Mobile Responsive (375px) › ✅ Navigation menu works on mobile" classname="responsive-tests.spec.ts" time="0">
<skipped>
</skipped>
</testcase>
<testcase name="📱 Responsive Design Tests - Phase 5 › 📱 Mobile Responsive (375px) › ✅ Venues page is mobile responsive" classname="responsive-tests.spec.ts" time="0">
<skipped>
</skipped>
</testcase>
<testcase name="📱 Responsive Design Tests - Phase 5 › 📱 Mobile Responsive (375px) › ✅ Vendors page is mobile responsive" classname="responsive-tests.spec.ts" time="0">
<skipped>
</skipped>
</testcase>
<testcase name="📱 Responsive Design Tests - Phase 5 › 📱 Mobile Responsive (375px) › ✅ Login form is mobile responsive" classname="responsive-tests.spec.ts" time="0">
<skipped>
</skipped>
</testcase>
<testcase name="📱 Responsive Design Tests - Phase 5 › 📱 Mobile Responsive (375px) › ✅ Register form is mobile responsive" classname="responsive-tests.spec.ts" time="0">
<skipped>
</skipped>
</testcase>
<testcase name="📱 Responsive Design Tests - Phase 5 › 📱 Mobile Responsive (375px) › ✅ Footer is mobile responsive" classname="responsive-tests.spec.ts" time="0">
<skipped>
</skipped>
</testcase>
<testcase name="📱 Responsive Design Tests - Phase 5 › 📱 Mobile Responsive (375px) › ✅ Images are responsive" classname="responsive-tests.spec.ts" time="0">
<skipped>
</skipped>
</testcase>
<testcase name="📱 Responsive Design Tests - Phase 5 › 📱 Mobile Responsive (375px) › ✅ Buttons are mobile touch-friendly" classname="responsive-tests.spec.ts" time="0">
<skipped>
</skipped>
</testcase>
<testcase name="📱 Responsive Design Tests - Phase 5 › 📱 Mobile Responsive (375px) › ✅ Text is readable on mobile" classname="responsive-tests.spec.ts" time="0">
<skipped>
</skipped>
</testcase>
<testcase name="📱 Responsive Design Tests - Phase 5 › 📱 Mobile Responsive (375px) › ✅ No horizontal scroll on mobile" classname="responsive-tests.spec.ts" time="0">
<skipped>
</skipped>
</testcase>
<testcase name="📱 Responsive Design Tests - Phase 5 › 📊 Tablet Responsive (768px) › ✅ Homepage is tablet responsive" classname="responsive-tests.spec.ts" time="0">
<skipped>
</skipped>
</testcase>
<testcase name="📱 Responsive Design Tests - Phase 5 › 📊 Tablet Responsive (768px) › ✅ Two-column layout on tablet" classname="responsive-tests.spec.ts" time="0">
<skipped>
</skipped>
</testcase>
<testcase name="📱 Responsive Design Tests - Phase 5 › 📊 Tablet Responsive (768px) › ✅ Sidebar shows on tablet" classname="responsive-tests.spec.ts" time="0">
<skipped>
</skipped>
</testcase>
<testcase name="📱 Responsive Design Tests - Phase 5 › 📊 Tablet Responsive (768px) › ✅ Navigation is usable on tablet" classname="responsive-tests.spec.ts" time="0">
<skipped>
</skipped>
</testcase>
<testcase name="📱 Responsive Design Tests - Phase 5 › 📊 Tablet Responsive (768px) › ✅ Forms have proper spacing on tablet" classname="responsive-tests.spec.ts" time="0">
<skipped>
</skipped>
</testcase>
<testcase name="📱 Responsive Design Tests - Phase 5 › 🖥️ Desktop Responsive (1920px) › ✅ Homepage uses full desktop width" classname="responsive-tests.spec.ts" time="0">
<skipped>
</skipped>
</testcase>
<testcase name="📱 Responsive Design Tests - Phase 5 › 🖥️ Desktop Responsive (1920px) › ✅ Multi-column grid on desktop" classname="responsive-tests.spec.ts" time="0">
<skipped>
</skipped>
</testcase>
<testcase name="📱 Responsive Design Tests - Phase 5 › 🖥️ Desktop Responsive (1920px) › ✅ Sidebar visible on desktop" classname="responsive-tests.spec.ts" time="0">
<skipped>
</skipped>
</testcase>
<testcase name="📱 Responsive Design Tests - Phase 5 › 🖥️ Desktop Responsive (1920px) › ✅ Footer content is distributed on desktop" classname="responsive-tests.spec.ts" time="0">
<skipped>
</skipped>
</testcase>
<testcase name="📱 Responsive Design Tests - Phase 5 › 🖥️ Desktop Responsive (1920px) › ✅ Large images display properly" classname="responsive-tests.spec.ts" time="0">
<skipped>
</skipped>
</testcase>
<testcase name="📱 Responsive Design Tests - Phase 5 › 🔄 Orientation Changes › ✅ Page reflows when changing from portrait to landscape" classname="responsive-tests.spec.ts" time="0">
<skipped>
</skipped>
</testcase>
<testcase name="📱 Responsive Design Tests - Phase 5 › 🔄 Orientation Changes › ✅ Content reflows from landscape to portrait" classname="responsive-tests.spec.ts" time="0">
<skipped>
</skipped>
</testcase>
<testcase name="📱 Responsive Design Tests - Phase 5 › 🎯 CSS Breakpoints › ✅ Small breakpoint (320px)" classname="responsive-tests.spec.ts" time="0">
<skipped>
</skipped>
</testcase>
<testcase name="📱 Responsive Design Tests - Phase 5 › 🎯 CSS Breakpoints › ✅ Medium breakpoint (768px)" classname="responsive-tests.spec.ts" time="0">
<skipped>
</skipped>
</testcase>
<testcase name="📱 Responsive Design Tests - Phase 5 › 🎯 CSS Breakpoints › ✅ Large breakpoint (1024px)" classname="responsive-tests.spec.ts" time="0">
<skipped>
</skipped>
</testcase>
<testcase name="📱 Responsive Design Tests - Phase 5 › 🎯 CSS Breakpoints › ✅ Extra large breakpoint (1440px)" classname="responsive-tests.spec.ts" time="0">
<skipped>
</skipped>
</testcase>
<testcase name="📱 Responsive Design Tests - Phase 5 › 📲 Device-Specific Responsive › ✅ iPhone SE responsive" classname="responsive-tests.spec.ts" time="0">
<skipped>
</skipped>
</testcase>
<testcase name="📱 Responsive Design Tests - Phase 5 › 📲 Device-Specific Responsive › ✅ iPhone 12/13 responsive" classname="responsive-tests.spec.ts" time="0">
<skipped>
</skipped>
</testcase>
<testcase name="📱 Responsive Design Tests - Phase 5 › 📲 Device-Specific Responsive › ✅ iPad responsive" classname="responsive-tests.spec.ts" time="0">
<skipped>
</skipped>
</testcase>
<testcase name="📱 Responsive Design Tests - Phase 5 › 📲 Device-Specific Responsive › ✅ Samsung Galaxy responsive" classname="responsive-tests.spec.ts" time="0">
<skipped>
</skipped>
</testcase>
<testcase name="📱 Responsive Design Tests - Phase 5 › 📲 Device-Specific Responsive › ✅ Standard Android tablet" classname="responsive-tests.spec.ts" time="0">
<skipped>
</skipped>
</testcase>
</testsuite>
<testsuite name="simple.spec.ts" timestamp="2025-10-27T10:01:20.230Z" hostname="Mobile Chrome" tests="5" failures="0" skipped="5" time="0" errors="0">
<testcase name="Simple Production Tests › DISABLED: Homepage loads and has basic content" classname="simple.spec.ts" time="0">
<properties>
<property name="skip" value="">
</property>
</properties>
<skipped>
</skipped>
</testcase>
<testcase name="Simple Production Tests › DISABLED: Page has navigation elements" classname="simple.spec.ts" time="0">
<properties>
<property name="skip" value="">
</property>
</properties>
<skipped>
</skipped>
</testcase>
<testcase name="Simple Production Tests › DISABLED: Page has footer content" classname="simple.spec.ts" time="0">
<properties>
<property name="skip" value="">
</property>
</properties>
<skipped>
</skipped>
</testcase>
<testcase name="Simple Production Tests › DISABLED: Page is responsive" classname="simple.spec.ts" time="0">
<properties>
<property name="skip" value="">
</property>
</properties>
<skipped>
</skipped>
</testcase>
<testcase name="Simple Production Tests › DISABLED: Page has correct metadata" classname="simple.spec.ts" time="0">
<properties>
<property name="skip" value="">
</property>
</properties>
<skipped>
</skipped>
</testcase>
</testsuite>
<testsuite name="user-journey-tests.spec.ts" timestamp="2025-10-27T10:01:20.230Z" hostname="Mobile Chrome" tests="29" failures="0" skipped="29" time="0" errors="0">
<testcase name="🚀 User Journey Tests - Phase 4 › 👰 Bride/Groom Wedding Planning Journey › ✅ Complete bride journey: Explore &gt; Favorite &gt; Book vendor" classname="user-journey-tests.spec.ts" time="0">
<skipped>
</skipped>
</testcase>
<testcase name="🚀 User Journey Tests - Phase 4 › 👰 Bride/Groom Wedding Planning Journey › ✅ User discovery journey: Search &gt; Filter &gt; View details" classname="user-journey-tests.spec.ts" time="0">
<skipped>
</skipped>
</testcase>
<testcase name="🚀 User Journey Tests - Phase 4 › 👰 Bride/Groom Wedding Planning Journey › ✅ User favorites journey: Add &gt; View &gt; Remove" classname="user-journey-tests.spec.ts" time="0">
<skipped>
</skipped>
</testcase>
<testcase name="🚀 User Journey Tests - Phase 4 › 👰 Bride/Groom Wedding Planning Journey › ✅ User booking inquiry journey" classname="user-journey-tests.spec.ts" time="0">
<skipped>
</skipped>
</testcase>
<testcase name="🚀 User Journey Tests - Phase 4 › 👰 Bride/Groom Wedding Planning Journey › ✅ User profile completion journey" classname="user-journey-tests.spec.ts" time="0">
<skipped>
</skipped>
</testcase>
<testcase name="🚀 User Journey Tests - Phase 4 › 👰 Bride/Groom Wedding Planning Journey › ✅ User settings &amp; preferences journey" classname="user-journey-tests.spec.ts" time="0">
<skipped>
</skipped>
</testcase>
<testcase name="🚀 User Journey Tests - Phase 4 › 📸 Vendor Business Journey › ✅ Complete vendor onboarding &amp; service setup" classname="user-journey-tests.spec.ts" time="0">
<skipped>
</skipped>
</testcase>
<testcase name="🚀 User Journey Tests - Phase 4 › 📸 Vendor Business Journey › ✅ Vendor booking management journey" classname="user-journey-tests.spec.ts" time="0">
<skipped>
</skipped>
</testcase>
<testcase name="🚀 User Journey Tests - Phase 4 › 📸 Vendor Business Journey › ✅ Vendor profile &amp; portfolio journey" classname="user-journey-tests.spec.ts" time="0">
<skipped>
</skipped>
</testcase>
<testcase name="🚀 User Journey Tests - Phase 4 › 📸 Vendor Business Journey › ✅ Vendor performance tracking journey" classname="user-journey-tests.spec.ts" time="0">
<skipped>
</skipped>
</testcase>
<testcase name="🚀 User Journey Tests - Phase 4 › 📸 Vendor Business Journey › ✅ Vendor service pricing journey" classname="user-journey-tests.spec.ts" time="0">
<skipped>
</skipped>
</testcase>
<testcase name="🚀 User Journey Tests - Phase 4 › 👑 Admin Platform Management Journey › ✅ Admin user management journey" classname="user-journey-tests.spec.ts" time="0">
<skipped>
</skipped>
</testcase>
<testcase name="🚀 User Journey Tests - Phase 4 › 👑 Admin Platform Management Journey › ✅ Admin analytics &amp; reporting journey" classname="user-journey-tests.spec.ts" time="0">
<skipped>
</skipped>
</testcase>
<testcase name="🚀 User Journey Tests - Phase 4 › 👑 Admin Platform Management Journey › ✅ Admin platform settings journey" classname="user-journey-tests.spec.ts" time="0">
<skipped>
</skipped>
</testcase>
<testcase name="🚀 User Journey Tests - Phase 4 › 👑 Admin Platform Management Journey › ✅ Admin content moderation journey" classname="user-journey-tests.spec.ts" time="0">
<skipped>
</skipped>
</testcase>
<testcase name="🚀 User Journey Tests - Phase 4 › 🔄 Cross-Platform User Journeys › ✅ Desktop to mobile navigation journey" classname="user-journey-tests.spec.ts" time="0">
<skipped>
</skipped>
</testcase>
<testcase name="🚀 User Journey Tests - Phase 4 › 🔄 Cross-Platform User Journeys › ✅ Public to authenticated user journey" classname="user-journey-tests.spec.ts" time="0">
<skipped>
</skipped>
</testcase>
<testcase name="🚀 User Journey Tests - Phase 4 › 🔄 Cross-Platform User Journeys › ✅ Multi-tab session persistence journey" classname="user-journey-tests.spec.ts" time="0">
<skipped>
</skipped>
</testcase>
<testcase name="🚀 User Journey Tests - Phase 4 › 🔄 Cross-Platform User Journeys › ✅ Search to details to booking journey" classname="user-journey-tests.spec.ts" time="0">
<skipped>
</skipped>
</testcase>
<testcase name="🚀 User Journey Tests - Phase 4 › 🔄 Error Recovery Journeys › ✅ Login failure recovery journey" classname="user-journey-tests.spec.ts" time="0">
<skipped>
</skipped>
</testcase>
<testcase name="🚀 User Journey Tests - Phase 4 › 🔄 Error Recovery Journeys › ✅ Network error recovery journey" classname="user-journey-tests.spec.ts" time="0">
<skipped>
</skipped>
</testcase>
<testcase name="🚀 User Journey Tests - Phase 4 › 🔄 Error Recovery Journeys › ✅ Page timeout recovery journey" classname="user-journey-tests.spec.ts" time="0">
<skipped>
</skipped>
</testcase>
<testcase name="🚀 User Journey Tests - Phase 4 › 🔄 Error Recovery Journeys › ✅ 404 error recovery journey" classname="user-journey-tests.spec.ts" time="0">
<skipped>
</skipped>
</testcase>
<testcase name="🚀 User Journey Tests - Phase 4 › 🔄 Error Recovery Journeys › ✅ Session expiry recovery journey" classname="user-journey-tests.spec.ts" time="0">
<skipped>
</skipped>
</testcase>
<testcase name="🚀 User Journey Tests - Phase 4 › 🎯 Feature-Specific Journeys › ✅ Complete venue search journey" classname="user-journey-tests.spec.ts" time="0">
<skipped>
</skipped>
</testcase>
<testcase name="🚀 User Journey Tests - Phase 4 › 🎯 Feature-Specific Journeys › ✅ Complete vendor discovery journey" classname="user-journey-tests.spec.ts" time="0">
<skipped>
</skipped>
</testcase>
<testcase name="🚀 User Journey Tests - Phase 4 › 🎯 Feature-Specific Journeys › ✅ Complete AI search journey" classname="user-journey-tests.spec.ts" time="0">
<skipped>
</skipped>
</testcase>
<testcase name="🚀 User Journey Tests - Phase 4 › 🎯 Feature-Specific Journeys › ✅ Complete review &amp; rating journey" classname="user-journey-tests.spec.ts" time="0">
<skipped>
</skipped>
</testcase>
<testcase name="🚀 User Journey Tests - Phase 4 › 🎯 Feature-Specific Journeys › ✅ Complete checkout journey" classname="user-journey-tests.spec.ts" time="0">
<skipped>
</skipped>
</testcase>
</testsuite>
<testsuite name="user-journey.spec.ts" timestamp="2025-10-27T10:01:20.230Z" hostname="Mobile Chrome" tests="6" failures="0" skipped="6" time="0" errors="0">
<testcase name="DISABLED  › DISABLED: End-to-End Wedding Planning Journey" classname="user-journey.spec.ts" time="0">
<properties>
<property name="skip" value="">
</property>
<property name="skip" value="">
</property>
</properties>
<skipped>
</skipped>
</testcase>
<testcase name="DISABLED: 📸 Vendor Business Journey › DISABLED: Complete Vendor Onboarding and Management Journey" classname="user-journey.spec.ts" time="0">
<properties>
<property name="skip" value="">
</property>
<property name="skip" value="">
</property>
</properties>
<skipped>
</skipped>
</testcase>
<testcase name="DISABLED: 👰 Wedding Planner Professional Journey › DISABLED: Complete Wedding Planner Workflow" classname="user-journey.spec.ts" time="0">
<properties>
<property name="skip" value="">
</property>
<property name="skip" value="">
</property>
</properties>
<skipped>
</skipped>
</testcase>
<testcase name="DISABLED: 👑 Admin Platform Management Journey › DISABLED: Complete Admin Platform Management" classname="user-journey.spec.ts" time="0">
<properties>
<property name="skip" value="">
</property>
<property name="skip" value="">
</property>
</properties>
<skipped>
</skipped>
</testcase>
<testcase name="DISABLED: 🔄 Cross-Platform Integration Journey › DISABLED: Mobile and Web Integration" classname="user-journey.spec.ts" time="0">
<properties>
<property name="skip" value="">
</property>
<property name="skip" value="">
</property>
</properties>
<skipped>
</skipped>
</testcase>
<testcase name="DISABLED: 🚨 Error Handling and Recovery Journey › DISABLED: Application Error Recovery" classname="user-journey.spec.ts" time="0">
<properties>
<property name="skip" value="">
</property>
<property name="skip" value="">
</property>
</properties>
<skipped>
</skipped>
</testcase>
</testsuite>
<testsuite name="vendor.spec.ts" timestamp="2025-10-27T10:01:20.230Z" hostname="Mobile Chrome" tests="5" failures="0" skipped="5" time="0" errors="0">
<testcase name="Vendor Management › DISABLED: Vendor registration and onboarding" classname="vendor.spec.ts" time="0">
<properties>
<property name="skip" value="">
</property>
</properties>
<skipped>
</skipped>
</testcase>
<testcase name="Vendor Management › DISABLED: Vendor service creation and portfolio upload" classname="vendor.spec.ts" time="0">
<properties>
<property name="skip" value="">
</property>
</properties>
<skipped>
</skipped>
</testcase>
<testcase name="Vendor Management › DISABLED: Vendor booking management" classname="vendor.spec.ts" time="0">
<properties>
<property name="skip" value="">
</property>
</properties>
<skipped>
</skipped>
</testcase>
<testcase name="Vendor Management › DISABLED: Vendor profile and portfolio management" classname="vendor.spec.ts" time="0">
<properties>
<property name="skip" value="">
</property>
</properties>
<skipped>
</skipped>
</testcase>
<testcase name="Vendor Management › DISABLED: Vendor analytics and performance tracking" classname="vendor.spec.ts" time="0">
<properties>
<property name="skip" value="">
</property>
</properties>
<skipped>
</skipped>
</testcase>
</testsuite>
<testsuite name="venue.spec.ts" timestamp="2025-10-27T10:01:20.230Z" hostname="Mobile Chrome" tests="6" failures="0" skipped="6" time="0" errors="0">
<testcase name="Venue Management › DISABLED: Venue search and filtering" classname="venue.spec.ts" time="0">
<properties>
<property name="skip" value="">
</property>
</properties>
<skipped>
</skipped>
</testcase>
<testcase name="Venue Management › DISABLED: Venue details and booking inquiry" classname="venue.spec.ts" time="0">
<properties>
<property name="skip" value="">
</property>
</properties>
<skipped>
</skipped>
</testcase>
<testcase name="Venue Management › DISABLED: Venue availability calendar" classname="venue.spec.ts" time="0">
<properties>
<property name="skip" value="">
</property>
</properties>
<skipped>
</skipped>
</testcase>
<testcase name="Venue Management › DISABLED: Venue reviews and ratings" classname="venue.spec.ts" time="0">
<properties>
<property name="skip" value="">
</property>
</properties>
<skipped>
</skipped>
</testcase>
<testcase name="Venue Management › DISABLED: Venue owner management" classname="venue.spec.ts" time="0">
<properties>
<property name="skip" value="">
</property>
</properties>
<skipped>
</skipped>
</testcase>
<testcase name="Venue Management › DISABLED: Venue booking management" classname="venue.spec.ts" time="0">
<properties>
<property name="skip" value="">
</property>
</properties>
<skipped>
</skipped>
</testcase>
</testsuite>
</testsuites>